[0.035s] Invoking command in '/home/alejandro/bookros2_ws/build/pmb2_bringup': AMENT_PREFIX_PATH=/home/alejandro/bookros2_ws/install/pmb2_description:/home/alejandro/bookros2_ws/install/pmb2_controller_configuration:/home/alejandro/bookros2_ws/install/urdf_test:/home/alejandro/bookros2_ws/install/launch_pal:${AMENT_PREFIX_PATH} CMAKE_PREFIX_PATH=/home/alejandro/bookros2_ws/install/pmb2_description:/home/alejandro/bookros2_ws/install/pmb2_controller_configuration:/home/alejandro/bookros2_ws/install/urdf_test:/home/alejandro/ros2_utilities_ws/install/micro_ros_setup:/home/alejandro/ros2_utilities_ws/install/micro_ros_agent:/home/alejandro/ros2_utilities_ws/install/micro_ros_msgs:/opt/ros/humble PYTHONPATH=/home/alejandro/bookros2_ws/install/pmb2_description/local/lib/python3.10/dist-packages:/home/alejandro/bookros2_ws/install/urdf_test/local/lib/python3.10/dist-packages:/home/alejandro/bookros2_ws/build/launch_pal:/home/alejandro/bookros2_ws/install/launch_pal/lib/python3.10/site-packages:${PYTHONPATH} /usr/bin/cmake --build /home/alejandro/bookros2_ws/build/pmb2_bringup -- -j8 -l8
[0.113s] Invoked command in '/home/alejandro/bookros2_ws/build/pmb2_bringup' returned '0': AMENT_PREFIX_PATH=/home/alejandro/bookros2_ws/install/pmb2_description:/home/alejandro/bookros2_ws/install/pmb2_controller_configuration:/home/alejandro/bookros2_ws/install/urdf_test:/home/alejandro/bookros2_ws/install/launch_pal:${AMENT_PREFIX_PATH} CMAKE_PREFIX_PATH=/home/alejandro/bookros2_ws/install/pmb2_description:/home/alejandro/bookros2_ws/install/pmb2_controller_configuration:/home/alejandro/bookros2_ws/install/urdf_test:/home/alejandro/ros2_utilities_ws/install/micro_ros_setup:/home/alejandro/ros2_utilities_ws/install/micro_ros_agent:/home/alejandro/ros2_utilities_ws/install/micro_ros_msgs:/opt/ros/humble PYTHONPATH=/home/alejandro/bookros2_ws/install/pmb2_description/local/lib/python3.10/dist-packages:/home/alejandro/bookros2_ws/install/urdf_test/local/lib/python3.10/dist-packages:/home/alejandro/bookros2_ws/build/launch_pal:/home/alejandro/bookros2_ws/install/launch_pal/lib/python3.10/site-packages:${PYTHONPATH} /usr/bin/cmake --build /home/alejandro/bookros2_ws/build/pmb2_bringup -- -j8 -l8
[0.172s] Invoking command in '/home/alejandro/bookros2_ws/build/pmb2_bringup': AMENT_PREFIX_PATH=/home/alejandro/bookros2_ws/install/pmb2_description:/home/alejandro/bookros2_ws/install/pmb2_controller_configuration:/home/alejandro/bookros2_ws/install/urdf_test:/home/alejandro/bookros2_ws/install/launch_pal:${AMENT_PREFIX_PATH} CMAKE_PREFIX_PATH=/home/alejandro/bookros2_ws/install/pmb2_description:/home/alejandro/bookros2_ws/install/pmb2_controller_configuration:/home/alejandro/bookros2_ws/install/urdf_test:/home/alejandro/ros2_utilities_ws/install/micro_ros_setup:/home/alejandro/ros2_utilities_ws/install/micro_ros_agent:/home/alejandro/ros2_utilities_ws/install/micro_ros_msgs:/opt/ros/humble PYTHONPATH=/home/alejandro/bookros2_ws/install/pmb2_description/local/lib/python3.10/dist-packages:/home/alejandro/bookros2_ws/install/urdf_test/local/lib/python3.10/dist-packages:/home/alejandro/bookros2_ws/build/launch_pal:/home/alejandro/bookros2_ws/install/launch_pal/lib/python3.10/site-packages:${PYTHONPATH} /usr/bin/cmake --install /home/alejandro/bookros2_ws/build/pmb2_bringup
[0.189s] -- Install configuration: ""
[0.189s] -- Execute custom install script
[0.192s] -- Up-to-date symlink: /home/alejandro/bookros2_ws/install/pmb2_bringup/share/pmb2_bringup/config/joy_teleop/joy_config.yaml
[0.193s] -- Up-to-date symlink: /home/alejandro/bookros2_ws/install/pmb2_bringup/share/pmb2_bringup/config/joy_teleop/joy_teleop.yaml
[0.194s] -- Up-to-date symlink: /home/alejandro/bookros2_ws/install/pmb2_bringup/share/pmb2_bringup/config/twist_mux/joystick.yaml
[0.194s] -- Up-to-date symlink: /home/alejandro/bookros2_ws/install/pmb2_bringup/share/pmb2_bringup/config/twist_mux/twist_mux_locks.yaml
[0.194s] -- Up-to-date symlink: /home/alejandro/bookros2_ws/install/pmb2_bringup/share/pmb2_bringup/config/twist_mux/twist_mux_topics.yaml
[0.194s] -- Up-to-date symlink: /home/alejandro/bookros2_ws/install/pmb2_bringup/share/pmb2_bringup/launch/joystick_teleop.launch.py
[0.195s] -- Up-to-date symlink: /home/alejandro/bookros2_ws/install/pmb2_bringup/share/pmb2_bringup/launch/pmb2_bringup.launch.py
[0.195s] -- Up-to-date symlink: /home/alejandro/bookros2_ws/install/pmb2_bringup/share/pmb2_bringup/launch/twist_mux.launch.py
[0.195s] -- Up-to-date symlink: /home/alejandro/bookros2_ws/install/pmb2_bringup/share/ament_index/resource_index/package_run_dependencies/pmb2_bringup
[0.195s] -- Up-to-date symlink: /home/alejandro/bookros2_ws/install/pmb2_bringup/share/ament_index/resource_index/parent_prefix_path/pmb2_bringup
[0.195s] -- Up-to-date symlink: /home/alejandro/bookros2_ws/install/pmb2_bringup/share/pmb2_bringup/environment/ament_prefix_path.sh
[0.195s] -- Up-to-date symlink: /home/alejandro/bookros2_ws/install/pmb2_bringup/share/pmb2_bringup/environment/ament_prefix_path.dsv
[0.195s] -- Up-to-date symlink: /home/alejandro/bookros2_ws/install/pmb2_bringup/share/pmb2_bringup/environment/path.sh
[0.196s] -- Up-to-date symlink: /home/alejandro/bookros2_ws/install/pmb2_bringup/share/pmb2_bringup/environment/path.dsv
[0.197s] -- Up-to-date symlink: /home/alejandro/bookros2_ws/install/pmb2_bringup/share/pmb2_bringup/local_setup.bash
[0.197s] -- Up-to-date symlink: /home/alejandro/bookros2_ws/install/pmb2_bringup/share/pmb2_bringup/local_setup.sh
[0.197s] -- Up-to-date symlink: /home/alejandro/bookros2_ws/install/pmb2_bringup/share/pmb2_bringup/local_setup.zsh
[0.197s] -- Up-to-date symlink: /home/alejandro/bookros2_ws/install/pmb2_bringup/share/pmb2_bringup/local_setup.dsv
[0.197s] -- Symlinking: /home/alejandro/bookros2_ws/install/pmb2_bringup/share/pmb2_bringup/package.dsv
[0.219s] -- Up-to-date symlink: /home/alejandro/bookros2_ws/install/pmb2_bringup/share/ament_index/resource_index/packages/pmb2_bringup
[0.220s] -- Up-to-date symlink: /home/alejandro/bookros2_ws/install/pmb2_bringup/share/pmb2_bringup/cmake/pmb2_bringupConfig.cmake
[0.220s] -- Up-to-date symlink: /home/alejandro/bookros2_ws/install/pmb2_bringup/share/pmb2_bringup/cmake/pmb2_bringupConfig-version.cmake
[0.220s] -- Up-to-date symlink: /home/alejandro/bookros2_ws/install/pmb2_bringup/share/pmb2_bringup/package.xml
[0.229s] Invoked command in '/home/alejandro/bookros2_ws/build/pmb2_bringup' returned '0': AMENT_PREFIX_PATH=/home/alejandro/bookros2_ws/install/pmb2_description:/home/alejandro/bookros2_ws/install/pmb2_controller_configuration:/home/alejandro/bookros2_ws/install/urdf_test:/home/alejandro/bookros2_ws/install/launch_pal:${AMENT_PREFIX_PATH} CMAKE_PREFIX_PATH=/home/alejandro/bookros2_ws/install/pmb2_description:/home/alejandro/bookros2_ws/install/pmb2_controller_configuration:/home/alejandro/bookros2_ws/install/urdf_test:/home/alejandro/ros2_utilities_ws/install/micro_ros_setup:/home/alejandro/ros2_utilities_ws/install/micro_ros_agent:/home/alejandro/ros2_utilities_ws/install/micro_ros_msgs:/opt/ros/humble PYTHONPATH=/home/alejandro/bookros2_ws/install/pmb2_description/local/lib/python3.10/dist-packages:/home/alejandro/bookros2_ws/install/urdf_test/local/lib/python3.10/dist-packages:/home/alejandro/bookros2_ws/build/launch_pal:/home/alejandro/bookros2_ws/install/launch_pal/lib/python3.10/site-packages:${PYTHONPATH} /usr/bin/cmake --install /home/alejandro/bookros2_ws/build/pmb2_bringup
