[0.141s] Invoking command in '/home/alejandro/bookros2_ws/build/br2_tracking': AMENT_PREFIX_PATH=/home/alejandro/bookros2_ws/install/br2_tracking_msgs:${AMENT_PREFIX_PATH} CMAKE_PREFIX_PATH=/home/alejandro/bookros2_ws/install/br2_tracking_msgs:/home/alejandro/ros2_utilities_ws/install/micro_ros_setup:/home/alejandro/ros2_utilities_ws/install/micro_ros_agent:/home/alejandro/ros2_utilities_ws/install/micro_ros_msgs:/opt/ros/humble LD_LIBRARY_PATH=/home/alejandro/bookros2_ws/install/br2_tracking_msgs/lib:${LD_LIBRARY_PATH} PYTHONPATH=/home/alejandro/bookros2_ws/install/br2_tracking_msgs/local/lib/python3.10/dist-packages:${PYTHONPATH} /usr/bin/cmake --build /home/alejandro/bookros2_ws/build/br2_tracking -- -j8 -l8
[0.316s] [ 14%] Built target gtest
[0.346s] [ 28%] Built target gtest_main
[0.355s] [ 57%] Built target br2_tracking
[0.443s] [ 71%] Built target object_detector
[0.473s] [ 85%] Built target pid_test
[0.490s] [100%] Built target object_tracker
[0.547s] Invoked command in '/home/alejandro/bookros2_ws/build/br2_tracking' returned '0': AMENT_PREFIX_PATH=/home/alejandro/bookros2_ws/install/br2_tracking_msgs:${AMENT_PREFIX_PATH} CMAKE_PREFIX_PATH=/home/alejandro/bookros2_ws/install/br2_tracking_msgs:/home/alejandro/ros2_utilities_ws/install/micro_ros_setup:/home/alejandro/ros2_utilities_ws/install/micro_ros_agent:/home/alejandro/ros2_utilities_ws/install/micro_ros_msgs:/opt/ros/humble LD_LIBRARY_PATH=/home/alejandro/bookros2_ws/install/br2_tracking_msgs/lib:${LD_LIBRARY_PATH} PYTHONPATH=/home/alejandro/bookros2_ws/install/br2_tracking_msgs/local/lib/python3.10/dist-packages:${PYTHONPATH} /usr/bin/cmake --build /home/alejandro/bookros2_ws/build/br2_tracking -- -j8 -l8
[0.674s] Invoking command in '/home/alejandro/bookros2_ws/build/br2_tracking': AMENT_PREFIX_PATH=/home/alejandro/bookros2_ws/install/br2_tracking_msgs:${AMENT_PREFIX_PATH} CMAKE_PREFIX_PATH=/home/alejandro/bookros2_ws/install/br2_tracking_msgs:/home/alejandro/ros2_utilities_ws/install/micro_ros_setup:/home/alejandro/ros2_utilities_ws/install/micro_ros_agent:/home/alejandro/ros2_utilities_ws/install/micro_ros_msgs:/opt/ros/humble LD_LIBRARY_PATH=/home/alejandro/bookros2_ws/install/br2_tracking_msgs/lib:${LD_LIBRARY_PATH} PYTHONPATH=/home/alejandro/bookros2_ws/install/br2_tracking_msgs/local/lib/python3.10/dist-packages:${PYTHONPATH} /usr/bin/cmake --install /home/alejandro/bookros2_ws/build/br2_tracking
[0.694s] -- Install configuration: "Debug"
[0.698s] -- Execute custom install script
[0.701s] -- Up-to-date symlink: /home/alejandro/bookros2_ws/install/br2_tracking/lib/libbr2_tracking.so
[0.701s] -- Up-to-date symlink: /home/alejandro/bookros2_ws/install/br2_tracking/lib/br2_tracking/object_detector
[0.701s] -- Up-to-date symlink: /home/alejandro/bookros2_ws/install/br2_tracking/lib/br2_tracking/object_tracker
[0.701s] -- Up-to-date symlink: /home/alejandro/bookros2_ws/install/br2_tracking/include/include/br2_tracking/HeadController.hpp
[0.703s] -- Up-to-date symlink: /home/alejandro/bookros2_ws/install/br2_tracking/include/include/br2_tracking/ObjectDetector.hpp
[0.704s] -- Up-to-date symlink: /home/alejandro/bookros2_ws/install/br2_tracking/include/include/br2_tracking/PIDController.hpp
[0.704s] -- Up-to-date symlink: /home/alejandro/bookros2_ws/install/br2_tracking/share/br2_tracking/launch/tracking.launch.py
[0.705s] -- Up-to-date symlink: /home/alejandro/bookros2_ws/install/br2_tracking/share/br2_tracking/config/detector.yaml
[0.705s] -- Up-to-date symlink: /home/alejandro/bookros2_ws/install/br2_tracking/share/br2_tracking/environment/library_path.sh
[0.705s] -- Up-to-date symlink: /home/alejandro/bookros2_ws/install/br2_tracking/share/br2_tracking/environment/library_path.dsv
[0.705s] -- Up-to-date symlink: /home/alejandro/bookros2_ws/install/br2_tracking/share/ament_index/resource_index/package_run_dependencies/br2_tracking
[0.705s] -- Up-to-date symlink: /home/alejandro/bookros2_ws/install/br2_tracking/share/ament_index/resource_index/parent_prefix_path/br2_tracking
[0.705s] -- Up-to-date symlink: /home/alejandro/bookros2_ws/install/br2_tracking/share/br2_tracking/environment/ament_prefix_path.sh
[0.706s] -- Up-to-date symlink: /home/alejandro/bookros2_ws/install/br2_tracking/share/br2_tracking/environment/ament_prefix_path.dsv
[0.706s] -- Up-to-date symlink: /home/alejandro/bookros2_ws/install/br2_tracking/share/br2_tracking/environment/path.sh
[0.707s] -- Up-to-date symlink: /home/alejandro/bookros2_ws/install/br2_tracking/share/br2_tracking/environment/path.dsv
[0.707s] -- Up-to-date symlink: /home/alejandro/bookros2_ws/install/br2_tracking/share/br2_tracking/local_setup.bash
[0.707s] -- Up-to-date symlink: /home/alejandro/bookros2_ws/install/br2_tracking/share/br2_tracking/local_setup.sh
[0.707s] -- Up-to-date symlink: /home/alejandro/bookros2_ws/install/br2_tracking/share/br2_tracking/local_setup.zsh
[0.707s] -- Up-to-date symlink: /home/alejandro/bookros2_ws/install/br2_tracking/share/br2_tracking/local_setup.dsv
[0.707s] -- Symlinking: /home/alejandro/bookros2_ws/install/br2_tracking/share/br2_tracking/package.dsv
[0.738s] -- Up-to-date symlink: /home/alejandro/bookros2_ws/install/br2_tracking/share/ament_index/resource_index/packages/br2_tracking
[0.738s] -- Up-to-date symlink: /home/alejandro/bookros2_ws/install/br2_tracking/share/br2_tracking/cmake/ament_cmake_export_include_directories-extras.cmake
[0.739s] -- Up-to-date symlink: /home/alejandro/bookros2_ws/install/br2_tracking/share/br2_tracking/cmake/ament_cmake_export_libraries-extras.cmake
[0.740s] -- Up-to-date symlink: /home/alejandro/bookros2_ws/install/br2_tracking/share/br2_tracking/cmake/ament_cmake_export_dependencies-extras.cmake
[0.740s] -- Up-to-date symlink: /home/alejandro/bookros2_ws/install/br2_tracking/share/br2_tracking/cmake/br2_trackingConfig.cmake
[0.740s] -- Up-to-date symlink: /home/alejandro/bookros2_ws/install/br2_tracking/share/br2_tracking/cmake/br2_trackingConfig-version.cmake
[0.740s] -- Up-to-date symlink: /home/alejandro/bookros2_ws/install/br2_tracking/share/br2_tracking/package.xml
[0.743s] Invoked command in '/home/alejandro/bookros2_ws/build/br2_tracking' returned '0': AMENT_PREFIX_PATH=/home/alejandro/bookros2_ws/install/br2_tracking_msgs:${AMENT_PREFIX_PATH} CMAKE_PREFIX_PATH=/home/alejandro/bookros2_ws/install/br2_tracking_msgs:/home/alejandro/ros2_utilities_ws/install/micro_ros_setup:/home/alejandro/ros2_utilities_ws/install/micro_ros_agent:/home/alejandro/ros2_utilities_ws/install/micro_ros_msgs:/opt/ros/humble LD_LIBRARY_PATH=/home/alejandro/bookros2_ws/install/br2_tracking_msgs/lib:${LD_LIBRARY_PATH} PYTHONPATH=/home/alejandro/bookros2_ws/install/br2_tracking_msgs/local/lib/python3.10/dist-packages:${PYTHONPATH} /usr/bin/cmake --install /home/alejandro/bookros2_ws/build/br2_tracking
