[0.254s] Invoking command in '/home/alejandro/bookros2_ws/build/tiago_laser_sensors': CMAKE_PREFIX_PATH=${CMAKE_PREFIX_PATH}:/home/alejandro/bookro2_ws/install/launch_pal:/home/alejandro/bookro2_ws/install/br2_fsm_bumpgo_py:/opt/ros/humble /usr/bin/cmake /home/alejandro/bookros2_ws/src/ThirdParty/tiago_navigation/tiago_laser_sensors -DAMENT_CMAKE_SYMLINK_INSTALL=1 -DCMAKE_INSTALL_PREFIX=/home/alejandro/bookros2_ws/install/tiago_laser_sensors
[0.407s] -- The C compiler identification is GNU 11.4.0
[0.531s] -- The CXX compiler identification is GNU 11.4.0
[0.542s] -- Detecting C compiler ABI info
[0.654s] -- Detecting C compiler ABI info - done
[0.668s] -- Check for working C compiler: /usr/bin/cc - skipped
[0.668s] -- Detecting C compile features
[0.668s] -- Detecting C compile features - done
[0.670s] -- Detecting CXX compiler ABI info
[0.784s] -- Detecting CXX compiler ABI info - done
[0.799s] -- Check for working CXX compiler: /usr/bin/c++ - skipped
[0.799s] -- Detecting CXX compile features
[0.799s] -- Detecting CXX compile features - done
[0.799s] -- Found ament_cmake_auto: 1.3.10 (/opt/ros/humble/share/ament_cmake_auto/cmake)
[1.421s] -- Found Python3: /usr/bin/python3 (found version "3.10.12") found components: Interpreter 
[1.523s] -- Override CMake install command with custom implementation using symlinks instead of copying resources
[1.767s] -- Added test 'copyright' to check source files copyright and LICENSE
[1.772s] -- Added test 'lint_cmake' to check CMake code style
[1.773s] -- Added test 'xmllint' to check XML markup files
[1.776s] -- Configuring done
[1.782s] -- Generating done
[1.782s] -- Build files have been written to: /home/alejandro/bookros2_ws/build/tiago_laser_sensors
[1.796s] Invoked command in '/home/alejandro/bookros2_ws/build/tiago_laser_sensors' returned '0': CMAKE_PREFIX_PATH=${CMAKE_PREFIX_PATH}:/home/alejandro/bookro2_ws/install/launch_pal:/home/alejandro/bookro2_ws/install/br2_fsm_bumpgo_py:/opt/ros/humble /usr/bin/cmake /home/alejandro/bookros2_ws/src/ThirdParty/tiago_navigation/tiago_laser_sensors -DAMENT_CMAKE_SYMLINK_INSTALL=1 -DCMAKE_INSTALL_PREFIX=/home/alejandro/bookros2_ws/install/tiago_laser_sensors
[1.802s] Invoking command in '/home/alejandro/bookros2_ws/build/tiago_laser_sensors': CMAKE_PREFIX_PATH=${CMAKE_PREFIX_PATH}:/home/alejandro/bookro2_ws/install/launch_pal:/home/alejandro/bookro2_ws/install/br2_fsm_bumpgo_py:/opt/ros/humble /usr/bin/cmake --build /home/alejandro/bookros2_ws/build/tiago_laser_sensors -- -j8 -l8
[1.888s] Invoked command in '/home/alejandro/bookros2_ws/build/tiago_laser_sensors' returned '0': CMAKE_PREFIX_PATH=${CMAKE_PREFIX_PATH}:/home/alejandro/bookro2_ws/install/launch_pal:/home/alejandro/bookro2_ws/install/br2_fsm_bumpgo_py:/opt/ros/humble /usr/bin/cmake --build /home/alejandro/bookros2_ws/build/tiago_laser_sensors -- -j8 -l8
[1.930s] Invoking command in '/home/alejandro/bookros2_ws/build/tiago_laser_sensors': CMAKE_PREFIX_PATH=${CMAKE_PREFIX_PATH}:/home/alejandro/bookro2_ws/install/launch_pal:/home/alejandro/bookro2_ws/install/br2_fsm_bumpgo_py:/opt/ros/humble /usr/bin/cmake --install /home/alejandro/bookros2_ws/build/tiago_laser_sensors
[1.942s] -- Install configuration: ""
[1.942s] -- Execute custom install script
[1.942s] -- Symlinking: /home/alejandro/bookros2_ws/install/tiago_laser_sensors/share/tiago_laser_sensors/params/omni_base_laser_pipeline.yaml
[1.955s] -- Symlinking: /home/alejandro/bookros2_ws/install/tiago_laser_sensors/share/tiago_laser_sensors/params/omni_base_laser_pipeline_sim.yaml
[1.967s] -- Symlinking: /home/alejandro/bookros2_ws/install/tiago_laser_sensors/share/tiago_laser_sensors/params/omni_base_laser_pipeline_w_composition.yaml
[1.979s] -- Symlinking: /home/alejandro/bookros2_ws/install/tiago_laser_sensors/share/tiago_laser_sensors/params/pmb2_laser_pipeline.yaml
[1.989s] -- Symlinking: /home/alejandro/bookros2_ws/install/tiago_laser_sensors/share/tiago_laser_sensors/params/pmb2_laser_pipeline_sim.yaml
[2.001s] -- Symlinking: /home/alejandro/bookros2_ws/install/tiago_laser_sensors/share/tiago_laser_sensors/params/pmb2_laser_pipeline_w_composition.yaml
[2.012s] -- Symlinking: /home/alejandro/bookros2_ws/install/tiago_laser_sensors/share/ament_index/resource_index/package_run_dependencies/tiago_laser_sensors
[2.023s] -- Symlinking: /home/alejandro/bookros2_ws/install/tiago_laser_sensors/share/ament_index/resource_index/parent_prefix_path/tiago_laser_sensors
[2.033s] -- Symlinking: /home/alejandro/bookros2_ws/install/tiago_laser_sensors/share/tiago_laser_sensors/environment/ament_prefix_path.sh
[2.045s] -- Symlinking: /home/alejandro/bookros2_ws/install/tiago_laser_sensors/share/tiago_laser_sensors/environment/ament_prefix_path.dsv
[2.056s] -- Symlinking: /home/alejandro/bookros2_ws/install/tiago_laser_sensors/share/tiago_laser_sensors/environment/path.sh
[2.067s] -- Symlinking: /home/alejandro/bookros2_ws/install/tiago_laser_sensors/share/tiago_laser_sensors/environment/path.dsv
[2.078s] -- Symlinking: /home/alejandro/bookros2_ws/install/tiago_laser_sensors/share/tiago_laser_sensors/local_setup.bash
[2.089s] -- Symlinking: /home/alejandro/bookros2_ws/install/tiago_laser_sensors/share/tiago_laser_sensors/local_setup.sh
[2.099s] -- Symlinking: /home/alejandro/bookros2_ws/install/tiago_laser_sensors/share/tiago_laser_sensors/local_setup.zsh
[2.115s] -- Symlinking: /home/alejandro/bookros2_ws/install/tiago_laser_sensors/share/tiago_laser_sensors/local_setup.dsv
[2.127s] -- Symlinking: /home/alejandro/bookros2_ws/install/tiago_laser_sensors/share/tiago_laser_sensors/package.dsv
[2.148s] -- Symlinking: /home/alejandro/bookros2_ws/install/tiago_laser_sensors/share/ament_index/resource_index/packages/tiago_laser_sensors
[2.166s] -- Symlinking: /home/alejandro/bookros2_ws/install/tiago_laser_sensors/share/tiago_laser_sensors/cmake/tiago_laser_sensorsConfig.cmake
[2.173s] -- Symlinking: /home/alejandro/bookros2_ws/install/tiago_laser_sensors/share/tiago_laser_sensors/cmake/tiago_laser_sensorsConfig-version.cmake
[2.189s] -- Symlinking: /home/alejandro/bookros2_ws/install/tiago_laser_sensors/share/tiago_laser_sensors/package.xml
[2.205s] Invoked command in '/home/alejandro/bookros2_ws/build/tiago_laser_sensors' returned '0': CMAKE_PREFIX_PATH=${CMAKE_PREFIX_PATH}:/home/alejandro/bookro2_ws/install/launch_pal:/home/alejandro/bookro2_ws/install/br2_fsm_bumpgo_py:/opt/ros/humble /usr/bin/cmake --install /home/alejandro/bookros2_ws/build/tiago_laser_sensors
