[0.014s] Invoking command in '/home/alejandro/bookros2_ws/build/tiago_controller_configuration': AMENT_PREFIX_PATH=/home/alejandro/bookros2_ws/install/pmb2_controller_configuration:/home/alejandro/bookros2_ws/install/pal_gripper_controller_configuration:/home/alejandro/bookros2_ws/install/launch_pal:${AMENT_PREFIX_PATH} CMAKE_PREFIX_PATH=/home/alejandro/bookros2_ws/install/pmb2_controller_configuration:/home/alejandro/bookros2_ws/install/pal_gripper_controller_configuration:/home/alejandro/ros2_utilities_ws/install/micro_ros_setup:/home/alejandro/ros2_utilities_ws/install/micro_ros_agent:/home/alejandro/ros2_utilities_ws/install/micro_ros_msgs:/opt/ros/humble PYTHONPATH=/home/alejandro/bookros2_ws/install/launch_pal/lib/python3.10/site-packages:${PYTHONPATH} /usr/bin/cmake /home/alejandro/bookros2_ws/src/ThirdParty/tiago_robot/tiago_controller_configuration -DCMAKE_INSTALL_PREFIX=/home/alejandro/bookros2_ws/install/tiago_controller_configuration
[0.029s] -- Found ament_cmake_auto: 1.3.10 (/opt/ros/humble/share/ament_cmake_auto/cmake)
[0.194s] -- Override CMake install command with custom implementation using symlinks instead of copying resources
[0.282s] -- Found ament_lint_auto: 0.12.11 (/opt/ros/humble/share/ament_lint_auto/cmake)
[0.294s] -- Added test 'copyright' to check source files copyright and LICENSE
[0.297s] -- Added test 'flake8' to check Python code syntax and style conventions
[0.298s] -- Added test 'lint_cmake' to check CMake code style
[0.298s] -- Added test 'pep257' to check Python code against some of the docstring style conventions in PEP 257
[0.300s] -- Added test 'xmllint' to check XML markup files
[0.301s] -- Configuring done
[0.307s] -- Generating done
[0.308s] -- Build files have been written to: /home/alejandro/bookros2_ws/build/tiago_controller_configuration
[0.311s] Invoked command in '/home/alejandro/bookros2_ws/build/tiago_controller_configuration' returned '0': AMENT_PREFIX_PATH=/home/alejandro/bookros2_ws/install/pmb2_controller_configuration:/home/alejandro/bookros2_ws/install/pal_gripper_controller_configuration:/home/alejandro/bookros2_ws/install/launch_pal:${AMENT_PREFIX_PATH} CMAKE_PREFIX_PATH=/home/alejandro/bookros2_ws/install/pmb2_controller_configuration:/home/alejandro/bookros2_ws/install/pal_gripper_controller_configuration:/home/alejandro/ros2_utilities_ws/install/micro_ros_setup:/home/alejandro/ros2_utilities_ws/install/micro_ros_agent:/home/alejandro/ros2_utilities_ws/install/micro_ros_msgs:/opt/ros/humble PYTHONPATH=/home/alejandro/bookros2_ws/install/launch_pal/lib/python3.10/site-packages:${PYTHONPATH} /usr/bin/cmake /home/alejandro/bookros2_ws/src/ThirdParty/tiago_robot/tiago_controller_configuration -DCMAKE_INSTALL_PREFIX=/home/alejandro/bookros2_ws/install/tiago_controller_configuration
[0.312s] Invoking command in '/home/alejandro/bookros2_ws/build/tiago_controller_configuration': AMENT_PREFIX_PATH=/home/alejandro/bookros2_ws/install/pmb2_controller_configuration:/home/alejandro/bookros2_ws/install/pal_gripper_controller_configuration:/home/alejandro/bookros2_ws/install/launch_pal:${AMENT_PREFIX_PATH} CMAKE_PREFIX_PATH=/home/alejandro/bookros2_ws/install/pmb2_controller_configuration:/home/alejandro/bookros2_ws/install/pal_gripper_controller_configuration:/home/alejandro/ros2_utilities_ws/install/micro_ros_setup:/home/alejandro/ros2_utilities_ws/install/micro_ros_agent:/home/alejandro/ros2_utilities_ws/install/micro_ros_msgs:/opt/ros/humble PYTHONPATH=/home/alejandro/bookros2_ws/install/launch_pal/lib/python3.10/site-packages:${PYTHONPATH} /usr/bin/cmake --build /home/alejandro/bookros2_ws/build/tiago_controller_configuration -- -j8 -l8
[0.341s] Invoked command in '/home/alejandro/bookros2_ws/build/tiago_controller_configuration' returned '0': AMENT_PREFIX_PATH=/home/alejandro/bookros2_ws/install/pmb2_controller_configuration:/home/alejandro/bookros2_ws/install/pal_gripper_controller_configuration:/home/alejandro/bookros2_ws/install/launch_pal:${AMENT_PREFIX_PATH} CMAKE_PREFIX_PATH=/home/alejandro/bookros2_ws/install/pmb2_controller_configuration:/home/alejandro/bookros2_ws/install/pal_gripper_controller_configuration:/home/alejandro/ros2_utilities_ws/install/micro_ros_setup:/home/alejandro/ros2_utilities_ws/install/micro_ros_agent:/home/alejandro/ros2_utilities_ws/install/micro_ros_msgs:/opt/ros/humble PYTHONPATH=/home/alejandro/bookros2_ws/install/launch_pal/lib/python3.10/site-packages:${PYTHONPATH} /usr/bin/cmake --build /home/alejandro/bookros2_ws/build/tiago_controller_configuration -- -j8 -l8
[0.362s] Invoking command in '/home/alejandro/bookros2_ws/build/tiago_controller_configuration': AMENT_PREFIX_PATH=/home/alejandro/bookros2_ws/install/pmb2_controller_configuration:/home/alejandro/bookros2_ws/install/pal_gripper_controller_configuration:/home/alejandro/bookros2_ws/install/launch_pal:${AMENT_PREFIX_PATH} CMAKE_PREFIX_PATH=/home/alejandro/bookros2_ws/install/pmb2_controller_configuration:/home/alejandro/bookros2_ws/install/pal_gripper_controller_configuration:/home/alejandro/ros2_utilities_ws/install/micro_ros_setup:/home/alejandro/ros2_utilities_ws/install/micro_ros_agent:/home/alejandro/ros2_utilities_ws/install/micro_ros_msgs:/opt/ros/humble PYTHONPATH=/home/alejandro/bookros2_ws/install/launch_pal/lib/python3.10/site-packages:${PYTHONPATH} /usr/bin/cmake --install /home/alejandro/bookros2_ws/build/tiago_controller_configuration
[0.368s] -- Install configuration: ""
[0.368s] -- Execute custom install script
[0.369s] -- Up-to-date symlink: /home/alejandro/bookros2_ws/install/tiago_controller_configuration/share/tiago_controller_configuration/config/arm_controller.yaml
[0.369s] -- Up-to-date symlink: /home/alejandro/bookros2_ws/install/tiago_controller_configuration/share/tiago_controller_configuration/config/ft_sensor_controller.yaml
[0.369s] -- Up-to-date symlink: /home/alejandro/bookros2_ws/install/tiago_controller_configuration/share/tiago_controller_configuration/config/gravity_compensation_controller_ilm.yaml
[0.369s] -- Up-to-date symlink: /home/alejandro/bookros2_ws/install/tiago_controller_configuration/share/tiago_controller_configuration/config/gravity_compensation_controller_parker.yaml
[0.370s] -- Up-to-date symlink: /home/alejandro/bookros2_ws/install/tiago_controller_configuration/share/tiago_controller_configuration/config/head_controller.yaml
[0.370s] -- Up-to-date symlink: /home/alejandro/bookros2_ws/install/tiago_controller_configuration/share/tiago_controller_configuration/config/imu_sensor_broadcaster.yaml
[0.370s] -- Up-to-date symlink: /home/alejandro/bookros2_ws/install/tiago_controller_configuration/share/tiago_controller_configuration/config/joint_state_broadcaster.yaml
[0.370s] -- Up-to-date symlink: /home/alejandro/bookros2_ws/install/tiago_controller_configuration/share/tiago_controller_configuration/config/torso_controller.yaml
[0.371s] -- Up-to-date symlink: /home/alejandro/bookros2_ws/install/tiago_controller_configuration/share/tiago_controller_configuration/launch/default_controllers.launch.py
[0.371s] -- Up-to-date symlink: /home/alejandro/bookros2_ws/install/tiago_controller_configuration/share/tiago_controller_configuration/launch/gravity_compensation_controller.launch.py
[0.371s] -- Up-to-date symlink: /home/alejandro/bookros2_ws/install/tiago_controller_configuration/share/ament_index/resource_index/package_run_dependencies/tiago_controller_configuration
[0.372s] -- Up-to-date symlink: /home/alejandro/bookros2_ws/install/tiago_controller_configuration/share/ament_index/resource_index/parent_prefix_path/tiago_controller_configuration
[0.372s] -- Up-to-date symlink: /home/alejandro/bookros2_ws/install/tiago_controller_configuration/share/tiago_controller_configuration/environment/ament_prefix_path.sh
[0.372s] -- Up-to-date symlink: /home/alejandro/bookros2_ws/install/tiago_controller_configuration/share/tiago_controller_configuration/environment/ament_prefix_path.dsv
[0.373s] -- Up-to-date symlink: /home/alejandro/bookros2_ws/install/tiago_controller_configuration/share/tiago_controller_configuration/environment/path.sh
[0.373s] -- Up-to-date symlink: /home/alejandro/bookros2_ws/install/tiago_controller_configuration/share/tiago_controller_configuration/environment/path.dsv
[0.373s] -- Up-to-date symlink: /home/alejandro/bookros2_ws/install/tiago_controller_configuration/share/tiago_controller_configuration/local_setup.bash
[0.373s] -- Up-to-date symlink: /home/alejandro/bookros2_ws/install/tiago_controller_configuration/share/tiago_controller_configuration/local_setup.sh
[0.374s] -- Up-to-date symlink: /home/alejandro/bookros2_ws/install/tiago_controller_configuration/share/tiago_controller_configuration/local_setup.zsh
[0.374s] -- Up-to-date symlink: /home/alejandro/bookros2_ws/install/tiago_controller_configuration/share/tiago_controller_configuration/local_setup.dsv
[0.374s] -- Symlinking: /home/alejandro/bookros2_ws/install/tiago_controller_configuration/share/tiago_controller_configuration/package.dsv
[0.381s] -- Up-to-date symlink: /home/alejandro/bookros2_ws/install/tiago_controller_configuration/share/ament_index/resource_index/packages/tiago_controller_configuration
[0.382s] -- Up-to-date symlink: /home/alejandro/bookros2_ws/install/tiago_controller_configuration/share/tiago_controller_configuration/cmake/tiago_controller_configurationConfig.cmake
[0.382s] -- Up-to-date symlink: /home/alejandro/bookros2_ws/install/tiago_controller_configuration/share/tiago_controller_configuration/cmake/tiago_controller_configurationConfig-version.cmake
[0.382s] -- Up-to-date symlink: /home/alejandro/bookros2_ws/install/tiago_controller_configuration/share/tiago_controller_configuration/package.xml
[0.384s] Invoked command in '/home/alejandro/bookros2_ws/build/tiago_controller_configuration' returned '0': AMENT_PREFIX_PATH=/home/alejandro/bookros2_ws/install/pmb2_controller_configuration:/home/alejandro/bookros2_ws/install/pal_gripper_controller_configuration:/home/alejandro/bookros2_ws/install/launch_pal:${AMENT_PREFIX_PATH} CMAKE_PREFIX_PATH=/home/alejandro/bookros2_ws/install/pmb2_controller_configuration:/home/alejandro/bookros2_ws/install/pal_gripper_controller_configuration:/home/alejandro/ros2_utilities_ws/install/micro_ros_setup:/home/alejandro/ros2_utilities_ws/install/micro_ros_agent:/home/alejandro/ros2_utilities_ws/install/micro_ros_msgs:/opt/ros/humble PYTHONPATH=/home/alejandro/bookros2_ws/install/launch_pal/lib/python3.10/site-packages:${PYTHONPATH} /usr/bin/cmake --install /home/alejandro/bookros2_ws/build/tiago_controller_configuration
