[0.118s] Invoking command in '/home/alejandro/bookros2_ws/build/pal_gripper_simulation': AMENT_PREFIX_PATH=/home/alejandro/bookros2_ws/install/pal_gripper_description:/home/alejandro/bookros2_ws/install/urdf_test:/home/alejandro/bookros2_ws/install/pal_gripper_controller_configuration:/home/alejandro/bookros2_ws/install/pal_gazebo_worlds:${AMENT_PREFIX_PATH} CMAKE_PREFIX_PATH=/home/alejandro/bookros2_ws/install/pal_gripper_description:/home/alejandro/bookros2_ws/install/urdf_test:/home/alejandro/bookros2_ws/install/pal_gripper_controller_configuration:/home/alejandro/bookros2_ws/install/pal_gazebo_worlds:/home/alejandro/ros2_utilities_ws/install/micro_ros_setup:/home/alejandro/ros2_utilities_ws/install/micro_ros_agent:/home/alejandro/ros2_utilities_ws/install/micro_ros_msgs:/opt/ros/humble PYTHONPATH=/home/alejandro/bookros2_ws/install/urdf_test/local/lib/python3.10/dist-packages:${PYTHONPATH} /usr/bin/cmake --build /home/alejandro/bookros2_ws/build/pal_gripper_simulation -- -j8 -l8
[0.329s] Invoked command in '/home/alejandro/bookros2_ws/build/pal_gripper_simulation' returned '0': AMENT_PREFIX_PATH=/home/alejandro/bookros2_ws/install/pal_gripper_description:/home/alejandro/bookros2_ws/install/urdf_test:/home/alejandro/bookros2_ws/install/pal_gripper_controller_configuration:/home/alejandro/bookros2_ws/install/pal_gazebo_worlds:${AMENT_PREFIX_PATH} CMAKE_PREFIX_PATH=/home/alejandro/bookros2_ws/install/pal_gripper_description:/home/alejandro/bookros2_ws/install/urdf_test:/home/alejandro/bookros2_ws/install/pal_gripper_controller_configuration:/home/alejandro/bookros2_ws/install/pal_gazebo_worlds:/home/alejandro/ros2_utilities_ws/install/micro_ros_setup:/home/alejandro/ros2_utilities_ws/install/micro_ros_agent:/home/alejandro/ros2_utilities_ws/install/micro_ros_msgs:/opt/ros/humble PYTHONPATH=/home/alejandro/bookros2_ws/install/urdf_test/local/lib/python3.10/dist-packages:${PYTHONPATH} /usr/bin/cmake --build /home/alejandro/bookros2_ws/build/pal_gripper_simulation -- -j8 -l8
[0.439s] Invoking command in '/home/alejandro/bookros2_ws/build/pal_gripper_simulation': AMENT_PREFIX_PATH=/home/alejandro/bookros2_ws/install/pal_gripper_description:/home/alejandro/bookros2_ws/install/urdf_test:/home/alejandro/bookros2_ws/install/pal_gripper_controller_configuration:/home/alejandro/bookros2_ws/install/pal_gazebo_worlds:${AMENT_PREFIX_PATH} CMAKE_PREFIX_PATH=/home/alejandro/bookros2_ws/install/pal_gripper_description:/home/alejandro/bookros2_ws/install/urdf_test:/home/alejandro/bookros2_ws/install/pal_gripper_controller_configuration:/home/alejandro/bookros2_ws/install/pal_gazebo_worlds:/home/alejandro/ros2_utilities_ws/install/micro_ros_setup:/home/alejandro/ros2_utilities_ws/install/micro_ros_agent:/home/alejandro/ros2_utilities_ws/install/micro_ros_msgs:/opt/ros/humble PYTHONPATH=/home/alejandro/bookros2_ws/install/urdf_test/local/lib/python3.10/dist-packages:${PYTHONPATH} /usr/bin/cmake --install /home/alejandro/bookros2_ws/build/pal_gripper_simulation
[0.490s] -- Install configuration: ""
[0.498s] -- Execute custom install script
[0.502s] -- Up-to-date symlink: /home/alejandro/bookros2_ws/install/pal_gripper_simulation/share/pal_gripper_simulation/launch/gazebo.launch.py
[0.504s] -- Up-to-date symlink: /home/alejandro/bookros2_ws/install/pal_gripper_simulation/share/pal_gripper_simulation/launch/gripper_spawn.launch.py
[0.509s] -- Up-to-date symlink: /home/alejandro/bookros2_ws/install/pal_gripper_simulation/share/pal_gripper_simulation/launch/robot_state_publisher.launch.py
[0.509s] -- Up-to-date symlink: /home/alejandro/bookros2_ws/install/pal_gripper_simulation/share/ament_index/resource_index/package_run_dependencies/pal_gripper_simulation
[0.509s] -- Up-to-date symlink: /home/alejandro/bookros2_ws/install/pal_gripper_simulation/share/ament_index/resource_index/parent_prefix_path/pal_gripper_simulation
[0.509s] -- Up-to-date symlink: /home/alejandro/bookros2_ws/install/pal_gripper_simulation/share/pal_gripper_simulation/environment/ament_prefix_path.sh
[0.509s] -- Up-to-date symlink: /home/alejandro/bookros2_ws/install/pal_gripper_simulation/share/pal_gripper_simulation/environment/ament_prefix_path.dsv
[0.515s] -- Up-to-date symlink: /home/alejandro/bookros2_ws/install/pal_gripper_simulation/share/pal_gripper_simulation/environment/path.sh
[0.515s] -- Up-to-date symlink: /home/alejandro/bookros2_ws/install/pal_gripper_simulation/share/pal_gripper_simulation/environment/path.dsv
[0.515s] -- Up-to-date symlink: /home/alejandro/bookros2_ws/install/pal_gripper_simulation/share/pal_gripper_simulation/local_setup.bash
[0.515s] -- Up-to-date symlink: /home/alejandro/bookros2_ws/install/pal_gripper_simulation/share/pal_gripper_simulation/local_setup.sh
[0.516s] -- Up-to-date symlink: /home/alejandro/bookros2_ws/install/pal_gripper_simulation/share/pal_gripper_simulation/local_setup.zsh
[0.518s] -- Up-to-date symlink: /home/alejandro/bookros2_ws/install/pal_gripper_simulation/share/pal_gripper_simulation/local_setup.dsv
[0.518s] -- Symlinking: /home/alejandro/bookros2_ws/install/pal_gripper_simulation/share/pal_gripper_simulation/package.dsv
[0.559s] -- Up-to-date symlink: /home/alejandro/bookros2_ws/install/pal_gripper_simulation/share/ament_index/resource_index/packages/pal_gripper_simulation
[0.563s] -- Up-to-date symlink: /home/alejandro/bookros2_ws/install/pal_gripper_simulation/share/pal_gripper_simulation/cmake/pal_gripper_simulationConfig.cmake
[0.564s] -- Up-to-date symlink: /home/alejandro/bookros2_ws/install/pal_gripper_simulation/share/pal_gripper_simulation/cmake/pal_gripper_simulationConfig-version.cmake
[0.566s] -- Up-to-date symlink: /home/alejandro/bookros2_ws/install/pal_gripper_simulation/share/pal_gripper_simulation/package.xml
[0.569s] Invoked command in '/home/alejandro/bookros2_ws/build/pal_gripper_simulation' returned '0': AMENT_PREFIX_PATH=/home/alejandro/bookros2_ws/install/pal_gripper_description:/home/alejandro/bookros2_ws/install/urdf_test:/home/alejandro/bookros2_ws/install/pal_gripper_controller_configuration:/home/alejandro/bookros2_ws/install/pal_gazebo_worlds:${AMENT_PREFIX_PATH} CMAKE_PREFIX_PATH=/home/alejandro/bookros2_ws/install/pal_gripper_description:/home/alejandro/bookros2_ws/install/urdf_test:/home/alejandro/bookros2_ws/install/pal_gripper_controller_configuration:/home/alejandro/bookros2_ws/install/pal_gazebo_worlds:/home/alejandro/ros2_utilities_ws/install/micro_ros_setup:/home/alejandro/ros2_utilities_ws/install/micro_ros_agent:/home/alejandro/ros2_utilities_ws/install/micro_ros_msgs:/opt/ros/humble PYTHONPATH=/home/alejandro/bookros2_ws/install/urdf_test/local/lib/python3.10/dist-packages:${PYTHONPATH} /usr/bin/cmake --install /home/alejandro/bookros2_ws/build/pal_gripper_simulation
