[2.282s] Invoking command in '/home/alejandro/ros2_ws/src/py_kinect_azure_pkg': PYTHONPATH=/home/alejandro/ros2_ws/build/py_kinect_azure_pkg/prefix_override:/usr/lib/python3/dist-packages/colcon_core/task/python/colcon_distutils_commands:/home/alejandro/ros2_ws/install/py_kinect_azure_pkg/lib/python3.10/site-packages:${PYTHONPATH} /usr/bin/python3 -W ignore:setup.py install is deprecated setup.py egg_info --egg-base ../../build/py_kinect_azure_pkg build --build-base /home/alejandro/ros2_ws/build/py_kinect_azure_pkg/build install --record /home/alejandro/ros2_ws/build/py_kinect_azure_pkg/install.log --single-version-externally-managed install_data
[2.666s] /home/alejandro/.local/lib/python3.10/site-packages/setuptools/_distutils/dist.py:268: UserWarning: Unknown distribution option: 'tests_require'
[2.666s]   warnings.warn(msg)
[3.001s] running egg_info
[3.053s] writing ../../build/py_kinect_azure_pkg/py_kinect_azure_pkg.egg-info/PKG-INFO
[3.056s] writing dependency_links to ../../build/py_kinect_azure_pkg/py_kinect_azure_pkg.egg-info/dependency_links.txt
[3.057s] writing entry points to ../../build/py_kinect_azure_pkg/py_kinect_azure_pkg.egg-info/entry_points.txt
[3.057s] writing requirements to ../../build/py_kinect_azure_pkg/py_kinect_azure_pkg.egg-info/requires.txt
[3.057s] writing top-level names to ../../build/py_kinect_azure_pkg/py_kinect_azure_pkg.egg-info/top_level.txt
[3.166s] reading manifest file '../../build/py_kinect_azure_pkg/py_kinect_azure_pkg.egg-info/SOURCES.txt'
[3.166s] adding license file 'LICENSE'
[3.168s] writing manifest file '../../build/py_kinect_azure_pkg/py_kinect_azure_pkg.egg-info/SOURCES.txt'
[3.169s] running build
[3.169s] running build_py
[3.169s] copying py_kinect_azure_pkg/kpc_node_2.py -> /home/alejandro/ros2_ws/build/py_kinect_azure_pkg/build/lib/py_kinect_azure_pkg
[3.170s] copying py_kinect_azure_pkg/depth_image_node.py -> /home/alejandro/ros2_ws/build/py_kinect_azure_pkg/build/lib/py_kinect_azure_pkg
[3.170s] copying py_kinect_azure_pkg/env_node.py -> /home/alejandro/ros2_ws/build/py_kinect_azure_pkg/build/lib/py_kinect_azure_pkg
[3.170s] copying py_kinect_azure_pkg/point_cloud_node.py -> /home/alejandro/ros2_ws/build/py_kinect_azure_pkg/build/lib/py_kinect_azure_pkg
[3.170s] copying py_kinect_azure_pkg/3d_node.py -> /home/alejandro/ros2_ws/build/py_kinect_azure_pkg/build/lib/py_kinect_azure_pkg
[3.170s] copying py_kinect_azure_pkg/first_3D_node.py -> /home/alejandro/ros2_ws/build/py_kinect_azure_pkg/build/lib/py_kinect_azure_pkg
[3.171s] copying py_kinect_azure_pkg/test_people.py -> /home/alejandro/ros2_ws/build/py_kinect_azure_pkg/build/lib/py_kinect_azure_pkg
[3.171s] copying py_kinect_azure_pkg/kinect_point_cloud_node.py -> /home/alejandro/ros2_ws/build/py_kinect_azure_pkg/build/lib/py_kinect_azure_pkg
[3.171s] copying py_kinect_azure_pkg/3D_transformer_node.py -> /home/alejandro/ros2_ws/build/py_kinect_azure_pkg/build/lib/py_kinect_azure_pkg
[3.171s] copying py_kinect_azure_pkg/kinect_node.py -> /home/alejandro/ros2_ws/build/py_kinect_azure_pkg/build/lib/py_kinect_azure_pkg
[3.172s] copying py_kinect_azure_pkg/manager_node.py -> /home/alejandro/ros2_ws/build/py_kinect_azure_pkg/build/lib/py_kinect_azure_pkg
[3.172s] copying py_kinect_azure_pkg/kinect_image_node.py -> /home/alejandro/ros2_ws/build/py_kinect_azure_pkg/build/lib/py_kinect_azure_pkg
[3.172s] copying py_kinect_azure_pkg/__init__.py -> /home/alejandro/ros2_ws/build/py_kinect_azure_pkg/build/lib/py_kinect_azure_pkg
[3.172s] copying py_kinect_azure_pkg/yolo_node.py -> /home/alejandro/ros2_ws/build/py_kinect_azure_pkg/build/lib/py_kinect_azure_pkg
[3.173s] running install
[3.192s] running install_lib
[3.248s] running install_data
[3.248s] copying resource/py_kinect_azure_pkg -> /home/alejandro/ros2_ws/install/py_kinect_azure_pkg/share/ament_index/resource_index/packages
[3.249s] copying package.xml -> /home/alejandro/ros2_ws/install/py_kinect_azure_pkg/share/py_kinect_azure_pkg
[3.249s] copying launch/spawn_with_empty_world.launch.py -> /home/alejandro/ros2_ws/install/py_kinect_azure_pkg/share/py_kinect_azure_pkg/launch
[3.249s] running install_egg_info
[3.301s] removing '/home/alejandro/ros2_ws/install/py_kinect_azure_pkg/lib/python3.10/site-packages/py_kinect_azure_pkg-0.0.4-py3.10.egg-info' (and everything under it)
[3.301s] Copying ../../build/py_kinect_azure_pkg/py_kinect_azure_pkg.egg-info to /home/alejandro/ros2_ws/install/py_kinect_azure_pkg/lib/python3.10/site-packages/py_kinect_azure_pkg-0.0.4-py3.10.egg-info
[3.302s] running install_scripts
[3.683s] Installing 3D_node script to /home/alejandro/ros2_ws/install/py_kinect_azure_pkg/lib/py_kinect_azure_pkg
[3.684s] Installing depth_image_node script to /home/alejandro/ros2_ws/install/py_kinect_azure_pkg/lib/py_kinect_azure_pkg
[3.685s] Installing env_node script to /home/alejandro/ros2_ws/install/py_kinect_azure_pkg/lib/py_kinect_azure_pkg
[3.685s] Installing kinect_image_node script to /home/alejandro/ros2_ws/install/py_kinect_azure_pkg/lib/py_kinect_azure_pkg
[3.686s] Installing kinect_node script to /home/alejandro/ros2_ws/install/py_kinect_azure_pkg/lib/py_kinect_azure_pkg
[3.686s] Installing manager_node script to /home/alejandro/ros2_ws/install/py_kinect_azure_pkg/lib/py_kinect_azure_pkg
[3.687s] Installing motion_detection script to /home/alejandro/ros2_ws/install/py_kinect_azure_pkg/lib/py_kinect_azure_pkg
[3.688s] Installing point_cloud_node script to /home/alejandro/ros2_ws/install/py_kinect_azure_pkg/lib/py_kinect_azure_pkg
[3.689s] Installing point_cloud_node_2 script to /home/alejandro/ros2_ws/install/py_kinect_azure_pkg/lib/py_kinect_azure_pkg
[3.689s] Installing point_cloud_node_2_1 script to /home/alejandro/ros2_ws/install/py_kinect_azure_pkg/lib/py_kinect_azure_pkg
[3.689s] Installing transformer_node script to /home/alejandro/ros2_ws/install/py_kinect_azure_pkg/lib/py_kinect_azure_pkg
[3.689s] Installing yolo_node script to /home/alejandro/ros2_ws/install/py_kinect_azure_pkg/lib/py_kinect_azure_pkg
[3.691s] writing list of installed files to '/home/alejandro/ros2_ws/build/py_kinect_azure_pkg/install.log'
[3.780s] Invoked command in '/home/alejandro/ros2_ws/src/py_kinect_azure_pkg' returned '0': PYTHONPATH=/home/alejandro/ros2_ws/build/py_kinect_azure_pkg/prefix_override:/usr/lib/python3/dist-packages/colcon_core/task/python/colcon_distutils_commands:/home/alejandro/ros2_ws/install/py_kinect_azure_pkg/lib/python3.10/site-packages:${PYTHONPATH} /usr/bin/python3 -W ignore:setup.py install is deprecated setup.py egg_info --egg-base ../../build/py_kinect_azure_pkg build --build-base /home/alejandro/ros2_ws/build/py_kinect_azure_pkg/build install --record /home/alejandro/ros2_ws/build/py_kinect_azure_pkg/install.log --single-version-externally-managed install_data
