[0.080s] Invoking command in '/home/alejandro/bookros2_ws/build/pmb2_description': AMENT_PREFIX_PATH=/home/alejandro/bookros2_ws/install/urdf_test:/home/alejandro/bookros2_ws/install/launch_pal:${AMENT_PREFIX_PATH} CMAKE_PREFIX_PATH=/home/alejandro/bookros2_ws/install/urdf_test:/home/alejandro/bookro2_ws/install/urdf_test:/home/alejandro/bookro2_ws/install/tiago_simulation:/home/alejandro/bookro2_ws/install/tiago_robot:/home/alejandro/bookro2_ws/install/tiago_navigation:/home/alejandro/bookro2_ws/install/tiago_gazebo:/home/alejandro/bookro2_ws/install/tiago_moveit_config:/home/alejandro/bookro2_ws/install/tiago_2dnav:/home/alejandro/bookro2_ws/install/tiago_laser_sensors:/home/alejandro/bookro2_ws/install/tiago_bringup:/home/alejandro/bookro2_ws/install/tiago_description:/home/alejandro/bookro2_ws/install/tiago_controller_configuration:/home/alejandro/bookro2_ws/install/pmb2_robot:/home/alejandro/bookro2_ws/install/pmb2_navigation:/home/alejandro/bookro2_ws/install/pmb2_2dnav:/home/alejandro/bookro2_ws/install/pmb2_laser_sensors:/home/alejandro/bookro2_ws/install/pmb2_bringup:/home/alejandro/bookro2_ws/install/pmb2_description:/home/alejandro/bookro2_ws/install/pmb2_controller_configuration:/home/alejandro/bookro2_ws/install/pal_gripper_simulation:/home/alejandro/bookro2_ws/install/pal_gripper:/home/alejandro/bookro2_ws/install/pal_gripper_description:/home/alejandro/bookro2_ws/install/pal_gripper_controller_configuration:/home/alejandro/bookro2_ws/install/pal_gazebo_worlds:/home/alejandro/bookro2_ws/install/hey5_description:/home/alejandro/bookro2_ws/install/groot:/home/alejandro/bookro2_ws/install/br2_vff_avoidance:/home/alejandro/bookro2_ws/install/br2_tracking:/home/alejandro/bookro2_ws/install/br2_tracking_msgs:/home/alejandro/bookro2_ws/install/br2_tiago:/home/alejandro/bookro2_ws/install/br2_tf2_detector:/home/alejandro/bookro2_ws/install/br2_navigation:/home/alejandro/bookro2_ws/install/br2_fsm_bumpgo_cpp:/home/alejandro/bookro2_ws/install/br2_bt_patrolling:/home/alejandro/bookro2_ws/install/br2_bt_bumpgo:/home/alejandro/bookro2_ws/install/br2_basics:/home/alejandro/ros2_utilities_ws/install/micro_ros_setup:/home/alejandro/ros2_utilities_ws/install/micro_ros_agent:/home/alejandro/ros2_utilities_ws/install/micro_ros_msgs:/home/alejandro/bookro2_ws/install/launch_pal:/home/alejandro/bookro2_ws/install/br2_fsm_bumpgo_py:/opt/ros/humble PYTHONPATH=/home/alejandro/bookros2_ws/install/urdf_test/local/lib/python3.10/dist-packages:/home/alejandro/bookros2_ws/build/launch_pal:/home/alejandro/bookros2_ws/install/launch_pal/lib/python3.10/site-packages:${PYTHONPATH} /usr/bin/cmake /home/alejandro/bookros2_ws/src/ThirdParty/pmb2_robot/pmb2_description -DAMENT_CMAKE_SYMLINK_INSTALL=1 -DCMAKE_INSTALL_PREFIX=/home/alejandro/bookros2_ws/install/pmb2_description
[1.199s] -- The C compiler identification is GNU 11.4.0
[1.199s] -- The CXX compiler identification is GNU 11.4.0
[1.199s] -- Detecting C compiler ABI info
[1.199s] -- Detecting C compiler ABI info - done
[1.199s] -- Check for working C compiler: /usr/bin/cc - skipped
[1.199s] -- Detecting C compile features
[1.202s] -- Detecting C compile features - done
[1.203s] -- Detecting CXX compiler ABI info
[1.526s] -- Detecting CXX compiler ABI info - done
[1.545s] -- Check for working CXX compiler: /usr/bin/c++ - skipped
[1.546s] -- Detecting CXX compile features
[1.546s] -- Detecting CXX compile features - done
[1.560s] -- Found ament_cmake_auto: 1.3.10 (/opt/ros/humble/share/ament_cmake_auto/cmake)
[3.144s] -- Found Python3: /usr/bin/python3 (found version "3.10.12") found components: Interpreter 
[3.240s] -- Override CMake install command with custom implementation using symlinks instead of copying resources
[3.625s] -- Found ament_lint_auto: 0.12.11 (/opt/ros/humble/share/ament_lint_auto/cmake)
[3.719s] -- Found python_cmake_module: 0.10.0 (/opt/ros/humble/share/python_cmake_module/cmake)
[3.873s] -- Found PythonInterp: /usr/bin/python3 (found suitable version "3.10.12", minimum required is "3.6") 
[3.925s] -- Found PythonLibs: /usr/lib/x86_64-linux-gnu/libpython3.10.so (found suitable version "3.10.12", minimum required is "3.5") 
[3.925s] -- Using PYTHON_EXECUTABLE: /usr/bin/python3
[3.926s] -- Using PYTHON_INCLUDE_DIRS: /usr/include/python3.10
[3.926s] -- Using PYTHON_LIBRARIES: /usr/lib/x86_64-linux-gnu/libpython3.10.so
[4.069s] -- Found PythonExtra: .so  
[10.643s] -- Added test 'copyright' to check source files copyright and LICENSE
[10.681s] -- Added test 'flake8' to check Python code syntax and style conventions
[10.689s] -- Added test 'lint_cmake' to check CMake code style
[10.692s] -- Added test 'pep257' to check Python code against some of the docstring style conventions in PEP 257
[10.715s] -- Added test 'xmllint' to check XML markup files
[10.722s] -- Configuring done
[10.737s] -- Generating done
[10.743s] -- Build files have been written to: /home/alejandro/bookros2_ws/build/pmb2_description
[10.804s] Invoked command in '/home/alejandro/bookros2_ws/build/pmb2_description' returned '0': AMENT_PREFIX_PATH=/home/alejandro/bookros2_ws/install/urdf_test:/home/alejandro/bookros2_ws/install/launch_pal:${AMENT_PREFIX_PATH} CMAKE_PREFIX_PATH=/home/alejandro/bookros2_ws/install/urdf_test:/home/alejandro/bookro2_ws/install/urdf_test:/home/alejandro/bookro2_ws/install/tiago_simulation:/home/alejandro/bookro2_ws/install/tiago_robot:/home/alejandro/bookro2_ws/install/tiago_navigation:/home/alejandro/bookro2_ws/install/tiago_gazebo:/home/alejandro/bookro2_ws/install/tiago_moveit_config:/home/alejandro/bookro2_ws/install/tiago_2dnav:/home/alejandro/bookro2_ws/install/tiago_laser_sensors:/home/alejandro/bookro2_ws/install/tiago_bringup:/home/alejandro/bookro2_ws/install/tiago_description:/home/alejandro/bookro2_ws/install/tiago_controller_configuration:/home/alejandro/bookro2_ws/install/pmb2_robot:/home/alejandro/bookro2_ws/install/pmb2_navigation:/home/alejandro/bookro2_ws/install/pmb2_2dnav:/home/alejandro/bookro2_ws/install/pmb2_laser_sensors:/home/alejandro/bookro2_ws/install/pmb2_bringup:/home/alejandro/bookro2_ws/install/pmb2_description:/home/alejandro/bookro2_ws/install/pmb2_controller_configuration:/home/alejandro/bookro2_ws/install/pal_gripper_simulation:/home/alejandro/bookro2_ws/install/pal_gripper:/home/alejandro/bookro2_ws/install/pal_gripper_description:/home/alejandro/bookro2_ws/install/pal_gripper_controller_configuration:/home/alejandro/bookro2_ws/install/pal_gazebo_worlds:/home/alejandro/bookro2_ws/install/hey5_description:/home/alejandro/bookro2_ws/install/groot:/home/alejandro/bookro2_ws/install/br2_vff_avoidance:/home/alejandro/bookro2_ws/install/br2_tracking:/home/alejandro/bookro2_ws/install/br2_tracking_msgs:/home/alejandro/bookro2_ws/install/br2_tiago:/home/alejandro/bookro2_ws/install/br2_tf2_detector:/home/alejandro/bookro2_ws/install/br2_navigation:/home/alejandro/bookro2_ws/install/br2_fsm_bumpgo_cpp:/home/alejandro/bookro2_ws/install/br2_bt_patrolling:/home/alejandro/bookro2_ws/install/br2_bt_bumpgo:/home/alejandro/bookro2_ws/install/br2_basics:/home/alejandro/ros2_utilities_ws/install/micro_ros_setup:/home/alejandro/ros2_utilities_ws/install/micro_ros_agent:/home/alejandro/ros2_utilities_ws/install/micro_ros_msgs:/home/alejandro/bookro2_ws/install/launch_pal:/home/alejandro/bookro2_ws/install/br2_fsm_bumpgo_py:/opt/ros/humble PYTHONPATH=/home/alejandro/bookros2_ws/install/urdf_test/local/lib/python3.10/dist-packages:/home/alejandro/bookros2_ws/build/launch_pal:/home/alejandro/bookros2_ws/install/launch_pal/lib/python3.10/site-packages:${PYTHONPATH} /usr/bin/cmake /home/alejandro/bookros2_ws/src/ThirdParty/pmb2_robot/pmb2_description -DAMENT_CMAKE_SYMLINK_INSTALL=1 -DCMAKE_INSTALL_PREFIX=/home/alejandro/bookros2_ws/install/pmb2_description
[10.805s] Invoking command in '/home/alejandro/bookros2_ws/build/pmb2_description': AMENT_PREFIX_PATH=/home/alejandro/bookros2_ws/install/urdf_test:/home/alejandro/bookros2_ws/install/launch_pal:${AMENT_PREFIX_PATH} CMAKE_PREFIX_PATH=/home/alejandro/bookros2_ws/install/urdf_test:/home/alejandro/bookro2_ws/install/urdf_test:/home/alejandro/bookro2_ws/install/tiago_simulation:/home/alejandro/bookro2_ws/install/tiago_robot:/home/alejandro/bookro2_ws/install/tiago_navigation:/home/alejandro/bookro2_ws/install/tiago_gazebo:/home/alejandro/bookro2_ws/install/tiago_moveit_config:/home/alejandro/bookro2_ws/install/tiago_2dnav:/home/alejandro/bookro2_ws/install/tiago_laser_sensors:/home/alejandro/bookro2_ws/install/tiago_bringup:/home/alejandro/bookro2_ws/install/tiago_description:/home/alejandro/bookro2_ws/install/tiago_controller_configuration:/home/alejandro/bookro2_ws/install/pmb2_robot:/home/alejandro/bookro2_ws/install/pmb2_navigation:/home/alejandro/bookro2_ws/install/pmb2_2dnav:/home/alejandro/bookro2_ws/install/pmb2_laser_sensors:/home/alejandro/bookro2_ws/install/pmb2_bringup:/home/alejandro/bookro2_ws/install/pmb2_description:/home/alejandro/bookro2_ws/install/pmb2_controller_configuration:/home/alejandro/bookro2_ws/install/pal_gripper_simulation:/home/alejandro/bookro2_ws/install/pal_gripper:/home/alejandro/bookro2_ws/install/pal_gripper_description:/home/alejandro/bookro2_ws/install/pal_gripper_controller_configuration:/home/alejandro/bookro2_ws/install/pal_gazebo_worlds:/home/alejandro/bookro2_ws/install/hey5_description:/home/alejandro/bookro2_ws/install/groot:/home/alejandro/bookro2_ws/install/br2_vff_avoidance:/home/alejandro/bookro2_ws/install/br2_tracking:/home/alejandro/bookro2_ws/install/br2_tracking_msgs:/home/alejandro/bookro2_ws/install/br2_tiago:/home/alejandro/bookro2_ws/install/br2_tf2_detector:/home/alejandro/bookro2_ws/install/br2_navigation:/home/alejandro/bookro2_ws/install/br2_fsm_bumpgo_cpp:/home/alejandro/bookro2_ws/install/br2_bt_patrolling:/home/alejandro/bookro2_ws/install/br2_bt_bumpgo:/home/alejandro/bookro2_ws/install/br2_basics:/home/alejandro/ros2_utilities_ws/install/micro_ros_setup:/home/alejandro/ros2_utilities_ws/install/micro_ros_agent:/home/alejandro/ros2_utilities_ws/install/micro_ros_msgs:/home/alejandro/bookro2_ws/install/launch_pal:/home/alejandro/bookro2_ws/install/br2_fsm_bumpgo_py:/opt/ros/humble PYTHONPATH=/home/alejandro/bookros2_ws/install/urdf_test/local/lib/python3.10/dist-packages:/home/alejandro/bookros2_ws/build/launch_pal:/home/alejandro/bookros2_ws/install/launch_pal/lib/python3.10/site-packages:${PYTHONPATH} /usr/bin/cmake --build /home/alejandro/bookros2_ws/build/pmb2_description -- -j8 -l8
[11.491s] Built target ament_cmake_python_symlink_pmb2_description
[12.147s] running egg_info
[12.149s] creating pmb2_description.egg-info
[12.242s] writing pmb2_description.egg-info/PKG-INFO
[12.243s] writing dependency_links to pmb2_description.egg-info/dependency_links.txt
[12.243s] writing top-level names to pmb2_description.egg-info/top_level.txt
[12.246s] writing manifest file 'pmb2_description.egg-info/SOURCES.txt'
[12.535s] reading manifest file 'pmb2_description.egg-info/SOURCES.txt'
[12.539s] writing manifest file 'pmb2_description.egg-info/SOURCES.txt'
[12.683s] Built target ament_cmake_python_build_pmb2_description_egg
[12.717s] Invoked command in '/home/alejandro/bookros2_ws/build/pmb2_description' returned '0': AMENT_PREFIX_PATH=/home/alejandro/bookros2_ws/install/urdf_test:/home/alejandro/bookros2_ws/install/launch_pal:${AMENT_PREFIX_PATH} CMAKE_PREFIX_PATH=/home/alejandro/bookros2_ws/install/urdf_test:/home/alejandro/bookro2_ws/install/urdf_test:/home/alejandro/bookro2_ws/install/tiago_simulation:/home/alejandro/bookro2_ws/install/tiago_robot:/home/alejandro/bookro2_ws/install/tiago_navigation:/home/alejandro/bookro2_ws/install/tiago_gazebo:/home/alejandro/bookro2_ws/install/tiago_moveit_config:/home/alejandro/bookro2_ws/install/tiago_2dnav:/home/alejandro/bookro2_ws/install/tiago_laser_sensors:/home/alejandro/bookro2_ws/install/tiago_bringup:/home/alejandro/bookro2_ws/install/tiago_description:/home/alejandro/bookro2_ws/install/tiago_controller_configuration:/home/alejandro/bookro2_ws/install/pmb2_robot:/home/alejandro/bookro2_ws/install/pmb2_navigation:/home/alejandro/bookro2_ws/install/pmb2_2dnav:/home/alejandro/bookro2_ws/install/pmb2_laser_sensors:/home/alejandro/bookro2_ws/install/pmb2_bringup:/home/alejandro/bookro2_ws/install/pmb2_description:/home/alejandro/bookro2_ws/install/pmb2_controller_configuration:/home/alejandro/bookro2_ws/install/pal_gripper_simulation:/home/alejandro/bookro2_ws/install/pal_gripper:/home/alejandro/bookro2_ws/install/pal_gripper_description:/home/alejandro/bookro2_ws/install/pal_gripper_controller_configuration:/home/alejandro/bookro2_ws/install/pal_gazebo_worlds:/home/alejandro/bookro2_ws/install/hey5_description:/home/alejandro/bookro2_ws/install/groot:/home/alejandro/bookro2_ws/install/br2_vff_avoidance:/home/alejandro/bookro2_ws/install/br2_tracking:/home/alejandro/bookro2_ws/install/br2_tracking_msgs:/home/alejandro/bookro2_ws/install/br2_tiago:/home/alejandro/bookro2_ws/install/br2_tf2_detector:/home/alejandro/bookro2_ws/install/br2_navigation:/home/alejandro/bookro2_ws/install/br2_fsm_bumpgo_cpp:/home/alejandro/bookro2_ws/install/br2_bt_patrolling:/home/alejandro/bookro2_ws/install/br2_bt_bumpgo:/home/alejandro/bookro2_ws/install/br2_basics:/home/alejandro/ros2_utilities_ws/install/micro_ros_setup:/home/alejandro/ros2_utilities_ws/install/micro_ros_agent:/home/alejandro/ros2_utilities_ws/install/micro_ros_msgs:/home/alejandro/bookro2_ws/install/launch_pal:/home/alejandro/bookro2_ws/install/br2_fsm_bumpgo_py:/opt/ros/humble PYTHONPATH=/home/alejandro/bookros2_ws/install/urdf_test/local/lib/python3.10/dist-packages:/home/alejandro/bookros2_ws/build/launch_pal:/home/alejandro/bookros2_ws/install/launch_pal/lib/python3.10/site-packages:${PYTHONPATH} /usr/bin/cmake --build /home/alejandro/bookros2_ws/build/pmb2_description -- -j8 -l8
[12.805s] Invoking command in '/home/alejandro/bookros2_ws/build/pmb2_description': AMENT_PREFIX_PATH=/home/alejandro/bookros2_ws/install/urdf_test:/home/alejandro/bookros2_ws/install/launch_pal:${AMENT_PREFIX_PATH} CMAKE_PREFIX_PATH=/home/alejandro/bookros2_ws/install/urdf_test:/home/alejandro/bookro2_ws/install/urdf_test:/home/alejandro/bookro2_ws/install/tiago_simulation:/home/alejandro/bookro2_ws/install/tiago_robot:/home/alejandro/bookro2_ws/install/tiago_navigation:/home/alejandro/bookro2_ws/install/tiago_gazebo:/home/alejandro/bookro2_ws/install/tiago_moveit_config:/home/alejandro/bookro2_ws/install/tiago_2dnav:/home/alejandro/bookro2_ws/install/tiago_laser_sensors:/home/alejandro/bookro2_ws/install/tiago_bringup:/home/alejandro/bookro2_ws/install/tiago_description:/home/alejandro/bookro2_ws/install/tiago_controller_configuration:/home/alejandro/bookro2_ws/install/pmb2_robot:/home/alejandro/bookro2_ws/install/pmb2_navigation:/home/alejandro/bookro2_ws/install/pmb2_2dnav:/home/alejandro/bookro2_ws/install/pmb2_laser_sensors:/home/alejandro/bookro2_ws/install/pmb2_bringup:/home/alejandro/bookro2_ws/install/pmb2_description:/home/alejandro/bookro2_ws/install/pmb2_controller_configuration:/home/alejandro/bookro2_ws/install/pal_gripper_simulation:/home/alejandro/bookro2_ws/install/pal_gripper:/home/alejandro/bookro2_ws/install/pal_gripper_description:/home/alejandro/bookro2_ws/install/pal_gripper_controller_configuration:/home/alejandro/bookro2_ws/install/pal_gazebo_worlds:/home/alejandro/bookro2_ws/install/hey5_description:/home/alejandro/bookro2_ws/install/groot:/home/alejandro/bookro2_ws/install/br2_vff_avoidance:/home/alejandro/bookro2_ws/install/br2_tracking:/home/alejandro/bookro2_ws/install/br2_tracking_msgs:/home/alejandro/bookro2_ws/install/br2_tiago:/home/alejandro/bookro2_ws/install/br2_tf2_detector:/home/alejandro/bookro2_ws/install/br2_navigation:/home/alejandro/bookro2_ws/install/br2_fsm_bumpgo_cpp:/home/alejandro/bookro2_ws/install/br2_bt_patrolling:/home/alejandro/bookro2_ws/install/br2_bt_bumpgo:/home/alejandro/bookro2_ws/install/br2_basics:/home/alejandro/ros2_utilities_ws/install/micro_ros_setup:/home/alejandro/ros2_utilities_ws/install/micro_ros_agent:/home/alejandro/ros2_utilities_ws/install/micro_ros_msgs:/home/alejandro/bookro2_ws/install/launch_pal:/home/alejandro/bookro2_ws/install/br2_fsm_bumpgo_py:/opt/ros/humble PYTHONPATH=/home/alejandro/bookros2_ws/install/urdf_test/local/lib/python3.10/dist-packages:/home/alejandro/bookros2_ws/build/launch_pal:/home/alejandro/bookros2_ws/install/launch_pal/lib/python3.10/site-packages:${PYTHONPATH} /usr/bin/cmake --install /home/alejandro/bookros2_ws/build/pmb2_description
[13.835s] -- Install configuration: ""
[13.835s] -- Execute custom install script
[13.835s] -- Symlinking: /home/alejandro/bookros2_ws/install/pmb2_description/share/pmb2_description/environment/pythonpath.sh
[13.835s] -- Symlinking: /home/alejandro/bookros2_ws/install/pmb2_description/share/pmb2_description/environment/pythonpath.dsv
[13.835s] -- Symlinking: /home/alejandro/bookros2_ws/install/pmb2_description/local/lib/python3.10/dist-packages/pmb2_description-5.4.0-py3.10.egg-info/PKG-INFO
[13.835s] -- Symlinking: /home/alejandro/bookros2_ws/install/pmb2_description/local/lib/python3.10/dist-packages/pmb2_description-5.4.0-py3.10.egg-info/SOURCES.txt
[13.835s] -- Symlinking: /home/alejandro/bookros2_ws/install/pmb2_description/local/lib/python3.10/dist-packages/pmb2_description-5.4.0-py3.10.egg-info/dependency_links.txt
[13.835s] -- Symlinking: /home/alejandro/bookros2_ws/install/pmb2_description/local/lib/python3.10/dist-packages/pmb2_description-5.4.0-py3.10.egg-info/top_level.txt
[13.835s] -- Symlinking: /home/alejandro/bookros2_ws/install/pmb2_description/local/lib/python3.10/dist-packages/pmb2_description/__init__.py
[13.836s] -- Symlinking: /home/alejandro/bookros2_ws/install/pmb2_description/local/lib/python3.10/dist-packages/pmb2_description/launch_arguments.py
[13.836s] -- Symlinking: /home/alejandro/bookros2_ws/install/pmb2_description/share/pmb2_description/rviz/pmb2.rviz
[13.836s] -- Symlinking: /home/alejandro/bookros2_ws/install/pmb2_description/share/pmb2_description/launch/robot_state_publisher.launch.py
[13.836s] -- Symlinking: /home/alejandro/bookros2_ws/install/pmb2_description/share/pmb2_description/launch/show.launch.py
[13.836s] -- Symlinking: /home/alejandro/bookros2_ws/install/pmb2_description/share/pmb2_description/meshes/base/base.stl
[13.836s] -- Symlinking: /home/alejandro/bookros2_ws/install/pmb2_description/share/pmb2_description/meshes/base/base_collision.dae
[13.836s] -- Symlinking: /home/alejandro/bookros2_ws/install/pmb2_description/share/pmb2_description/meshes/base/base_dock_link.stl
[13.836s] -- Symlinking: /home/alejandro/bookros2_ws/install/pmb2_description/share/pmb2_description/meshes/base/base_ring.stl
[13.836s] -- Symlinking: /home/alejandro/bookros2_ws/install/pmb2_description/share/pmb2_description/meshes/base/high_resolution/base.stl
[13.836s] -- Symlinking: /home/alejandro/bookros2_ws/install/pmb2_description/share/pmb2_description/meshes/base/high_resolution/base_collision.stl
[13.836s] -- Symlinking: /home/alejandro/bookros2_ws/install/pmb2_description/share/pmb2_description/meshes/cameras_add_on/cameras_add_on.stl
[13.836s] -- Symlinking: /home/alejandro/bookros2_ws/install/pmb2_description/share/pmb2_description/meshes/cameras_add_on/cameras_add_on_collision.stl
[13.837s] -- Symlinking: /home/alejandro/bookros2_ws/install/pmb2_description/share/pmb2_description/meshes/dock/dock.stl
[13.837s] -- Symlinking: /home/alejandro/bookros2_ws/install/pmb2_description/share/pmb2_description/meshes/dock/dock_collision.stl
[13.837s] -- Symlinking: /home/alejandro/bookros2_ws/install/pmb2_description/share/pmb2_description/meshes/objects/antenna.stl
[13.837s] -- Symlinking: /home/alejandro/bookros2_ws/install/pmb2_description/share/pmb2_description/meshes/objects/cover.stl
[13.837s] -- Symlinking: /home/alejandro/bookros2_ws/install/pmb2_description/share/pmb2_description/meshes/objects/high_resolution/cover.stl
[13.837s] -- Symlinking: /home/alejandro/bookros2_ws/install/pmb2_description/share/pmb2_description/meshes/sensors/bumper.stl
[13.837s] -- Symlinking: /home/alejandro/bookros2_ws/install/pmb2_description/share/pmb2_description/meshes/sensors/bumper_collision.stl
[13.837s] -- Symlinking: /home/alejandro/bookros2_ws/install/pmb2_description/share/pmb2_description/meshes/sensors/elp_camera.stl
[13.837s] -- Symlinking: /home/alejandro/bookros2_ws/install/pmb2_description/share/pmb2_description/meshes/sensors/high_resolution/bumper.stl
[13.837s] -- Symlinking: /home/alejandro/bookros2_ws/install/pmb2_description/share/pmb2_description/meshes/sensors/high_resolution/hokuyo_urg_04lx_ug01.stl
[13.837s] -- Symlinking: /home/alejandro/bookros2_ws/install/pmb2_description/share/pmb2_description/meshes/sensors/high_resolution/sick_tim551.stl
[13.837s] -- Symlinking: /home/alejandro/bookros2_ws/install/pmb2_description/share/pmb2_description/meshes/sensors/high_resolution/srf05.stl
[13.837s] -- Symlinking: /home/alejandro/bookros2_ws/install/pmb2_description/share/pmb2_description/meshes/sensors/high_resolution/xtion_pro_live.stl
[13.838s] -- Symlinking: /home/alejandro/bookros2_ws/install/pmb2_description/share/pmb2_description/meshes/sensors/hokuyo_urg_04lx_ug01.stl
[13.838s] -- Symlinking: /home/alejandro/bookros2_ws/install/pmb2_description/share/pmb2_description/meshes/sensors/sick_tim551.stl
[13.838s] -- Symlinking: /home/alejandro/bookros2_ws/install/pmb2_description/share/pmb2_description/meshes/sensors/srf05.stl
[13.838s] -- Symlinking: /home/alejandro/bookros2_ws/install/pmb2_description/share/pmb2_description/meshes/sensors/structure_sensor.stl
[13.846s] -- Symlinking: /home/alejandro/bookros2_ws/install/pmb2_description/share/pmb2_description/meshes/sensors/xtion_pro_live.dae
[13.846s] -- Symlinking: /home/alejandro/bookros2_ws/install/pmb2_description/share/pmb2_description/meshes/wheels/caster_1.stl
[13.846s] -- Symlinking: /home/alejandro/bookros2_ws/install/pmb2_description/share/pmb2_description/meshes/wheels/caster_2.stl
[13.846s] -- Symlinking: /home/alejandro/bookros2_ws/install/pmb2_description/share/pmb2_description/meshes/wheels/high_resolution/caster_1.stl
[13.846s] -- Symlinking: /home/alejandro/bookros2_ws/install/pmb2_description/share/pmb2_description/meshes/wheels/high_resolution/caster_2.stl
[13.847s] -- Symlinking: /home/alejandro/bookros2_ws/install/pmb2_description/share/pmb2_description/meshes/wheels/high_resolution/wheel.stl
[13.847s] -- Symlinking: /home/alejandro/bookros2_ws/install/pmb2_description/share/pmb2_description/meshes/wheels/wheel.stl
[13.862s] -- Symlinking: /home/alejandro/bookros2_ws/install/pmb2_description/share/pmb2_description/config/pmb2_configuration.yaml
[13.901s] -- Symlinking: /home/alejandro/bookros2_ws/install/pmb2_description/share/pmb2_description/robots/pmb2.urdf.xacro
[13.931s] -- Symlinking: /home/alejandro/bookros2_ws/install/pmb2_description/share/pmb2_description/ros2_control/gazebo_controller_manager_cfg.yaml
[13.968s] -- Symlinking: /home/alejandro/bookros2_ws/install/pmb2_description/share/pmb2_description/ros2_control/ros2_control.urdf.xacro
[13.985s] -- Symlinking: /home/alejandro/bookros2_ws/install/pmb2_description/share/pmb2_description/urdf/base/base.gazebo.xacro
[14.015s] -- Symlinking: /home/alejandro/bookros2_ws/install/pmb2_description/share/pmb2_description/urdf/base/base.urdf.xacro
[14.042s] -- Symlinking: /home/alejandro/bookros2_ws/install/pmb2_description/share/pmb2_description/urdf/base/base_sensors.urdf.xacro
[14.073s] -- Symlinking: /home/alejandro/bookros2_ws/install/pmb2_description/share/pmb2_description/urdf/cameras_add_on/cameras_add_on.urdf.xacro
[14.108s] -- Symlinking: /home/alejandro/bookros2_ws/install/pmb2_description/share/pmb2_description/urdf/dock/dock.urdf.xacro
[14.132s] -- Symlinking: /home/alejandro/bookros2_ws/install/pmb2_description/share/pmb2_description/urdf/objects/antenna.urdf.xacro
[14.158s] -- Symlinking: /home/alejandro/bookros2_ws/install/pmb2_description/share/pmb2_description/urdf/objects/cover.urdf.xacro
[14.180s] -- Symlinking: /home/alejandro/bookros2_ws/install/pmb2_description/share/pmb2_description/urdf/sensors/bumper.gazebo.xacro
[14.205s] -- Symlinking: /home/alejandro/bookros2_ws/install/pmb2_description/share/pmb2_description/urdf/sensors/bumper.urdf.xacro
[14.233s] -- Symlinking: /home/alejandro/bookros2_ws/install/pmb2_description/share/pmb2_description/urdf/sensors/courier.urdf.xacro
[14.251s] -- Symlinking: /home/alejandro/bookros2_ws/install/pmb2_description/share/pmb2_description/urdf/sensors/elp_rgb.gazebo.xacro
[14.274s] -- Symlinking: /home/alejandro/bookros2_ws/install/pmb2_description/share/pmb2_description/urdf/sensors/elp_rgb.urdf.xacro
[14.299s] -- Symlinking: /home/alejandro/bookros2_ws/install/pmb2_description/share/pmb2_description/urdf/sensors/hokuyo_urg_04lx_ug01_laser.gazebo.xacro
[14.330s] -- Symlinking: /home/alejandro/bookros2_ws/install/pmb2_description/share/pmb2_description/urdf/sensors/hokuyo_urg_04lx_ug01_laser.urdf.xacro
[14.347s] -- Symlinking: /home/alejandro/bookros2_ws/install/pmb2_description/share/pmb2_description/urdf/sensors/imu.gazebo.xacro
[14.374s] -- Symlinking: /home/alejandro/bookros2_ws/install/pmb2_description/share/pmb2_description/urdf/sensors/imu.urdf.xacro
[14.404s] -- Symlinking: /home/alejandro/bookros2_ws/install/pmb2_description/share/pmb2_description/urdf/sensors/microphone.urdf.xacro
[14.437s] -- Symlinking: /home/alejandro/bookros2_ws/install/pmb2_description/share/pmb2_description/urdf/sensors/range.gazebo.xacro
[14.462s] -- Symlinking: /home/alejandro/bookros2_ws/install/pmb2_description/share/pmb2_description/urdf/sensors/range.urdf.xacro
[14.484s] -- Symlinking: /home/alejandro/bookros2_ws/install/pmb2_description/share/pmb2_description/urdf/sensors/sensors.ros2_control.xacro
[14.521s] -- Symlinking: /home/alejandro/bookros2_ws/install/pmb2_description/share/pmb2_description/urdf/sensors/sick_tim551_laser.gazebo.xacro
[14.539s] -- Symlinking: /home/alejandro/bookros2_ws/install/pmb2_description/share/pmb2_description/urdf/sensors/sick_tim551_laser.urdf.xacro
[14.563s] -- Symlinking: /home/alejandro/bookros2_ws/install/pmb2_description/share/pmb2_description/urdf/sensors/sick_tim561_laser.gazebo.xacro
[14.586s] -- Symlinking: /home/alejandro/bookros2_ws/install/pmb2_description/share/pmb2_description/urdf/sensors/sick_tim561_laser.urdf.xacro
[14.620s] -- Symlinking: /home/alejandro/bookros2_ws/install/pmb2_description/share/pmb2_description/urdf/sensors/sick_tim571_laser.gazebo.xacro
[14.647s] -- Symlinking: /home/alejandro/bookros2_ws/install/pmb2_description/share/pmb2_description/urdf/sensors/sick_tim571_laser.urdf.xacro
[14.669s] -- Symlinking: /home/alejandro/bookros2_ws/install/pmb2_description/share/pmb2_description/urdf/sensors/structure_sensor.gazebo.xacro
[14.692s] -- Symlinking: /home/alejandro/bookros2_ws/install/pmb2_description/share/pmb2_description/urdf/sensors/structure_sensor.urdf.xacro
[14.716s] -- Symlinking: /home/alejandro/bookros2_ws/install/pmb2_description/share/pmb2_description/urdf/wheels/caster.gazebo.xacro
[14.737s] -- Symlinking: /home/alejandro/bookros2_ws/install/pmb2_description/share/pmb2_description/urdf/wheels/caster.urdf.xacro
[14.758s] -- Symlinking: /home/alejandro/bookros2_ws/install/pmb2_description/share/pmb2_description/urdf/wheels/wheel.gazebo.xacro
[14.772s] -- Symlinking: /home/alejandro/bookros2_ws/install/pmb2_description/share/pmb2_description/urdf/wheels/wheel.ros2_control.xacro
[14.785s] -- Symlinking: /home/alejandro/bookros2_ws/install/pmb2_description/share/pmb2_description/urdf/wheels/wheel.urdf.xacro
[14.806s] -- Symlinking: /home/alejandro/bookros2_ws/install/pmb2_description/share/ament_index/resource_index/package_run_dependencies/pmb2_description
[14.832s] -- Symlinking: /home/alejandro/bookros2_ws/install/pmb2_description/share/ament_index/resource_index/parent_prefix_path/pmb2_description
[14.879s] -- Symlinking: /home/alejandro/bookros2_ws/install/pmb2_description/share/pmb2_description/environment/ament_prefix_path.sh
[14.907s] -- Symlinking: /home/alejandro/bookros2_ws/install/pmb2_description/share/pmb2_description/environment/ament_prefix_path.dsv
[14.946s] -- Symlinking: /home/alejandro/bookros2_ws/install/pmb2_description/share/pmb2_description/environment/path.sh
[14.970s] -- Symlinking: /home/alejandro/bookros2_ws/install/pmb2_description/share/pmb2_description/environment/path.dsv
[14.996s] -- Symlinking: /home/alejandro/bookros2_ws/install/pmb2_description/share/pmb2_description/local_setup.bash
[15.019s] -- Symlinking: /home/alejandro/bookros2_ws/install/pmb2_description/share/pmb2_description/local_setup.sh
[15.031s] -- Symlinking: /home/alejandro/bookros2_ws/install/pmb2_description/share/pmb2_description/local_setup.zsh
[15.043s] -- Symlinking: /home/alejandro/bookros2_ws/install/pmb2_description/share/pmb2_description/local_setup.dsv
[15.064s] -- Symlinking: /home/alejandro/bookros2_ws/install/pmb2_description/share/pmb2_description/package.dsv
[15.087s] -- Symlinking: /home/alejandro/bookros2_ws/install/pmb2_description/share/ament_index/resource_index/packages/pmb2_description
[15.110s] -- Symlinking: /home/alejandro/bookros2_ws/install/pmb2_description/share/pmb2_description/cmake/pmb2_descriptionConfig.cmake
[15.131s] -- Symlinking: /home/alejandro/bookros2_ws/install/pmb2_description/share/pmb2_description/cmake/pmb2_descriptionConfig-version.cmake
[15.152s] -- Symlinking: /home/alejandro/bookros2_ws/install/pmb2_description/share/pmb2_description/package.xml
[15.253s] Listing '/home/alejandro/bookros2_ws/install/pmb2_description/local/lib/python3.10/dist-packages/pmb2_description'...
[15.253s] Compiling '/home/alejandro/bookros2_ws/install/pmb2_description/local/lib/python3.10/dist-packages/pmb2_description/__init__.py'...
[15.253s] Compiling '/home/alejandro/bookros2_ws/install/pmb2_description/local/lib/python3.10/dist-packages/pmb2_description/launch_arguments.py'...
[15.278s] Invoked command in '/home/alejandro/bookros2_ws/build/pmb2_description' returned '0': AMENT_PREFIX_PATH=/home/alejandro/bookros2_ws/install/urdf_test:/home/alejandro/bookros2_ws/install/launch_pal:${AMENT_PREFIX_PATH} CMAKE_PREFIX_PATH=/home/alejandro/bookros2_ws/install/urdf_test:/home/alejandro/bookro2_ws/install/urdf_test:/home/alejandro/bookro2_ws/install/tiago_simulation:/home/alejandro/bookro2_ws/install/tiago_robot:/home/alejandro/bookro2_ws/install/tiago_navigation:/home/alejandro/bookro2_ws/install/tiago_gazebo:/home/alejandro/bookro2_ws/install/tiago_moveit_config:/home/alejandro/bookro2_ws/install/tiago_2dnav:/home/alejandro/bookro2_ws/install/tiago_laser_sensors:/home/alejandro/bookro2_ws/install/tiago_bringup:/home/alejandro/bookro2_ws/install/tiago_description:/home/alejandro/bookro2_ws/install/tiago_controller_configuration:/home/alejandro/bookro2_ws/install/pmb2_robot:/home/alejandro/bookro2_ws/install/pmb2_navigation:/home/alejandro/bookro2_ws/install/pmb2_2dnav:/home/alejandro/bookro2_ws/install/pmb2_laser_sensors:/home/alejandro/bookro2_ws/install/pmb2_bringup:/home/alejandro/bookro2_ws/install/pmb2_description:/home/alejandro/bookro2_ws/install/pmb2_controller_configuration:/home/alejandro/bookro2_ws/install/pal_gripper_simulation:/home/alejandro/bookro2_ws/install/pal_gripper:/home/alejandro/bookro2_ws/install/pal_gripper_description:/home/alejandro/bookro2_ws/install/pal_gripper_controller_configuration:/home/alejandro/bookro2_ws/install/pal_gazebo_worlds:/home/alejandro/bookro2_ws/install/hey5_description:/home/alejandro/bookro2_ws/install/groot:/home/alejandro/bookro2_ws/install/br2_vff_avoidance:/home/alejandro/bookro2_ws/install/br2_tracking:/home/alejandro/bookro2_ws/install/br2_tracking_msgs:/home/alejandro/bookro2_ws/install/br2_tiago:/home/alejandro/bookro2_ws/install/br2_tf2_detector:/home/alejandro/bookro2_ws/install/br2_navigation:/home/alejandro/bookro2_ws/install/br2_fsm_bumpgo_cpp:/home/alejandro/bookro2_ws/install/br2_bt_patrolling:/home/alejandro/bookro2_ws/install/br2_bt_bumpgo:/home/alejandro/bookro2_ws/install/br2_basics:/home/alejandro/ros2_utilities_ws/install/micro_ros_setup:/home/alejandro/ros2_utilities_ws/install/micro_ros_agent:/home/alejandro/ros2_utilities_ws/install/micro_ros_msgs:/home/alejandro/bookro2_ws/install/launch_pal:/home/alejandro/bookro2_ws/install/br2_fsm_bumpgo_py:/opt/ros/humble PYTHONPATH=/home/alejandro/bookros2_ws/install/urdf_test/local/lib/python3.10/dist-packages:/home/alejandro/bookros2_ws/build/launch_pal:/home/alejandro/bookros2_ws/install/launch_pal/lib/python3.10/site-packages:${PYTHONPATH} /usr/bin/cmake --install /home/alejandro/bookros2_ws/build/pmb2_description
