[0.111s] Invoking command in '/home/alejandro/bookros2_ws/build/groot': CMAKE_PREFIX_PATH=${CMAKE_PREFIX_PATH}:/opt/ros/humble /usr/bin/cmake --build /home/alejandro/bookros2_ws/build/groot -- -j8 -l8
[0.278s] [  1%] [34m[1mAutomatic MOC and UIC for target QtNodeEditor[0m
[0.341s] [  1%] Built target QtNodeEditor_autogen
[0.480s] [ 57%] Built target QtNodeEditor
[0.537s] [ 58%] [34m[1mAutomatic MOC and UIC for target behavior_tree_editor[0m
[0.612s] [ 58%] Built target behavior_tree_editor_autogen
[0.709s] [ 74%] Built target behavior_tree_editor
[0.761s] [ 74%] [34m[1mAutomatic MOC and UIC for target editor_test[0m
[0.789s] [ 75%] [34m[1mAutomatic MOC and UIC for target replay_test[0m
[0.794s] [ 76%] [34m[1mAutomatic MOC and UIC for target Groot[0m
[0.834s] [ 76%] Built target editor_test_autogen
[0.859s] [ 76%] Built target Groot_autogen
[0.891s] [ 76%] Built target replay_test_autogen
[0.914s] [ 85%] Built target editor_test
[0.926s] [ 91%] Built target Groot
[0.972s] [100%] Built target replay_test
[1.029s] Invoked command in '/home/alejandro/bookros2_ws/build/groot' returned '0': CMAKE_PREFIX_PATH=${CMAKE_PREFIX_PATH}:/opt/ros/humble /usr/bin/cmake --build /home/alejandro/bookros2_ws/build/groot -- -j8 -l8
[1.255s] Invoking command in '/home/alejandro/bookros2_ws/build/groot': CMAKE_PREFIX_PATH=${CMAKE_PREFIX_PATH}:/opt/ros/humble /usr/bin/cmake --install /home/alejandro/bookros2_ws/build/groot
[1.274s] -- Install configuration: ""
[1.276s] -- Execute custom install script
[1.276s] -- Up-to-date symlink: /home/alejandro/bookros2_ws/install/groot/lib/libbehavior_tree_editor.so
[1.276s] -- Up-to-date symlink: /home/alejandro/bookros2_ws/install/groot/lib/groot/Groot
[1.277s] -- Up-to-date symlink: /home/alejandro/bookros2_ws/install/groot/share/groot/environment/library_path.sh
[1.277s] -- Up-to-date symlink: /home/alejandro/bookros2_ws/install/groot/share/groot/environment/library_path.dsv
[1.277s] -- Up-to-date symlink: /home/alejandro/bookros2_ws/install/groot/share/ament_index/resource_index/package_run_dependencies/groot
[1.278s] -- Up-to-date symlink: /home/alejandro/bookros2_ws/install/groot/share/ament_index/resource_index/parent_prefix_path/groot
[1.278s] -- Up-to-date symlink: /home/alejandro/bookros2_ws/install/groot/share/groot/environment/ament_prefix_path.sh
[1.278s] -- Up-to-date symlink: /home/alejandro/bookros2_ws/install/groot/share/groot/environment/ament_prefix_path.dsv
[1.279s] -- Up-to-date symlink: /home/alejandro/bookros2_ws/install/groot/share/groot/environment/path.sh
[1.279s] -- Up-to-date symlink: /home/alejandro/bookros2_ws/install/groot/share/groot/environment/path.dsv
[1.279s] -- Up-to-date symlink: /home/alejandro/bookros2_ws/install/groot/share/groot/local_setup.bash
[1.279s] -- Up-to-date symlink: /home/alejandro/bookros2_ws/install/groot/share/groot/local_setup.sh
[1.280s] -- Up-to-date symlink: /home/alejandro/bookros2_ws/install/groot/share/groot/local_setup.zsh
[1.280s] -- Up-to-date symlink: /home/alejandro/bookros2_ws/install/groot/share/groot/local_setup.dsv
[1.280s] -- Symlinking: /home/alejandro/bookros2_ws/install/groot/share/groot/package.dsv
[1.306s] -- Up-to-date symlink: /home/alejandro/bookros2_ws/install/groot/share/ament_index/resource_index/packages/groot
[1.306s] -- Up-to-date symlink: /home/alejandro/bookros2_ws/install/groot/share/groot/cmake/ament_cmake_export_include_directories-extras.cmake
[1.308s] -- Up-to-date symlink: /home/alejandro/bookros2_ws/install/groot/share/groot/cmake/ament_cmake_export_dependencies-extras.cmake
[1.309s] -- Up-to-date symlink: /home/alejandro/bookros2_ws/install/groot/share/groot/cmake/ament_cmake_export_libraries-extras.cmake
[1.309s] -- Up-to-date symlink: /home/alejandro/bookros2_ws/install/groot/share/groot/cmake/grootConfig.cmake
[1.310s] -- Up-to-date symlink: /home/alejandro/bookros2_ws/install/groot/share/groot/cmake/grootConfig-version.cmake
[1.310s] -- Up-to-date symlink: /home/alejandro/bookros2_ws/install/groot/share/groot/package.xml
[1.345s] Invoked command in '/home/alejandro/bookros2_ws/build/groot' returned '0': CMAKE_PREFIX_PATH=${CMAKE_PREFIX_PATH}:/opt/ros/humble /usr/bin/cmake --install /home/alejandro/bookros2_ws/build/groot
