/home/alejandro/.local/lib/python3.10/site-packages/setuptools/_distutils/dist.py:268: UserWarning: Unknown distribution option: 'tests_require'
  warnings.warn(msg)
running develop
/home/alejandro/.local/lib/python3.10/site-packages/setuptools/command/develop.py:42: EasyInstallDeprecationWarning: easy_install command is deprecated.
!!

        ********************************************************************************
        Please avoid running ``setup.py`` and ``easy_install``.
        Instead, use pypa/build, pypa/installer or other
        standards-based tools.

        See https://github.com/pypa/setuptools/issues/917 for details.
        ********************************************************************************

!!
  easy_install.initialize_options(self)
running egg_info
creating launch_pal.egg-info
writing launch_pal.egg-info/PKG-INFO
writing dependency_links to launch_pal.egg-info/dependency_links.txt
writing requirements to launch_pal.egg-info/requires.txt
writing top-level names to launch_pal.egg-info/top_level.txt
writing manifest file 'launch_pal.egg-info/SOURCES.txt'
reading manifest file 'launch_pal.egg-info/SOURCES.txt'
writing manifest file 'launch_pal.egg-info/SOURCES.txt'
running build_ext
Creating /home/alejandro/bookros2_ws/install/launch_pal/lib/python3.10/site-packages/launch-pal.egg-link (link to .)

Installed /home/alejandro/bookros2_ws/build/launch_pal
running symlink_data
creating /home/alejandro/bookros2_ws/install/launch_pal/share/ament_index
creating /home/alejandro/bookros2_ws/install/launch_pal/share/ament_index/resource_index
creating /home/alejandro/bookros2_ws/install/launch_pal/share/ament_index/resource_index/packages
symbolically linking /home/alejandro/bookros2_ws/build/launch_pal/resource/launch_pal -> /home/alejandro/bookros2_ws/install/launch_pal/share/ament_index/resource_index/packages
symbolically linking /home/alejandro/bookros2_ws/build/launch_pal/package.xml -> /home/alejandro/bookros2_ws/install/launch_pal/share/launch_pal
creating /home/alejandro/bookros2_ws/install/launch_pal/share/launch_pal/config
symbolically linking /home/alejandro/bookros2_ws/build/launch_pal/config/robot_configuration.yaml -> /home/alejandro/bookros2_ws/install/launch_pal/share/launch_pal/config
