[1.367s] Invoking command in '/home/alejandro/bookros2_ws/build/launch_pal': PYTHONPATH=/home/alejandro/bookros2_ws/build/launch_pal/prefix_override:/usr/lib/python3/dist-packages/colcon_core/task/python/colcon_distutils_commands:/home/alejandro/bookros2_ws/install/launch_pal/lib/python3.10/site-packages:${PYTHONPATH} /usr/bin/python3 -W ignore:setup.py install is deprecated setup.py develop --editable --build-directory /home/alejandro/bookros2_ws/build/launch_pal/build --no-deps symlink_data
[1.827s] /home/alejandro/.local/lib/python3.10/site-packages/setuptools/_distutils/dist.py:268: UserWarning: Unknown distribution option: 'tests_require'
[1.827s]   warnings.warn(msg)
[1.991s] running develop
[1.993s] /home/alejandro/.local/lib/python3.10/site-packages/setuptools/command/develop.py:42: EasyInstallDeprecationWarning: easy_install command is deprecated.
[1.993s] !!
[1.993s] 
[1.993s]         ********************************************************************************
[1.993s]         Please avoid running ``setup.py`` and ``easy_install``.
[1.993s]         Instead, use pypa/build, pypa/installer or other
[1.993s]         standards-based tools.
[1.993s] 
[1.994s]         See https://github.com/pypa/setuptools/issues/917 for details.
[1.994s]         ********************************************************************************
[1.994s] 
[1.994s] !!
[1.994s]   easy_install.initialize_options(self)
[2.453s] running egg_info
[2.454s] creating launch_pal.egg-info
[2.488s] writing launch_pal.egg-info/PKG-INFO
[2.489s] writing dependency_links to launch_pal.egg-info/dependency_links.txt
[2.490s] writing requirements to launch_pal.egg-info/requires.txt
[2.490s] writing top-level names to launch_pal.egg-info/top_level.txt
[2.490s] writing manifest file 'launch_pal.egg-info/SOURCES.txt'
[2.565s] reading manifest file 'launch_pal.egg-info/SOURCES.txt'
[2.566s] writing manifest file 'launch_pal.egg-info/SOURCES.txt'
[2.656s] running build_ext
[2.656s] Creating /home/alejandro/bookros2_ws/install/launch_pal/lib/python3.10/site-packages/launch-pal.egg-link (link to .)
[2.656s] 
[2.657s] Installed /home/alejandro/bookros2_ws/build/launch_pal
[2.657s] running symlink_data
[2.657s] creating /home/alejandro/bookros2_ws/install/launch_pal/share/ament_index
[2.657s] creating /home/alejandro/bookros2_ws/install/launch_pal/share/ament_index/resource_index
[2.657s] creating /home/alejandro/bookros2_ws/install/launch_pal/share/ament_index/resource_index/packages
[2.657s] symbolically linking /home/alejandro/bookros2_ws/build/launch_pal/resource/launch_pal -> /home/alejandro/bookros2_ws/install/launch_pal/share/ament_index/resource_index/packages
[2.657s] symbolically linking /home/alejandro/bookros2_ws/build/launch_pal/package.xml -> /home/alejandro/bookros2_ws/install/launch_pal/share/launch_pal
[2.657s] creating /home/alejandro/bookros2_ws/install/launch_pal/share/launch_pal/config
[2.660s] symbolically linking /home/alejandro/bookros2_ws/build/launch_pal/config/robot_configuration.yaml -> /home/alejandro/bookros2_ws/install/launch_pal/share/launch_pal/config
[2.759s] Invoked command in '/home/alejandro/bookros2_ws/build/launch_pal' returned '0': PYTHONPATH=/home/alejandro/bookros2_ws/build/launch_pal/prefix_override:/usr/lib/python3/dist-packages/colcon_core/task/python/colcon_distutils_commands:/home/alejandro/bookros2_ws/install/launch_pal/lib/python3.10/site-packages:${PYTHONPATH} /usr/bin/python3 -W ignore:setup.py install is deprecated setup.py develop --editable --build-directory /home/alejandro/bookros2_ws/build/launch_pal/build --no-deps symlink_data
