[0.230s] Invoking command in '/home/alejandro/bookros2_ws/build/tiago_laser_sensors': CMAKE_PREFIX_PATH=${CMAKE_PREFIX_PATH}:/opt/ros/humble /usr/bin/cmake /home/alejandro/bookros2_ws/src/ThirdParty/tiago_navigation/tiago_laser_sensors -DCMAKE_INSTALL_PREFIX=/home/alejandro/bookros2_ws/install/tiago_laser_sensors
[0.257s] -- Found ament_cmake_auto: 1.3.10 (/opt/ros/humble/share/ament_cmake_auto/cmake)
[0.444s] -- Override CMake install command with custom implementation using symlinks instead of copying resources
[0.597s] -- Added test 'copyright' to check source files copyright and LICENSE
[0.600s] -- Added test 'lint_cmake' to check CMake code style
[0.601s] -- Added test 'xmllint' to check XML markup files
[0.603s] -- Configuring done
[0.610s] -- Generating done
[0.610s] -- Build files have been written to: /home/alejandro/bookros2_ws/build/tiago_laser_sensors
[0.621s] Invoked command in '/home/alejandro/bookros2_ws/build/tiago_laser_sensors' returned '0': CMAKE_PREFIX_PATH=${CMAKE_PREFIX_PATH}:/opt/ros/humble /usr/bin/cmake /home/alejandro/bookros2_ws/src/ThirdParty/tiago_navigation/tiago_laser_sensors -DCMAKE_INSTALL_PREFIX=/home/alejandro/bookros2_ws/install/tiago_laser_sensors
[0.621s] Invoking command in '/home/alejandro/bookros2_ws/build/tiago_laser_sensors': CMAKE_PREFIX_PATH=${CMAKE_PREFIX_PATH}:/opt/ros/humble /usr/bin/cmake --build /home/alejandro/bookros2_ws/build/tiago_laser_sensors -- -j8 -l8
[0.663s] Invoked command in '/home/alejandro/bookros2_ws/build/tiago_laser_sensors' returned '0': CMAKE_PREFIX_PATH=${CMAKE_PREFIX_PATH}:/opt/ros/humble /usr/bin/cmake --build /home/alejandro/bookros2_ws/build/tiago_laser_sensors -- -j8 -l8
[0.692s] Invoking command in '/home/alejandro/bookros2_ws/build/tiago_laser_sensors': CMAKE_PREFIX_PATH=${CMAKE_PREFIX_PATH}:/opt/ros/humble /usr/bin/cmake --install /home/alejandro/bookros2_ws/build/tiago_laser_sensors
[0.714s] -- Install configuration: ""
[0.714s] -- Execute custom install script
[0.715s] -- Up-to-date symlink: /home/alejandro/bookros2_ws/install/tiago_laser_sensors/share/tiago_laser_sensors/params/omni_base_laser_pipeline.yaml
[0.715s] -- Up-to-date symlink: /home/alejandro/bookros2_ws/install/tiago_laser_sensors/share/tiago_laser_sensors/params/omni_base_laser_pipeline_sim.yaml
[0.715s] -- Up-to-date symlink: /home/alejandro/bookros2_ws/install/tiago_laser_sensors/share/tiago_laser_sensors/params/omni_base_laser_pipeline_w_composition.yaml
[0.715s] -- Up-to-date symlink: /home/alejandro/bookros2_ws/install/tiago_laser_sensors/share/tiago_laser_sensors/params/pmb2_laser_pipeline.yaml
[0.715s] -- Up-to-date symlink: /home/alejandro/bookros2_ws/install/tiago_laser_sensors/share/tiago_laser_sensors/params/pmb2_laser_pipeline_sim.yaml
[0.716s] -- Up-to-date symlink: /home/alejandro/bookros2_ws/install/tiago_laser_sensors/share/tiago_laser_sensors/params/pmb2_laser_pipeline_w_composition.yaml
[0.716s] -- Up-to-date symlink: /home/alejandro/bookros2_ws/install/tiago_laser_sensors/share/ament_index/resource_index/package_run_dependencies/tiago_laser_sensors
[0.716s] -- Up-to-date symlink: /home/alejandro/bookros2_ws/install/tiago_laser_sensors/share/ament_index/resource_index/parent_prefix_path/tiago_laser_sensors
[0.716s] -- Up-to-date symlink: /home/alejandro/bookros2_ws/install/tiago_laser_sensors/share/tiago_laser_sensors/environment/ament_prefix_path.sh
[0.716s] -- Up-to-date symlink: /home/alejandro/bookros2_ws/install/tiago_laser_sensors/share/tiago_laser_sensors/environment/ament_prefix_path.dsv
[0.716s] -- Up-to-date symlink: /home/alejandro/bookros2_ws/install/tiago_laser_sensors/share/tiago_laser_sensors/environment/path.sh
[0.716s] -- Up-to-date symlink: /home/alejandro/bookros2_ws/install/tiago_laser_sensors/share/tiago_laser_sensors/environment/path.dsv
[0.716s] -- Up-to-date symlink: /home/alejandro/bookros2_ws/install/tiago_laser_sensors/share/tiago_laser_sensors/local_setup.bash
[0.716s] -- Up-to-date symlink: /home/alejandro/bookros2_ws/install/tiago_laser_sensors/share/tiago_laser_sensors/local_setup.sh
[0.716s] -- Up-to-date symlink: /home/alejandro/bookros2_ws/install/tiago_laser_sensors/share/tiago_laser_sensors/local_setup.zsh
[0.716s] -- Up-to-date symlink: /home/alejandro/bookros2_ws/install/tiago_laser_sensors/share/tiago_laser_sensors/local_setup.dsv
[0.716s] -- Symlinking: /home/alejandro/bookros2_ws/install/tiago_laser_sensors/share/tiago_laser_sensors/package.dsv
[0.717s] -- Up-to-date symlink: /home/alejandro/bookros2_ws/install/tiago_laser_sensors/share/ament_index/resource_index/packages/tiago_laser_sensors
[0.718s] -- Up-to-date symlink: /home/alejandro/bookros2_ws/install/tiago_laser_sensors/share/tiago_laser_sensors/cmake/tiago_laser_sensorsConfig.cmake
[0.718s] -- Up-to-date symlink: /home/alejandro/bookros2_ws/install/tiago_laser_sensors/share/tiago_laser_sensors/cmake/tiago_laser_sensorsConfig-version.cmake
[0.718s] -- Up-to-date symlink: /home/alejandro/bookros2_ws/install/tiago_laser_sensors/share/tiago_laser_sensors/package.xml
[0.738s] Invoked command in '/home/alejandro/bookros2_ws/build/tiago_laser_sensors' returned '0': CMAKE_PREFIX_PATH=${CMAKE_PREFIX_PATH}:/opt/ros/humble /usr/bin/cmake --install /home/alejandro/bookros2_ws/build/tiago_laser_sensors
