[0.265s] Invoking command in '/home/alejandro/bookros2_ws/build/br2_tracking_msgs': CMAKE_PREFIX_PATH=${CMAKE_PREFIX_PATH}:/opt/ros/humble /usr/bin/cmake --build /home/alejandro/bookros2_ws/build/br2_tracking_msgs -- -j8 -l8
[0.360s] [  3%] Built target br2_tracking_msgs__cpp
[0.365s] [  3%] Built target ament_cmake_python_symlink_br2_tracking_msgs
[0.368s] [ 12%] Built target br2_tracking_msgs__rosidl_generator_c
[0.421s] [ 22%] Built target br2_tracking_msgs__rosidl_typesupport_cpp
[0.424s] [ 32%] Built target br2_tracking_msgs__rosidl_typesupport_introspection_c
[0.424s] [ 41%] Built target br2_tracking_msgs__rosidl_typesupport_fastrtps_c
[0.424s] [ 51%] Built target br2_tracking_msgs__rosidl_typesupport_introspection_cpp
[0.430s] [ 61%] Built target br2_tracking_msgs__rosidl_typesupport_fastrtps_cpp
[0.435s] [ 70%] Built target br2_tracking_msgs__rosidl_typesupport_c
[0.464s] [ 70%] Built target br2_tracking_msgs
[0.492s] [ 74%] Built target br2_tracking_msgs__py
[0.529s] [ 80%] Built target br2_tracking_msgs__rosidl_generator_py
[0.568s] [ 90%] Built target br2_tracking_msgs__rosidl_typesupport_c__pyext
[0.568s] [ 93%] Built target br2_tracking_msgs__rosidl_typesupport_introspection_c__pyext
[0.568s] [100%] Built target br2_tracking_msgs__rosidl_typesupport_fastrtps_c__pyext
[0.841s] running egg_info
[0.877s] writing br2_tracking_msgs.egg-info/PKG-INFO
[0.877s] writing dependency_links to br2_tracking_msgs.egg-info/dependency_links.txt
[0.878s] writing top-level names to br2_tracking_msgs.egg-info/top_level.txt
[0.955s] reading manifest file 'br2_tracking_msgs.egg-info/SOURCES.txt'
[0.956s] writing manifest file 'br2_tracking_msgs.egg-info/SOURCES.txt'
[0.988s] [100%] Built target ament_cmake_python_build_br2_tracking_msgs_egg
[1.038s] Invoked command in '/home/alejandro/bookros2_ws/build/br2_tracking_msgs' returned '0': CMAKE_PREFIX_PATH=${CMAKE_PREFIX_PATH}:/opt/ros/humble /usr/bin/cmake --build /home/alejandro/bookros2_ws/build/br2_tracking_msgs -- -j8 -l8
[1.117s] Invoking command in '/home/alejandro/bookros2_ws/build/br2_tracking_msgs': CMAKE_PREFIX_PATH=${CMAKE_PREFIX_PATH}:/opt/ros/humble /usr/bin/cmake --install /home/alejandro/bookros2_ws/build/br2_tracking_msgs
[1.126s] -- Install configuration: ""
[1.126s] -- Execute custom install script
[1.128s] -- Up-to-date symlink: /home/alejandro/bookros2_ws/install/br2_tracking_msgs/share/ament_index/resource_index/rosidl_interfaces/br2_tracking_msgs
[1.129s] -- Up-to-date symlink: /home/alejandro/bookros2_ws/install/br2_tracking_msgs/include/br2_tracking_msgs/br2_tracking_msgs/msg/detail/pan_tilt_command__functions.h
[1.129s] -- Up-to-date symlink: /home/alejandro/bookros2_ws/install/br2_tracking_msgs/include/br2_tracking_msgs/br2_tracking_msgs/msg/detail/pan_tilt_command__struct.h
[1.129s] -- Up-to-date symlink: /home/alejandro/bookros2_ws/install/br2_tracking_msgs/include/br2_tracking_msgs/br2_tracking_msgs/msg/detail/pan_tilt_command__type_support.h
[1.129s] -- Up-to-date symlink: /home/alejandro/bookros2_ws/install/br2_tracking_msgs/include/br2_tracking_msgs/br2_tracking_msgs/msg/pan_tilt_command.h
[1.129s] -- Up-to-date symlink: /home/alejandro/bookros2_ws/install/br2_tracking_msgs/include/br2_tracking_msgs/br2_tracking_msgs/msg/rosidl_generator_c__visibility_control.h
[1.130s] -- Up-to-date symlink: /home/alejandro/bookros2_ws/install/br2_tracking_msgs/share/br2_tracking_msgs/environment/library_path.sh
[1.130s] -- Up-to-date symlink: /home/alejandro/bookros2_ws/install/br2_tracking_msgs/share/br2_tracking_msgs/environment/library_path.dsv
[1.130s] -- Up-to-date symlink: /home/alejandro/bookros2_ws/install/br2_tracking_msgs/include/br2_tracking_msgs/br2_tracking_msgs/msg/detail/pan_tilt_command__rosidl_typesupport_fastrtps_c.h
[1.131s] -- Up-to-date symlink: /home/alejandro/bookros2_ws/install/br2_tracking_msgs/include/br2_tracking_msgs/br2_tracking_msgs/msg/rosidl_typesupport_fastrtps_c__visibility_control.h
[1.134s] -- Up-to-date symlink: /home/alejandro/bookros2_ws/install/br2_tracking_msgs/include/br2_tracking_msgs/br2_tracking_msgs/msg/detail/pan_tilt_command__builder.hpp
[1.135s] -- Up-to-date symlink: /home/alejandro/bookros2_ws/install/br2_tracking_msgs/include/br2_tracking_msgs/br2_tracking_msgs/msg/detail/pan_tilt_command__struct.hpp
[1.135s] -- Up-to-date symlink: /home/alejandro/bookros2_ws/install/br2_tracking_msgs/include/br2_tracking_msgs/br2_tracking_msgs/msg/detail/pan_tilt_command__traits.hpp
[1.136s] -- Up-to-date symlink: /home/alejandro/bookros2_ws/install/br2_tracking_msgs/include/br2_tracking_msgs/br2_tracking_msgs/msg/pan_tilt_command.hpp
[1.138s] -- Up-to-date symlink: /home/alejandro/bookros2_ws/install/br2_tracking_msgs/include/br2_tracking_msgs/br2_tracking_msgs/msg/detail/pan_tilt_command__rosidl_typesupport_fastrtps_cpp.hpp
[1.139s] -- Up-to-date symlink: /home/alejandro/bookros2_ws/install/br2_tracking_msgs/include/br2_tracking_msgs/br2_tracking_msgs/msg/rosidl_typesupport_fastrtps_cpp__visibility_control.h
[1.140s] -- Up-to-date symlink: /home/alejandro/bookros2_ws/install/br2_tracking_msgs/include/br2_tracking_msgs/br2_tracking_msgs/msg/detail/pan_tilt_command__rosidl_typesupport_introspection_c.h
[1.141s] -- Up-to-date symlink: /home/alejandro/bookros2_ws/install/br2_tracking_msgs/include/br2_tracking_msgs/br2_tracking_msgs/msg/rosidl_typesupport_introspection_c__visibility_control.h
[1.141s] -- Up-to-date symlink: /home/alejandro/bookros2_ws/install/br2_tracking_msgs/include/br2_tracking_msgs/br2_tracking_msgs/msg/detail/pan_tilt_command__rosidl_typesupport_introspection_cpp.hpp
[1.144s] -- Up-to-date symlink: /home/alejandro/bookros2_ws/install/br2_tracking_msgs/share/br2_tracking_msgs/environment/pythonpath.sh
[1.144s] -- Up-to-date symlink: /home/alejandro/bookros2_ws/install/br2_tracking_msgs/share/br2_tracking_msgs/environment/pythonpath.dsv
[1.144s] -- Up-to-date symlink: /home/alejandro/bookros2_ws/install/br2_tracking_msgs/local/lib/python3.10/dist-packages/br2_tracking_msgs-0.2.0-py3.10.egg-info/PKG-INFO
[1.144s] -- Up-to-date symlink: /home/alejandro/bookros2_ws/install/br2_tracking_msgs/local/lib/python3.10/dist-packages/br2_tracking_msgs-0.2.0-py3.10.egg-info/SOURCES.txt
[1.144s] -- Up-to-date symlink: /home/alejandro/bookros2_ws/install/br2_tracking_msgs/local/lib/python3.10/dist-packages/br2_tracking_msgs-0.2.0-py3.10.egg-info/dependency_links.txt
[1.144s] -- Up-to-date symlink: /home/alejandro/bookros2_ws/install/br2_tracking_msgs/local/lib/python3.10/dist-packages/br2_tracking_msgs-0.2.0-py3.10.egg-info/top_level.txt
[1.145s] -- Up-to-date symlink: /home/alejandro/bookros2_ws/install/br2_tracking_msgs/local/lib/python3.10/dist-packages/br2_tracking_msgs/__init__.py
[1.145s] -- Up-to-date symlink: /home/alejandro/bookros2_ws/install/br2_tracking_msgs/local/lib/python3.10/dist-packages/br2_tracking_msgs/_br2_tracking_msgs_s.ep.rosidl_typesupport_c.c
[1.145s] -- Up-to-date symlink: /home/alejandro/bookros2_ws/install/br2_tracking_msgs/local/lib/python3.10/dist-packages/br2_tracking_msgs/_br2_tracking_msgs_s.ep.rosidl_typesupport_fastrtps_c.c
[1.145s] -- Up-to-date symlink: /home/alejandro/bookros2_ws/install/br2_tracking_msgs/local/lib/python3.10/dist-packages/br2_tracking_msgs/_br2_tracking_msgs_s.ep.rosidl_typesupport_introspection_c.c
[1.145s] -- Up-to-date symlink: /home/alejandro/bookros2_ws/install/br2_tracking_msgs/local/lib/python3.10/dist-packages/br2_tracking_msgs/br2_tracking_msgs_s__rosidl_typesupport_c.cpython-310-x86_64-linux-gnu.so
[1.147s] -- Up-to-date symlink: /home/alejandro/bookros2_ws/install/br2_tracking_msgs/local/lib/python3.10/dist-packages/br2_tracking_msgs/br2_tracking_msgs_s__rosidl_typesupport_fastrtps_c.cpython-310-x86_64-linux-gnu.so
[1.147s] -- Up-to-date symlink: /home/alejandro/bookros2_ws/install/br2_tracking_msgs/local/lib/python3.10/dist-packages/br2_tracking_msgs/br2_tracking_msgs_s__rosidl_typesupport_introspection_c.cpython-310-x86_64-linux-gnu.so
[1.147s] -- Up-to-date symlink: /home/alejandro/bookros2_ws/install/br2_tracking_msgs/local/lib/python3.10/dist-packages/br2_tracking_msgs/libbr2_tracking_msgs__rosidl_generator_py.so
[1.147s] -- Up-to-date symlink: /home/alejandro/bookros2_ws/install/br2_tracking_msgs/local/lib/python3.10/dist-packages/br2_tracking_msgs/msg/__init__.py
[1.148s] -- Up-to-date symlink: /home/alejandro/bookros2_ws/install/br2_tracking_msgs/local/lib/python3.10/dist-packages/br2_tracking_msgs/msg/_pan_tilt_command.py
[1.148s] -- Up-to-date symlink: /home/alejandro/bookros2_ws/install/br2_tracking_msgs/local/lib/python3.10/dist-packages/br2_tracking_msgs/msg/_pan_tilt_command_s.c
[1.148s] -- Up-to-date symlink: /home/alejandro/bookros2_ws/install/br2_tracking_msgs/local/lib/python3.10/dist-packages/br2_tracking_msgs/br2_tracking_msgs_s__rosidl_typesupport_fastrtps_c.cpython-310-x86_64-linux-gnu.so
[1.148s] -- Up-to-date symlink: /home/alejandro/bookros2_ws/install/br2_tracking_msgs/local/lib/python3.10/dist-packages/br2_tracking_msgs/br2_tracking_msgs_s__rosidl_typesupport_introspection_c.cpython-310-x86_64-linux-gnu.so
[1.148s] -- Up-to-date symlink: /home/alejandro/bookros2_ws/install/br2_tracking_msgs/local/lib/python3.10/dist-packages/br2_tracking_msgs/br2_tracking_msgs_s__rosidl_typesupport_c.cpython-310-x86_64-linux-gnu.so
[1.148s] -- Up-to-date symlink: /home/alejandro/bookros2_ws/install/br2_tracking_msgs/share/br2_tracking_msgs/msg/PanTiltCommand.idl
[1.148s] -- Up-to-date symlink: /home/alejandro/bookros2_ws/install/br2_tracking_msgs/share/br2_tracking_msgs/msg/PanTiltCommand.msg
[1.148s] -- Up-to-date symlink: /home/alejandro/bookros2_ws/install/br2_tracking_msgs/share/ament_index/resource_index/package_run_dependencies/br2_tracking_msgs
[1.148s] -- Up-to-date symlink: /home/alejandro/bookros2_ws/install/br2_tracking_msgs/share/ament_index/resource_index/parent_prefix_path/br2_tracking_msgs
[1.148s] -- Up-to-date symlink: /home/alejandro/bookros2_ws/install/br2_tracking_msgs/share/br2_tracking_msgs/environment/ament_prefix_path.sh
[1.148s] -- Up-to-date symlink: /home/alejandro/bookros2_ws/install/br2_tracking_msgs/share/br2_tracking_msgs/environment/ament_prefix_path.dsv
[1.148s] -- Up-to-date symlink: /home/alejandro/bookros2_ws/install/br2_tracking_msgs/share/br2_tracking_msgs/environment/path.sh
[1.148s] -- Up-to-date symlink: /home/alejandro/bookros2_ws/install/br2_tracking_msgs/share/br2_tracking_msgs/environment/path.dsv
[1.148s] -- Up-to-date symlink: /home/alejandro/bookros2_ws/install/br2_tracking_msgs/share/br2_tracking_msgs/local_setup.bash
[1.148s] -- Up-to-date symlink: /home/alejandro/bookros2_ws/install/br2_tracking_msgs/share/br2_tracking_msgs/local_setup.sh
[1.149s] -- Up-to-date symlink: /home/alejandro/bookros2_ws/install/br2_tracking_msgs/share/br2_tracking_msgs/local_setup.zsh
[1.149s] -- Up-to-date symlink: /home/alejandro/bookros2_ws/install/br2_tracking_msgs/share/br2_tracking_msgs/local_setup.dsv
[1.149s] -- Symlinking: /home/alejandro/bookros2_ws/install/br2_tracking_msgs/share/br2_tracking_msgs/package.dsv
[1.156s] -- Up-to-date symlink: /home/alejandro/bookros2_ws/install/br2_tracking_msgs/share/ament_index/resource_index/packages/br2_tracking_msgs
[1.156s] -- Up-to-date symlink: /home/alejandro/bookros2_ws/install/br2_tracking_msgs/share/br2_tracking_msgs/cmake/rosidl_cmake-extras.cmake
[1.157s] -- Up-to-date symlink: /home/alejandro/bookros2_ws/install/br2_tracking_msgs/share/br2_tracking_msgs/cmake/ament_cmake_export_dependencies-extras.cmake
[1.157s] -- Up-to-date symlink: /home/alejandro/bookros2_ws/install/br2_tracking_msgs/share/br2_tracking_msgs/cmake/ament_cmake_export_include_directories-extras.cmake
[1.157s] -- Up-to-date symlink: /home/alejandro/bookros2_ws/install/br2_tracking_msgs/share/br2_tracking_msgs/cmake/ament_cmake_export_libraries-extras.cmake
[1.157s] -- Up-to-date symlink: /home/alejandro/bookros2_ws/install/br2_tracking_msgs/share/br2_tracking_msgs/cmake/ament_cmake_export_targets-extras.cmake
[1.157s] -- Up-to-date symlink: /home/alejandro/bookros2_ws/install/br2_tracking_msgs/share/br2_tracking_msgs/cmake/rosidl_cmake_export_typesupport_targets-extras.cmake
[1.158s] -- Up-to-date symlink: /home/alejandro/bookros2_ws/install/br2_tracking_msgs/share/br2_tracking_msgs/cmake/rosidl_cmake_export_typesupport_libraries-extras.cmake
[1.158s] -- Up-to-date symlink: /home/alejandro/bookros2_ws/install/br2_tracking_msgs/share/br2_tracking_msgs/cmake/br2_tracking_msgsConfig.cmake
[1.158s] -- Up-to-date symlink: /home/alejandro/bookros2_ws/install/br2_tracking_msgs/share/br2_tracking_msgs/cmake/br2_tracking_msgsConfig-version.cmake
[1.159s] -- Up-to-date symlink: /home/alejandro/bookros2_ws/install/br2_tracking_msgs/share/br2_tracking_msgs/package.xml
[1.160s] -- Up-to-date: /home/alejandro/bookros2_ws/install/br2_tracking_msgs/lib/libbr2_tracking_msgs__rosidl_generator_c.so
[1.162s] -- Up-to-date: /home/alejandro/bookros2_ws/install/br2_tracking_msgs/lib/libbr2_tracking_msgs__rosidl_typesupport_fastrtps_c.so
[1.162s] -- Up-to-date: /home/alejandro/bookros2_ws/install/br2_tracking_msgs/lib/libbr2_tracking_msgs__rosidl_typesupport_fastrtps_cpp.so
[1.162s] -- Up-to-date: /home/alejandro/bookros2_ws/install/br2_tracking_msgs/lib/libbr2_tracking_msgs__rosidl_typesupport_introspection_c.so
[1.162s] -- Up-to-date: /home/alejandro/bookros2_ws/install/br2_tracking_msgs/lib/libbr2_tracking_msgs__rosidl_typesupport_c.so
[1.162s] -- Up-to-date: /home/alejandro/bookros2_ws/install/br2_tracking_msgs/lib/libbr2_tracking_msgs__rosidl_typesupport_introspection_cpp.so
[1.162s] -- Up-to-date: /home/alejandro/bookros2_ws/install/br2_tracking_msgs/lib/libbr2_tracking_msgs__rosidl_typesupport_cpp.so
[1.210s] Listing '/home/alejandro/bookros2_ws/install/br2_tracking_msgs/local/lib/python3.10/dist-packages/br2_tracking_msgs'...
[1.210s] Listing '/home/alejandro/bookros2_ws/install/br2_tracking_msgs/local/lib/python3.10/dist-packages/br2_tracking_msgs/msg'...
[1.217s] -- Up-to-date: /home/alejandro/bookros2_ws/install/br2_tracking_msgs/lib/libbr2_tracking_msgs__rosidl_generator_py.so
[1.219s] -- Up-to-date: /home/alejandro/bookros2_ws/install/br2_tracking_msgs/share/br2_tracking_msgs/cmake/export_br2_tracking_msgs__rosidl_generator_cExport.cmake
[1.219s] -- Up-to-date: /home/alejandro/bookros2_ws/install/br2_tracking_msgs/share/br2_tracking_msgs/cmake/export_br2_tracking_msgs__rosidl_generator_cExport-noconfig.cmake
[1.220s] -- Up-to-date: /home/alejandro/bookros2_ws/install/br2_tracking_msgs/share/br2_tracking_msgs/cmake/export_br2_tracking_msgs__rosidl_typesupport_fastrtps_cExport.cmake
[1.220s] -- Up-to-date: /home/alejandro/bookros2_ws/install/br2_tracking_msgs/share/br2_tracking_msgs/cmake/export_br2_tracking_msgs__rosidl_typesupport_fastrtps_cExport-noconfig.cmake
[1.220s] -- Up-to-date: /home/alejandro/bookros2_ws/install/br2_tracking_msgs/share/br2_tracking_msgs/cmake/export_br2_tracking_msgs__rosidl_generator_cppExport.cmake
[1.220s] -- Up-to-date: /home/alejandro/bookros2_ws/install/br2_tracking_msgs/share/br2_tracking_msgs/cmake/export_br2_tracking_msgs__rosidl_typesupport_fastrtps_cppExport.cmake
[1.220s] -- Up-to-date: /home/alejandro/bookros2_ws/install/br2_tracking_msgs/share/br2_tracking_msgs/cmake/export_br2_tracking_msgs__rosidl_typesupport_fastrtps_cppExport-noconfig.cmake
[1.220s] -- Up-to-date: /home/alejandro/bookros2_ws/install/br2_tracking_msgs/share/br2_tracking_msgs/cmake/br2_tracking_msgs__rosidl_typesupport_introspection_cExport.cmake
[1.220s] -- Up-to-date: /home/alejandro/bookros2_ws/install/br2_tracking_msgs/share/br2_tracking_msgs/cmake/br2_tracking_msgs__rosidl_typesupport_introspection_cExport-noconfig.cmake
[1.220s] -- Up-to-date: /home/alejandro/bookros2_ws/install/br2_tracking_msgs/share/br2_tracking_msgs/cmake/br2_tracking_msgs__rosidl_typesupport_cExport.cmake
[1.220s] -- Up-to-date: /home/alejandro/bookros2_ws/install/br2_tracking_msgs/share/br2_tracking_msgs/cmake/br2_tracking_msgs__rosidl_typesupport_cExport-noconfig.cmake
[1.221s] -- Up-to-date: /home/alejandro/bookros2_ws/install/br2_tracking_msgs/share/br2_tracking_msgs/cmake/br2_tracking_msgs__rosidl_typesupport_introspection_cppExport.cmake
[1.221s] -- Up-to-date: /home/alejandro/bookros2_ws/install/br2_tracking_msgs/share/br2_tracking_msgs/cmake/br2_tracking_msgs__rosidl_typesupport_introspection_cppExport-noconfig.cmake
[1.221s] -- Up-to-date: /home/alejandro/bookros2_ws/install/br2_tracking_msgs/share/br2_tracking_msgs/cmake/br2_tracking_msgs__rosidl_typesupport_cppExport.cmake
[1.221s] -- Up-to-date: /home/alejandro/bookros2_ws/install/br2_tracking_msgs/share/br2_tracking_msgs/cmake/br2_tracking_msgs__rosidl_typesupport_cppExport-noconfig.cmake
[1.222s] -- Up-to-date: /home/alejandro/bookros2_ws/install/br2_tracking_msgs/share/br2_tracking_msgs/cmake/export_br2_tracking_msgs__rosidl_generator_pyExport.cmake
[1.222s] -- Up-to-date: /home/alejandro/bookros2_ws/install/br2_tracking_msgs/share/br2_tracking_msgs/cmake/export_br2_tracking_msgs__rosidl_generator_pyExport-noconfig.cmake
[1.266s] Invoked command in '/home/alejandro/bookros2_ws/build/br2_tracking_msgs' returned '0': CMAKE_PREFIX_PATH=${CMAKE_PREFIX_PATH}:/opt/ros/humble /usr/bin/cmake --install /home/alejandro/bookros2_ws/build/br2_tracking_msgs
