[5.402s] Invoking command in '/home/alejandro/bookros2_ws/src/ThirdParty/launch_pal': PYTHONPATH=/home/alejandro/bookros2_ws/build/launch_pal/prefix_override:/usr/lib/python3/dist-packages/colcon_core/task/python/colcon_distutils_commands:/home/alejandro/bookros2_ws/install/launch_pal/lib/python3.10/site-packages:${PYTHONPATH} /usr/bin/python3 -W ignore:setup.py install is deprecated setup.py egg_info --egg-base ../../../build/launch_pal build --build-base /home/alejandro/bookros2_ws/build/launch_pal/build install --record /home/alejandro/bookros2_ws/build/launch_pal/install.log --single-version-externally-managed install_data
[6.590s] /home/alejandro/.local/lib/python3.10/site-packages/setuptools/_distutils/dist.py:268: UserWarning: Unknown distribution option: 'tests_require'
[6.590s]   warnings.warn(msg)
[7.038s] running egg_info
[7.106s] writing ../../../build/launch_pal/launch_pal.egg-info/PKG-INFO
[7.107s] writing dependency_links to ../../../build/launch_pal/launch_pal.egg-info/dependency_links.txt
[7.113s] writing requirements to ../../../build/launch_pal/launch_pal.egg-info/requires.txt
[7.113s] writing top-level names to ../../../build/launch_pal/launch_pal.egg-info/top_level.txt
[7.261s] reading manifest file '../../../build/launch_pal/launch_pal.egg-info/SOURCES.txt'
[7.264s] adding license file 'LICENSE'
[7.266s] writing manifest file '../../../build/launch_pal/launch_pal.egg-info/SOURCES.txt'
[7.266s] running build
[7.266s] running build_py
[7.266s] copying launch_pal/include_utils.py -> /home/alejandro/bookros2_ws/build/launch_pal/build/lib/launch_pal
[7.267s] copying launch_pal/composition_utils.py -> /home/alejandro/bookros2_ws/build/launch_pal/build/lib/launch_pal
[7.267s] copying launch_pal/arg_utils.py -> /home/alejandro/bookros2_ws/build/launch_pal/build/lib/launch_pal
[7.268s] copying launch_pal/pal_parameters.py -> /home/alejandro/bookros2_ws/build/launch_pal/build/lib/launch_pal
[7.271s] copying launch_pal/param_utils.py -> /home/alejandro/bookros2_ws/build/launch_pal/build/lib/launch_pal
[7.272s] copying launch_pal/robot_utils.py -> /home/alejandro/bookros2_ws/build/launch_pal/build/lib/launch_pal
[7.277s] copying launch_pal/__init__.py -> /home/alejandro/bookros2_ws/build/launch_pal/build/lib/launch_pal
[7.278s] copying launch_pal/substitutions/load_file.py -> /home/alejandro/bookros2_ws/build/launch_pal/build/lib/launch_pal/substitutions
[7.280s] copying launch_pal/substitutions/__init__.py -> /home/alejandro/bookros2_ws/build/launch_pal/build/lib/launch_pal/substitutions
[7.280s] copying launch_pal/robot_arguments/common.py -> /home/alejandro/bookros2_ws/build/launch_pal/build/lib/launch_pal/robot_arguments
[7.283s] copying launch_pal/robot_arguments/robot.py -> /home/alejandro/bookros2_ws/build/launch_pal/build/lib/launch_pal/robot_arguments
[7.284s] copying launch_pal/robot_arguments/__init__.py -> /home/alejandro/bookros2_ws/build/launch_pal/build/lib/launch_pal/robot_arguments
[7.286s] copying launch_pal/actions/__init__.py -> /home/alejandro/bookros2_ws/build/launch_pal/build/lib/launch_pal/actions
[7.287s] copying launch_pal/actions/check_public_sim.py -> /home/alejandro/bookros2_ws/build/launch_pal/build/lib/launch_pal/actions
[7.288s] running install
[7.292s] running install_lib
[7.371s] running install_data
[7.372s] copying resource/launch_pal -> /home/alejandro/bookros2_ws/install/launch_pal/share/ament_index/resource_index/packages
[7.372s] copying package.xml -> /home/alejandro/bookros2_ws/install/launch_pal/share/launch_pal
[7.374s] copying config/robot_configuration.yaml -> /home/alejandro/bookros2_ws/install/launch_pal/share/launch_pal/config
[7.374s] running install_egg_info
[7.452s] removing '/home/alejandro/bookros2_ws/install/launch_pal/lib/python3.10/site-packages/launch_pal-0.1.15-py3.10.egg-info' (and everything under it)
[7.452s] Copying ../../../build/launch_pal/launch_pal.egg-info to /home/alejandro/bookros2_ws/install/launch_pal/lib/python3.10/site-packages/launch_pal-0.1.15-py3.10.egg-info
[7.452s] running install_scripts
[8.190s] writing list of installed files to '/home/alejandro/bookros2_ws/build/launch_pal/install.log'
[8.426s] Invoked command in '/home/alejandro/bookros2_ws/src/ThirdParty/launch_pal' returned '0': PYTHONPATH=/home/alejandro/bookros2_ws/build/launch_pal/prefix_override:/usr/lib/python3/dist-packages/colcon_core/task/python/colcon_distutils_commands:/home/alejandro/bookros2_ws/install/launch_pal/lib/python3.10/site-packages:${PYTHONPATH} /usr/bin/python3 -W ignore:setup.py install is deprecated setup.py egg_info --egg-base ../../../build/launch_pal build --build-base /home/alejandro/bookros2_ws/build/launch_pal/build install --record /home/alejandro/bookros2_ws/build/launch_pal/install.log --single-version-externally-managed install_data
