[3.194s] Invoking command in '/home/alejandro/bookros2_ws/build/br2_fsm_bumpgo_py': PYTHONPATH=/home/alejandro/bookros2_ws/build/br2_fsm_bumpgo_py/prefix_override:/usr/lib/python3/dist-packages/colcon_core/task/python/colcon_distutils_commands:/home/alejandro/bookros2_ws/install/br2_fsm_bumpgo_py/lib/python3.10/site-packages:${PYTHONPATH} /usr/bin/python3 -W ignore:setup.py install is deprecated setup.py develop --editable --build-directory /home/alejandro/bookros2_ws/build/br2_fsm_bumpgo_py/build --no-deps symlink_data
[3.649s] /home/alejandro/.local/lib/python3.10/site-packages/setuptools/_distutils/dist.py:268: UserWarning: Unknown distribution option: 'tests_require'
[3.650s]   warnings.warn(msg)
[4.178s] /home/alejandro/.local/lib/python3.10/site-packages/setuptools/command/develop.py:42: EasyInstallDeprecationWarning: easy_install command is deprecated.
[4.178s] !!
[4.178s] 
[4.178s]         ********************************************************************************
[4.178s]         Please avoid running ``setup.py`` and ``easy_install``.
[4.179s]         Instead, use pypa/build, pypa/installer or other
[4.179s]         standards-based tools.
[4.179s] 
[4.179s]         See https://github.com/pypa/setuptools/issues/917 for details.
[4.179s]         ********************************************************************************
[4.179s] 
[4.179s] !!
[4.179s]   easy_install.initialize_options(self)
[4.179s] running develop
[4.970s] running egg_info
[5.035s] writing br2_fsm_bumpgo_py.egg-info/PKG-INFO
[5.035s] writing dependency_links to br2_fsm_bumpgo_py.egg-info/dependency_links.txt
[5.036s] writing entry points to br2_fsm_bumpgo_py.egg-info/entry_points.txt
[5.037s] writing requirements to br2_fsm_bumpgo_py.egg-info/requires.txt
[5.037s] writing top-level names to br2_fsm_bumpgo_py.egg-info/top_level.txt
[5.160s] reading manifest file 'br2_fsm_bumpgo_py.egg-info/SOURCES.txt'
[5.162s] writing manifest file 'br2_fsm_bumpgo_py.egg-info/SOURCES.txt'
[5.323s] running build_ext
[5.324s] Creating /home/alejandro/bookros2_ws/install/br2_fsm_bumpgo_py/lib/python3.10/site-packages/br2-fsm-bumpgo-py.egg-link (link to .)
[5.326s] Installing bump_go_main script to /home/alejandro/bookros2_ws/install/br2_fsm_bumpgo_py/lib/br2_fsm_bumpgo_py
[5.327s] 
[5.327s] Installed /home/alejandro/bookros2_ws/build/br2_fsm_bumpgo_py
[5.327s] running symlink_data
[5.523s] Invoked command in '/home/alejandro/bookros2_ws/build/br2_fsm_bumpgo_py' returned '0': PYTHONPATH=/home/alejandro/bookros2_ws/build/br2_fsm_bumpgo_py/prefix_override:/usr/lib/python3/dist-packages/colcon_core/task/python/colcon_distutils_commands:/home/alejandro/bookros2_ws/install/br2_fsm_bumpgo_py/lib/python3.10/site-packages:${PYTHONPATH} /usr/bin/python3 -W ignore:setup.py install is deprecated setup.py develop --editable --build-directory /home/alejandro/bookros2_ws/build/br2_fsm_bumpgo_py/build --no-deps symlink_data
