[0.018s] Invoking command in '/home/alejandro/bookros2_ws/build/groot': CMAKE_PREFIX_PATH=${CMAKE_PREFIX_PATH}:/opt/ros/humble /usr/bin/cmake --build /home/alejandro/bookros2_ws/build/groot -- -j8 -l8
[0.201s] [  1%] [34m[1mAutomatic MOC and UIC for target QtNodeEditor[0m
[0.292s] [  1%] Built target QtNodeEditor_autogen
[0.432s] [ 57%] Built target QtNodeEditor
[0.488s] [ 58%] [34m[1mAutomatic MOC and UIC for target behavior_tree_editor[0m
[0.574s] [ 58%] Built target behavior_tree_editor_autogen
[0.665s] [ 74%] Built target behavior_tree_editor
[0.735s] [ 75%] [34m[1mAutomatic MOC and UIC for target Groot[0m
[0.752s] [ 75%] [34m[1mAutomatic MOC and UIC for target editor_test[0m
[0.768s] [ 76%] [34m[1mAutomatic MOC and UIC for target replay_test[0m
[0.862s] [ 76%] Built target Groot_autogen
[0.867s] [ 76%] Built target editor_test_autogen
[0.915s] [ 76%] Built target replay_test_autogen
[1.024s] [ 85%] Built target editor_test
[1.045s] [ 91%] Built target Groot
[1.052s] [100%] Built target replay_test
[1.129s] Invoked command in '/home/alejandro/bookros2_ws/build/groot' returned '0': CMAKE_PREFIX_PATH=${CMAKE_PREFIX_PATH}:/opt/ros/humble /usr/bin/cmake --build /home/alejandro/bookros2_ws/build/groot -- -j8 -l8
[1.393s] Invoking command in '/home/alejandro/bookros2_ws/build/groot': CMAKE_PREFIX_PATH=${CMAKE_PREFIX_PATH}:/opt/ros/humble /usr/bin/cmake --install /home/alejandro/bookros2_ws/build/groot
[1.410s] -- Install configuration: ""
[1.410s] -- Execute custom install script
[1.412s] -- Up-to-date symlink: /home/alejandro/bookros2_ws/install/groot/lib/libbehavior_tree_editor.so
[1.412s] -- Up-to-date symlink: /home/alejandro/bookros2_ws/install/groot/lib/groot/Groot
[1.413s] -- Up-to-date symlink: /home/alejandro/bookros2_ws/install/groot/share/groot/environment/library_path.sh
[1.414s] -- Up-to-date symlink: /home/alejandro/bookros2_ws/install/groot/share/groot/environment/library_path.dsv
[1.414s] -- Up-to-date symlink: /home/alejandro/bookros2_ws/install/groot/share/ament_index/resource_index/package_run_dependencies/groot
[1.417s] -- Up-to-date symlink: /home/alejandro/bookros2_ws/install/groot/share/ament_index/resource_index/parent_prefix_path/groot
[1.419s] -- Up-to-date symlink: /home/alejandro/bookros2_ws/install/groot/share/groot/environment/ament_prefix_path.sh
[1.423s] -- Up-to-date symlink: /home/alejandro/bookros2_ws/install/groot/share/groot/environment/ament_prefix_path.dsv
[1.423s] -- Up-to-date symlink: /home/alejandro/bookros2_ws/install/groot/share/groot/environment/path.sh
[1.425s] -- Up-to-date symlink: /home/alejandro/bookros2_ws/install/groot/share/groot/environment/path.dsv
[1.425s] -- Up-to-date symlink: /home/alejandro/bookros2_ws/install/groot/share/groot/local_setup.bash
[1.426s] -- Up-to-date symlink: /home/alejandro/bookros2_ws/install/groot/share/groot/local_setup.sh
[1.428s] -- Up-to-date symlink: /home/alejandro/bookros2_ws/install/groot/share/groot/local_setup.zsh
[1.433s] -- Up-to-date symlink: /home/alejandro/bookros2_ws/install/groot/share/groot/local_setup.dsv
[1.433s] -- Symlinking: /home/alejandro/bookros2_ws/install/groot/share/groot/package.dsv
[1.440s] -- Up-to-date symlink: /home/alejandro/bookros2_ws/install/groot/share/ament_index/resource_index/packages/groot
[1.440s] -- Up-to-date symlink: /home/alejandro/bookros2_ws/install/groot/share/groot/cmake/ament_cmake_export_include_directories-extras.cmake
[1.443s] -- Up-to-date symlink: /home/alejandro/bookros2_ws/install/groot/share/groot/cmake/ament_cmake_export_dependencies-extras.cmake
[1.445s] -- Up-to-date symlink: /home/alejandro/bookros2_ws/install/groot/share/groot/cmake/ament_cmake_export_libraries-extras.cmake
[1.446s] -- Up-to-date symlink: /home/alejandro/bookros2_ws/install/groot/share/groot/cmake/grootConfig.cmake
[1.446s] -- Up-to-date symlink: /home/alejandro/bookros2_ws/install/groot/share/groot/cmake/grootConfig-version.cmake
[1.446s] -- Up-to-date symlink: /home/alejandro/bookros2_ws/install/groot/share/groot/package.xml
[1.474s] Invoked command in '/home/alejandro/bookros2_ws/build/groot' returned '0': CMAKE_PREFIX_PATH=${CMAKE_PREFIX_PATH}:/opt/ros/humble /usr/bin/cmake --install /home/alejandro/bookros2_ws/build/groot
