[0.010s] Invoking command in '/home/alejandro/bookros2_ws/build/pmb2_bringup': AMENT_PREFIX_PATH=/home/alejandro/bookros2_ws/install/pmb2_description:/home/alejandro/bookros2_ws/install/pmb2_controller_configuration:/home/alejandro/bookros2_ws/install/urdf_test:/home/alejandro/bookros2_ws/install/launch_pal:${AMENT_PREFIX_PATH} CMAKE_PREFIX_PATH=/home/alejandro/bookros2_ws/install/pmb2_description:/home/alejandro/bookros2_ws/install/pmb2_controller_configuration:/home/alejandro/bookros2_ws/install/urdf_test:/home/alejandro/ros2_utilities_ws/install/micro_ros_setup:/home/alejandro/ros2_utilities_ws/install/micro_ros_agent:/home/alejandro/ros2_utilities_ws/install/micro_ros_msgs:/opt/ros/humble PYTHONPATH=/home/alejandro/bookros2_ws/install/pmb2_description/local/lib/python3.10/dist-packages:/home/alejandro/bookros2_ws/install/urdf_test/local/lib/python3.10/dist-packages:/home/alejandro/bookros2_ws/install/launch_pal/lib/python3.10/site-packages:${PYTHONPATH} /usr/bin/cmake /home/alejandro/bookros2_ws/src/ThirdParty/pmb2_robot/pmb2_bringup -DCMAKE_INSTALL_PREFIX=/home/alejandro/bookros2_ws/install/pmb2_bringup
[0.018s] -- Found ament_cmake_auto: 1.3.10 (/opt/ros/humble/share/ament_cmake_auto/cmake)
[0.117s] -- Override CMake install command with custom implementation using symlinks instead of copying resources
[0.192s] -- Found ament_lint_auto: 0.12.11 (/opt/ros/humble/share/ament_lint_auto/cmake)
[0.200s] -- Added test 'copyright' to check source files copyright and LICENSE
[0.202s] -- Added test 'flake8' to check Python code syntax and style conventions
[0.202s] -- Added test 'lint_cmake' to check CMake code style
[0.202s] -- Added test 'pep257' to check Python code against some of the docstring style conventions in PEP 257
[0.203s] -- Added test 'xmllint' to check XML markup files
[0.204s] -- Configuring done
[0.208s] -- Generating done
[0.209s] -- Build files have been written to: /home/alejandro/bookros2_ws/build/pmb2_bringup
[0.211s] Invoked command in '/home/alejandro/bookros2_ws/build/pmb2_bringup' returned '0': AMENT_PREFIX_PATH=/home/alejandro/bookros2_ws/install/pmb2_description:/home/alejandro/bookros2_ws/install/pmb2_controller_configuration:/home/alejandro/bookros2_ws/install/urdf_test:/home/alejandro/bookros2_ws/install/launch_pal:${AMENT_PREFIX_PATH} CMAKE_PREFIX_PATH=/home/alejandro/bookros2_ws/install/pmb2_description:/home/alejandro/bookros2_ws/install/pmb2_controller_configuration:/home/alejandro/bookros2_ws/install/urdf_test:/home/alejandro/ros2_utilities_ws/install/micro_ros_setup:/home/alejandro/ros2_utilities_ws/install/micro_ros_agent:/home/alejandro/ros2_utilities_ws/install/micro_ros_msgs:/opt/ros/humble PYTHONPATH=/home/alejandro/bookros2_ws/install/pmb2_description/local/lib/python3.10/dist-packages:/home/alejandro/bookros2_ws/install/urdf_test/local/lib/python3.10/dist-packages:/home/alejandro/bookros2_ws/install/launch_pal/lib/python3.10/site-packages:${PYTHONPATH} /usr/bin/cmake /home/alejandro/bookros2_ws/src/ThirdParty/pmb2_robot/pmb2_bringup -DCMAKE_INSTALL_PREFIX=/home/alejandro/bookros2_ws/install/pmb2_bringup
[0.212s] Invoking command in '/home/alejandro/bookros2_ws/build/pmb2_bringup': AMENT_PREFIX_PATH=/home/alejandro/bookros2_ws/install/pmb2_description:/home/alejandro/bookros2_ws/install/pmb2_controller_configuration:/home/alejandro/bookros2_ws/install/urdf_test:/home/alejandro/bookros2_ws/install/launch_pal:${AMENT_PREFIX_PATH} CMAKE_PREFIX_PATH=/home/alejandro/bookros2_ws/install/pmb2_description:/home/alejandro/bookros2_ws/install/pmb2_controller_configuration:/home/alejandro/bookros2_ws/install/urdf_test:/home/alejandro/ros2_utilities_ws/install/micro_ros_setup:/home/alejandro/ros2_utilities_ws/install/micro_ros_agent:/home/alejandro/ros2_utilities_ws/install/micro_ros_msgs:/opt/ros/humble PYTHONPATH=/home/alejandro/bookros2_ws/install/pmb2_description/local/lib/python3.10/dist-packages:/home/alejandro/bookros2_ws/install/urdf_test/local/lib/python3.10/dist-packages:/home/alejandro/bookros2_ws/install/launch_pal/lib/python3.10/site-packages:${PYTHONPATH} /usr/bin/cmake --build /home/alejandro/bookros2_ws/build/pmb2_bringup -- -j8 -l8
[0.239s] Invoked command in '/home/alejandro/bookros2_ws/build/pmb2_bringup' returned '0': AMENT_PREFIX_PATH=/home/alejandro/bookros2_ws/install/pmb2_description:/home/alejandro/bookros2_ws/install/pmb2_controller_configuration:/home/alejandro/bookros2_ws/install/urdf_test:/home/alejandro/bookros2_ws/install/launch_pal:${AMENT_PREFIX_PATH} CMAKE_PREFIX_PATH=/home/alejandro/bookros2_ws/install/pmb2_description:/home/alejandro/bookros2_ws/install/pmb2_controller_configuration:/home/alejandro/bookros2_ws/install/urdf_test:/home/alejandro/ros2_utilities_ws/install/micro_ros_setup:/home/alejandro/ros2_utilities_ws/install/micro_ros_agent:/home/alejandro/ros2_utilities_ws/install/micro_ros_msgs:/opt/ros/humble PYTHONPATH=/home/alejandro/bookros2_ws/install/pmb2_description/local/lib/python3.10/dist-packages:/home/alejandro/bookros2_ws/install/urdf_test/local/lib/python3.10/dist-packages:/home/alejandro/bookros2_ws/install/launch_pal/lib/python3.10/site-packages:${PYTHONPATH} /usr/bin/cmake --build /home/alejandro/bookros2_ws/build/pmb2_bringup -- -j8 -l8
[0.254s] Invoking command in '/home/alejandro/bookros2_ws/build/pmb2_bringup': AMENT_PREFIX_PATH=/home/alejandro/bookros2_ws/install/pmb2_description:/home/alejandro/bookros2_ws/install/pmb2_controller_configuration:/home/alejandro/bookros2_ws/install/urdf_test:/home/alejandro/bookros2_ws/install/launch_pal:${AMENT_PREFIX_PATH} CMAKE_PREFIX_PATH=/home/alejandro/bookros2_ws/install/pmb2_description:/home/alejandro/bookros2_ws/install/pmb2_controller_configuration:/home/alejandro/bookros2_ws/install/urdf_test:/home/alejandro/ros2_utilities_ws/install/micro_ros_setup:/home/alejandro/ros2_utilities_ws/install/micro_ros_agent:/home/alejandro/ros2_utilities_ws/install/micro_ros_msgs:/opt/ros/humble PYTHONPATH=/home/alejandro/bookros2_ws/install/pmb2_description/local/lib/python3.10/dist-packages:/home/alejandro/bookros2_ws/install/urdf_test/local/lib/python3.10/dist-packages:/home/alejandro/bookros2_ws/install/launch_pal/lib/python3.10/site-packages:${PYTHONPATH} /usr/bin/cmake --install /home/alejandro/bookros2_ws/build/pmb2_bringup
[0.259s] -- Install configuration: ""
[0.259s] -- Execute custom install script
[0.260s] -- Up-to-date symlink: /home/alejandro/bookros2_ws/install/pmb2_bringup/share/pmb2_bringup/config/joy_teleop/joy_config.yaml
[0.260s] -- Up-to-date symlink: /home/alejandro/bookros2_ws/install/pmb2_bringup/share/pmb2_bringup/config/joy_teleop/joy_teleop.yaml
[0.260s] -- Up-to-date symlink: /home/alejandro/bookros2_ws/install/pmb2_bringup/share/pmb2_bringup/config/twist_mux/joystick.yaml
[0.261s] -- Up-to-date symlink: /home/alejandro/bookros2_ws/install/pmb2_bringup/share/pmb2_bringup/config/twist_mux/twist_mux_locks.yaml
[0.261s] -- Up-to-date symlink: /home/alejandro/bookros2_ws/install/pmb2_bringup/share/pmb2_bringup/config/twist_mux/twist_mux_topics.yaml
[0.261s] -- Up-to-date symlink: /home/alejandro/bookros2_ws/install/pmb2_bringup/share/pmb2_bringup/launch/joystick_teleop.launch.py
[0.261s] -- Up-to-date symlink: /home/alejandro/bookros2_ws/install/pmb2_bringup/share/pmb2_bringup/launch/pmb2_bringup.launch.py
[0.261s] -- Up-to-date symlink: /home/alejandro/bookros2_ws/install/pmb2_bringup/share/pmb2_bringup/launch/twist_mux.launch.py
[0.262s] -- Up-to-date symlink: /home/alejandro/bookros2_ws/install/pmb2_bringup/share/ament_index/resource_index/package_run_dependencies/pmb2_bringup
[0.262s] -- Up-to-date symlink: /home/alejandro/bookros2_ws/install/pmb2_bringup/share/ament_index/resource_index/parent_prefix_path/pmb2_bringup
[0.262s] -- Up-to-date symlink: /home/alejandro/bookros2_ws/install/pmb2_bringup/share/pmb2_bringup/environment/ament_prefix_path.sh
[0.263s] -- Up-to-date symlink: /home/alejandro/bookros2_ws/install/pmb2_bringup/share/pmb2_bringup/environment/ament_prefix_path.dsv
[0.263s] -- Up-to-date symlink: /home/alejandro/bookros2_ws/install/pmb2_bringup/share/pmb2_bringup/environment/path.sh
[0.263s] -- Up-to-date symlink: /home/alejandro/bookros2_ws/install/pmb2_bringup/share/pmb2_bringup/environment/path.dsv
[0.263s] -- Up-to-date symlink: /home/alejandro/bookros2_ws/install/pmb2_bringup/share/pmb2_bringup/local_setup.bash
[0.263s] -- Up-to-date symlink: /home/alejandro/bookros2_ws/install/pmb2_bringup/share/pmb2_bringup/local_setup.sh
[0.264s] -- Up-to-date symlink: /home/alejandro/bookros2_ws/install/pmb2_bringup/share/pmb2_bringup/local_setup.zsh
[0.264s] -- Up-to-date symlink: /home/alejandro/bookros2_ws/install/pmb2_bringup/share/pmb2_bringup/local_setup.dsv
[0.264s] -- Symlinking: /home/alejandro/bookros2_ws/install/pmb2_bringup/share/pmb2_bringup/package.dsv
[0.270s] -- Up-to-date symlink: /home/alejandro/bookros2_ws/install/pmb2_bringup/share/ament_index/resource_index/packages/pmb2_bringup
[0.270s] -- Up-to-date symlink: /home/alejandro/bookros2_ws/install/pmb2_bringup/share/pmb2_bringup/cmake/pmb2_bringupConfig.cmake
[0.271s] -- Up-to-date symlink: /home/alejandro/bookros2_ws/install/pmb2_bringup/share/pmb2_bringup/cmake/pmb2_bringupConfig-version.cmake
[0.271s] -- Up-to-date symlink: /home/alejandro/bookros2_ws/install/pmb2_bringup/share/pmb2_bringup/package.xml
[0.272s] Invoked command in '/home/alejandro/bookros2_ws/build/pmb2_bringup' returned '0': AMENT_PREFIX_PATH=/home/alejandro/bookros2_ws/install/pmb2_description:/home/alejandro/bookros2_ws/install/pmb2_controller_configuration:/home/alejandro/bookros2_ws/install/urdf_test:/home/alejandro/bookros2_ws/install/launch_pal:${AMENT_PREFIX_PATH} CMAKE_PREFIX_PATH=/home/alejandro/bookros2_ws/install/pmb2_description:/home/alejandro/bookros2_ws/install/pmb2_controller_configuration:/home/alejandro/bookros2_ws/install/urdf_test:/home/alejandro/ros2_utilities_ws/install/micro_ros_setup:/home/alejandro/ros2_utilities_ws/install/micro_ros_agent:/home/alejandro/ros2_utilities_ws/install/micro_ros_msgs:/opt/ros/humble PYTHONPATH=/home/alejandro/bookros2_ws/install/pmb2_description/local/lib/python3.10/dist-packages:/home/alejandro/bookros2_ws/install/urdf_test/local/lib/python3.10/dist-packages:/home/alejandro/bookros2_ws/install/launch_pal/lib/python3.10/site-packages:${PYTHONPATH} /usr/bin/cmake --install /home/alejandro/bookros2_ws/build/pmb2_bringup
