[0.464s] Invoking command in '/home/alejandro/ros2_ws/src/py_kinect_azure_pkg': PYTHONPATH=/home/alejandro/ros2_ws/build/py_kinect_azure_pkg/prefix_override:/usr/lib/python3/dist-packages/colcon_core/task/python/colcon_distutils_commands:/home/alejandro/ros2_ws/install/py_kinect_azure_pkg/lib/python3.10/site-packages:${PYTHONPATH} /usr/bin/python3 -W ignore:setup.py install is deprecated setup.py egg_info --egg-base ../../build/py_kinect_azure_pkg build --build-base /home/alejandro/ros2_ws/build/py_kinect_azure_pkg/build install --record /home/alejandro/ros2_ws/build/py_kinect_azure_pkg/install.log --single-version-externally-managed install_data
[0.653s] running egg_info
[0.653s] writing ../../build/py_kinect_azure_pkg/py_kinect_azure_pkg.egg-info/PKG-INFO
[0.653s] writing dependency_links to ../../build/py_kinect_azure_pkg/py_kinect_azure_pkg.egg-info/dependency_links.txt
[0.653s] writing entry points to ../../build/py_kinect_azure_pkg/py_kinect_azure_pkg.egg-info/entry_points.txt
[0.654s] writing requirements to ../../build/py_kinect_azure_pkg/py_kinect_azure_pkg.egg-info/requires.txt
[0.654s] writing top-level names to ../../build/py_kinect_azure_pkg/py_kinect_azure_pkg.egg-info/top_level.txt
[0.655s] reading manifest file '../../build/py_kinect_azure_pkg/py_kinect_azure_pkg.egg-info/SOURCES.txt'
[0.655s] adding license file 'LICENSE'
[0.656s] writing manifest file '../../build/py_kinect_azure_pkg/py_kinect_azure_pkg.egg-info/SOURCES.txt'
[0.656s] running build
[0.656s] running build_py
[0.656s] copying py_kinect_azure_pkg/point_cloud_node.py -> /home/alejandro/ros2_ws/build/py_kinect_azure_pkg/build/lib/py_kinect_azure_pkg
[0.656s] running install
[0.657s] running install_lib
[0.657s] copying /home/alejandro/ros2_ws/build/py_kinect_azure_pkg/build/lib/py_kinect_azure_pkg/point_cloud_node.py -> /home/alejandro/ros2_ws/install/py_kinect_azure_pkg/lib/python3.10/site-packages/py_kinect_azure_pkg
[0.658s] byte-compiling /home/alejandro/ros2_ws/install/py_kinect_azure_pkg/lib/python3.10/site-packages/py_kinect_azure_pkg/point_cloud_node.py to point_cloud_node.cpython-310.pyc
[0.658s] running install_data
[0.658s] running install_egg_info
[0.660s] removing '/home/alejandro/ros2_ws/install/py_kinect_azure_pkg/lib/python3.10/site-packages/py_kinect_azure_pkg-0.0.4-py3.10.egg-info' (and everything under it)
[0.660s] Copying ../../build/py_kinect_azure_pkg/py_kinect_azure_pkg.egg-info to /home/alejandro/ros2_ws/install/py_kinect_azure_pkg/lib/python3.10/site-packages/py_kinect_azure_pkg-0.0.4-py3.10.egg-info
[0.660s] running install_scripts
[0.676s] Installing kinect_node script to /home/alejandro/ros2_ws/install/py_kinect_azure_pkg/lib/py_kinect_azure_pkg
[0.676s] Installing point_cloud_node script to /home/alejandro/ros2_ws/install/py_kinect_azure_pkg/lib/py_kinect_azure_pkg
[0.676s] writing list of installed files to '/home/alejandro/ros2_ws/build/py_kinect_azure_pkg/install.log'
[0.694s] Invoked command in '/home/alejandro/ros2_ws/src/py_kinect_azure_pkg' returned '0': PYTHONPATH=/home/alejandro/ros2_ws/build/py_kinect_azure_pkg/prefix_override:/usr/lib/python3/dist-packages/colcon_core/task/python/colcon_distutils_commands:/home/alejandro/ros2_ws/install/py_kinect_azure_pkg/lib/python3.10/site-packages:${PYTHONPATH} /usr/bin/python3 -W ignore:setup.py install is deprecated setup.py egg_info --egg-base ../../build/py_kinect_azure_pkg build --build-base /home/alejandro/ros2_ws/build/py_kinect_azure_pkg/build install --record /home/alejandro/ros2_ws/build/py_kinect_azure_pkg/install.log --single-version-externally-managed install_data
