[5.162s] Invoking command in '/home/alejandro/bookros2_ws/src/book_ros2/br2_fsm_bumpgo_py': PYTHONPATH=/home/alejandro/bookros2_ws/build/br2_fsm_bumpgo_py/prefix_override:/usr/lib/python3/dist-packages/colcon_core/task/python/colcon_distutils_commands:/home/alejandro/bookros2_ws/install/br2_fsm_bumpgo_py/lib/python3.10/site-packages:${PYTHONPATH} /usr/bin/python3 -W ignore:setup.py install is deprecated setup.py egg_info --egg-base ../../../build/br2_fsm_bumpgo_py build --build-base /home/alejandro/bookros2_ws/build/br2_fsm_bumpgo_py/build install --record /home/alejandro/bookros2_ws/build/br2_fsm_bumpgo_py/install.log --single-version-externally-managed install_data
[6.283s] /home/alejandro/.local/lib/python3.10/site-packages/setuptools/_distutils/dist.py:268: UserWarning: Unknown distribution option: 'tests_require'
[6.283s]   warnings.warn(msg)
[6.977s] running egg_info
[7.090s] writing ../../../build/br2_fsm_bumpgo_py/br2_fsm_bumpgo_py.egg-info/PKG-INFO
[7.090s] writing dependency_links to ../../../build/br2_fsm_bumpgo_py/br2_fsm_bumpgo_py.egg-info/dependency_links.txt
[7.091s] writing entry points to ../../../build/br2_fsm_bumpgo_py/br2_fsm_bumpgo_py.egg-info/entry_points.txt
[7.091s] writing requirements to ../../../build/br2_fsm_bumpgo_py/br2_fsm_bumpgo_py.egg-info/requires.txt
[7.091s] writing top-level names to ../../../build/br2_fsm_bumpgo_py/br2_fsm_bumpgo_py.egg-info/top_level.txt
[7.275s] reading manifest file '../../../build/br2_fsm_bumpgo_py/br2_fsm_bumpgo_py.egg-info/SOURCES.txt'
[7.276s] writing manifest file '../../../build/br2_fsm_bumpgo_py/br2_fsm_bumpgo_py.egg-info/SOURCES.txt'
[7.277s] running build
[7.278s] running build_py
[7.279s] copying br2_fsm_bumpgo_py/__init__.py -> /home/alejandro/bookros2_ws/build/br2_fsm_bumpgo_py/build/lib/br2_fsm_bumpgo_py
[7.281s] copying br2_fsm_bumpgo_py/bump_go_main.py -> /home/alejandro/bookros2_ws/build/br2_fsm_bumpgo_py/build/lib/br2_fsm_bumpgo_py
[7.281s] running install
[7.288s] running install_lib
[7.377s] running install_data
[7.377s] copying resource/br2_fsm_bumpgo_py -> /home/alejandro/bookros2_ws/install/br2_fsm_bumpgo_py/share/ament_index/resource_index/packages
[7.377s] copying package.xml -> /home/alejandro/bookros2_ws/install/br2_fsm_bumpgo_py/share/br2_fsm_bumpgo_py
[7.377s] copying launch/bump_and_go.launch.py -> /home/alejandro/bookros2_ws/install/br2_fsm_bumpgo_py/share/br2_fsm_bumpgo_py/launch
[7.378s] running install_egg_info
[7.458s] removing '/home/alejandro/bookros2_ws/install/br2_fsm_bumpgo_py/lib/python3.10/site-packages/br2_fsm_bumpgo_py-0.0.0-py3.10.egg-info' (and everything under it)
[7.464s] Copying ../../../build/br2_fsm_bumpgo_py/br2_fsm_bumpgo_py.egg-info to /home/alejandro/bookros2_ws/install/br2_fsm_bumpgo_py/lib/python3.10/site-packages/br2_fsm_bumpgo_py-0.0.0-py3.10.egg-info
[7.464s] running install_scripts
[8.078s] Installing bump_go_main script to /home/alejandro/bookros2_ws/install/br2_fsm_bumpgo_py/lib/br2_fsm_bumpgo_py
[8.080s] writing list of installed files to '/home/alejandro/bookros2_ws/build/br2_fsm_bumpgo_py/install.log'
[8.233s] Invoked command in '/home/alejandro/bookros2_ws/src/book_ros2/br2_fsm_bumpgo_py' returned '0': PYTHONPATH=/home/alejandro/bookros2_ws/build/br2_fsm_bumpgo_py/prefix_override:/usr/lib/python3/dist-packages/colcon_core/task/python/colcon_distutils_commands:/home/alejandro/bookros2_ws/install/br2_fsm_bumpgo_py/lib/python3.10/site-packages:${PYTHONPATH} /usr/bin/python3 -W ignore:setup.py install is deprecated setup.py egg_info --egg-base ../../../build/br2_fsm_bumpgo_py build --build-base /home/alejandro/bookros2_ws/build/br2_fsm_bumpgo_py/build install --record /home/alejandro/bookros2_ws/build/br2_fsm_bumpgo_py/install.log --single-version-externally-managed install_data
