[0.080s] Invoking command in '/home/alejandro/bookros2_ws/build/br2_tiago': CMAKE_PREFIX_PATH=${CMAKE_PREFIX_PATH}:/opt/ros/humble /usr/bin/cmake --build /home/alejandro/bookros2_ws/build/br2_tiago -- -j8 -l8
[0.272s] Invoked command in '/home/alejandro/bookros2_ws/build/br2_tiago' returned '0': CMAKE_PREFIX_PATH=${CMAKE_PREFIX_PATH}:/opt/ros/humble /usr/bin/cmake --build /home/alejandro/bookros2_ws/build/br2_tiago -- -j8 -l8
[0.321s] Invoking command in '/home/alejandro/bookros2_ws/build/br2_tiago': CMAKE_PREFIX_PATH=${CMAKE_PREFIX_PATH}:/opt/ros/humble /usr/bin/cmake --install /home/alejandro/bookros2_ws/build/br2_tiago
[0.344s] -- Install configuration: ""
[0.352s] -- Execute custom install script
[0.353s] -- Up-to-date symlink: /home/alejandro/bookros2_ws/install/br2_tiago/share/br2_tiago/launch/sim.launch.py
[0.355s] -- Up-to-date symlink: /home/alejandro/bookros2_ws/install/br2_tiago/share/ament_index/resource_index/package_run_dependencies/br2_tiago
[0.360s] -- Up-to-date symlink: /home/alejandro/bookros2_ws/install/br2_tiago/share/ament_index/resource_index/parent_prefix_path/br2_tiago
[0.362s] -- Up-to-date symlink: /home/alejandro/bookros2_ws/install/br2_tiago/share/br2_tiago/environment/ament_prefix_path.sh
[0.362s] -- Up-to-date symlink: /home/alejandro/bookros2_ws/install/br2_tiago/share/br2_tiago/environment/ament_prefix_path.dsv
[0.362s] -- Up-to-date symlink: /home/alejandro/bookros2_ws/install/br2_tiago/share/br2_tiago/environment/path.sh
[0.363s] -- Up-to-date symlink: /home/alejandro/bookros2_ws/install/br2_tiago/share/br2_tiago/environment/path.dsv
[0.364s] -- Up-to-date symlink: /home/alejandro/bookros2_ws/install/br2_tiago/share/br2_tiago/local_setup.bash
[0.365s] -- Up-to-date symlink: /home/alejandro/bookros2_ws/install/br2_tiago/share/br2_tiago/local_setup.sh
[0.365s] -- Up-to-date symlink: /home/alejandro/bookros2_ws/install/br2_tiago/share/br2_tiago/local_setup.zsh
[0.365s] -- Up-to-date symlink: /home/alejandro/bookros2_ws/install/br2_tiago/share/br2_tiago/local_setup.dsv
[0.368s] -- Symlinking: /home/alejandro/bookros2_ws/install/br2_tiago/share/br2_tiago/package.dsv
[0.393s] -- Up-to-date symlink: /home/alejandro/bookros2_ws/install/br2_tiago/share/ament_index/resource_index/packages/br2_tiago
[0.394s] -- Up-to-date symlink: /home/alejandro/bookros2_ws/install/br2_tiago/share/br2_tiago/cmake/br2_tiagoConfig.cmake
[0.395s] -- Up-to-date symlink: /home/alejandro/bookros2_ws/install/br2_tiago/share/br2_tiago/cmake/br2_tiagoConfig-version.cmake
[0.396s] -- Up-to-date symlink: /home/alejandro/bookros2_ws/install/br2_tiago/share/br2_tiago/package.xml
[0.415s] Invoked command in '/home/alejandro/bookros2_ws/build/br2_tiago' returned '0': CMAKE_PREFIX_PATH=${CMAKE_PREFIX_PATH}:/opt/ros/humble /usr/bin/cmake --install /home/alejandro/bookros2_ws/build/br2_tiago
