[0.023s] Invoking command in '/home/alejandro/bookros2_ws/build/pmb2_navigation': AMENT_PREFIX_PATH=/home/alejandro/bookros2_ws/install/pmb2_2dnav:/home/alejandro/bookros2_ws/install/pmb2_laser_sensors:/home/alejandro/bookros2_ws/install/launch_pal:${AMENT_PREFIX_PATH} CMAKE_PREFIX_PATH=/home/alejandro/bookros2_ws/install/pmb2_2dnav:/home/alejandro/bookros2_ws/install/pmb2_laser_sensors:/home/alejandro/ros2_utilities_ws/install/micro_ros_setup:/home/alejandro/ros2_utilities_ws/install/micro_ros_agent:/home/alejandro/ros2_utilities_ws/install/micro_ros_msgs:/opt/ros/humble PYTHONPATH=/home/alejandro/bookros2_ws/install/launch_pal/lib/python3.10/site-packages:${PYTHONPATH} /usr/bin/cmake --build /home/alejandro/bookros2_ws/build/pmb2_navigation -- -j8 -l8
[0.104s] Invoked command in '/home/alejandro/bookros2_ws/build/pmb2_navigation' returned '0': AMENT_PREFIX_PATH=/home/alejandro/bookros2_ws/install/pmb2_2dnav:/home/alejandro/bookros2_ws/install/pmb2_laser_sensors:/home/alejandro/bookros2_ws/install/launch_pal:${AMENT_PREFIX_PATH} CMAKE_PREFIX_PATH=/home/alejandro/bookros2_ws/install/pmb2_2dnav:/home/alejandro/bookros2_ws/install/pmb2_laser_sensors:/home/alejandro/ros2_utilities_ws/install/micro_ros_setup:/home/alejandro/ros2_utilities_ws/install/micro_ros_agent:/home/alejandro/ros2_utilities_ws/install/micro_ros_msgs:/opt/ros/humble PYTHONPATH=/home/alejandro/bookros2_ws/install/launch_pal/lib/python3.10/site-packages:${PYTHONPATH} /usr/bin/cmake --build /home/alejandro/bookros2_ws/build/pmb2_navigation -- -j8 -l8
[0.147s] Invoking command in '/home/alejandro/bookros2_ws/build/pmb2_navigation': AMENT_PREFIX_PATH=/home/alejandro/bookros2_ws/install/pmb2_2dnav:/home/alejandro/bookros2_ws/install/pmb2_laser_sensors:/home/alejandro/bookros2_ws/install/launch_pal:${AMENT_PREFIX_PATH} CMAKE_PREFIX_PATH=/home/alejandro/bookros2_ws/install/pmb2_2dnav:/home/alejandro/bookros2_ws/install/pmb2_laser_sensors:/home/alejandro/ros2_utilities_ws/install/micro_ros_setup:/home/alejandro/ros2_utilities_ws/install/micro_ros_agent:/home/alejandro/ros2_utilities_ws/install/micro_ros_msgs:/opt/ros/humble PYTHONPATH=/home/alejandro/bookros2_ws/install/launch_pal/lib/python3.10/site-packages:${PYTHONPATH} /usr/bin/cmake --install /home/alejandro/bookros2_ws/build/pmb2_navigation
[0.159s] -- Install configuration: ""
[0.161s] -- Execute custom install script
[0.163s] -- Up-to-date symlink: /home/alejandro/bookros2_ws/install/pmb2_navigation/share/ament_index/resource_index/package_run_dependencies/pmb2_navigation
[0.163s] -- Up-to-date symlink: /home/alejandro/bookros2_ws/install/pmb2_navigation/share/ament_index/resource_index/parent_prefix_path/pmb2_navigation
[0.164s] -- Up-to-date symlink: /home/alejandro/bookros2_ws/install/pmb2_navigation/share/pmb2_navigation/environment/ament_prefix_path.sh
[0.165s] -- Up-to-date symlink: /home/alejandro/bookros2_ws/install/pmb2_navigation/share/pmb2_navigation/environment/ament_prefix_path.dsv
[0.166s] -- Up-to-date symlink: /home/alejandro/bookros2_ws/install/pmb2_navigation/share/pmb2_navigation/environment/path.sh
[0.167s] -- Up-to-date symlink: /home/alejandro/bookros2_ws/install/pmb2_navigation/share/pmb2_navigation/environment/path.dsv
[0.167s] -- Up-to-date symlink: /home/alejandro/bookros2_ws/install/pmb2_navigation/share/pmb2_navigation/local_setup.bash
[0.167s] -- Up-to-date symlink: /home/alejandro/bookros2_ws/install/pmb2_navigation/share/pmb2_navigation/local_setup.sh
[0.167s] -- Up-to-date symlink: /home/alejandro/bookros2_ws/install/pmb2_navigation/share/pmb2_navigation/local_setup.zsh
[0.167s] -- Up-to-date symlink: /home/alejandro/bookros2_ws/install/pmb2_navigation/share/pmb2_navigation/local_setup.dsv
[0.167s] -- Symlinking: /home/alejandro/bookros2_ws/install/pmb2_navigation/share/pmb2_navigation/package.dsv
[0.186s] -- Up-to-date symlink: /home/alejandro/bookros2_ws/install/pmb2_navigation/share/ament_index/resource_index/packages/pmb2_navigation
[0.187s] -- Up-to-date symlink: /home/alejandro/bookros2_ws/install/pmb2_navigation/share/pmb2_navigation/cmake/pmb2_navigationConfig.cmake
[0.188s] -- Up-to-date symlink: /home/alejandro/bookros2_ws/install/pmb2_navigation/share/pmb2_navigation/cmake/pmb2_navigationConfig-version.cmake
[0.189s] -- Up-to-date symlink: /home/alejandro/bookros2_ws/install/pmb2_navigation/share/pmb2_navigation/package.xml
[0.211s] Invoked command in '/home/alejandro/bookros2_ws/build/pmb2_navigation' returned '0': AMENT_PREFIX_PATH=/home/alejandro/bookros2_ws/install/pmb2_2dnav:/home/alejandro/bookros2_ws/install/pmb2_laser_sensors:/home/alejandro/bookros2_ws/install/launch_pal:${AMENT_PREFIX_PATH} CMAKE_PREFIX_PATH=/home/alejandro/bookros2_ws/install/pmb2_2dnav:/home/alejandro/bookros2_ws/install/pmb2_laser_sensors:/home/alejandro/ros2_utilities_ws/install/micro_ros_setup:/home/alejandro/ros2_utilities_ws/install/micro_ros_agent:/home/alejandro/ros2_utilities_ws/install/micro_ros_msgs:/opt/ros/humble PYTHONPATH=/home/alejandro/bookros2_ws/install/launch_pal/lib/python3.10/site-packages:${PYTHONPATH} /usr/bin/cmake --install /home/alejandro/bookros2_ws/build/pmb2_navigation
