[0.025s] Invoking command in '/home/alejandro/bookros2_ws/build/pmb2_navigation': AMENT_PREFIX_PATH=/home/alejandro/bookros2_ws/install/pmb2_2dnav:/home/alejandro/bookros2_ws/install/pmb2_laser_sensors:/home/alejandro/bookros2_ws/install/launch_pal:${AMENT_PREFIX_PATH} CMAKE_PREFIX_PATH=/home/alejandro/bookros2_ws/install/pmb2_2dnav:/home/alejandro/bookros2_ws/install/pmb2_laser_sensors:/home/alejandro/ros2_utilities_ws/install/micro_ros_setup:/home/alejandro/ros2_utilities_ws/install/micro_ros_agent:/home/alejandro/ros2_utilities_ws/install/micro_ros_msgs:/opt/ros/humble PYTHONPATH=/home/alejandro/bookros2_ws/install/launch_pal/lib/python3.10/site-packages:${PYTHONPATH} /usr/bin/cmake /home/alejandro/bookros2_ws/src/ThirdParty/pmb2_navigation/pmb2_navigation -DCMAKE_INSTALL_PREFIX=/home/alejandro/bookros2_ws/install/pmb2_navigation
[0.041s] -- Found ament_cmake_auto: 1.3.10 (/opt/ros/humble/share/ament_cmake_auto/cmake)
[0.210s] -- Override CMake install command with custom implementation using symlinks instead of copying resources
[0.298s] -- Configuring done
[0.303s] -- Generating done
[0.304s] -- Build files have been written to: /home/alejandro/bookros2_ws/build/pmb2_navigation
[0.307s] Invoked command in '/home/alejandro/bookros2_ws/build/pmb2_navigation' returned '0': AMENT_PREFIX_PATH=/home/alejandro/bookros2_ws/install/pmb2_2dnav:/home/alejandro/bookros2_ws/install/pmb2_laser_sensors:/home/alejandro/bookros2_ws/install/launch_pal:${AMENT_PREFIX_PATH} CMAKE_PREFIX_PATH=/home/alejandro/bookros2_ws/install/pmb2_2dnav:/home/alejandro/bookros2_ws/install/pmb2_laser_sensors:/home/alejandro/ros2_utilities_ws/install/micro_ros_setup:/home/alejandro/ros2_utilities_ws/install/micro_ros_agent:/home/alejandro/ros2_utilities_ws/install/micro_ros_msgs:/opt/ros/humble PYTHONPATH=/home/alejandro/bookros2_ws/install/launch_pal/lib/python3.10/site-packages:${PYTHONPATH} /usr/bin/cmake /home/alejandro/bookros2_ws/src/ThirdParty/pmb2_navigation/pmb2_navigation -DCMAKE_INSTALL_PREFIX=/home/alejandro/bookros2_ws/install/pmb2_navigation
[0.308s] Invoking command in '/home/alejandro/bookros2_ws/build/pmb2_navigation': AMENT_PREFIX_PATH=/home/alejandro/bookros2_ws/install/pmb2_2dnav:/home/alejandro/bookros2_ws/install/pmb2_laser_sensors:/home/alejandro/bookros2_ws/install/launch_pal:${AMENT_PREFIX_PATH} CMAKE_PREFIX_PATH=/home/alejandro/bookros2_ws/install/pmb2_2dnav:/home/alejandro/bookros2_ws/install/pmb2_laser_sensors:/home/alejandro/ros2_utilities_ws/install/micro_ros_setup:/home/alejandro/ros2_utilities_ws/install/micro_ros_agent:/home/alejandro/ros2_utilities_ws/install/micro_ros_msgs:/opt/ros/humble PYTHONPATH=/home/alejandro/bookros2_ws/install/launch_pal/lib/python3.10/site-packages:${PYTHONPATH} /usr/bin/cmake --build /home/alejandro/bookros2_ws/build/pmb2_navigation -- -j8 -l8
[0.336s] Invoked command in '/home/alejandro/bookros2_ws/build/pmb2_navigation' returned '0': AMENT_PREFIX_PATH=/home/alejandro/bookros2_ws/install/pmb2_2dnav:/home/alejandro/bookros2_ws/install/pmb2_laser_sensors:/home/alejandro/bookros2_ws/install/launch_pal:${AMENT_PREFIX_PATH} CMAKE_PREFIX_PATH=/home/alejandro/bookros2_ws/install/pmb2_2dnav:/home/alejandro/bookros2_ws/install/pmb2_laser_sensors:/home/alejandro/ros2_utilities_ws/install/micro_ros_setup:/home/alejandro/ros2_utilities_ws/install/micro_ros_agent:/home/alejandro/ros2_utilities_ws/install/micro_ros_msgs:/opt/ros/humble PYTHONPATH=/home/alejandro/bookros2_ws/install/launch_pal/lib/python3.10/site-packages:${PYTHONPATH} /usr/bin/cmake --build /home/alejandro/bookros2_ws/build/pmb2_navigation -- -j8 -l8
[0.351s] Invoking command in '/home/alejandro/bookros2_ws/build/pmb2_navigation': AMENT_PREFIX_PATH=/home/alejandro/bookros2_ws/install/pmb2_2dnav:/home/alejandro/bookros2_ws/install/pmb2_laser_sensors:/home/alejandro/bookros2_ws/install/launch_pal:${AMENT_PREFIX_PATH} CMAKE_PREFIX_PATH=/home/alejandro/bookros2_ws/install/pmb2_2dnav:/home/alejandro/bookros2_ws/install/pmb2_laser_sensors:/home/alejandro/ros2_utilities_ws/install/micro_ros_setup:/home/alejandro/ros2_utilities_ws/install/micro_ros_agent:/home/alejandro/ros2_utilities_ws/install/micro_ros_msgs:/opt/ros/humble PYTHONPATH=/home/alejandro/bookros2_ws/install/launch_pal/lib/python3.10/site-packages:${PYTHONPATH} /usr/bin/cmake --install /home/alejandro/bookros2_ws/build/pmb2_navigation
[0.357s] -- Install configuration: ""
[0.357s] -- Execute custom install script
[0.359s] -- Up-to-date symlink: /home/alejandro/bookros2_ws/install/pmb2_navigation/share/ament_index/resource_index/package_run_dependencies/pmb2_navigation
[0.359s] -- Up-to-date symlink: /home/alejandro/bookros2_ws/install/pmb2_navigation/share/ament_index/resource_index/parent_prefix_path/pmb2_navigation
[0.359s] -- Up-to-date symlink: /home/alejandro/bookros2_ws/install/pmb2_navigation/share/pmb2_navigation/environment/ament_prefix_path.sh
[0.359s] -- Up-to-date symlink: /home/alejandro/bookros2_ws/install/pmb2_navigation/share/pmb2_navigation/environment/ament_prefix_path.dsv
[0.359s] -- Up-to-date symlink: /home/alejandro/bookros2_ws/install/pmb2_navigation/share/pmb2_navigation/environment/path.sh
[0.359s] -- Up-to-date symlink: /home/alejandro/bookros2_ws/install/pmb2_navigation/share/pmb2_navigation/environment/path.dsv
[0.359s] -- Up-to-date symlink: /home/alejandro/bookros2_ws/install/pmb2_navigation/share/pmb2_navigation/local_setup.bash
[0.360s] -- Up-to-date symlink: /home/alejandro/bookros2_ws/install/pmb2_navigation/share/pmb2_navigation/local_setup.sh
[0.360s] -- Up-to-date symlink: /home/alejandro/bookros2_ws/install/pmb2_navigation/share/pmb2_navigation/local_setup.zsh
[0.360s] -- Up-to-date symlink: /home/alejandro/bookros2_ws/install/pmb2_navigation/share/pmb2_navigation/local_setup.dsv
[0.360s] -- Symlinking: /home/alejandro/bookros2_ws/install/pmb2_navigation/share/pmb2_navigation/package.dsv
[0.367s] -- Up-to-date symlink: /home/alejandro/bookros2_ws/install/pmb2_navigation/share/ament_index/resource_index/packages/pmb2_navigation
[0.367s] -- Up-to-date symlink: /home/alejandro/bookros2_ws/install/pmb2_navigation/share/pmb2_navigation/cmake/pmb2_navigationConfig.cmake
[0.367s] -- Up-to-date symlink: /home/alejandro/bookros2_ws/install/pmb2_navigation/share/pmb2_navigation/cmake/pmb2_navigationConfig-version.cmake
[0.367s] -- Up-to-date symlink: /home/alejandro/bookros2_ws/install/pmb2_navigation/share/pmb2_navigation/package.xml
[0.370s] Invoked command in '/home/alejandro/bookros2_ws/build/pmb2_navigation' returned '0': AMENT_PREFIX_PATH=/home/alejandro/bookros2_ws/install/pmb2_2dnav:/home/alejandro/bookros2_ws/install/pmb2_laser_sensors:/home/alejandro/bookros2_ws/install/launch_pal:${AMENT_PREFIX_PATH} CMAKE_PREFIX_PATH=/home/alejandro/bookros2_ws/install/pmb2_2dnav:/home/alejandro/bookros2_ws/install/pmb2_laser_sensors:/home/alejandro/ros2_utilities_ws/install/micro_ros_setup:/home/alejandro/ros2_utilities_ws/install/micro_ros_agent:/home/alejandro/ros2_utilities_ws/install/micro_ros_msgs:/opt/ros/humble PYTHONPATH=/home/alejandro/bookros2_ws/install/launch_pal/lib/python3.10/site-packages:${PYTHONPATH} /usr/bin/cmake --install /home/alejandro/bookros2_ws/build/pmb2_navigation
