[0.158s] Invoking command in '/home/alejandro/bookros2_ws/build/pal_gripper': AMENT_PREFIX_PATH=/home/alejandro/bookros2_ws/install/pal_gripper_description:/home/alejandro/bookros2_ws/install/urdf_test:/home/alejandro/bookros2_ws/install/pal_gripper_controller_configuration:${AMENT_PREFIX_PATH} CMAKE_PREFIX_PATH=/home/alejandro/bookros2_ws/install/pal_gripper_description:/home/alejandro/bookros2_ws/install/urdf_test:/home/alejandro/bookros2_ws/install/pal_gripper_controller_configuration:/home/alejandro/ros2_utilities_ws/install/micro_ros_setup:/home/alejandro/ros2_utilities_ws/install/micro_ros_agent:/home/alejandro/ros2_utilities_ws/install/micro_ros_msgs:/opt/ros/humble PYTHONPATH=/home/alejandro/bookros2_ws/install/urdf_test/local/lib/python3.10/dist-packages:${PYTHONPATH} /usr/bin/cmake --build /home/alejandro/bookros2_ws/build/pal_gripper -- -j8 -l8
[0.449s] Invoked command in '/home/alejandro/bookros2_ws/build/pal_gripper' returned '0': AMENT_PREFIX_PATH=/home/alejandro/bookros2_ws/install/pal_gripper_description:/home/alejandro/bookros2_ws/install/urdf_test:/home/alejandro/bookros2_ws/install/pal_gripper_controller_configuration:${AMENT_PREFIX_PATH} CMAKE_PREFIX_PATH=/home/alejandro/bookros2_ws/install/pal_gripper_description:/home/alejandro/bookros2_ws/install/urdf_test:/home/alejandro/bookros2_ws/install/pal_gripper_controller_configuration:/home/alejandro/ros2_utilities_ws/install/micro_ros_setup:/home/alejandro/ros2_utilities_ws/install/micro_ros_agent:/home/alejandro/ros2_utilities_ws/install/micro_ros_msgs:/opt/ros/humble PYTHONPATH=/home/alejandro/bookros2_ws/install/urdf_test/local/lib/python3.10/dist-packages:${PYTHONPATH} /usr/bin/cmake --build /home/alejandro/bookros2_ws/build/pal_gripper -- -j8 -l8
[0.627s] Invoking command in '/home/alejandro/bookros2_ws/build/pal_gripper': AMENT_PREFIX_PATH=/home/alejandro/bookros2_ws/install/pal_gripper_description:/home/alejandro/bookros2_ws/install/urdf_test:/home/alejandro/bookros2_ws/install/pal_gripper_controller_configuration:${AMENT_PREFIX_PATH} CMAKE_PREFIX_PATH=/home/alejandro/bookros2_ws/install/pal_gripper_description:/home/alejandro/bookros2_ws/install/urdf_test:/home/alejandro/bookros2_ws/install/pal_gripper_controller_configuration:/home/alejandro/ros2_utilities_ws/install/micro_ros_setup:/home/alejandro/ros2_utilities_ws/install/micro_ros_agent:/home/alejandro/ros2_utilities_ws/install/micro_ros_msgs:/opt/ros/humble PYTHONPATH=/home/alejandro/bookros2_ws/install/urdf_test/local/lib/python3.10/dist-packages:${PYTHONPATH} /usr/bin/cmake --install /home/alejandro/bookros2_ws/build/pal_gripper
[0.682s] -- Install configuration: ""
[0.687s] -- Execute custom install script
[0.689s] -- Up-to-date symlink: /home/alejandro/bookros2_ws/install/pal_gripper/share/ament_index/resource_index/package_run_dependencies/pal_gripper
[0.690s] -- Up-to-date symlink: /home/alejandro/bookros2_ws/install/pal_gripper/share/ament_index/resource_index/parent_prefix_path/pal_gripper
[0.693s] -- Up-to-date symlink: /home/alejandro/bookros2_ws/install/pal_gripper/share/pal_gripper/environment/ament_prefix_path.sh
[0.698s] -- Up-to-date symlink: /home/alejandro/bookros2_ws/install/pal_gripper/share/pal_gripper/environment/ament_prefix_path.dsv
[0.699s] -- Up-to-date symlink: /home/alejandro/bookros2_ws/install/pal_gripper/share/pal_gripper/environment/path.sh
[0.699s] -- Up-to-date symlink: /home/alejandro/bookros2_ws/install/pal_gripper/share/pal_gripper/environment/path.dsv
[0.702s] -- Up-to-date symlink: /home/alejandro/bookros2_ws/install/pal_gripper/share/pal_gripper/local_setup.bash
[0.706s] -- Up-to-date symlink: /home/alejandro/bookros2_ws/install/pal_gripper/share/pal_gripper/local_setup.sh
[0.716s] -- Up-to-date symlink: /home/alejandro/bookros2_ws/install/pal_gripper/share/pal_gripper/local_setup.zsh
[0.716s] -- Up-to-date symlink: /home/alejandro/bookros2_ws/install/pal_gripper/share/pal_gripper/local_setup.dsv
[0.717s] -- Symlinking: /home/alejandro/bookros2_ws/install/pal_gripper/share/pal_gripper/package.dsv
[0.761s] -- Up-to-date symlink: /home/alejandro/bookros2_ws/install/pal_gripper/share/ament_index/resource_index/packages/pal_gripper
[0.761s] -- Up-to-date symlink: /home/alejandro/bookros2_ws/install/pal_gripper/share/pal_gripper/cmake/pal_gripperConfig.cmake
[0.762s] -- Up-to-date symlink: /home/alejandro/bookros2_ws/install/pal_gripper/share/pal_gripper/cmake/pal_gripperConfig-version.cmake
[0.762s] -- Up-to-date symlink: /home/alejandro/bookros2_ws/install/pal_gripper/share/pal_gripper/package.xml
[0.837s] Invoked command in '/home/alejandro/bookros2_ws/build/pal_gripper' returned '0': AMENT_PREFIX_PATH=/home/alejandro/bookros2_ws/install/pal_gripper_description:/home/alejandro/bookros2_ws/install/urdf_test:/home/alejandro/bookros2_ws/install/pal_gripper_controller_configuration:${AMENT_PREFIX_PATH} CMAKE_PREFIX_PATH=/home/alejandro/bookros2_ws/install/pal_gripper_description:/home/alejandro/bookros2_ws/install/urdf_test:/home/alejandro/bookros2_ws/install/pal_gripper_controller_configuration:/home/alejandro/ros2_utilities_ws/install/micro_ros_setup:/home/alejandro/ros2_utilities_ws/install/micro_ros_agent:/home/alejandro/ros2_utilities_ws/install/micro_ros_msgs:/opt/ros/humble PYTHONPATH=/home/alejandro/bookros2_ws/install/urdf_test/local/lib/python3.10/dist-packages:${PYTHONPATH} /usr/bin/cmake --install /home/alejandro/bookros2_ws/build/pal_gripper
