[0.887s] Invoking command in '/home/alejandro/bookros2_ws/build/tiago_laser_sensors': CMAKE_PREFIX_PATH=${CMAKE_PREFIX_PATH}:/home/alejandro/bookros2_ws/install/launch_pal:/home/alejandro/bookros2_ws/install/br2_fsm_bumpgo_py:/opt/ros/humble /usr/bin/cmake --build /home/alejandro/bookros2_ws/build/tiago_laser_sensors -- -j8 -l8
[1.038s] Invoked command in '/home/alejandro/bookros2_ws/build/tiago_laser_sensors' returned '0': CMAKE_PREFIX_PATH=${CMAKE_PREFIX_PATH}:/home/alejandro/bookros2_ws/install/launch_pal:/home/alejandro/bookros2_ws/install/br2_fsm_bumpgo_py:/opt/ros/humble /usr/bin/cmake --build /home/alejandro/bookros2_ws/build/tiago_laser_sensors -- -j8 -l8
[1.175s] Invoking command in '/home/alejandro/bookros2_ws/build/tiago_laser_sensors': CMAKE_PREFIX_PATH=${CMAKE_PREFIX_PATH}:/home/alejandro/bookros2_ws/install/launch_pal:/home/alejandro/bookros2_ws/install/br2_fsm_bumpgo_py:/opt/ros/humble /usr/bin/cmake --install /home/alejandro/bookros2_ws/build/tiago_laser_sensors
[1.237s] -- Install configuration: ""
[1.240s] -- Execute custom install script
[1.242s] -- Up-to-date symlink: /home/alejandro/bookros2_ws/install/tiago_laser_sensors/share/tiago_laser_sensors/params/omni_base_laser_pipeline.yaml
[1.244s] -- Up-to-date symlink: /home/alejandro/bookros2_ws/install/tiago_laser_sensors/share/tiago_laser_sensors/params/omni_base_laser_pipeline_sim.yaml
[1.244s] -- Up-to-date symlink: /home/alejandro/bookros2_ws/install/tiago_laser_sensors/share/tiago_laser_sensors/params/omni_base_laser_pipeline_w_composition.yaml
[1.245s] -- Up-to-date symlink: /home/alejandro/bookros2_ws/install/tiago_laser_sensors/share/tiago_laser_sensors/params/pmb2_laser_pipeline.yaml
[1.247s] -- Up-to-date symlink: /home/alejandro/bookros2_ws/install/tiago_laser_sensors/share/tiago_laser_sensors/params/pmb2_laser_pipeline_sim.yaml
[1.252s] -- Up-to-date symlink: /home/alejandro/bookros2_ws/install/tiago_laser_sensors/share/tiago_laser_sensors/params/pmb2_laser_pipeline_w_composition.yaml
[1.253s] -- Up-to-date symlink: /home/alejandro/bookros2_ws/install/tiago_laser_sensors/share/ament_index/resource_index/package_run_dependencies/tiago_laser_sensors
[1.254s] -- Up-to-date symlink: /home/alejandro/bookros2_ws/install/tiago_laser_sensors/share/ament_index/resource_index/parent_prefix_path/tiago_laser_sensors
[1.257s] -- Up-to-date symlink: /home/alejandro/bookros2_ws/install/tiago_laser_sensors/share/tiago_laser_sensors/environment/ament_prefix_path.sh
[1.258s] -- Up-to-date symlink: /home/alejandro/bookros2_ws/install/tiago_laser_sensors/share/tiago_laser_sensors/environment/ament_prefix_path.dsv
[1.260s] -- Up-to-date symlink: /home/alejandro/bookros2_ws/install/tiago_laser_sensors/share/tiago_laser_sensors/environment/path.sh
[1.261s] -- Up-to-date symlink: /home/alejandro/bookros2_ws/install/tiago_laser_sensors/share/tiago_laser_sensors/environment/path.dsv
[1.263s] -- Up-to-date symlink: /home/alejandro/bookros2_ws/install/tiago_laser_sensors/share/tiago_laser_sensors/local_setup.bash
[1.265s] -- Up-to-date symlink: /home/alejandro/bookros2_ws/install/tiago_laser_sensors/share/tiago_laser_sensors/local_setup.sh
[1.280s] -- Up-to-date symlink: /home/alejandro/bookros2_ws/install/tiago_laser_sensors/share/tiago_laser_sensors/local_setup.zsh
[1.280s] -- Up-to-date symlink: /home/alejandro/bookros2_ws/install/tiago_laser_sensors/share/tiago_laser_sensors/local_setup.dsv
[1.281s] -- Symlinking: /home/alejandro/bookros2_ws/install/tiago_laser_sensors/share/tiago_laser_sensors/package.dsv
[1.345s] -- Up-to-date symlink: /home/alejandro/bookros2_ws/install/tiago_laser_sensors/share/ament_index/resource_index/packages/tiago_laser_sensors
[1.345s] -- Up-to-date symlink: /home/alejandro/bookros2_ws/install/tiago_laser_sensors/share/tiago_laser_sensors/cmake/tiago_laser_sensorsConfig.cmake
[1.346s] -- Up-to-date symlink: /home/alejandro/bookros2_ws/install/tiago_laser_sensors/share/tiago_laser_sensors/cmake/tiago_laser_sensorsConfig-version.cmake
[1.352s] -- Up-to-date symlink: /home/alejandro/bookros2_ws/install/tiago_laser_sensors/share/tiago_laser_sensors/package.xml
[1.520s] Invoked command in '/home/alejandro/bookros2_ws/build/tiago_laser_sensors' returned '0': CMAKE_PREFIX_PATH=${CMAKE_PREFIX_PATH}:/home/alejandro/bookros2_ws/install/launch_pal:/home/alejandro/bookros2_ws/install/br2_fsm_bumpgo_py:/opt/ros/humble /usr/bin/cmake --install /home/alejandro/bookros2_ws/build/tiago_laser_sensors
