[1.545s] Invoking command in '/home/alejandro/bookros2_ws/build/br2_fsm_bumpgo_py': PYTHONPATH=/home/alejandro/bookros2_ws/build/br2_fsm_bumpgo_py/prefix_override:/usr/lib/python3/dist-packages/colcon_core/task/python/colcon_distutils_commands:/home/alejandro/bookros2_ws/install/br2_fsm_bumpgo_py/lib/python3.10/site-packages:${PYTHONPATH} /usr/bin/python3 -W ignore:setup.py install is deprecated setup.py develop --editable --build-directory /home/alejandro/bookros2_ws/build/br2_fsm_bumpgo_py/build --no-deps symlink_data
[1.723s] /home/alejandro/.local/lib/python3.10/site-packages/setuptools/_distutils/dist.py:268: UserWarning: Unknown distribution option: 'tests_require'
[1.723s]   warnings.warn(msg)
[1.959s] running develop
[1.959s] /home/alejandro/.local/lib/python3.10/site-packages/setuptools/command/develop.py:42: EasyInstallDeprecationWarning: easy_install command is deprecated.
[1.959s] !!
[1.959s] 
[1.959s]         ********************************************************************************
[1.959s]         Please avoid running ``setup.py`` and ``easy_install``.
[1.959s]         Instead, use pypa/build, pypa/installer or other
[1.959s]         standards-based tools.
[1.959s] 
[1.959s]         See https://github.com/pypa/setuptools/issues/917 for details.
[1.960s]         ********************************************************************************
[1.960s] 
[1.960s] !!
[1.960s]   easy_install.initialize_options(self)
[2.330s] running egg_info
[2.358s] writing br2_fsm_bumpgo_py.egg-info/PKG-INFO
[2.359s] writing dependency_links to br2_fsm_bumpgo_py.egg-info/dependency_links.txt
[2.359s] writing entry points to br2_fsm_bumpgo_py.egg-info/entry_points.txt
[2.359s] writing requirements to br2_fsm_bumpgo_py.egg-info/requires.txt
[2.359s] writing top-level names to br2_fsm_bumpgo_py.egg-info/top_level.txt
[2.418s] reading manifest file 'br2_fsm_bumpgo_py.egg-info/SOURCES.txt'
[2.419s] writing manifest file 'br2_fsm_bumpgo_py.egg-info/SOURCES.txt'
[2.493s] running build_ext
[2.493s] Creating /home/alejandro/bookros2_ws/install/br2_fsm_bumpgo_py/lib/python3.10/site-packages/br2-fsm-bumpgo-py.egg-link (link to .)
[2.494s] Installing bump_go_main script to /home/alejandro/bookros2_ws/install/br2_fsm_bumpgo_py/lib/br2_fsm_bumpgo_py
[2.494s] 
[2.494s] Installed /home/alejandro/bookros2_ws/build/br2_fsm_bumpgo_py
[2.494s] running symlink_data
[2.562s] Invoked command in '/home/alejandro/bookros2_ws/build/br2_fsm_bumpgo_py' returned '0': PYTHONPATH=/home/alejandro/bookros2_ws/build/br2_fsm_bumpgo_py/prefix_override:/usr/lib/python3/dist-packages/colcon_core/task/python/colcon_distutils_commands:/home/alejandro/bookros2_ws/install/br2_fsm_bumpgo_py/lib/python3.10/site-packages:${PYTHONPATH} /usr/bin/python3 -W ignore:setup.py install is deprecated setup.py develop --editable --build-directory /home/alejandro/bookros2_ws/build/br2_fsm_bumpgo_py/build --no-deps symlink_data
