[0.013s] Invoking command in '/home/alejandro/bookros2_ws/build/tiago_moveit_config': AMENT_PREFIX_PATH=/home/alejandro/bookros2_ws/install/tiago_description:/home/alejandro/bookros2_ws/install/pmb2_description:/home/alejandro/bookros2_ws/install/pal_gripper_description:/home/alejandro/bookros2_ws/install/urdf_test:/home/alejandro/bookros2_ws/install/launch_pal:${AMENT_PREFIX_PATH} CMAKE_PREFIX_PATH=/home/alejandro/bookros2_ws/install/tiago_description:/home/alejandro/bookros2_ws/install/pmb2_description:/home/alejandro/bookros2_ws/install/pal_gripper_description:/home/alejandro/bookros2_ws/install/urdf_test:/home/alejandro/ros2_utilities_ws/install/micro_ros_setup:/home/alejandro/ros2_utilities_ws/install/micro_ros_agent:/home/alejandro/ros2_utilities_ws/install/micro_ros_msgs:/opt/ros/humble PYTHONPATH=/home/alejandro/bookros2_ws/install/tiago_description/local/lib/python3.10/dist-packages:/home/alejandro/bookros2_ws/install/pmb2_description/local/lib/python3.10/dist-packages:/home/alejandro/bookros2_ws/install/urdf_test/local/lib/python3.10/dist-packages:/home/alejandro/bookros2_ws/install/launch_pal/lib/python3.10/site-packages:${PYTHONPATH} /usr/bin/cmake --build /home/alejandro/bookros2_ws/build/tiago_moveit_config -- -j8 -l8
[0.041s] Invoked command in '/home/alejandro/bookros2_ws/build/tiago_moveit_config' returned '0': AMENT_PREFIX_PATH=/home/alejandro/bookros2_ws/install/tiago_description:/home/alejandro/bookros2_ws/install/pmb2_description:/home/alejandro/bookros2_ws/install/pal_gripper_description:/home/alejandro/bookros2_ws/install/urdf_test:/home/alejandro/bookros2_ws/install/launch_pal:${AMENT_PREFIX_PATH} CMAKE_PREFIX_PATH=/home/alejandro/bookros2_ws/install/tiago_description:/home/alejandro/bookros2_ws/install/pmb2_description:/home/alejandro/bookros2_ws/install/pal_gripper_description:/home/alejandro/bookros2_ws/install/urdf_test:/home/alejandro/ros2_utilities_ws/install/micro_ros_setup:/home/alejandro/ros2_utilities_ws/install/micro_ros_agent:/home/alejandro/ros2_utilities_ws/install/micro_ros_msgs:/opt/ros/humble PYTHONPATH=/home/alejandro/bookros2_ws/install/tiago_description/local/lib/python3.10/dist-packages:/home/alejandro/bookros2_ws/install/pmb2_description/local/lib/python3.10/dist-packages:/home/alejandro/bookros2_ws/install/urdf_test/local/lib/python3.10/dist-packages:/home/alejandro/bookros2_ws/install/launch_pal/lib/python3.10/site-packages:${PYTHONPATH} /usr/bin/cmake --build /home/alejandro/bookros2_ws/build/tiago_moveit_config -- -j8 -l8
[0.057s] Invoking command in '/home/alejandro/bookros2_ws/build/tiago_moveit_config': AMENT_PREFIX_PATH=/home/alejandro/bookros2_ws/install/tiago_description:/home/alejandro/bookros2_ws/install/pmb2_description:/home/alejandro/bookros2_ws/install/pal_gripper_description:/home/alejandro/bookros2_ws/install/urdf_test:/home/alejandro/bookros2_ws/install/launch_pal:${AMENT_PREFIX_PATH} CMAKE_PREFIX_PATH=/home/alejandro/bookros2_ws/install/tiago_description:/home/alejandro/bookros2_ws/install/pmb2_description:/home/alejandro/bookros2_ws/install/pal_gripper_description:/home/alejandro/bookros2_ws/install/urdf_test:/home/alejandro/ros2_utilities_ws/install/micro_ros_setup:/home/alejandro/ros2_utilities_ws/install/micro_ros_agent:/home/alejandro/ros2_utilities_ws/install/micro_ros_msgs:/opt/ros/humble PYTHONPATH=/home/alejandro/bookros2_ws/install/tiago_description/local/lib/python3.10/dist-packages:/home/alejandro/bookros2_ws/install/pmb2_description/local/lib/python3.10/dist-packages:/home/alejandro/bookros2_ws/install/urdf_test/local/lib/python3.10/dist-packages:/home/alejandro/bookros2_ws/install/launch_pal/lib/python3.10/site-packages:${PYTHONPATH} /usr/bin/cmake --install /home/alejandro/bookros2_ws/build/tiago_moveit_config
[0.062s] -- Install configuration: ""
[0.063s] -- Execute custom install script
[0.063s] -- Up-to-date symlink: /home/alejandro/bookros2_ws/install/tiago_moveit_config/share/ament_index/resource_index/package_run_dependencies/tiago_moveit_config
[0.063s] -- Up-to-date symlink: /home/alejandro/bookros2_ws/install/tiago_moveit_config/share/ament_index/resource_index/parent_prefix_path/tiago_moveit_config
[0.063s] -- Up-to-date symlink: /home/alejandro/bookros2_ws/install/tiago_moveit_config/share/tiago_moveit_config/environment/ament_prefix_path.sh
[0.063s] -- Up-to-date symlink: /home/alejandro/bookros2_ws/install/tiago_moveit_config/share/tiago_moveit_config/environment/ament_prefix_path.dsv
[0.064s] -- Up-to-date symlink: /home/alejandro/bookros2_ws/install/tiago_moveit_config/share/tiago_moveit_config/environment/path.sh
[0.064s] -- Up-to-date symlink: /home/alejandro/bookros2_ws/install/tiago_moveit_config/share/tiago_moveit_config/environment/path.dsv
[0.064s] -- Up-to-date symlink: /home/alejandro/bookros2_ws/install/tiago_moveit_config/share/tiago_moveit_config/local_setup.bash
[0.064s] -- Up-to-date symlink: /home/alejandro/bookros2_ws/install/tiago_moveit_config/share/tiago_moveit_config/local_setup.sh
[0.064s] -- Up-to-date symlink: /home/alejandro/bookros2_ws/install/tiago_moveit_config/share/tiago_moveit_config/local_setup.zsh
[0.064s] -- Up-to-date symlink: /home/alejandro/bookros2_ws/install/tiago_moveit_config/share/tiago_moveit_config/local_setup.dsv
[0.065s] -- Symlinking: /home/alejandro/bookros2_ws/install/tiago_moveit_config/share/tiago_moveit_config/package.dsv
[0.071s] -- Up-to-date symlink: /home/alejandro/bookros2_ws/install/tiago_moveit_config/share/ament_index/resource_index/packages/tiago_moveit_config
[0.071s] -- Up-to-date symlink: /home/alejandro/bookros2_ws/install/tiago_moveit_config/share/tiago_moveit_config/cmake/tiago_moveit_configConfig.cmake
[0.072s] -- Up-to-date symlink: /home/alejandro/bookros2_ws/install/tiago_moveit_config/share/tiago_moveit_config/cmake/tiago_moveit_configConfig-version.cmake
[0.072s] -- Up-to-date symlink: /home/alejandro/bookros2_ws/install/tiago_moveit_config/share/tiago_moveit_config/package.xml
[0.072s] -- Up-to-date symlink: /home/alejandro/bookros2_ws/install/tiago_moveit_config/share/tiago_moveit_config/launch/move_group.launch.py
[0.072s] -- Up-to-date symlink: /home/alejandro/bookros2_ws/install/tiago_moveit_config/share/tiago_moveit_config/launch/moveit_rviz.launch.py
[0.072s] -- Up-to-date symlink: /home/alejandro/bookros2_ws/install/tiago_moveit_config/share/tiago_moveit_config/config/controllers/controllers.yaml.em
[0.072s] -- Up-to-date symlink: /home/alejandro/bookros2_ws/install/tiago_moveit_config/share/tiago_moveit_config/config/controllers/controllers_custom.yaml
[0.072s] -- Up-to-date symlink: /home/alejandro/bookros2_ws/install/tiago_moveit_config/share/tiago_moveit_config/config/controllers/controllers_no-arm.yaml
[0.072s] -- Up-to-date symlink: /home/alejandro/bookros2_ws/install/tiago_moveit_config/share/tiago_moveit_config/config/controllers/controllers_no-ee.yaml
[0.072s] -- Up-to-date symlink: /home/alejandro/bookros2_ws/install/tiago_moveit_config/share/tiago_moveit_config/config/controllers/controllers_pal-gripper.yaml
[0.072s] -- Up-to-date symlink: /home/alejandro/bookros2_ws/install/tiago_moveit_config/share/tiago_moveit_config/config/controllers/controllers_pal-hey5.yaml
[0.072s] -- Up-to-date symlink: /home/alejandro/bookros2_ws/install/tiago_moveit_config/share/tiago_moveit_config/config/controllers/controllers_robotiq-2f-140.yaml
[0.072s] -- Up-to-date symlink: /home/alejandro/bookros2_ws/install/tiago_moveit_config/share/tiago_moveit_config/config/controllers/controllers_robotiq-2f-85.yaml
[0.072s] -- Up-to-date symlink: /home/alejandro/bookros2_ws/install/tiago_moveit_config/share/tiago_moveit_config/config/controllers/controllers_robotiq-epick.yaml
[0.072s] -- Up-to-date symlink: /home/alejandro/bookros2_ws/install/tiago_moveit_config/share/tiago_moveit_config/config/joint_limits.yaml
[0.073s] -- Up-to-date symlink: /home/alejandro/bookros2_ws/install/tiago_moveit_config/share/tiago_moveit_config/config/kinematics_kdl.yaml
[0.073s] -- Up-to-date symlink: /home/alejandro/bookros2_ws/install/tiago_moveit_config/share/tiago_moveit_config/config/kinematics_trac_ik.yaml
[0.073s] -- Up-to-date symlink: /home/alejandro/bookros2_ws/install/tiago_moveit_config/share/tiago_moveit_config/config/ompl_planning.yaml
[0.073s] -- Up-to-date symlink: /home/alejandro/bookros2_ws/install/tiago_moveit_config/share/tiago_moveit_config/config/pilz_cartesian_limits.yaml
[0.073s] -- Up-to-date symlink: /home/alejandro/bookros2_ws/install/tiago_moveit_config/share/tiago_moveit_config/config/rviz/moveit.rviz
[0.073s] -- Up-to-date symlink: /home/alejandro/bookros2_ws/install/tiago_moveit_config/share/tiago_moveit_config/config/sensors_3d.yaml
[0.073s] -- Up-to-date symlink: /home/alejandro/bookros2_ws/install/tiago_moveit_config/share/tiago_moveit_config/config/srdf/disable_collisions/custom.srdf.xacro
[0.073s] -- Up-to-date symlink: /home/alejandro/bookros2_ws/install/tiago_moveit_config/share/tiago_moveit_config/config/srdf/disable_collisions/custom_schunk-ft.srdf.xacro
[0.073s] -- Up-to-date symlink: /home/alejandro/bookros2_ws/install/tiago_moveit_config/share/tiago_moveit_config/config/srdf/disable_collisions/no-ee.srdf.xacro
[0.073s] -- Up-to-date symlink: /home/alejandro/bookros2_ws/install/tiago_moveit_config/share/tiago_moveit_config/config/srdf/disable_collisions/no-ee_schunk-ft.srdf.xacro
[0.073s] -- Up-to-date symlink: /home/alejandro/bookros2_ws/install/tiago_moveit_config/share/tiago_moveit_config/config/srdf/disable_collisions/pal-gripper.srdf.xacro
[0.074s] -- Up-to-date symlink: /home/alejandro/bookros2_ws/install/tiago_moveit_config/share/tiago_moveit_config/config/srdf/disable_collisions/pal-gripper_schunk-ft.srdf.xacro
[0.074s] -- Up-to-date symlink: /home/alejandro/bookros2_ws/install/tiago_moveit_config/share/tiago_moveit_config/config/srdf/disable_collisions/pal-hey5.srdf.xacro
[0.074s] -- Up-to-date symlink: /home/alejandro/bookros2_ws/install/tiago_moveit_config/share/tiago_moveit_config/config/srdf/disable_collisions/pal-hey5_schunk-ft.srdf.xacro
[0.074s] -- Up-to-date symlink: /home/alejandro/bookros2_ws/install/tiago_moveit_config/share/tiago_moveit_config/config/srdf/disable_collisions/robotiq-2f-140.srdf.xacro
[0.074s] -- Up-to-date symlink: /home/alejandro/bookros2_ws/install/tiago_moveit_config/share/tiago_moveit_config/config/srdf/disable_collisions/robotiq-2f-140_schunk-ft.srdf.xacro
[0.074s] -- Up-to-date symlink: /home/alejandro/bookros2_ws/install/tiago_moveit_config/share/tiago_moveit_config/config/srdf/disable_collisions/robotiq-2f-85.srdf.xacro
[0.074s] -- Up-to-date symlink: /home/alejandro/bookros2_ws/install/tiago_moveit_config/share/tiago_moveit_config/config/srdf/disable_collisions/robotiq-2f-85_schunk-ft.srdf.xacro
[0.074s] -- Up-to-date symlink: /home/alejandro/bookros2_ws/install/tiago_moveit_config/share/tiago_moveit_config/config/srdf/disable_collisions/tiago_custom.srdf.xacro
[0.074s] -- Up-to-date symlink: /home/alejandro/bookros2_ws/install/tiago_moveit_config/share/tiago_moveit_config/config/srdf/disable_collisions/tiago_custom_schunk-ft.srdf.xacro
[0.074s] -- Up-to-date symlink: /home/alejandro/bookros2_ws/install/tiago_moveit_config/share/tiago_moveit_config/config/srdf/disable_collisions/tiago_no-arm.srdf.xacro
[0.074s] -- Up-to-date symlink: /home/alejandro/bookros2_ws/install/tiago_moveit_config/share/tiago_moveit_config/config/srdf/disable_collisions/tiago_no-ee.srdf.xacro
[0.074s] -- Up-to-date symlink: /home/alejandro/bookros2_ws/install/tiago_moveit_config/share/tiago_moveit_config/config/srdf/disable_collisions/tiago_no-ee_schunk-ft.srdf.xacro
[0.074s] -- Up-to-date symlink: /home/alejandro/bookros2_ws/install/tiago_moveit_config/share/tiago_moveit_config/config/srdf/disable_collisions/tiago_omni_custom.srdf.xacro
[0.074s] -- Up-to-date symlink: /home/alejandro/bookros2_ws/install/tiago_moveit_config/share/tiago_moveit_config/config/srdf/disable_collisions/tiago_omni_custom_schunk-ft.srdf.xacro
[0.075s] -- Up-to-date symlink: /home/alejandro/bookros2_ws/install/tiago_moveit_config/share/tiago_moveit_config/config/srdf/disable_collisions/tiago_omni_no-arm.srdf.xacro
[0.075s] -- Up-to-date symlink: /home/alejandro/bookros2_ws/install/tiago_moveit_config/share/tiago_moveit_config/config/srdf/disable_collisions/tiago_omni_no-ee.srdf.xacro
[0.075s] -- Up-to-date symlink: /home/alejandro/bookros2_ws/install/tiago_moveit_config/share/tiago_moveit_config/config/srdf/disable_collisions/tiago_omni_no-ee_schunk-ft.srdf.xacro
[0.075s] -- Up-to-date symlink: /home/alejandro/bookros2_ws/install/tiago_moveit_config/share/tiago_moveit_config/config/srdf/disable_collisions/tiago_omni_pal-gripper.srdf.xacro
[0.075s] -- Up-to-date symlink: /home/alejandro/bookros2_ws/install/tiago_moveit_config/share/tiago_moveit_config/config/srdf/disable_collisions/tiago_omni_pal-gripper_schunk-ft.srdf.xacro
[0.075s] -- Up-to-date symlink: /home/alejandro/bookros2_ws/install/tiago_moveit_config/share/tiago_moveit_config/config/srdf/disable_collisions/tiago_omni_pal-hey5.srdf.xacro
[0.075s] -- Up-to-date symlink: /home/alejandro/bookros2_ws/install/tiago_moveit_config/share/tiago_moveit_config/config/srdf/disable_collisions/tiago_omni_pal-hey5_schunk-ft.srdf.xacro
[0.075s] -- Up-to-date symlink: /home/alejandro/bookros2_ws/install/tiago_moveit_config/share/tiago_moveit_config/config/srdf/disable_collisions/tiago_omni_robotiq-2f-140.srdf.xacro
[0.075s] -- Up-to-date symlink: /home/alejandro/bookros2_ws/install/tiago_moveit_config/share/tiago_moveit_config/config/srdf/disable_collisions/tiago_omni_robotiq-2f-140_schunk-ft.srdf.xacro
[0.075s] -- Up-to-date symlink: /home/alejandro/bookros2_ws/install/tiago_moveit_config/share/tiago_moveit_config/config/srdf/disable_collisions/tiago_omni_robotiq-2f-85.srdf.xacro
[0.075s] -- Up-to-date symlink: /home/alejandro/bookros2_ws/install/tiago_moveit_config/share/tiago_moveit_config/config/srdf/disable_collisions/tiago_omni_robotiq-2f-85_schunk-ft.srdf.xacro
[0.075s] -- Up-to-date symlink: /home/alejandro/bookros2_ws/install/tiago_moveit_config/share/tiago_moveit_config/config/srdf/disable_collisions/tiago_pal-gripper.srdf.xacro
[0.076s] -- Up-to-date symlink: /home/alejandro/bookros2_ws/install/tiago_moveit_config/share/tiago_moveit_config/config/srdf/disable_collisions/tiago_pal-gripper_schunk-ft.srdf.xacro
[0.076s] -- Up-to-date symlink: /home/alejandro/bookros2_ws/install/tiago_moveit_config/share/tiago_moveit_config/config/srdf/disable_collisions/tiago_pal-hey5.srdf.xacro
[0.076s] -- Up-to-date symlink: /home/alejandro/bookros2_ws/install/tiago_moveit_config/share/tiago_moveit_config/config/srdf/disable_collisions/tiago_pal-hey5_schunk-ft.srdf.xacro
[0.076s] -- Up-to-date symlink: /home/alejandro/bookros2_ws/install/tiago_moveit_config/share/tiago_moveit_config/config/srdf/disable_collisions/tiago_robotiq-2f-140.srdf.xacro
[0.076s] -- Up-to-date symlink: /home/alejandro/bookros2_ws/install/tiago_moveit_config/share/tiago_moveit_config/config/srdf/disable_collisions/tiago_robotiq-2f-140_schunk-ft.srdf.xacro
[0.076s] -- Up-to-date symlink: /home/alejandro/bookros2_ws/install/tiago_moveit_config/share/tiago_moveit_config/config/srdf/disable_collisions/tiago_robotiq-2f-85.srdf.xacro
[0.076s] -- Up-to-date symlink: /home/alejandro/bookros2_ws/install/tiago_moveit_config/share/tiago_moveit_config/config/srdf/disable_collisions/tiago_robotiq-2f-85_schunk-ft.srdf.xacro
[0.076s] -- Up-to-date symlink: /home/alejandro/bookros2_ws/install/tiago_moveit_config/share/tiago_moveit_config/config/srdf/end_effectors/custom.srdf.xacro
[0.076s] -- Up-to-date symlink: /home/alejandro/bookros2_ws/install/tiago_moveit_config/share/tiago_moveit_config/config/srdf/end_effectors/no-end-effector.srdf.xacro
[0.076s] -- Up-to-date symlink: /home/alejandro/bookros2_ws/install/tiago_moveit_config/share/tiago_moveit_config/config/srdf/end_effectors/pal-gripper.srdf.xacro
[0.077s] -- Up-to-date symlink: /home/alejandro/bookros2_ws/install/tiago_moveit_config/share/tiago_moveit_config/config/srdf/end_effectors/pal-hey5.srdf.xacro
[0.077s] -- Up-to-date symlink: /home/alejandro/bookros2_ws/install/tiago_moveit_config/share/tiago_moveit_config/config/srdf/end_effectors/robotiq-2f-140.srdf.xacro
[0.077s] -- Up-to-date symlink: /home/alejandro/bookros2_ws/install/tiago_moveit_config/share/tiago_moveit_config/config/srdf/end_effectors/robotiq-2f-85.srdf.xacro
[0.077s] -- Up-to-date symlink: /home/alejandro/bookros2_ws/install/tiago_moveit_config/share/tiago_moveit_config/config/srdf/end_effectors/shared/robotiq-2f.srdf.xacro
[0.078s] -- Up-to-date symlink: /home/alejandro/bookros2_ws/install/tiago_moveit_config/share/tiago_moveit_config/config/srdf/scripts/update.sh
[0.078s] -- Up-to-date symlink: /home/alejandro/bookros2_ws/install/tiago_moveit_config/share/tiago_moveit_config/config/srdf/tiago.srdf.xacro
[0.083s] Invoked command in '/home/alejandro/bookros2_ws/build/tiago_moveit_config' returned '0': AMENT_PREFIX_PATH=/home/alejandro/bookros2_ws/install/tiago_description:/home/alejandro/bookros2_ws/install/pmb2_description:/home/alejandro/bookros2_ws/install/pal_gripper_description:/home/alejandro/bookros2_ws/install/urdf_test:/home/alejandro/bookros2_ws/install/launch_pal:${AMENT_PREFIX_PATH} CMAKE_PREFIX_PATH=/home/alejandro/bookros2_ws/install/tiago_description:/home/alejandro/bookros2_ws/install/pmb2_description:/home/alejandro/bookros2_ws/install/pal_gripper_description:/home/alejandro/bookros2_ws/install/urdf_test:/home/alejandro/ros2_utilities_ws/install/micro_ros_setup:/home/alejandro/ros2_utilities_ws/install/micro_ros_agent:/home/alejandro/ros2_utilities_ws/install/micro_ros_msgs:/opt/ros/humble PYTHONPATH=/home/alejandro/bookros2_ws/install/tiago_description/local/lib/python3.10/dist-packages:/home/alejandro/bookros2_ws/install/pmb2_description/local/lib/python3.10/dist-packages:/home/alejandro/bookros2_ws/install/urdf_test/local/lib/python3.10/dist-packages:/home/alejandro/bookros2_ws/install/launch_pal/lib/python3.10/site-packages:${PYTHONPATH} /usr/bin/cmake --install /home/alejandro/bookros2_ws/build/tiago_moveit_config
