[1.468s] Invoking command in '/home/alejandro/ros2_ws/src/py_kinect_azure_pkg': PYTHONPATH=/home/alejandro/ros2_ws/build/py_kinect_azure_pkg/prefix_override:/usr/lib/python3/dist-packages/colcon_core/task/python/colcon_distutils_commands:/home/alejandro/ros2_ws/install/py_kinect_azure_pkg/lib/python3.10/site-packages:${PYTHONPATH} /usr/bin/python3 -W ignore:setup.py install is deprecated setup.py egg_info --egg-base ../../build/py_kinect_azure_pkg build --build-base /home/alejandro/ros2_ws/build/py_kinect_azure_pkg/build install --record /home/alejandro/ros2_ws/build/py_kinect_azure_pkg/install.log --single-version-externally-managed install_data
[1.731s] /home/alejandro/.local/lib/python3.10/site-packages/setuptools/_distutils/dist.py:268: UserWarning: Unknown distribution option: 'tests_require'
[1.731s]   warnings.warn(msg)
[1.950s] running egg_info
[1.981s] writing ../../build/py_kinect_azure_pkg/py_kinect_azure_pkg.egg-info/PKG-INFO
[1.982s] writing dependency_links to ../../build/py_kinect_azure_pkg/py_kinect_azure_pkg.egg-info/dependency_links.txt
[1.982s] writing entry points to ../../build/py_kinect_azure_pkg/py_kinect_azure_pkg.egg-info/entry_points.txt
[1.983s] writing requirements to ../../build/py_kinect_azure_pkg/py_kinect_azure_pkg.egg-info/requires.txt
[1.983s] writing top-level names to ../../build/py_kinect_azure_pkg/py_kinect_azure_pkg.egg-info/top_level.txt
[2.053s] reading manifest file '../../build/py_kinect_azure_pkg/py_kinect_azure_pkg.egg-info/SOURCES.txt'
[2.053s] adding license file 'LICENSE'
[2.054s] writing manifest file '../../build/py_kinect_azure_pkg/py_kinect_azure_pkg.egg-info/SOURCES.txt'
[2.054s] running build
[2.054s] running build_py
[2.055s] copying py_kinect_azure_pkg/kpc_node_2.py -> /home/alejandro/ros2_ws/build/py_kinect_azure_pkg/build/lib/py_kinect_azure_pkg
[2.055s] copying py_kinect_azure_pkg/depth_image_node.py -> /home/alejandro/ros2_ws/build/py_kinect_azure_pkg/build/lib/py_kinect_azure_pkg
[2.055s] copying py_kinect_azure_pkg/env_node.py -> /home/alejandro/ros2_ws/build/py_kinect_azure_pkg/build/lib/py_kinect_azure_pkg
[2.055s] copying py_kinect_azure_pkg/point_cloud_node.py -> /home/alejandro/ros2_ws/build/py_kinect_azure_pkg/build/lib/py_kinect_azure_pkg
[2.056s] copying py_kinect_azure_pkg/3d_node.py -> /home/alejandro/ros2_ws/build/py_kinect_azure_pkg/build/lib/py_kinect_azure_pkg
[2.056s] copying py_kinect_azure_pkg/first_3D_node.py -> /home/alejandro/ros2_ws/build/py_kinect_azure_pkg/build/lib/py_kinect_azure_pkg
[2.056s] copying py_kinect_azure_pkg/test_people.py -> /home/alejandro/ros2_ws/build/py_kinect_azure_pkg/build/lib/py_kinect_azure_pkg
[2.056s] copying py_kinect_azure_pkg/kinect_point_cloud_node.py -> /home/alejandro/ros2_ws/build/py_kinect_azure_pkg/build/lib/py_kinect_azure_pkg
[2.057s] copying py_kinect_azure_pkg/3D_transformer_node.py -> /home/alejandro/ros2_ws/build/py_kinect_azure_pkg/build/lib/py_kinect_azure_pkg
[2.057s] copying py_kinect_azure_pkg/kinect_node.py -> /home/alejandro/ros2_ws/build/py_kinect_azure_pkg/build/lib/py_kinect_azure_pkg
[2.057s] copying py_kinect_azure_pkg/manager_node.py -> /home/alejandro/ros2_ws/build/py_kinect_azure_pkg/build/lib/py_kinect_azure_pkg
[2.057s] copying py_kinect_azure_pkg/kinect_image_node.py -> /home/alejandro/ros2_ws/build/py_kinect_azure_pkg/build/lib/py_kinect_azure_pkg
[2.057s] copying py_kinect_azure_pkg/__init__.py -> /home/alejandro/ros2_ws/build/py_kinect_azure_pkg/build/lib/py_kinect_azure_pkg
[2.058s] copying py_kinect_azure_pkg/yolo_node.py -> /home/alejandro/ros2_ws/build/py_kinect_azure_pkg/build/lib/py_kinect_azure_pkg
[2.059s] running install
[2.064s] running install_lib
[2.102s] running install_data
[2.102s] copying resource/py_kinect_azure_pkg -> /home/alejandro/ros2_ws/install/py_kinect_azure_pkg/share/ament_index/resource_index/packages
[2.102s] copying package.xml -> /home/alejandro/ros2_ws/install/py_kinect_azure_pkg/share/py_kinect_azure_pkg
[2.102s] running install_egg_info
[2.137s] removing '/home/alejandro/ros2_ws/install/py_kinect_azure_pkg/lib/python3.10/site-packages/py_kinect_azure_pkg-0.0.4-py3.10.egg-info' (and everything under it)
[2.138s] Copying ../../build/py_kinect_azure_pkg/py_kinect_azure_pkg.egg-info to /home/alejandro/ros2_ws/install/py_kinect_azure_pkg/lib/python3.10/site-packages/py_kinect_azure_pkg-0.0.4-py3.10.egg-info
[2.139s] running install_scripts
[2.392s] Installing 3D_node script to /home/alejandro/ros2_ws/install/py_kinect_azure_pkg/lib/py_kinect_azure_pkg
[2.393s] Installing depth_image_node script to /home/alejandro/ros2_ws/install/py_kinect_azure_pkg/lib/py_kinect_azure_pkg
[2.393s] Installing env_node script to /home/alejandro/ros2_ws/install/py_kinect_azure_pkg/lib/py_kinect_azure_pkg
[2.393s] Installing kinect_image_node script to /home/alejandro/ros2_ws/install/py_kinect_azure_pkg/lib/py_kinect_azure_pkg
[2.393s] Installing kinect_node script to /home/alejandro/ros2_ws/install/py_kinect_azure_pkg/lib/py_kinect_azure_pkg
[2.393s] Installing manager_node script to /home/alejandro/ros2_ws/install/py_kinect_azure_pkg/lib/py_kinect_azure_pkg
[2.394s] Installing motion_detection script to /home/alejandro/ros2_ws/install/py_kinect_azure_pkg/lib/py_kinect_azure_pkg
[2.394s] Installing point_cloud_node script to /home/alejandro/ros2_ws/install/py_kinect_azure_pkg/lib/py_kinect_azure_pkg
[2.394s] Installing point_cloud_node_2 script to /home/alejandro/ros2_ws/install/py_kinect_azure_pkg/lib/py_kinect_azure_pkg
[2.394s] Installing point_cloud_node_2_1 script to /home/alejandro/ros2_ws/install/py_kinect_azure_pkg/lib/py_kinect_azure_pkg
[2.394s] Installing transformer_node script to /home/alejandro/ros2_ws/install/py_kinect_azure_pkg/lib/py_kinect_azure_pkg
[2.395s] Installing yolo_node script to /home/alejandro/ros2_ws/install/py_kinect_azure_pkg/lib/py_kinect_azure_pkg
[2.396s] writing list of installed files to '/home/alejandro/ros2_ws/build/py_kinect_azure_pkg/install.log'
[2.463s] Invoked command in '/home/alejandro/ros2_ws/src/py_kinect_azure_pkg' returned '0': PYTHONPATH=/home/alejandro/ros2_ws/build/py_kinect_azure_pkg/prefix_override:/usr/lib/python3/dist-packages/colcon_core/task/python/colcon_distutils_commands:/home/alejandro/ros2_ws/install/py_kinect_azure_pkg/lib/python3.10/site-packages:${PYTHONPATH} /usr/bin/python3 -W ignore:setup.py install is deprecated setup.py egg_info --egg-base ../../build/py_kinect_azure_pkg build --build-base /home/alejandro/ros2_ws/build/py_kinect_azure_pkg/build install --record /home/alejandro/ros2_ws/build/py_kinect_azure_pkg/install.log --single-version-externally-managed install_data
