[0.019s] Invoking command in '/home/alejandro/bookros2_ws/build/groot': CMAKE_PREFIX_PATH=${CMAKE_PREFIX_PATH}:/opt/ros/humble /usr/bin/cmake --build /home/alejandro/bookros2_ws/build/groot -- -j8 -l8
[0.099s] [  1%] [34m[1mAutomatic MOC and UIC for target QtNodeEditor[0m
[0.131s] [  1%] Built target QtNodeEditor_autogen
[0.195s] [ 57%] Built target QtNodeEditor
[0.216s] [ 58%] [34m[1mAutomatic MOC and UIC for target behavior_tree_editor[0m
[0.248s] [ 58%] Built target behavior_tree_editor_autogen
[0.301s] [ 74%] Built target behavior_tree_editor
[0.343s] [ 75%] [34m[1mAutomatic MOC and UIC for target Groot[0m
[0.345s] [ 76%] [34m[1mAutomatic MOC and UIC for target replay_test[0m
[0.348s] [ 76%] [34m[1mAutomatic MOC and UIC for target editor_test[0m
[0.373s] [ 76%] Built target Groot_autogen
[0.375s] [ 76%] Built target editor_test_autogen
[0.375s] [ 76%] Built target replay_test_autogen
[0.403s] [ 82%] Built target Groot
[0.412s] [ 91%] Built target replay_test
[0.441s] [100%] Built target editor_test
[0.456s] Invoked command in '/home/alejandro/bookros2_ws/build/groot' returned '0': CMAKE_PREFIX_PATH=${CMAKE_PREFIX_PATH}:/opt/ros/humble /usr/bin/cmake --build /home/alejandro/bookros2_ws/build/groot -- -j8 -l8
[0.509s] Invoking command in '/home/alejandro/bookros2_ws/build/groot': CMAKE_PREFIX_PATH=${CMAKE_PREFIX_PATH}:/opt/ros/humble /usr/bin/cmake --install /home/alejandro/bookros2_ws/build/groot
[0.515s] -- Install configuration: ""
[0.516s] -- Execute custom install script
[0.516s] -- Up-to-date symlink: /home/alejandro/bookros2_ws/install/groot/lib/libbehavior_tree_editor.so
[0.517s] -- Up-to-date symlink: /home/alejandro/bookros2_ws/install/groot/lib/groot/Groot
[0.517s] -- Up-to-date symlink: /home/alejandro/bookros2_ws/install/groot/share/groot/environment/library_path.sh
[0.517s] -- Up-to-date symlink: /home/alejandro/bookros2_ws/install/groot/share/groot/environment/library_path.dsv
[0.517s] -- Up-to-date symlink: /home/alejandro/bookros2_ws/install/groot/share/ament_index/resource_index/package_run_dependencies/groot
[0.518s] -- Up-to-date symlink: /home/alejandro/bookros2_ws/install/groot/share/ament_index/resource_index/parent_prefix_path/groot
[0.518s] -- Up-to-date symlink: /home/alejandro/bookros2_ws/install/groot/share/groot/environment/ament_prefix_path.sh
[0.518s] -- Up-to-date symlink: /home/alejandro/bookros2_ws/install/groot/share/groot/environment/ament_prefix_path.dsv
[0.518s] -- Up-to-date symlink: /home/alejandro/bookros2_ws/install/groot/share/groot/environment/path.sh
[0.518s] -- Up-to-date symlink: /home/alejandro/bookros2_ws/install/groot/share/groot/environment/path.dsv
[0.518s] -- Up-to-date symlink: /home/alejandro/bookros2_ws/install/groot/share/groot/local_setup.bash
[0.518s] -- Up-to-date symlink: /home/alejandro/bookros2_ws/install/groot/share/groot/local_setup.sh
[0.519s] -- Up-to-date symlink: /home/alejandro/bookros2_ws/install/groot/share/groot/local_setup.zsh
[0.519s] -- Up-to-date symlink: /home/alejandro/bookros2_ws/install/groot/share/groot/local_setup.dsv
[0.519s] -- Symlinking: /home/alejandro/bookros2_ws/install/groot/share/groot/package.dsv
[0.526s] -- Up-to-date symlink: /home/alejandro/bookros2_ws/install/groot/share/ament_index/resource_index/packages/groot
[0.526s] -- Up-to-date symlink: /home/alejandro/bookros2_ws/install/groot/share/groot/cmake/ament_cmake_export_include_directories-extras.cmake
[0.526s] -- Up-to-date symlink: /home/alejandro/bookros2_ws/install/groot/share/groot/cmake/ament_cmake_export_dependencies-extras.cmake
[0.526s] -- Up-to-date symlink: /home/alejandro/bookros2_ws/install/groot/share/groot/cmake/ament_cmake_export_libraries-extras.cmake
[0.526s] -- Up-to-date symlink: /home/alejandro/bookros2_ws/install/groot/share/groot/cmake/grootConfig.cmake
[0.526s] -- Up-to-date symlink: /home/alejandro/bookros2_ws/install/groot/share/groot/cmake/grootConfig-version.cmake
[0.526s] -- Up-to-date symlink: /home/alejandro/bookros2_ws/install/groot/share/groot/package.xml
[0.528s] Invoked command in '/home/alejandro/bookros2_ws/build/groot' returned '0': CMAKE_PREFIX_PATH=${CMAKE_PREFIX_PATH}:/opt/ros/humble /usr/bin/cmake --install /home/alejandro/bookros2_ws/build/groot
