[0.016s] Invoking command in '/home/alejandro/bookros2_ws/build/br2_fsm_bumpgo_cpp': CMAKE_PREFIX_PATH=${CMAKE_PREFIX_PATH}:/opt/ros/humble /usr/bin/cmake /home/alejandro/bookros2_ws/src/book_ros2/br2_fsm_bumpgo_cpp -DCMAKE_INSTALL_PREFIX=/home/alejandro/bookros2_ws/install/br2_fsm_bumpgo_cpp
[0.028s] -- Found ament_cmake: 1.3.10 (/opt/ros/humble/share/ament_cmake/cmake)
[0.184s] -- Override CMake install command with custom implementation using symlinks instead of copying resources
[0.192s] -- Found rclcpp: 16.0.10 (/opt/ros/humble/share/rclcpp/cmake)
[0.221s] -- Found rosidl_generator_c: 3.1.5 (/opt/ros/humble/share/rosidl_generator_c/cmake)
[0.223s] -- Found rosidl_adapter: 3.1.5 (/opt/ros/humble/share/rosidl_adapter/cmake)
[0.230s] -- Found rosidl_generator_cpp: 3.1.5 (/opt/ros/humble/share/rosidl_generator_cpp/cmake)
[0.264s] -- Using all available rosidl_typesupport_c: rosidl_typesupport_fastrtps_c;rosidl_typesupport_introspection_c
[0.267s] -- Using all available rosidl_typesupport_cpp: rosidl_typesupport_fastrtps_cpp;rosidl_typesupport_introspection_cpp
[0.311s] -- Found rmw_implementation_cmake: 6.1.2 (/opt/ros/humble/share/rmw_implementation_cmake/cmake)
[0.315s] -- Found rmw_fastrtps_cpp: 6.2.7 (/opt/ros/humble/share/rmw_fastrtps_cpp/cmake)
[0.445s] -- Using RMW implementation 'rmw_fastrtps_cpp' as default
[0.511s] -- Found sensor_msgs: 4.2.4 (/opt/ros/humble/share/sensor_msgs/cmake)
[0.560s] -- Found ament_lint_auto: 0.12.11 (/opt/ros/humble/share/ament_lint_auto/cmake)
[0.648s] -- Added test 'copyright' to check source files copyright and LICENSE
[0.650s] -- Added test 'cppcheck' to perform static code analysis on C / C++ code
[0.650s] -- Configured cppcheck include dirs: /home/alejandro/bookros2_ws/src/book_ros2/br2_fsm_bumpgo_cpp/include
[0.650s] -- Configured cppcheck exclude dirs and/or files: 
[0.651s] -- Added test 'cpplint' to check C / C++ code against the Google style
[0.651s] -- Configured cpplint exclude dirs and/or files: 
[0.651s] -- Added test 'flake8' to check Python code syntax and style conventions
[0.652s] -- Added test 'lint_cmake' to check CMake code style
[0.652s] -- Added test 'pep257' to check Python code against some of the docstring style conventions in PEP 257
[0.653s] -- Added test 'uncrustify' to check C / C++ code style
[0.653s] -- Configured uncrustify additional arguments: 
[0.653s] -- Added test 'xmllint' to check XML markup files
[0.654s] -- Configuring done
[0.665s] -- Generating done
[0.666s] -- Build files have been written to: /home/alejandro/bookros2_ws/build/br2_fsm_bumpgo_cpp
[0.785s] Invoked command in '/home/alejandro/bookros2_ws/build/br2_fsm_bumpgo_cpp' returned '0': CMAKE_PREFIX_PATH=${CMAKE_PREFIX_PATH}:/opt/ros/humble /usr/bin/cmake /home/alejandro/bookros2_ws/src/book_ros2/br2_fsm_bumpgo_cpp -DCMAKE_INSTALL_PREFIX=/home/alejandro/bookros2_ws/install/br2_fsm_bumpgo_cpp
[0.787s] Invoking command in '/home/alejandro/bookros2_ws/build/br2_fsm_bumpgo_cpp': CMAKE_PREFIX_PATH=${CMAKE_PREFIX_PATH}:/opt/ros/humble /usr/bin/cmake --build /home/alejandro/bookros2_ws/build/br2_fsm_bumpgo_cpp -- -j8 -l8
[0.838s] [35m[1mConsolidate compiler generated dependencies of target bumpgo[0m
[0.886s] [100%] Built target bumpgo
[0.903s] Invoked command in '/home/alejandro/bookros2_ws/build/br2_fsm_bumpgo_cpp' returned '0': CMAKE_PREFIX_PATH=${CMAKE_PREFIX_PATH}:/opt/ros/humble /usr/bin/cmake --build /home/alejandro/bookros2_ws/build/br2_fsm_bumpgo_cpp -- -j8 -l8
[0.964s] Invoking command in '/home/alejandro/bookros2_ws/build/br2_fsm_bumpgo_cpp': CMAKE_PREFIX_PATH=${CMAKE_PREFIX_PATH}:/opt/ros/humble /usr/bin/cmake --install /home/alejandro/bookros2_ws/build/br2_fsm_bumpgo_cpp
[0.981s] -- Install configuration: ""
[0.983s] -- Execute custom install script
[0.986s] -- Up-to-date symlink: /home/alejandro/bookros2_ws/install/br2_fsm_bumpgo_cpp/lib/br2_fsm_bumpgo_cpp/bumpgo
[0.986s] -- Up-to-date symlink: /home/alejandro/bookros2_ws/install/br2_fsm_bumpgo_cpp/share/br2_fsm_bumpgo_cpp/launch/bump_and_go.launch.py
[0.987s] -- Up-to-date symlink: /home/alejandro/bookros2_ws/install/br2_fsm_bumpgo_cpp/share/ament_index/resource_index/package_run_dependencies/br2_fsm_bumpgo_cpp
[0.988s] -- Up-to-date symlink: /home/alejandro/bookros2_ws/install/br2_fsm_bumpgo_cpp/share/ament_index/resource_index/parent_prefix_path/br2_fsm_bumpgo_cpp
[0.988s] -- Up-to-date symlink: /home/alejandro/bookros2_ws/install/br2_fsm_bumpgo_cpp/share/br2_fsm_bumpgo_cpp/environment/ament_prefix_path.sh
[0.988s] -- Up-to-date symlink: /home/alejandro/bookros2_ws/install/br2_fsm_bumpgo_cpp/share/br2_fsm_bumpgo_cpp/environment/ament_prefix_path.dsv
[0.988s] -- Up-to-date symlink: /home/alejandro/bookros2_ws/install/br2_fsm_bumpgo_cpp/share/br2_fsm_bumpgo_cpp/environment/path.sh
[0.989s] -- Up-to-date symlink: /home/alejandro/bookros2_ws/install/br2_fsm_bumpgo_cpp/share/br2_fsm_bumpgo_cpp/environment/path.dsv
[0.991s] -- Up-to-date symlink: /home/alejandro/bookros2_ws/install/br2_fsm_bumpgo_cpp/share/br2_fsm_bumpgo_cpp/local_setup.bash
[0.992s] -- Up-to-date symlink: /home/alejandro/bookros2_ws/install/br2_fsm_bumpgo_cpp/share/br2_fsm_bumpgo_cpp/local_setup.sh
[0.993s] -- Up-to-date symlink: /home/alejandro/bookros2_ws/install/br2_fsm_bumpgo_cpp/share/br2_fsm_bumpgo_cpp/local_setup.zsh
[0.998s] -- Up-to-date symlink: /home/alejandro/bookros2_ws/install/br2_fsm_bumpgo_cpp/share/br2_fsm_bumpgo_cpp/local_setup.dsv
[0.998s] -- Symlinking: /home/alejandro/bookros2_ws/install/br2_fsm_bumpgo_cpp/share/br2_fsm_bumpgo_cpp/package.dsv
[1.019s] -- Up-to-date symlink: /home/alejandro/bookros2_ws/install/br2_fsm_bumpgo_cpp/share/ament_index/resource_index/packages/br2_fsm_bumpgo_cpp
[1.019s] -- Up-to-date symlink: /home/alejandro/bookros2_ws/install/br2_fsm_bumpgo_cpp/share/br2_fsm_bumpgo_cpp/cmake/br2_fsm_bumpgo_cppConfig.cmake
[1.019s] -- Up-to-date symlink: /home/alejandro/bookros2_ws/install/br2_fsm_bumpgo_cpp/share/br2_fsm_bumpgo_cpp/cmake/br2_fsm_bumpgo_cppConfig-version.cmake
[1.019s] -- Up-to-date symlink: /home/alejandro/bookros2_ws/install/br2_fsm_bumpgo_cpp/share/br2_fsm_bumpgo_cpp/package.xml
[1.026s] Invoked command in '/home/alejandro/bookros2_ws/build/br2_fsm_bumpgo_cpp' returned '0': CMAKE_PREFIX_PATH=${CMAKE_PREFIX_PATH}:/opt/ros/humble /usr/bin/cmake --install /home/alejandro/bookros2_ws/build/br2_fsm_bumpgo_cpp
