[0.250s] colcon DEBUG Command line arguments: ['/usr/bin/colcon', 'list', '-p', '--base-paths', '/home/alejandro/bookros2_ws']
[0.250s] colcon DEBUG Parsed command line arguments: Namespace(log_base=None, log_level=None, verb_name='list', build_base='build', ignore_user_meta=False, metas=['./colcon.meta'], base_paths=['/home/alejandro/bookros2_ws'], packages_ignore=None, packages_ignore_regex=None, paths=None, packages_up_to=None, packages_up_to_regex=None, packages_above=None, packages_above_and_dependencies=None, packages_above_depth=None, packages_select_by_dep=None, packages_skip_by_dep=None, packages_skip_up_to=None, packages_select_build_failed=False, packages_skip_build_finished=False, packages_select_test_failures=False, packages_skip_test_passed=False, packages_select=None, packages_skip=None, packages_select_regex=None, packages_skip_regex=None, packages_start=None, packages_end=None, allow_overriding=[], topological_order=False, names_only=False, paths_only=True, topological_graph=False, topological_graph_dot=False, topological_graph_density=False, topological_graph_legend=False, topological_graph_dot_cluster=False, topological_graph_dot_include_skipped=False, mixin_files=None, mixin=None, verb_parser=<colcon_mixin.mixin.mixin_argument.MixinArgumentDecorator object at 0x77f5aaf715a0>, verb_extension=<colcon_package_information.verb.list.ListVerb object at 0x77f5ab07e4d0>, main=<bound method ListVerb.main of <colcon_package_information.verb.list.ListVerb object at 0x77f5ab07e4d0>>, mixin_verb=('list',))
[0.338s] colcon.colcon_core.package_discovery Level 1 discover_packages(colcon_meta) check parameters
[0.338s] colcon.colcon_core.package_discovery Level 1 discover_packages(recursive) check parameters
[0.338s] colcon.colcon_core.package_discovery Level 1 discover_packages(ignore) check parameters
[0.338s] colcon.colcon_core.package_discovery Level 1 discover_packages(path) check parameters
[0.338s] colcon.colcon_core.package_discovery Level 1 discover_packages(recursive) discover
[0.339s] colcon.colcon_core.package_discovery INFO Crawling recursively for packages in '/home/alejandro/bookros2_ws'
[0.339s] colcon.colcon_core.package_identification Level 1 _identify(/home/alejandro/bookros2_ws) by extensions ['ignore', 'ignore_ament_install']
[0.339s] colcon.colcon_core.package_identification Level 1 _identify(/home/alejandro/bookros2_ws) by extension 'ignore'
[0.339s] colcon.colcon_core.package_identification Level 1 _identify(/home/alejandro/bookros2_ws) by extension 'ignore_ament_install'
[0.339s] colcon.colcon_core.package_identification Level 1 _identify(/home/alejandro/bookros2_ws) by extensions ['colcon_pkg']
[0.339s] colcon.colcon_core.package_identification Level 1 _identify(/home/alejandro/bookros2_ws) by extension 'colcon_pkg'
[0.339s] colcon.colcon_core.package_identification Level 1 _identify(/home/alejandro/bookros2_ws) by extensions ['colcon_meta']
[0.339s] colcon.colcon_core.package_identification Level 1 _identify(/home/alejandro/bookros2_ws) by extension 'colcon_meta'
[0.339s] colcon.colcon_core.package_identification Level 1 _identify(/home/alejandro/bookros2_ws) by extensions ['ros']
[0.339s] colcon.colcon_core.package_identification Level 1 _identify(/home/alejandro/bookros2_ws) by extension 'ros'
[0.389s] colcon.colcon_core.package_identification Level 1 _identify(/home/alejandro/bookros2_ws) by extensions ['cmake', 'python']
[0.389s] colcon.colcon_core.package_identification Level 1 _identify(/home/alejandro/bookros2_ws) by extension 'cmake'
[0.389s] colcon.colcon_core.package_identification Level 1 _identify(/home/alejandro/bookros2_ws) by extension 'python'
[0.389s] colcon.colcon_core.package_identification Level 1 _identify(/home/alejandro/bookros2_ws) by extensions ['python_setup_py']
[0.389s] colcon.colcon_core.package_identification Level 1 _identify(/home/alejandro/bookros2_ws) by extension 'python_setup_py'
[0.390s] colcon.colcon_core.package_identification Level 1 _identify(/home/alejandro/bookros2_ws/build) by extensions ['ignore', 'ignore_ament_install']
[0.390s] colcon.colcon_core.package_identification Level 1 _identify(/home/alejandro/bookros2_ws/build) by extension 'ignore'
[0.390s] colcon.colcon_core.package_identification Level 1 _identify(/home/alejandro/bookros2_ws/build) ignored
[0.391s] colcon.colcon_core.package_identification Level 1 _identify(/home/alejandro/bookros2_ws/install) by extensions ['ignore', 'ignore_ament_install']
[0.391s] colcon.colcon_core.package_identification Level 1 _identify(/home/alejandro/bookros2_ws/install) by extension 'ignore'
[0.391s] colcon.colcon_core.package_identification Level 1 _identify(/home/alejandro/bookros2_ws/install) ignored
[0.391s] colcon.colcon_core.package_identification Level 1 _identify(/home/alejandro/bookros2_ws/log) by extensions ['ignore', 'ignore_ament_install']
[0.391s] colcon.colcon_core.package_identification Level 1 _identify(/home/alejandro/bookros2_ws/log) by extension 'ignore'
[0.391s] colcon.colcon_core.package_identification Level 1 _identify(/home/alejandro/bookros2_ws/log) ignored
[0.391s] colcon.colcon_core.package_identification Level 1 _identify(/home/alejandro/bookros2_ws/src) by extensions ['ignore', 'ignore_ament_install']
[0.392s] colcon.colcon_core.package_identification Level 1 _identify(/home/alejandro/bookros2_ws/src) by extension 'ignore'
[0.392s] colcon.colcon_core.package_identification Level 1 _identify(/home/alejandro/bookros2_ws/src) by extension 'ignore_ament_install'
[0.392s] colcon.colcon_core.package_identification Level 1 _identify(/home/alejandro/bookros2_ws/src) by extensions ['colcon_pkg']
[0.392s] colcon.colcon_core.package_identification Level 1 _identify(/home/alejandro/bookros2_ws/src) by extension 'colcon_pkg'
[0.392s] colcon.colcon_core.package_identification Level 1 _identify(/home/alejandro/bookros2_ws/src) by extensions ['colcon_meta']
[0.392s] colcon.colcon_core.package_identification Level 1 _identify(/home/alejandro/bookros2_ws/src) by extension 'colcon_meta'
[0.392s] colcon.colcon_core.package_identification Level 1 _identify(/home/alejandro/bookros2_ws/src) by extensions ['ros']
[0.392s] colcon.colcon_core.package_identification Level 1 _identify(/home/alejandro/bookros2_ws/src) by extension 'ros'
[0.392s] colcon.colcon_core.package_identification Level 1 _identify(/home/alejandro/bookros2_ws/src) by extensions ['cmake', 'python']
[0.392s] colcon.colcon_core.package_identification Level 1 _identify(/home/alejandro/bookros2_ws/src) by extension 'cmake'
[0.392s] colcon.colcon_core.package_identification Level 1 _identify(/home/alejandro/bookros2_ws/src) by extension 'python'
[0.393s] colcon.colcon_core.package_identification Level 1 _identify(/home/alejandro/bookros2_ws/src) by extensions ['python_setup_py']
[0.393s] colcon.colcon_core.package_identification Level 1 _identify(/home/alejandro/bookros2_ws/src) by extension 'python_setup_py'
[0.393s] colcon.colcon_core.package_identification Level 1 _identify(/home/alejandro/bookros2_ws/src/ThirdParty) by extensions ['ignore', 'ignore_ament_install']
[0.393s] colcon.colcon_core.package_identification Level 1 _identify(/home/alejandro/bookros2_ws/src/ThirdParty) by extension 'ignore'
[0.393s] colcon.colcon_core.package_identification Level 1 _identify(/home/alejandro/bookros2_ws/src/ThirdParty) by extension 'ignore_ament_install'
[0.393s] colcon.colcon_core.package_identification Level 1 _identify(/home/alejandro/bookros2_ws/src/ThirdParty) by extensions ['colcon_pkg']
[0.393s] colcon.colcon_core.package_identification Level 1 _identify(/home/alejandro/bookros2_ws/src/ThirdParty) by extension 'colcon_pkg'
[0.393s] colcon.colcon_core.package_identification Level 1 _identify(/home/alejandro/bookros2_ws/src/ThirdParty) by extensions ['colcon_meta']
[0.393s] colcon.colcon_core.package_identification Level 1 _identify(/home/alejandro/bookros2_ws/src/ThirdParty) by extension 'colcon_meta'
[0.393s] colcon.colcon_core.package_identification Level 1 _identify(/home/alejandro/bookros2_ws/src/ThirdParty) by extensions ['ros']
[0.394s] colcon.colcon_core.package_identification Level 1 _identify(/home/alejandro/bookros2_ws/src/ThirdParty) by extension 'ros'
[0.394s] colcon.colcon_core.package_identification Level 1 _identify(/home/alejandro/bookros2_ws/src/ThirdParty) by extensions ['cmake', 'python']
[0.394s] colcon.colcon_core.package_identification Level 1 _identify(/home/alejandro/bookros2_ws/src/ThirdParty) by extension 'cmake'
[0.394s] colcon.colcon_core.package_identification Level 1 _identify(/home/alejandro/bookros2_ws/src/ThirdParty) by extension 'python'
[0.394s] colcon.colcon_core.package_identification Level 1 _identify(/home/alejandro/bookros2_ws/src/ThirdParty) by extensions ['python_setup_py']
[0.394s] colcon.colcon_core.package_identification Level 1 _identify(/home/alejandro/bookros2_ws/src/ThirdParty) by extension 'python_setup_py'
[0.394s] colcon.colcon_core.package_identification Level 1 _identify(/home/alejandro/bookros2_ws/src/ThirdParty/Groot) by extensions ['ignore', 'ignore_ament_install']
[0.394s] colcon.colcon_core.package_identification Level 1 _identify(/home/alejandro/bookros2_ws/src/ThirdParty/Groot) by extension 'ignore'
[0.394s] colcon.colcon_core.package_identification Level 1 _identify(/home/alejandro/bookros2_ws/src/ThirdParty/Groot) by extension 'ignore_ament_install'
[0.395s] colcon.colcon_core.package_identification Level 1 _identify(/home/alejandro/bookros2_ws/src/ThirdParty/Groot) by extensions ['colcon_pkg']
[0.395s] colcon.colcon_core.package_identification Level 1 _identify(/home/alejandro/bookros2_ws/src/ThirdParty/Groot) by extension 'colcon_pkg'
[0.395s] colcon.colcon_core.package_identification Level 1 _identify(/home/alejandro/bookros2_ws/src/ThirdParty/Groot) by extensions ['colcon_meta']
[0.395s] colcon.colcon_core.package_identification Level 1 _identify(/home/alejandro/bookros2_ws/src/ThirdParty/Groot) by extension 'colcon_meta'
[0.395s] colcon.colcon_core.package_identification Level 1 _identify(/home/alejandro/bookros2_ws/src/ThirdParty/Groot) by extensions ['ros']
[0.395s] colcon.colcon_core.package_identification Level 1 _identify(/home/alejandro/bookros2_ws/src/ThirdParty/Groot) by extension 'ros'
[0.408s] colcon.colcon_core.package_identification DEBUG Package '/home/alejandro/bookros2_ws/src/ThirdParty/Groot' with type 'ros.ament_cmake' and name 'groot'
[0.409s] colcon.colcon_core.package_identification Level 1 _identify(/home/alejandro/bookros2_ws/src/ThirdParty/hey5_description) by extensions ['ignore', 'ignore_ament_install']
[0.409s] colcon.colcon_core.package_identification Level 1 _identify(/home/alejandro/bookros2_ws/src/ThirdParty/hey5_description) by extension 'ignore'
[0.409s] colcon.colcon_core.package_identification Level 1 _identify(/home/alejandro/bookros2_ws/src/ThirdParty/hey5_description) by extension 'ignore_ament_install'
[0.409s] colcon.colcon_core.package_identification Level 1 _identify(/home/alejandro/bookros2_ws/src/ThirdParty/hey5_description) by extensions ['colcon_pkg']
[0.410s] colcon.colcon_core.package_identification Level 1 _identify(/home/alejandro/bookros2_ws/src/ThirdParty/hey5_description) by extension 'colcon_pkg'
[0.410s] colcon.colcon_core.package_identification Level 1 _identify(/home/alejandro/bookros2_ws/src/ThirdParty/hey5_description) by extensions ['colcon_meta']
[0.410s] colcon.colcon_core.package_identification Level 1 _identify(/home/alejandro/bookros2_ws/src/ThirdParty/hey5_description) by extension 'colcon_meta'
[0.410s] colcon.colcon_core.package_identification Level 1 _identify(/home/alejandro/bookros2_ws/src/ThirdParty/hey5_description) by extensions ['ros']
[0.410s] colcon.colcon_core.package_identification Level 1 _identify(/home/alejandro/bookros2_ws/src/ThirdParty/hey5_description) by extension 'ros'
[0.411s] colcon.colcon_core.package_identification DEBUG Package '/home/alejandro/bookros2_ws/src/ThirdParty/hey5_description' with type 'ros.ament_cmake' and name 'hey5_description'
[0.411s] colcon.colcon_core.package_identification Level 1 _identify(/home/alejandro/bookros2_ws/src/ThirdParty/launch_pal) by extensions ['ignore', 'ignore_ament_install']
[0.411s] colcon.colcon_core.package_identification Level 1 _identify(/home/alejandro/bookros2_ws/src/ThirdParty/launch_pal) by extension 'ignore'
[0.411s] colcon.colcon_core.package_identification Level 1 _identify(/home/alejandro/bookros2_ws/src/ThirdParty/launch_pal) by extension 'ignore_ament_install'
[0.411s] colcon.colcon_core.package_identification Level 1 _identify(/home/alejandro/bookros2_ws/src/ThirdParty/launch_pal) by extensions ['colcon_pkg']
[0.411s] colcon.colcon_core.package_identification Level 1 _identify(/home/alejandro/bookros2_ws/src/ThirdParty/launch_pal) by extension 'colcon_pkg'
[0.411s] colcon.colcon_core.package_identification Level 1 _identify(/home/alejandro/bookros2_ws/src/ThirdParty/launch_pal) by extensions ['colcon_meta']
[0.411s] colcon.colcon_core.package_identification Level 1 _identify(/home/alejandro/bookros2_ws/src/ThirdParty/launch_pal) by extension 'colcon_meta'
[0.411s] colcon.colcon_core.package_identification Level 1 _identify(/home/alejandro/bookros2_ws/src/ThirdParty/launch_pal) by extensions ['ros']
[0.411s] colcon.colcon_core.package_identification Level 1 _identify(/home/alejandro/bookros2_ws/src/ThirdParty/launch_pal) by extension 'ros'
[0.413s] colcon.colcon_core.package_identification DEBUG Package '/home/alejandro/bookros2_ws/src/ThirdParty/launch_pal' with type 'ros.ament_python' and name 'launch_pal'
[0.413s] colcon.colcon_core.package_identification Level 1 _identify(/home/alejandro/bookros2_ws/src/ThirdParty/pal_gazebo_worlds) by extensions ['ignore', 'ignore_ament_install']
[0.413s] colcon.colcon_core.package_identification Level 1 _identify(/home/alejandro/bookros2_ws/src/ThirdParty/pal_gazebo_worlds) by extension 'ignore'
[0.413s] colcon.colcon_core.package_identification Level 1 _identify(/home/alejandro/bookros2_ws/src/ThirdParty/pal_gazebo_worlds) by extension 'ignore_ament_install'
[0.413s] colcon.colcon_core.package_identification Level 1 _identify(/home/alejandro/bookros2_ws/src/ThirdParty/pal_gazebo_worlds) by extensions ['colcon_pkg']
[0.413s] colcon.colcon_core.package_identification Level 1 _identify(/home/alejandro/bookros2_ws/src/ThirdParty/pal_gazebo_worlds) by extension 'colcon_pkg'
[0.413s] colcon.colcon_core.package_identification Level 1 _identify(/home/alejandro/bookros2_ws/src/ThirdParty/pal_gazebo_worlds) by extensions ['colcon_meta']
[0.414s] colcon.colcon_core.package_identification Level 1 _identify(/home/alejandro/bookros2_ws/src/ThirdParty/pal_gazebo_worlds) by extension 'colcon_meta'
[0.414s] colcon.colcon_core.package_identification Level 1 _identify(/home/alejandro/bookros2_ws/src/ThirdParty/pal_gazebo_worlds) by extensions ['ros']
[0.414s] colcon.colcon_core.package_identification Level 1 _identify(/home/alejandro/bookros2_ws/src/ThirdParty/pal_gazebo_worlds) by extension 'ros'
[0.415s] colcon.colcon_core.package_identification DEBUG Package '/home/alejandro/bookros2_ws/src/ThirdParty/pal_gazebo_worlds' with type 'ros.ament_cmake' and name 'pal_gazebo_worlds'
[0.416s] colcon.colcon_core.package_identification Level 1 _identify(/home/alejandro/bookros2_ws/src/ThirdParty/pal_gripper) by extensions ['ignore', 'ignore_ament_install']
[0.417s] colcon.colcon_core.package_identification Level 1 _identify(/home/alejandro/bookros2_ws/src/ThirdParty/pal_gripper) by extension 'ignore'
[0.417s] colcon.colcon_core.package_identification Level 1 _identify(/home/alejandro/bookros2_ws/src/ThirdParty/pal_gripper) by extension 'ignore_ament_install'
[0.417s] colcon.colcon_core.package_identification Level 1 _identify(/home/alejandro/bookros2_ws/src/ThirdParty/pal_gripper) by extensions ['colcon_pkg']
[0.417s] colcon.colcon_core.package_identification Level 1 _identify(/home/alejandro/bookros2_ws/src/ThirdParty/pal_gripper) by extension 'colcon_pkg'
[0.417s] colcon.colcon_core.package_identification Level 1 _identify(/home/alejandro/bookros2_ws/src/ThirdParty/pal_gripper) by extensions ['colcon_meta']
[0.417s] colcon.colcon_core.package_identification Level 1 _identify(/home/alejandro/bookros2_ws/src/ThirdParty/pal_gripper) by extension 'colcon_meta'
[0.417s] colcon.colcon_core.package_identification Level 1 _identify(/home/alejandro/bookros2_ws/src/ThirdParty/pal_gripper) by extensions ['ros']
[0.418s] colcon.colcon_core.package_identification Level 1 _identify(/home/alejandro/bookros2_ws/src/ThirdParty/pal_gripper) by extension 'ros'
[0.418s] colcon.colcon_core.package_identification Level 1 _identify(/home/alejandro/bookros2_ws/src/ThirdParty/pal_gripper) by extensions ['cmake', 'python']
[0.418s] colcon.colcon_core.package_identification Level 1 _identify(/home/alejandro/bookros2_ws/src/ThirdParty/pal_gripper) by extension 'cmake'
[0.418s] colcon.colcon_core.package_identification Level 1 _identify(/home/alejandro/bookros2_ws/src/ThirdParty/pal_gripper) by extension 'python'
[0.418s] colcon.colcon_core.package_identification Level 1 _identify(/home/alejandro/bookros2_ws/src/ThirdParty/pal_gripper) by extensions ['python_setup_py']
[0.418s] colcon.colcon_core.package_identification Level 1 _identify(/home/alejandro/bookros2_ws/src/ThirdParty/pal_gripper) by extension 'python_setup_py'
[0.418s] colcon.colcon_core.package_identification Level 1 _identify(/home/alejandro/bookros2_ws/src/ThirdParty/pal_gripper/pal_gripper) by extensions ['ignore', 'ignore_ament_install']
[0.418s] colcon.colcon_core.package_identification Level 1 _identify(/home/alejandro/bookros2_ws/src/ThirdParty/pal_gripper/pal_gripper) by extension 'ignore'
[0.418s] colcon.colcon_core.package_identification Level 1 _identify(/home/alejandro/bookros2_ws/src/ThirdParty/pal_gripper/pal_gripper) by extension 'ignore_ament_install'
[0.418s] colcon.colcon_core.package_identification Level 1 _identify(/home/alejandro/bookros2_ws/src/ThirdParty/pal_gripper/pal_gripper) by extensions ['colcon_pkg']
[0.419s] colcon.colcon_core.package_identification Level 1 _identify(/home/alejandro/bookros2_ws/src/ThirdParty/pal_gripper/pal_gripper) by extension 'colcon_pkg'
[0.419s] colcon.colcon_core.package_identification Level 1 _identify(/home/alejandro/bookros2_ws/src/ThirdParty/pal_gripper/pal_gripper) by extensions ['colcon_meta']
[0.419s] colcon.colcon_core.package_identification Level 1 _identify(/home/alejandro/bookros2_ws/src/ThirdParty/pal_gripper/pal_gripper) by extension 'colcon_meta'
[0.419s] colcon.colcon_core.package_identification Level 1 _identify(/home/alejandro/bookros2_ws/src/ThirdParty/pal_gripper/pal_gripper) by extensions ['ros']
[0.419s] colcon.colcon_core.package_identification Level 1 _identify(/home/alejandro/bookros2_ws/src/ThirdParty/pal_gripper/pal_gripper) by extension 'ros'
[0.420s] colcon.colcon_core.package_identification DEBUG Package '/home/alejandro/bookros2_ws/src/ThirdParty/pal_gripper/pal_gripper' with type 'ros.ament_cmake' and name 'pal_gripper'
[0.420s] colcon.colcon_core.package_identification Level 1 _identify(/home/alejandro/bookros2_ws/src/ThirdParty/pal_gripper/pal_gripper_controller_configuration) by extensions ['ignore', 'ignore_ament_install']
[0.420s] colcon.colcon_core.package_identification Level 1 _identify(/home/alejandro/bookros2_ws/src/ThirdParty/pal_gripper/pal_gripper_controller_configuration) by extension 'ignore'
[0.420s] colcon.colcon_core.package_identification Level 1 _identify(/home/alejandro/bookros2_ws/src/ThirdParty/pal_gripper/pal_gripper_controller_configuration) by extension 'ignore_ament_install'
[0.420s] colcon.colcon_core.package_identification Level 1 _identify(/home/alejandro/bookros2_ws/src/ThirdParty/pal_gripper/pal_gripper_controller_configuration) by extensions ['colcon_pkg']
[0.420s] colcon.colcon_core.package_identification Level 1 _identify(/home/alejandro/bookros2_ws/src/ThirdParty/pal_gripper/pal_gripper_controller_configuration) by extension 'colcon_pkg'
[0.420s] colcon.colcon_core.package_identification Level 1 _identify(/home/alejandro/bookros2_ws/src/ThirdParty/pal_gripper/pal_gripper_controller_configuration) by extensions ['colcon_meta']
[0.420s] colcon.colcon_core.package_identification Level 1 _identify(/home/alejandro/bookros2_ws/src/ThirdParty/pal_gripper/pal_gripper_controller_configuration) by extension 'colcon_meta'
[0.421s] colcon.colcon_core.package_identification Level 1 _identify(/home/alejandro/bookros2_ws/src/ThirdParty/pal_gripper/pal_gripper_controller_configuration) by extensions ['ros']
[0.421s] colcon.colcon_core.package_identification Level 1 _identify(/home/alejandro/bookros2_ws/src/ThirdParty/pal_gripper/pal_gripper_controller_configuration) by extension 'ros'
[0.422s] colcon.colcon_core.package_identification DEBUG Package '/home/alejandro/bookros2_ws/src/ThirdParty/pal_gripper/pal_gripper_controller_configuration' with type 'ros.ament_cmake' and name 'pal_gripper_controller_configuration'
[0.422s] colcon.colcon_core.package_identification Level 1 _identify(/home/alejandro/bookros2_ws/src/ThirdParty/pal_gripper/pal_gripper_description) by extensions ['ignore', 'ignore_ament_install']
[0.422s] colcon.colcon_core.package_identification Level 1 _identify(/home/alejandro/bookros2_ws/src/ThirdParty/pal_gripper/pal_gripper_description) by extension 'ignore'
[0.423s] colcon.colcon_core.package_identification Level 1 _identify(/home/alejandro/bookros2_ws/src/ThirdParty/pal_gripper/pal_gripper_description) by extension 'ignore_ament_install'
[0.423s] colcon.colcon_core.package_identification Level 1 _identify(/home/alejandro/bookros2_ws/src/ThirdParty/pal_gripper/pal_gripper_description) by extensions ['colcon_pkg']
[0.423s] colcon.colcon_core.package_identification Level 1 _identify(/home/alejandro/bookros2_ws/src/ThirdParty/pal_gripper/pal_gripper_description) by extension 'colcon_pkg'
[0.423s] colcon.colcon_core.package_identification Level 1 _identify(/home/alejandro/bookros2_ws/src/ThirdParty/pal_gripper/pal_gripper_description) by extensions ['colcon_meta']
[0.423s] colcon.colcon_core.package_identification Level 1 _identify(/home/alejandro/bookros2_ws/src/ThirdParty/pal_gripper/pal_gripper_description) by extension 'colcon_meta'
[0.423s] colcon.colcon_core.package_identification Level 1 _identify(/home/alejandro/bookros2_ws/src/ThirdParty/pal_gripper/pal_gripper_description) by extensions ['ros']
[0.423s] colcon.colcon_core.package_identification Level 1 _identify(/home/alejandro/bookros2_ws/src/ThirdParty/pal_gripper/pal_gripper_description) by extension 'ros'
[0.424s] colcon.colcon_core.package_identification DEBUG Package '/home/alejandro/bookros2_ws/src/ThirdParty/pal_gripper/pal_gripper_description' with type 'ros.ament_cmake' and name 'pal_gripper_description'
[0.424s] colcon.colcon_core.package_identification Level 1 _identify(/home/alejandro/bookros2_ws/src/ThirdParty/pal_gripper/pal_gripper_gazebo) by extensions ['ignore', 'ignore_ament_install']
[0.424s] colcon.colcon_core.package_identification Level 1 _identify(/home/alejandro/bookros2_ws/src/ThirdParty/pal_gripper/pal_gripper_gazebo) by extension 'ignore'
[0.424s] colcon.colcon_core.package_identification Level 1 _identify(/home/alejandro/bookros2_ws/src/ThirdParty/pal_gripper/pal_gripper_gazebo) ignored
[0.425s] colcon.colcon_core.package_identification Level 1 _identify(/home/alejandro/bookros2_ws/src/ThirdParty/pal_gripper/pal_gripper_simulation) by extensions ['ignore', 'ignore_ament_install']
[0.425s] colcon.colcon_core.package_identification Level 1 _identify(/home/alejandro/bookros2_ws/src/ThirdParty/pal_gripper/pal_gripper_simulation) by extension 'ignore'
[0.425s] colcon.colcon_core.package_identification Level 1 _identify(/home/alejandro/bookros2_ws/src/ThirdParty/pal_gripper/pal_gripper_simulation) by extension 'ignore_ament_install'
[0.425s] colcon.colcon_core.package_identification Level 1 _identify(/home/alejandro/bookros2_ws/src/ThirdParty/pal_gripper/pal_gripper_simulation) by extensions ['colcon_pkg']
[0.425s] colcon.colcon_core.package_identification Level 1 _identify(/home/alejandro/bookros2_ws/src/ThirdParty/pal_gripper/pal_gripper_simulation) by extension 'colcon_pkg'
[0.425s] colcon.colcon_core.package_identification Level 1 _identify(/home/alejandro/bookros2_ws/src/ThirdParty/pal_gripper/pal_gripper_simulation) by extensions ['colcon_meta']
[0.425s] colcon.colcon_core.package_identification Level 1 _identify(/home/alejandro/bookros2_ws/src/ThirdParty/pal_gripper/pal_gripper_simulation) by extension 'colcon_meta'
[0.425s] colcon.colcon_core.package_identification Level 1 _identify(/home/alejandro/bookros2_ws/src/ThirdParty/pal_gripper/pal_gripper_simulation) by extensions ['ros']
[0.425s] colcon.colcon_core.package_identification Level 1 _identify(/home/alejandro/bookros2_ws/src/ThirdParty/pal_gripper/pal_gripper_simulation) by extension 'ros'
[0.426s] colcon.colcon_core.package_identification DEBUG Package '/home/alejandro/bookros2_ws/src/ThirdParty/pal_gripper/pal_gripper_simulation' with type 'ros.ament_cmake' and name 'pal_gripper_simulation'
[0.426s] colcon.colcon_core.package_identification Level 1 _identify(/home/alejandro/bookros2_ws/src/ThirdParty/pal_gripper/pal_parallel_gripper_wrapper) by extensions ['ignore', 'ignore_ament_install']
[0.426s] colcon.colcon_core.package_identification Level 1 _identify(/home/alejandro/bookros2_ws/src/ThirdParty/pal_gripper/pal_parallel_gripper_wrapper) by extension 'ignore'
[0.427s] colcon.colcon_core.package_identification Level 1 _identify(/home/alejandro/bookros2_ws/src/ThirdParty/pal_gripper/pal_parallel_gripper_wrapper) ignored
[0.427s] colcon.colcon_core.package_identification Level 1 _identify(/home/alejandro/bookros2_ws/src/ThirdParty/pmb2_navigation) by extensions ['ignore', 'ignore_ament_install']
[0.427s] colcon.colcon_core.package_identification Level 1 _identify(/home/alejandro/bookros2_ws/src/ThirdParty/pmb2_navigation) by extension 'ignore'
[0.427s] colcon.colcon_core.package_identification Level 1 _identify(/home/alejandro/bookros2_ws/src/ThirdParty/pmb2_navigation) by extension 'ignore_ament_install'
[0.427s] colcon.colcon_core.package_identification Level 1 _identify(/home/alejandro/bookros2_ws/src/ThirdParty/pmb2_navigation) by extensions ['colcon_pkg']
[0.427s] colcon.colcon_core.package_identification Level 1 _identify(/home/alejandro/bookros2_ws/src/ThirdParty/pmb2_navigation) by extension 'colcon_pkg'
[0.427s] colcon.colcon_core.package_identification Level 1 _identify(/home/alejandro/bookros2_ws/src/ThirdParty/pmb2_navigation) by extensions ['colcon_meta']
[0.427s] colcon.colcon_core.package_identification Level 1 _identify(/home/alejandro/bookros2_ws/src/ThirdParty/pmb2_navigation) by extension 'colcon_meta'
[0.427s] colcon.colcon_core.package_identification Level 1 _identify(/home/alejandro/bookros2_ws/src/ThirdParty/pmb2_navigation) by extensions ['ros']
[0.427s] colcon.colcon_core.package_identification Level 1 _identify(/home/alejandro/bookros2_ws/src/ThirdParty/pmb2_navigation) by extension 'ros'
[0.427s] colcon.colcon_core.package_identification Level 1 _identify(/home/alejandro/bookros2_ws/src/ThirdParty/pmb2_navigation) by extensions ['cmake', 'python']
[0.427s] colcon.colcon_core.package_identification Level 1 _identify(/home/alejandro/bookros2_ws/src/ThirdParty/pmb2_navigation) by extension 'cmake'
[0.428s] colcon.colcon_core.package_identification Level 1 _identify(/home/alejandro/bookros2_ws/src/ThirdParty/pmb2_navigation) by extension 'python'
[0.428s] colcon.colcon_core.package_identification Level 1 _identify(/home/alejandro/bookros2_ws/src/ThirdParty/pmb2_navigation) by extensions ['python_setup_py']
[0.428s] colcon.colcon_core.package_identification Level 1 _identify(/home/alejandro/bookros2_ws/src/ThirdParty/pmb2_navigation) by extension 'python_setup_py'
[0.428s] colcon.colcon_core.package_identification Level 1 _identify(/home/alejandro/bookros2_ws/src/ThirdParty/pmb2_navigation/pmb2_2dnav) by extensions ['ignore', 'ignore_ament_install']
[0.428s] colcon.colcon_core.package_identification Level 1 _identify(/home/alejandro/bookros2_ws/src/ThirdParty/pmb2_navigation/pmb2_2dnav) by extension 'ignore'
[0.428s] colcon.colcon_core.package_identification Level 1 _identify(/home/alejandro/bookros2_ws/src/ThirdParty/pmb2_navigation/pmb2_2dnav) by extension 'ignore_ament_install'
[0.428s] colcon.colcon_core.package_identification Level 1 _identify(/home/alejandro/bookros2_ws/src/ThirdParty/pmb2_navigation/pmb2_2dnav) by extensions ['colcon_pkg']
[0.428s] colcon.colcon_core.package_identification Level 1 _identify(/home/alejandro/bookros2_ws/src/ThirdParty/pmb2_navigation/pmb2_2dnav) by extension 'colcon_pkg'
[0.428s] colcon.colcon_core.package_identification Level 1 _identify(/home/alejandro/bookros2_ws/src/ThirdParty/pmb2_navigation/pmb2_2dnav) by extensions ['colcon_meta']
[0.428s] colcon.colcon_core.package_identification Level 1 _identify(/home/alejandro/bookros2_ws/src/ThirdParty/pmb2_navigation/pmb2_2dnav) by extension 'colcon_meta'
[0.429s] colcon.colcon_core.package_identification Level 1 _identify(/home/alejandro/bookros2_ws/src/ThirdParty/pmb2_navigation/pmb2_2dnav) by extensions ['ros']
[0.429s] colcon.colcon_core.package_identification Level 1 _identify(/home/alejandro/bookros2_ws/src/ThirdParty/pmb2_navigation/pmb2_2dnav) by extension 'ros'
[0.431s] colcon.colcon_core.package_identification DEBUG Package '/home/alejandro/bookros2_ws/src/ThirdParty/pmb2_navigation/pmb2_2dnav' with type 'ros.ament_cmake' and name 'pmb2_2dnav'
[0.431s] colcon.colcon_core.package_identification Level 1 _identify(/home/alejandro/bookros2_ws/src/ThirdParty/pmb2_navigation/pmb2_laser_sensors) by extensions ['ignore', 'ignore_ament_install']
[0.431s] colcon.colcon_core.package_identification Level 1 _identify(/home/alejandro/bookros2_ws/src/ThirdParty/pmb2_navigation/pmb2_laser_sensors) by extension 'ignore'
[0.431s] colcon.colcon_core.package_identification Level 1 _identify(/home/alejandro/bookros2_ws/src/ThirdParty/pmb2_navigation/pmb2_laser_sensors) by extension 'ignore_ament_install'
[0.432s] colcon.colcon_core.package_identification Level 1 _identify(/home/alejandro/bookros2_ws/src/ThirdParty/pmb2_navigation/pmb2_laser_sensors) by extensions ['colcon_pkg']
[0.432s] colcon.colcon_core.package_identification Level 1 _identify(/home/alejandro/bookros2_ws/src/ThirdParty/pmb2_navigation/pmb2_laser_sensors) by extension 'colcon_pkg'
[0.432s] colcon.colcon_core.package_identification Level 1 _identify(/home/alejandro/bookros2_ws/src/ThirdParty/pmb2_navigation/pmb2_laser_sensors) by extensions ['colcon_meta']
[0.432s] colcon.colcon_core.package_identification Level 1 _identify(/home/alejandro/bookros2_ws/src/ThirdParty/pmb2_navigation/pmb2_laser_sensors) by extension 'colcon_meta'
[0.432s] colcon.colcon_core.package_identification Level 1 _identify(/home/alejandro/bookros2_ws/src/ThirdParty/pmb2_navigation/pmb2_laser_sensors) by extensions ['ros']
[0.432s] colcon.colcon_core.package_identification Level 1 _identify(/home/alejandro/bookros2_ws/src/ThirdParty/pmb2_navigation/pmb2_laser_sensors) by extension 'ros'
[0.437s] colcon.colcon_core.package_identification DEBUG Package '/home/alejandro/bookros2_ws/src/ThirdParty/pmb2_navigation/pmb2_laser_sensors' with type 'ros.ament_cmake' and name 'pmb2_laser_sensors'
[0.437s] colcon.colcon_core.package_identification Level 1 _identify(/home/alejandro/bookros2_ws/src/ThirdParty/pmb2_navigation/pmb2_navigation) by extensions ['ignore', 'ignore_ament_install']
[0.437s] colcon.colcon_core.package_identification Level 1 _identify(/home/alejandro/bookros2_ws/src/ThirdParty/pmb2_navigation/pmb2_navigation) by extension 'ignore'
[0.438s] colcon.colcon_core.package_identification Level 1 _identify(/home/alejandro/bookros2_ws/src/ThirdParty/pmb2_navigation/pmb2_navigation) by extension 'ignore_ament_install'
[0.438s] colcon.colcon_core.package_identification Level 1 _identify(/home/alejandro/bookros2_ws/src/ThirdParty/pmb2_navigation/pmb2_navigation) by extensions ['colcon_pkg']
[0.438s] colcon.colcon_core.package_identification Level 1 _identify(/home/alejandro/bookros2_ws/src/ThirdParty/pmb2_navigation/pmb2_navigation) by extension 'colcon_pkg'
[0.438s] colcon.colcon_core.package_identification Level 1 _identify(/home/alejandro/bookros2_ws/src/ThirdParty/pmb2_navigation/pmb2_navigation) by extensions ['colcon_meta']
[0.438s] colcon.colcon_core.package_identification Level 1 _identify(/home/alejandro/bookros2_ws/src/ThirdParty/pmb2_navigation/pmb2_navigation) by extension 'colcon_meta'
[0.438s] colcon.colcon_core.package_identification Level 1 _identify(/home/alejandro/bookros2_ws/src/ThirdParty/pmb2_navigation/pmb2_navigation) by extensions ['ros']
[0.438s] colcon.colcon_core.package_identification Level 1 _identify(/home/alejandro/bookros2_ws/src/ThirdParty/pmb2_navigation/pmb2_navigation) by extension 'ros'
[0.439s] colcon.colcon_core.package_identification DEBUG Package '/home/alejandro/bookros2_ws/src/ThirdParty/pmb2_navigation/pmb2_navigation' with type 'ros.ament_cmake' and name 'pmb2_navigation'
[0.440s] colcon.colcon_core.package_identification Level 1 _identify(/home/alejandro/bookros2_ws/src/ThirdParty/pmb2_navigation/pmb2_rgbd_sensors) by extensions ['ignore', 'ignore_ament_install']
[0.440s] colcon.colcon_core.package_identification Level 1 _identify(/home/alejandro/bookros2_ws/src/ThirdParty/pmb2_navigation/pmb2_rgbd_sensors) by extension 'ignore'
[0.440s] colcon.colcon_core.package_identification Level 1 _identify(/home/alejandro/bookros2_ws/src/ThirdParty/pmb2_navigation/pmb2_rgbd_sensors) ignored
[0.441s] colcon.colcon_core.package_identification Level 1 _identify(/home/alejandro/bookros2_ws/src/ThirdParty/pmb2_robot) by extensions ['ignore', 'ignore_ament_install']
[0.441s] colcon.colcon_core.package_identification Level 1 _identify(/home/alejandro/bookros2_ws/src/ThirdParty/pmb2_robot) by extension 'ignore'
[0.442s] colcon.colcon_core.package_identification Level 1 _identify(/home/alejandro/bookros2_ws/src/ThirdParty/pmb2_robot) by extension 'ignore_ament_install'
[0.442s] colcon.colcon_core.package_identification Level 1 _identify(/home/alejandro/bookros2_ws/src/ThirdParty/pmb2_robot) by extensions ['colcon_pkg']
[0.442s] colcon.colcon_core.package_identification Level 1 _identify(/home/alejandro/bookros2_ws/src/ThirdParty/pmb2_robot) by extension 'colcon_pkg'
[0.442s] colcon.colcon_core.package_identification Level 1 _identify(/home/alejandro/bookros2_ws/src/ThirdParty/pmb2_robot) by extensions ['colcon_meta']
[0.442s] colcon.colcon_core.package_identification Level 1 _identify(/home/alejandro/bookros2_ws/src/ThirdParty/pmb2_robot) by extension 'colcon_meta'
[0.442s] colcon.colcon_core.package_identification Level 1 _identify(/home/alejandro/bookros2_ws/src/ThirdParty/pmb2_robot) by extensions ['ros']
[0.442s] colcon.colcon_core.package_identification Level 1 _identify(/home/alejandro/bookros2_ws/src/ThirdParty/pmb2_robot) by extension 'ros'
[0.442s] colcon.colcon_core.package_identification Level 1 _identify(/home/alejandro/bookros2_ws/src/ThirdParty/pmb2_robot) by extensions ['cmake', 'python']
[0.442s] colcon.colcon_core.package_identification Level 1 _identify(/home/alejandro/bookros2_ws/src/ThirdParty/pmb2_robot) by extension 'cmake'
[0.442s] colcon.colcon_core.package_identification Level 1 _identify(/home/alejandro/bookros2_ws/src/ThirdParty/pmb2_robot) by extension 'python'
[0.442s] colcon.colcon_core.package_identification Level 1 _identify(/home/alejandro/bookros2_ws/src/ThirdParty/pmb2_robot) by extensions ['python_setup_py']
[0.442s] colcon.colcon_core.package_identification Level 1 _identify(/home/alejandro/bookros2_ws/src/ThirdParty/pmb2_robot) by extension 'python_setup_py'
[0.443s] colcon.colcon_core.package_identification Level 1 _identify(/home/alejandro/bookros2_ws/src/ThirdParty/pmb2_robot/pmb2_bringup) by extensions ['ignore', 'ignore_ament_install']
[0.443s] colcon.colcon_core.package_identification Level 1 _identify(/home/alejandro/bookros2_ws/src/ThirdParty/pmb2_robot/pmb2_bringup) by extension 'ignore'
[0.443s] colcon.colcon_core.package_identification Level 1 _identify(/home/alejandro/bookros2_ws/src/ThirdParty/pmb2_robot/pmb2_bringup) by extension 'ignore_ament_install'
[0.443s] colcon.colcon_core.package_identification Level 1 _identify(/home/alejandro/bookros2_ws/src/ThirdParty/pmb2_robot/pmb2_bringup) by extensions ['colcon_pkg']
[0.443s] colcon.colcon_core.package_identification Level 1 _identify(/home/alejandro/bookros2_ws/src/ThirdParty/pmb2_robot/pmb2_bringup) by extension 'colcon_pkg'
[0.443s] colcon.colcon_core.package_identification Level 1 _identify(/home/alejandro/bookros2_ws/src/ThirdParty/pmb2_robot/pmb2_bringup) by extensions ['colcon_meta']
[0.443s] colcon.colcon_core.package_identification Level 1 _identify(/home/alejandro/bookros2_ws/src/ThirdParty/pmb2_robot/pmb2_bringup) by extension 'colcon_meta'
[0.443s] colcon.colcon_core.package_identification Level 1 _identify(/home/alejandro/bookros2_ws/src/ThirdParty/pmb2_robot/pmb2_bringup) by extensions ['ros']
[0.443s] colcon.colcon_core.package_identification Level 1 _identify(/home/alejandro/bookros2_ws/src/ThirdParty/pmb2_robot/pmb2_bringup) by extension 'ros'
[0.445s] colcon.colcon_core.package_identification DEBUG Package '/home/alejandro/bookros2_ws/src/ThirdParty/pmb2_robot/pmb2_bringup' with type 'ros.ament_cmake' and name 'pmb2_bringup'
[0.445s] colcon.colcon_core.package_identification Level 1 _identify(/home/alejandro/bookros2_ws/src/ThirdParty/pmb2_robot/pmb2_controller_configuration) by extensions ['ignore', 'ignore_ament_install']
[0.445s] colcon.colcon_core.package_identification Level 1 _identify(/home/alejandro/bookros2_ws/src/ThirdParty/pmb2_robot/pmb2_controller_configuration) by extension 'ignore'
[0.445s] colcon.colcon_core.package_identification Level 1 _identify(/home/alejandro/bookros2_ws/src/ThirdParty/pmb2_robot/pmb2_controller_configuration) by extension 'ignore_ament_install'
[0.446s] colcon.colcon_core.package_identification Level 1 _identify(/home/alejandro/bookros2_ws/src/ThirdParty/pmb2_robot/pmb2_controller_configuration) by extensions ['colcon_pkg']
[0.446s] colcon.colcon_core.package_identification Level 1 _identify(/home/alejandro/bookros2_ws/src/ThirdParty/pmb2_robot/pmb2_controller_configuration) by extension 'colcon_pkg'
[0.446s] colcon.colcon_core.package_identification Level 1 _identify(/home/alejandro/bookros2_ws/src/ThirdParty/pmb2_robot/pmb2_controller_configuration) by extensions ['colcon_meta']
[0.446s] colcon.colcon_core.package_identification Level 1 _identify(/home/alejandro/bookros2_ws/src/ThirdParty/pmb2_robot/pmb2_controller_configuration) by extension 'colcon_meta'
[0.446s] colcon.colcon_core.package_identification Level 1 _identify(/home/alejandro/bookros2_ws/src/ThirdParty/pmb2_robot/pmb2_controller_configuration) by extensions ['ros']
[0.446s] colcon.colcon_core.package_identification Level 1 _identify(/home/alejandro/bookros2_ws/src/ThirdParty/pmb2_robot/pmb2_controller_configuration) by extension 'ros'
[0.448s] colcon.colcon_core.package_identification DEBUG Package '/home/alejandro/bookros2_ws/src/ThirdParty/pmb2_robot/pmb2_controller_configuration' with type 'ros.ament_cmake' and name 'pmb2_controller_configuration'
[0.449s] colcon.colcon_core.package_identification Level 1 _identify(/home/alejandro/bookros2_ws/src/ThirdParty/pmb2_robot/pmb2_description) by extensions ['ignore', 'ignore_ament_install']
[0.449s] colcon.colcon_core.package_identification Level 1 _identify(/home/alejandro/bookros2_ws/src/ThirdParty/pmb2_robot/pmb2_description) by extension 'ignore'
[0.449s] colcon.colcon_core.package_identification Level 1 _identify(/home/alejandro/bookros2_ws/src/ThirdParty/pmb2_robot/pmb2_description) by extension 'ignore_ament_install'
[0.449s] colcon.colcon_core.package_identification Level 1 _identify(/home/alejandro/bookros2_ws/src/ThirdParty/pmb2_robot/pmb2_description) by extensions ['colcon_pkg']
[0.449s] colcon.colcon_core.package_identification Level 1 _identify(/home/alejandro/bookros2_ws/src/ThirdParty/pmb2_robot/pmb2_description) by extension 'colcon_pkg'
[0.450s] colcon.colcon_core.package_identification Level 1 _identify(/home/alejandro/bookros2_ws/src/ThirdParty/pmb2_robot/pmb2_description) by extensions ['colcon_meta']
[0.450s] colcon.colcon_core.package_identification Level 1 _identify(/home/alejandro/bookros2_ws/src/ThirdParty/pmb2_robot/pmb2_description) by extension 'colcon_meta'
[0.450s] colcon.colcon_core.package_identification Level 1 _identify(/home/alejandro/bookros2_ws/src/ThirdParty/pmb2_robot/pmb2_description) by extensions ['ros']
[0.450s] colcon.colcon_core.package_identification Level 1 _identify(/home/alejandro/bookros2_ws/src/ThirdParty/pmb2_robot/pmb2_description) by extension 'ros'
[0.452s] colcon.colcon_core.package_identification DEBUG Package '/home/alejandro/bookros2_ws/src/ThirdParty/pmb2_robot/pmb2_description' with type 'ros.ament_cmake' and name 'pmb2_description'
[0.452s] colcon.colcon_core.package_identification Level 1 _identify(/home/alejandro/bookros2_ws/src/ThirdParty/pmb2_robot/pmb2_robot) by extensions ['ignore', 'ignore_ament_install']
[0.452s] colcon.colcon_core.package_identification Level 1 _identify(/home/alejandro/bookros2_ws/src/ThirdParty/pmb2_robot/pmb2_robot) by extension 'ignore'
[0.452s] colcon.colcon_core.package_identification Level 1 _identify(/home/alejandro/bookros2_ws/src/ThirdParty/pmb2_robot/pmb2_robot) by extension 'ignore_ament_install'
[0.452s] colcon.colcon_core.package_identification Level 1 _identify(/home/alejandro/bookros2_ws/src/ThirdParty/pmb2_robot/pmb2_robot) by extensions ['colcon_pkg']
[0.452s] colcon.colcon_core.package_identification Level 1 _identify(/home/alejandro/bookros2_ws/src/ThirdParty/pmb2_robot/pmb2_robot) by extension 'colcon_pkg'
[0.452s] colcon.colcon_core.package_identification Level 1 _identify(/home/alejandro/bookros2_ws/src/ThirdParty/pmb2_robot/pmb2_robot) by extensions ['colcon_meta']
[0.453s] colcon.colcon_core.package_identification Level 1 _identify(/home/alejandro/bookros2_ws/src/ThirdParty/pmb2_robot/pmb2_robot) by extension 'colcon_meta'
[0.453s] colcon.colcon_core.package_identification Level 1 _identify(/home/alejandro/bookros2_ws/src/ThirdParty/pmb2_robot/pmb2_robot) by extensions ['ros']
[0.453s] colcon.colcon_core.package_identification Level 1 _identify(/home/alejandro/bookros2_ws/src/ThirdParty/pmb2_robot/pmb2_robot) by extension 'ros'
[0.454s] colcon.colcon_core.package_identification DEBUG Package '/home/alejandro/bookros2_ws/src/ThirdParty/pmb2_robot/pmb2_robot' with type 'ros.ament_cmake' and name 'pmb2_robot'
[0.454s] colcon.colcon_core.package_identification Level 1 _identify(/home/alejandro/bookros2_ws/src/ThirdParty/tiago_moveit_config) by extensions ['ignore', 'ignore_ament_install']
[0.454s] colcon.colcon_core.package_identification Level 1 _identify(/home/alejandro/bookros2_ws/src/ThirdParty/tiago_moveit_config) by extension 'ignore'
[0.454s] colcon.colcon_core.package_identification Level 1 _identify(/home/alejandro/bookros2_ws/src/ThirdParty/tiago_moveit_config) by extension 'ignore_ament_install'
[0.454s] colcon.colcon_core.package_identification Level 1 _identify(/home/alejandro/bookros2_ws/src/ThirdParty/tiago_moveit_config) by extensions ['colcon_pkg']
[0.454s] colcon.colcon_core.package_identification Level 1 _identify(/home/alejandro/bookros2_ws/src/ThirdParty/tiago_moveit_config) by extension 'colcon_pkg'
[0.454s] colcon.colcon_core.package_identification Level 1 _identify(/home/alejandro/bookros2_ws/src/ThirdParty/tiago_moveit_config) by extensions ['colcon_meta']
[0.454s] colcon.colcon_core.package_identification Level 1 _identify(/home/alejandro/bookros2_ws/src/ThirdParty/tiago_moveit_config) by extension 'colcon_meta'
[0.454s] colcon.colcon_core.package_identification Level 1 _identify(/home/alejandro/bookros2_ws/src/ThirdParty/tiago_moveit_config) by extensions ['ros']
[0.455s] colcon.colcon_core.package_identification Level 1 _identify(/home/alejandro/bookros2_ws/src/ThirdParty/tiago_moveit_config) by extension 'ros'
[0.457s] colcon.colcon_core.package_identification DEBUG Package '/home/alejandro/bookros2_ws/src/ThirdParty/tiago_moveit_config' with type 'ros.ament_cmake' and name 'tiago_moveit_config'
[0.457s] colcon.colcon_core.package_identification Level 1 _identify(/home/alejandro/bookros2_ws/src/ThirdParty/tiago_navigation) by extensions ['ignore', 'ignore_ament_install']
[0.458s] colcon.colcon_core.package_identification Level 1 _identify(/home/alejandro/bookros2_ws/src/ThirdParty/tiago_navigation) by extension 'ignore'
[0.458s] colcon.colcon_core.package_identification Level 1 _identify(/home/alejandro/bookros2_ws/src/ThirdParty/tiago_navigation) by extension 'ignore_ament_install'
[0.458s] colcon.colcon_core.package_identification Level 1 _identify(/home/alejandro/bookros2_ws/src/ThirdParty/tiago_navigation) by extensions ['colcon_pkg']
[0.458s] colcon.colcon_core.package_identification Level 1 _identify(/home/alejandro/bookros2_ws/src/ThirdParty/tiago_navigation) by extension 'colcon_pkg'
[0.458s] colcon.colcon_core.package_identification Level 1 _identify(/home/alejandro/bookros2_ws/src/ThirdParty/tiago_navigation) by extensions ['colcon_meta']
[0.458s] colcon.colcon_core.package_identification Level 1 _identify(/home/alejandro/bookros2_ws/src/ThirdParty/tiago_navigation) by extension 'colcon_meta'
[0.458s] colcon.colcon_core.package_identification Level 1 _identify(/home/alejandro/bookros2_ws/src/ThirdParty/tiago_navigation) by extensions ['ros']
[0.458s] colcon.colcon_core.package_identification Level 1 _identify(/home/alejandro/bookros2_ws/src/ThirdParty/tiago_navigation) by extension 'ros'
[0.458s] colcon.colcon_core.package_identification Level 1 _identify(/home/alejandro/bookros2_ws/src/ThirdParty/tiago_navigation) by extensions ['cmake', 'python']
[0.458s] colcon.colcon_core.package_identification Level 1 _identify(/home/alejandro/bookros2_ws/src/ThirdParty/tiago_navigation) by extension 'cmake'
[0.459s] colcon.colcon_core.package_identification Level 1 _identify(/home/alejandro/bookros2_ws/src/ThirdParty/tiago_navigation) by extension 'python'
[0.459s] colcon.colcon_core.package_identification Level 1 _identify(/home/alejandro/bookros2_ws/src/ThirdParty/tiago_navigation) by extensions ['python_setup_py']
[0.459s] colcon.colcon_core.package_identification Level 1 _identify(/home/alejandro/bookros2_ws/src/ThirdParty/tiago_navigation) by extension 'python_setup_py'
[0.459s] colcon.colcon_core.package_identification Level 1 _identify(/home/alejandro/bookros2_ws/src/ThirdParty/tiago_navigation/tiago_2dnav) by extensions ['ignore', 'ignore_ament_install']
[0.459s] colcon.colcon_core.package_identification Level 1 _identify(/home/alejandro/bookros2_ws/src/ThirdParty/tiago_navigation/tiago_2dnav) by extension 'ignore'
[0.459s] colcon.colcon_core.package_identification Level 1 _identify(/home/alejandro/bookros2_ws/src/ThirdParty/tiago_navigation/tiago_2dnav) by extension 'ignore_ament_install'
[0.459s] colcon.colcon_core.package_identification Level 1 _identify(/home/alejandro/bookros2_ws/src/ThirdParty/tiago_navigation/tiago_2dnav) by extensions ['colcon_pkg']
[0.459s] colcon.colcon_core.package_identification Level 1 _identify(/home/alejandro/bookros2_ws/src/ThirdParty/tiago_navigation/tiago_2dnav) by extension 'colcon_pkg'
[0.459s] colcon.colcon_core.package_identification Level 1 _identify(/home/alejandro/bookros2_ws/src/ThirdParty/tiago_navigation/tiago_2dnav) by extensions ['colcon_meta']
[0.459s] colcon.colcon_core.package_identification Level 1 _identify(/home/alejandro/bookros2_ws/src/ThirdParty/tiago_navigation/tiago_2dnav) by extension 'colcon_meta'
[0.459s] colcon.colcon_core.package_identification Level 1 _identify(/home/alejandro/bookros2_ws/src/ThirdParty/tiago_navigation/tiago_2dnav) by extensions ['ros']
[0.460s] colcon.colcon_core.package_identification Level 1 _identify(/home/alejandro/bookros2_ws/src/ThirdParty/tiago_navigation/tiago_2dnav) by extension 'ros'
[0.463s] colcon.colcon_core.package_identification DEBUG Package '/home/alejandro/bookros2_ws/src/ThirdParty/tiago_navigation/tiago_2dnav' with type 'ros.ament_cmake' and name 'tiago_2dnav'
[0.463s] colcon.colcon_core.package_identification Level 1 _identify(/home/alejandro/bookros2_ws/src/ThirdParty/tiago_navigation/tiago_laser_sensors) by extensions ['ignore', 'ignore_ament_install']
[0.463s] colcon.colcon_core.package_identification Level 1 _identify(/home/alejandro/bookros2_ws/src/ThirdParty/tiago_navigation/tiago_laser_sensors) by extension 'ignore'
[0.464s] colcon.colcon_core.package_identification Level 1 _identify(/home/alejandro/bookros2_ws/src/ThirdParty/tiago_navigation/tiago_laser_sensors) by extension 'ignore_ament_install'
[0.464s] colcon.colcon_core.package_identification Level 1 _identify(/home/alejandro/bookros2_ws/src/ThirdParty/tiago_navigation/tiago_laser_sensors) by extensions ['colcon_pkg']
[0.464s] colcon.colcon_core.package_identification Level 1 _identify(/home/alejandro/bookros2_ws/src/ThirdParty/tiago_navigation/tiago_laser_sensors) by extension 'colcon_pkg'
[0.464s] colcon.colcon_core.package_identification Level 1 _identify(/home/alejandro/bookros2_ws/src/ThirdParty/tiago_navigation/tiago_laser_sensors) by extensions ['colcon_meta']
[0.464s] colcon.colcon_core.package_identification Level 1 _identify(/home/alejandro/bookros2_ws/src/ThirdParty/tiago_navigation/tiago_laser_sensors) by extension 'colcon_meta'
[0.464s] colcon.colcon_core.package_identification Level 1 _identify(/home/alejandro/bookros2_ws/src/ThirdParty/tiago_navigation/tiago_laser_sensors) by extensions ['ros']
[0.465s] colcon.colcon_core.package_identification Level 1 _identify(/home/alejandro/bookros2_ws/src/ThirdParty/tiago_navigation/tiago_laser_sensors) by extension 'ros'
[0.469s] colcon.colcon_core.package_identification DEBUG Package '/home/alejandro/bookros2_ws/src/ThirdParty/tiago_navigation/tiago_laser_sensors' with type 'ros.ament_cmake' and name 'tiago_laser_sensors'
[0.470s] colcon.colcon_core.package_identification Level 1 _identify(/home/alejandro/bookros2_ws/src/ThirdParty/tiago_navigation/tiago_navigation) by extensions ['ignore', 'ignore_ament_install']
[0.471s] colcon.colcon_core.package_identification Level 1 _identify(/home/alejandro/bookros2_ws/src/ThirdParty/tiago_navigation/tiago_navigation) by extension 'ignore'
[0.471s] colcon.colcon_core.package_identification Level 1 _identify(/home/alejandro/bookros2_ws/src/ThirdParty/tiago_navigation/tiago_navigation) by extension 'ignore_ament_install'
[0.472s] colcon.colcon_core.package_identification Level 1 _identify(/home/alejandro/bookros2_ws/src/ThirdParty/tiago_navigation/tiago_navigation) by extensions ['colcon_pkg']
[0.472s] colcon.colcon_core.package_identification Level 1 _identify(/home/alejandro/bookros2_ws/src/ThirdParty/tiago_navigation/tiago_navigation) by extension 'colcon_pkg'
[0.472s] colcon.colcon_core.package_identification Level 1 _identify(/home/alejandro/bookros2_ws/src/ThirdParty/tiago_navigation/tiago_navigation) by extensions ['colcon_meta']
[0.472s] colcon.colcon_core.package_identification Level 1 _identify(/home/alejandro/bookros2_ws/src/ThirdParty/tiago_navigation/tiago_navigation) by extension 'colcon_meta'
[0.472s] colcon.colcon_core.package_identification Level 1 _identify(/home/alejandro/bookros2_ws/src/ThirdParty/tiago_navigation/tiago_navigation) by extensions ['ros']
[0.472s] colcon.colcon_core.package_identification Level 1 _identify(/home/alejandro/bookros2_ws/src/ThirdParty/tiago_navigation/tiago_navigation) by extension 'ros'
[0.473s] colcon.colcon_core.package_identification DEBUG Package '/home/alejandro/bookros2_ws/src/ThirdParty/tiago_navigation/tiago_navigation' with type 'ros.ament_cmake' and name 'tiago_navigation'
[0.473s] colcon.colcon_core.package_identification Level 1 _identify(/home/alejandro/bookros2_ws/src/ThirdParty/tiago_robot) by extensions ['ignore', 'ignore_ament_install']
[0.474s] colcon.colcon_core.package_identification Level 1 _identify(/home/alejandro/bookros2_ws/src/ThirdParty/tiago_robot) by extension 'ignore'
[0.474s] colcon.colcon_core.package_identification Level 1 _identify(/home/alejandro/bookros2_ws/src/ThirdParty/tiago_robot) by extension 'ignore_ament_install'
[0.474s] colcon.colcon_core.package_identification Level 1 _identify(/home/alejandro/bookros2_ws/src/ThirdParty/tiago_robot) by extensions ['colcon_pkg']
[0.474s] colcon.colcon_core.package_identification Level 1 _identify(/home/alejandro/bookros2_ws/src/ThirdParty/tiago_robot) by extension 'colcon_pkg'
[0.474s] colcon.colcon_core.package_identification Level 1 _identify(/home/alejandro/bookros2_ws/src/ThirdParty/tiago_robot) by extensions ['colcon_meta']
[0.474s] colcon.colcon_core.package_identification Level 1 _identify(/home/alejandro/bookros2_ws/src/ThirdParty/tiago_robot) by extension 'colcon_meta'
[0.474s] colcon.colcon_core.package_identification Level 1 _identify(/home/alejandro/bookros2_ws/src/ThirdParty/tiago_robot) by extensions ['ros']
[0.474s] colcon.colcon_core.package_identification Level 1 _identify(/home/alejandro/bookros2_ws/src/ThirdParty/tiago_robot) by extension 'ros'
[0.474s] colcon.colcon_core.package_identification Level 1 _identify(/home/alejandro/bookros2_ws/src/ThirdParty/tiago_robot) by extensions ['cmake', 'python']
[0.474s] colcon.colcon_core.package_identification Level 1 _identify(/home/alejandro/bookros2_ws/src/ThirdParty/tiago_robot) by extension 'cmake'
[0.474s] colcon.colcon_core.package_identification Level 1 _identify(/home/alejandro/bookros2_ws/src/ThirdParty/tiago_robot) by extension 'python'
[0.475s] colcon.colcon_core.package_identification Level 1 _identify(/home/alejandro/bookros2_ws/src/ThirdParty/tiago_robot) by extensions ['python_setup_py']
[0.475s] colcon.colcon_core.package_identification Level 1 _identify(/home/alejandro/bookros2_ws/src/ThirdParty/tiago_robot) by extension 'python_setup_py'
[0.475s] colcon.colcon_core.package_identification Level 1 _identify(/home/alejandro/bookros2_ws/src/ThirdParty/tiago_robot/tiago_bringup) by extensions ['ignore', 'ignore_ament_install']
[0.475s] colcon.colcon_core.package_identification Level 1 _identify(/home/alejandro/bookros2_ws/src/ThirdParty/tiago_robot/tiago_bringup) by extension 'ignore'
[0.475s] colcon.colcon_core.package_identification Level 1 _identify(/home/alejandro/bookros2_ws/src/ThirdParty/tiago_robot/tiago_bringup) by extension 'ignore_ament_install'
[0.475s] colcon.colcon_core.package_identification Level 1 _identify(/home/alejandro/bookros2_ws/src/ThirdParty/tiago_robot/tiago_bringup) by extensions ['colcon_pkg']
[0.475s] colcon.colcon_core.package_identification Level 1 _identify(/home/alejandro/bookros2_ws/src/ThirdParty/tiago_robot/tiago_bringup) by extension 'colcon_pkg'
[0.475s] colcon.colcon_core.package_identification Level 1 _identify(/home/alejandro/bookros2_ws/src/ThirdParty/tiago_robot/tiago_bringup) by extensions ['colcon_meta']
[0.476s] colcon.colcon_core.package_identification Level 1 _identify(/home/alejandro/bookros2_ws/src/ThirdParty/tiago_robot/tiago_bringup) by extension 'colcon_meta'
[0.476s] colcon.colcon_core.package_identification Level 1 _identify(/home/alejandro/bookros2_ws/src/ThirdParty/tiago_robot/tiago_bringup) by extensions ['ros']
[0.476s] colcon.colcon_core.package_identification Level 1 _identify(/home/alejandro/bookros2_ws/src/ThirdParty/tiago_robot/tiago_bringup) by extension 'ros'
[0.478s] colcon.colcon_core.package_identification DEBUG Package '/home/alejandro/bookros2_ws/src/ThirdParty/tiago_robot/tiago_bringup' with type 'ros.ament_cmake' and name 'tiago_bringup'
[0.478s] colcon.colcon_core.package_identification Level 1 _identify(/home/alejandro/bookros2_ws/src/ThirdParty/tiago_robot/tiago_controller_configuration) by extensions ['ignore', 'ignore_ament_install']
[0.478s] colcon.colcon_core.package_identification Level 1 _identify(/home/alejandro/bookros2_ws/src/ThirdParty/tiago_robot/tiago_controller_configuration) by extension 'ignore'
[0.478s] colcon.colcon_core.package_identification Level 1 _identify(/home/alejandro/bookros2_ws/src/ThirdParty/tiago_robot/tiago_controller_configuration) by extension 'ignore_ament_install'
[0.478s] colcon.colcon_core.package_identification Level 1 _identify(/home/alejandro/bookros2_ws/src/ThirdParty/tiago_robot/tiago_controller_configuration) by extensions ['colcon_pkg']
[0.478s] colcon.colcon_core.package_identification Level 1 _identify(/home/alejandro/bookros2_ws/src/ThirdParty/tiago_robot/tiago_controller_configuration) by extension 'colcon_pkg'
[0.478s] colcon.colcon_core.package_identification Level 1 _identify(/home/alejandro/bookros2_ws/src/ThirdParty/tiago_robot/tiago_controller_configuration) by extensions ['colcon_meta']
[0.478s] colcon.colcon_core.package_identification Level 1 _identify(/home/alejandro/bookros2_ws/src/ThirdParty/tiago_robot/tiago_controller_configuration) by extension 'colcon_meta'
[0.478s] colcon.colcon_core.package_identification Level 1 _identify(/home/alejandro/bookros2_ws/src/ThirdParty/tiago_robot/tiago_controller_configuration) by extensions ['ros']
[0.478s] colcon.colcon_core.package_identification Level 1 _identify(/home/alejandro/bookros2_ws/src/ThirdParty/tiago_robot/tiago_controller_configuration) by extension 'ros'
[0.482s] colcon.colcon_core.package_identification DEBUG Package '/home/alejandro/bookros2_ws/src/ThirdParty/tiago_robot/tiago_controller_configuration' with type 'ros.ament_cmake' and name 'tiago_controller_configuration'
[0.483s] colcon.colcon_core.package_identification Level 1 _identify(/home/alejandro/bookros2_ws/src/ThirdParty/tiago_robot/tiago_description) by extensions ['ignore', 'ignore_ament_install']
[0.483s] colcon.colcon_core.package_identification Level 1 _identify(/home/alejandro/bookros2_ws/src/ThirdParty/tiago_robot/tiago_description) by extension 'ignore'
[0.483s] colcon.colcon_core.package_identification Level 1 _identify(/home/alejandro/bookros2_ws/src/ThirdParty/tiago_robot/tiago_description) by extension 'ignore_ament_install'
[0.483s] colcon.colcon_core.package_identification Level 1 _identify(/home/alejandro/bookros2_ws/src/ThirdParty/tiago_robot/tiago_description) by extensions ['colcon_pkg']
[0.483s] colcon.colcon_core.package_identification Level 1 _identify(/home/alejandro/bookros2_ws/src/ThirdParty/tiago_robot/tiago_description) by extension 'colcon_pkg'
[0.484s] colcon.colcon_core.package_identification Level 1 _identify(/home/alejandro/bookros2_ws/src/ThirdParty/tiago_robot/tiago_description) by extensions ['colcon_meta']
[0.484s] colcon.colcon_core.package_identification Level 1 _identify(/home/alejandro/bookros2_ws/src/ThirdParty/tiago_robot/tiago_description) by extension 'colcon_meta'
[0.484s] colcon.colcon_core.package_identification Level 1 _identify(/home/alejandro/bookros2_ws/src/ThirdParty/tiago_robot/tiago_description) by extensions ['ros']
[0.484s] colcon.colcon_core.package_identification Level 1 _identify(/home/alejandro/bookros2_ws/src/ThirdParty/tiago_robot/tiago_description) by extension 'ros'
[0.488s] colcon.colcon_core.package_identification DEBUG Package '/home/alejandro/bookros2_ws/src/ThirdParty/tiago_robot/tiago_description' with type 'ros.ament_cmake' and name 'tiago_description'
[0.489s] colcon.colcon_core.package_identification Level 1 _identify(/home/alejandro/bookros2_ws/src/ThirdParty/tiago_robot/tiago_robot) by extensions ['ignore', 'ignore_ament_install']
[0.489s] colcon.colcon_core.package_identification Level 1 _identify(/home/alejandro/bookros2_ws/src/ThirdParty/tiago_robot/tiago_robot) by extension 'ignore'
[0.489s] colcon.colcon_core.package_identification Level 1 _identify(/home/alejandro/bookros2_ws/src/ThirdParty/tiago_robot/tiago_robot) by extension 'ignore_ament_install'
[0.489s] colcon.colcon_core.package_identification Level 1 _identify(/home/alejandro/bookros2_ws/src/ThirdParty/tiago_robot/tiago_robot) by extensions ['colcon_pkg']
[0.489s] colcon.colcon_core.package_identification Level 1 _identify(/home/alejandro/bookros2_ws/src/ThirdParty/tiago_robot/tiago_robot) by extension 'colcon_pkg'
[0.489s] colcon.colcon_core.package_identification Level 1 _identify(/home/alejandro/bookros2_ws/src/ThirdParty/tiago_robot/tiago_robot) by extensions ['colcon_meta']
[0.489s] colcon.colcon_core.package_identification Level 1 _identify(/home/alejandro/bookros2_ws/src/ThirdParty/tiago_robot/tiago_robot) by extension 'colcon_meta'
[0.490s] colcon.colcon_core.package_identification Level 1 _identify(/home/alejandro/bookros2_ws/src/ThirdParty/tiago_robot/tiago_robot) by extensions ['ros']
[0.490s] colcon.colcon_core.package_identification Level 1 _identify(/home/alejandro/bookros2_ws/src/ThirdParty/tiago_robot/tiago_robot) by extension 'ros'
[0.492s] colcon.colcon_core.package_identification DEBUG Package '/home/alejandro/bookros2_ws/src/ThirdParty/tiago_robot/tiago_robot' with type 'ros.ament_cmake' and name 'tiago_robot'
[0.492s] colcon.colcon_core.package_identification Level 1 _identify(/home/alejandro/bookros2_ws/src/ThirdParty/tiago_simulation) by extensions ['ignore', 'ignore_ament_install']
[0.492s] colcon.colcon_core.package_identification Level 1 _identify(/home/alejandro/bookros2_ws/src/ThirdParty/tiago_simulation) by extension 'ignore'
[0.493s] colcon.colcon_core.package_identification Level 1 _identify(/home/alejandro/bookros2_ws/src/ThirdParty/tiago_simulation) by extension 'ignore_ament_install'
[0.493s] colcon.colcon_core.package_identification Level 1 _identify(/home/alejandro/bookros2_ws/src/ThirdParty/tiago_simulation) by extensions ['colcon_pkg']
[0.493s] colcon.colcon_core.package_identification Level 1 _identify(/home/alejandro/bookros2_ws/src/ThirdParty/tiago_simulation) by extension 'colcon_pkg'
[0.493s] colcon.colcon_core.package_identification Level 1 _identify(/home/alejandro/bookros2_ws/src/ThirdParty/tiago_simulation) by extensions ['colcon_meta']
[0.493s] colcon.colcon_core.package_identification Level 1 _identify(/home/alejandro/bookros2_ws/src/ThirdParty/tiago_simulation) by extension 'colcon_meta'
[0.493s] colcon.colcon_core.package_identification Level 1 _identify(/home/alejandro/bookros2_ws/src/ThirdParty/tiago_simulation) by extensions ['ros']
[0.494s] colcon.colcon_core.package_identification Level 1 _identify(/home/alejandro/bookros2_ws/src/ThirdParty/tiago_simulation) by extension 'ros'
[0.494s] colcon.colcon_core.package_identification Level 1 _identify(/home/alejandro/bookros2_ws/src/ThirdParty/tiago_simulation) by extensions ['cmake', 'python']
[0.494s] colcon.colcon_core.package_identification Level 1 _identify(/home/alejandro/bookros2_ws/src/ThirdParty/tiago_simulation) by extension 'cmake'
[0.495s] colcon.colcon_core.package_identification Level 1 _identify(/home/alejandro/bookros2_ws/src/ThirdParty/tiago_simulation) by extension 'python'
[0.495s] colcon.colcon_core.package_identification Level 1 _identify(/home/alejandro/bookros2_ws/src/ThirdParty/tiago_simulation) by extensions ['python_setup_py']
[0.495s] colcon.colcon_core.package_identification Level 1 _identify(/home/alejandro/bookros2_ws/src/ThirdParty/tiago_simulation) by extension 'python_setup_py'
[0.495s] colcon.colcon_core.package_identification Level 1 _identify(/home/alejandro/bookros2_ws/src/ThirdParty/tiago_simulation/doc) by extensions ['ignore', 'ignore_ament_install']
[0.495s] colcon.colcon_core.package_identification Level 1 _identify(/home/alejandro/bookros2_ws/src/ThirdParty/tiago_simulation/doc) by extension 'ignore'
[0.495s] colcon.colcon_core.package_identification Level 1 _identify(/home/alejandro/bookros2_ws/src/ThirdParty/tiago_simulation/doc) by extension 'ignore_ament_install'
[0.495s] colcon.colcon_core.package_identification Level 1 _identify(/home/alejandro/bookros2_ws/src/ThirdParty/tiago_simulation/doc) by extensions ['colcon_pkg']
[0.495s] colcon.colcon_core.package_identification Level 1 _identify(/home/alejandro/bookros2_ws/src/ThirdParty/tiago_simulation/doc) by extension 'colcon_pkg'
[0.495s] colcon.colcon_core.package_identification Level 1 _identify(/home/alejandro/bookros2_ws/src/ThirdParty/tiago_simulation/doc) by extensions ['colcon_meta']
[0.495s] colcon.colcon_core.package_identification Level 1 _identify(/home/alejandro/bookros2_ws/src/ThirdParty/tiago_simulation/doc) by extension 'colcon_meta'
[0.496s] colcon.colcon_core.package_identification Level 1 _identify(/home/alejandro/bookros2_ws/src/ThirdParty/tiago_simulation/doc) by extensions ['ros']
[0.496s] colcon.colcon_core.package_identification Level 1 _identify(/home/alejandro/bookros2_ws/src/ThirdParty/tiago_simulation/doc) by extension 'ros'
[0.496s] colcon.colcon_core.package_identification Level 1 _identify(/home/alejandro/bookros2_ws/src/ThirdParty/tiago_simulation/doc) by extensions ['cmake', 'python']
[0.496s] colcon.colcon_core.package_identification Level 1 _identify(/home/alejandro/bookros2_ws/src/ThirdParty/tiago_simulation/doc) by extension 'cmake'
[0.496s] colcon.colcon_core.package_identification Level 1 _identify(/home/alejandro/bookros2_ws/src/ThirdParty/tiago_simulation/doc) by extension 'python'
[0.496s] colcon.colcon_core.package_identification Level 1 _identify(/home/alejandro/bookros2_ws/src/ThirdParty/tiago_simulation/doc) by extensions ['python_setup_py']
[0.496s] colcon.colcon_core.package_identification Level 1 _identify(/home/alejandro/bookros2_ws/src/ThirdParty/tiago_simulation/doc) by extension 'python_setup_py'
[0.497s] colcon.colcon_core.package_identification Level 1 _identify(/home/alejandro/bookros2_ws/src/ThirdParty/tiago_simulation/doc/media) by extensions ['ignore', 'ignore_ament_install']
[0.497s] colcon.colcon_core.package_identification Level 1 _identify(/home/alejandro/bookros2_ws/src/ThirdParty/tiago_simulation/doc/media) by extension 'ignore'
[0.497s] colcon.colcon_core.package_identification Level 1 _identify(/home/alejandro/bookros2_ws/src/ThirdParty/tiago_simulation/doc/media) by extension 'ignore_ament_install'
[0.497s] colcon.colcon_core.package_identification Level 1 _identify(/home/alejandro/bookros2_ws/src/ThirdParty/tiago_simulation/doc/media) by extensions ['colcon_pkg']
[0.498s] colcon.colcon_core.package_identification Level 1 _identify(/home/alejandro/bookros2_ws/src/ThirdParty/tiago_simulation/doc/media) by extension 'colcon_pkg'
[0.498s] colcon.colcon_core.package_identification Level 1 _identify(/home/alejandro/bookros2_ws/src/ThirdParty/tiago_simulation/doc/media) by extensions ['colcon_meta']
[0.498s] colcon.colcon_core.package_identification Level 1 _identify(/home/alejandro/bookros2_ws/src/ThirdParty/tiago_simulation/doc/media) by extension 'colcon_meta'
[0.498s] colcon.colcon_core.package_identification Level 1 _identify(/home/alejandro/bookros2_ws/src/ThirdParty/tiago_simulation/doc/media) by extensions ['ros']
[0.498s] colcon.colcon_core.package_identification Level 1 _identify(/home/alejandro/bookros2_ws/src/ThirdParty/tiago_simulation/doc/media) by extension 'ros'
[0.498s] colcon.colcon_core.package_identification Level 1 _identify(/home/alejandro/bookros2_ws/src/ThirdParty/tiago_simulation/doc/media) by extensions ['cmake', 'python']
[0.498s] colcon.colcon_core.package_identification Level 1 _identify(/home/alejandro/bookros2_ws/src/ThirdParty/tiago_simulation/doc/media) by extension 'cmake'
[0.498s] colcon.colcon_core.package_identification Level 1 _identify(/home/alejandro/bookros2_ws/src/ThirdParty/tiago_simulation/doc/media) by extension 'python'
[0.498s] colcon.colcon_core.package_identification Level 1 _identify(/home/alejandro/bookros2_ws/src/ThirdParty/tiago_simulation/doc/media) by extensions ['python_setup_py']
[0.498s] colcon.colcon_core.package_identification Level 1 _identify(/home/alejandro/bookros2_ws/src/ThirdParty/tiago_simulation/doc/media) by extension 'python_setup_py'
[0.498s] colcon.colcon_core.package_identification Level 1 _identify(/home/alejandro/bookros2_ws/src/ThirdParty/tiago_simulation/tiago_gazebo) by extensions ['ignore', 'ignore_ament_install']
[0.499s] colcon.colcon_core.package_identification Level 1 _identify(/home/alejandro/bookros2_ws/src/ThirdParty/tiago_simulation/tiago_gazebo) by extension 'ignore'
[0.499s] colcon.colcon_core.package_identification Level 1 _identify(/home/alejandro/bookros2_ws/src/ThirdParty/tiago_simulation/tiago_gazebo) by extension 'ignore_ament_install'
[0.499s] colcon.colcon_core.package_identification Level 1 _identify(/home/alejandro/bookros2_ws/src/ThirdParty/tiago_simulation/tiago_gazebo) by extensions ['colcon_pkg']
[0.499s] colcon.colcon_core.package_identification Level 1 _identify(/home/alejandro/bookros2_ws/src/ThirdParty/tiago_simulation/tiago_gazebo) by extension 'colcon_pkg'
[0.499s] colcon.colcon_core.package_identification Level 1 _identify(/home/alejandro/bookros2_ws/src/ThirdParty/tiago_simulation/tiago_gazebo) by extensions ['colcon_meta']
[0.499s] colcon.colcon_core.package_identification Level 1 _identify(/home/alejandro/bookros2_ws/src/ThirdParty/tiago_simulation/tiago_gazebo) by extension 'colcon_meta'
[0.499s] colcon.colcon_core.package_identification Level 1 _identify(/home/alejandro/bookros2_ws/src/ThirdParty/tiago_simulation/tiago_gazebo) by extensions ['ros']
[0.499s] colcon.colcon_core.package_identification Level 1 _identify(/home/alejandro/bookros2_ws/src/ThirdParty/tiago_simulation/tiago_gazebo) by extension 'ros'
[0.500s] colcon.colcon_core.package_identification DEBUG Package '/home/alejandro/bookros2_ws/src/ThirdParty/tiago_simulation/tiago_gazebo' with type 'ros.ament_cmake' and name 'tiago_gazebo'
[0.501s] colcon.colcon_core.package_identification Level 1 _identify(/home/alejandro/bookros2_ws/src/ThirdParty/tiago_simulation/tiago_multi) by extensions ['ignore', 'ignore_ament_install']
[0.501s] colcon.colcon_core.package_identification Level 1 _identify(/home/alejandro/bookros2_ws/src/ThirdParty/tiago_simulation/tiago_multi) by extension 'ignore'
[0.502s] colcon.colcon_core.package_identification Level 1 _identify(/home/alejandro/bookros2_ws/src/ThirdParty/tiago_simulation/tiago_multi) ignored
[0.502s] colcon.colcon_core.package_identification Level 1 _identify(/home/alejandro/bookros2_ws/src/ThirdParty/tiago_simulation/tiago_simulation) by extensions ['ignore', 'ignore_ament_install']
[0.503s] colcon.colcon_core.package_identification Level 1 _identify(/home/alejandro/bookros2_ws/src/ThirdParty/tiago_simulation/tiago_simulation) by extension 'ignore'
[0.503s] colcon.colcon_core.package_identification Level 1 _identify(/home/alejandro/bookros2_ws/src/ThirdParty/tiago_simulation/tiago_simulation) by extension 'ignore_ament_install'
[0.503s] colcon.colcon_core.package_identification Level 1 _identify(/home/alejandro/bookros2_ws/src/ThirdParty/tiago_simulation/tiago_simulation) by extensions ['colcon_pkg']
[0.503s] colcon.colcon_core.package_identification Level 1 _identify(/home/alejandro/bookros2_ws/src/ThirdParty/tiago_simulation/tiago_simulation) by extension 'colcon_pkg'
[0.503s] colcon.colcon_core.package_identification Level 1 _identify(/home/alejandro/bookros2_ws/src/ThirdParty/tiago_simulation/tiago_simulation) by extensions ['colcon_meta']
[0.503s] colcon.colcon_core.package_identification Level 1 _identify(/home/alejandro/bookros2_ws/src/ThirdParty/tiago_simulation/tiago_simulation) by extension 'colcon_meta'
[0.504s] colcon.colcon_core.package_identification Level 1 _identify(/home/alejandro/bookros2_ws/src/ThirdParty/tiago_simulation/tiago_simulation) by extensions ['ros']
[0.504s] colcon.colcon_core.package_identification Level 1 _identify(/home/alejandro/bookros2_ws/src/ThirdParty/tiago_simulation/tiago_simulation) by extension 'ros'
[0.505s] colcon.colcon_core.package_identification DEBUG Package '/home/alejandro/bookros2_ws/src/ThirdParty/tiago_simulation/tiago_simulation' with type 'ros.ament_cmake' and name 'tiago_simulation'
[0.505s] colcon.colcon_core.package_identification Level 1 _identify(/home/alejandro/bookros2_ws/src/ThirdParty/urdf_test) by extensions ['ignore', 'ignore_ament_install']
[0.505s] colcon.colcon_core.package_identification Level 1 _identify(/home/alejandro/bookros2_ws/src/ThirdParty/urdf_test) by extension 'ignore'
[0.505s] colcon.colcon_core.package_identification Level 1 _identify(/home/alejandro/bookros2_ws/src/ThirdParty/urdf_test) by extension 'ignore_ament_install'
[0.505s] colcon.colcon_core.package_identification Level 1 _identify(/home/alejandro/bookros2_ws/src/ThirdParty/urdf_test) by extensions ['colcon_pkg']
[0.506s] colcon.colcon_core.package_identification Level 1 _identify(/home/alejandro/bookros2_ws/src/ThirdParty/urdf_test) by extension 'colcon_pkg'
[0.506s] colcon.colcon_core.package_identification Level 1 _identify(/home/alejandro/bookros2_ws/src/ThirdParty/urdf_test) by extensions ['colcon_meta']
[0.506s] colcon.colcon_core.package_identification Level 1 _identify(/home/alejandro/bookros2_ws/src/ThirdParty/urdf_test) by extension 'colcon_meta'
[0.506s] colcon.colcon_core.package_identification Level 1 _identify(/home/alejandro/bookros2_ws/src/ThirdParty/urdf_test) by extensions ['ros']
[0.506s] colcon.colcon_core.package_identification Level 1 _identify(/home/alejandro/bookros2_ws/src/ThirdParty/urdf_test) by extension 'ros'
[0.507s] colcon.colcon_core.package_identification DEBUG Package '/home/alejandro/bookros2_ws/src/ThirdParty/urdf_test' with type 'ros.ament_cmake' and name 'urdf_test'
[0.508s] colcon.colcon_core.package_identification Level 1 _identify(/home/alejandro/bookros2_ws/src/book_ros2) by extensions ['ignore', 'ignore_ament_install']
[0.508s] colcon.colcon_core.package_identification Level 1 _identify(/home/alejandro/bookros2_ws/src/book_ros2) by extension 'ignore'
[0.508s] colcon.colcon_core.package_identification Level 1 _identify(/home/alejandro/bookros2_ws/src/book_ros2) by extension 'ignore_ament_install'
[0.508s] colcon.colcon_core.package_identification Level 1 _identify(/home/alejandro/bookros2_ws/src/book_ros2) by extensions ['colcon_pkg']
[0.508s] colcon.colcon_core.package_identification Level 1 _identify(/home/alejandro/bookros2_ws/src/book_ros2) by extension 'colcon_pkg'
[0.508s] colcon.colcon_core.package_identification Level 1 _identify(/home/alejandro/bookros2_ws/src/book_ros2) by extensions ['colcon_meta']
[0.508s] colcon.colcon_core.package_identification Level 1 _identify(/home/alejandro/bookros2_ws/src/book_ros2) by extension 'colcon_meta'
[0.509s] colcon.colcon_core.package_identification Level 1 _identify(/home/alejandro/bookros2_ws/src/book_ros2) by extensions ['ros']
[0.509s] colcon.colcon_core.package_identification Level 1 _identify(/home/alejandro/bookros2_ws/src/book_ros2) by extension 'ros'
[0.509s] colcon.colcon_core.package_identification Level 1 _identify(/home/alejandro/bookros2_ws/src/book_ros2) by extensions ['cmake', 'python']
[0.509s] colcon.colcon_core.package_identification Level 1 _identify(/home/alejandro/bookros2_ws/src/book_ros2) by extension 'cmake'
[0.509s] colcon.colcon_core.package_identification Level 1 _identify(/home/alejandro/bookros2_ws/src/book_ros2) by extension 'python'
[0.509s] colcon.colcon_core.package_identification Level 1 _identify(/home/alejandro/bookros2_ws/src/book_ros2) by extensions ['python_setup_py']
[0.509s] colcon.colcon_core.package_identification Level 1 _identify(/home/alejandro/bookros2_ws/src/book_ros2) by extension 'python_setup_py'
[0.509s] colcon.colcon_core.package_identification Level 1 _identify(/home/alejandro/bookros2_ws/src/book_ros2/br2_basics) by extensions ['ignore', 'ignore_ament_install']
[0.510s] colcon.colcon_core.package_identification Level 1 _identify(/home/alejandro/bookros2_ws/src/book_ros2/br2_basics) by extension 'ignore'
[0.510s] colcon.colcon_core.package_identification Level 1 _identify(/home/alejandro/bookros2_ws/src/book_ros2/br2_basics) by extension 'ignore_ament_install'
[0.510s] colcon.colcon_core.package_identification Level 1 _identify(/home/alejandro/bookros2_ws/src/book_ros2/br2_basics) by extensions ['colcon_pkg']
[0.510s] colcon.colcon_core.package_identification Level 1 _identify(/home/alejandro/bookros2_ws/src/book_ros2/br2_basics) by extension 'colcon_pkg'
[0.510s] colcon.colcon_core.package_identification Level 1 _identify(/home/alejandro/bookros2_ws/src/book_ros2/br2_basics) by extensions ['colcon_meta']
[0.511s] colcon.colcon_core.package_identification Level 1 _identify(/home/alejandro/bookros2_ws/src/book_ros2/br2_basics) by extension 'colcon_meta'
[0.511s] colcon.colcon_core.package_identification Level 1 _identify(/home/alejandro/bookros2_ws/src/book_ros2/br2_basics) by extensions ['ros']
[0.511s] colcon.colcon_core.package_identification Level 1 _identify(/home/alejandro/bookros2_ws/src/book_ros2/br2_basics) by extension 'ros'
[0.513s] colcon.colcon_core.package_identification DEBUG Package '/home/alejandro/bookros2_ws/src/book_ros2/br2_basics' with type 'ros.ament_cmake' and name 'br2_basics'
[0.513s] colcon.colcon_core.package_identification Level 1 _identify(/home/alejandro/bookros2_ws/src/book_ros2/br2_bt_bumpgo) by extensions ['ignore', 'ignore_ament_install']
[0.514s] colcon.colcon_core.package_identification Level 1 _identify(/home/alejandro/bookros2_ws/src/book_ros2/br2_bt_bumpgo) by extension 'ignore'
[0.514s] colcon.colcon_core.package_identification Level 1 _identify(/home/alejandro/bookros2_ws/src/book_ros2/br2_bt_bumpgo) by extension 'ignore_ament_install'
[0.514s] colcon.colcon_core.package_identification Level 1 _identify(/home/alejandro/bookros2_ws/src/book_ros2/br2_bt_bumpgo) by extensions ['colcon_pkg']
[0.514s] colcon.colcon_core.package_identification Level 1 _identify(/home/alejandro/bookros2_ws/src/book_ros2/br2_bt_bumpgo) by extension 'colcon_pkg'
[0.514s] colcon.colcon_core.package_identification Level 1 _identify(/home/alejandro/bookros2_ws/src/book_ros2/br2_bt_bumpgo) by extensions ['colcon_meta']
[0.514s] colcon.colcon_core.package_identification Level 1 _identify(/home/alejandro/bookros2_ws/src/book_ros2/br2_bt_bumpgo) by extension 'colcon_meta'
[0.514s] colcon.colcon_core.package_identification Level 1 _identify(/home/alejandro/bookros2_ws/src/book_ros2/br2_bt_bumpgo) by extensions ['ros']
[0.514s] colcon.colcon_core.package_identification Level 1 _identify(/home/alejandro/bookros2_ws/src/book_ros2/br2_bt_bumpgo) by extension 'ros'
[0.516s] colcon.colcon_core.package_identification DEBUG Package '/home/alejandro/bookros2_ws/src/book_ros2/br2_bt_bumpgo' with type 'ros.ament_cmake' and name 'br2_bt_bumpgo'
[0.517s] colcon.colcon_core.package_identification Level 1 _identify(/home/alejandro/bookros2_ws/src/book_ros2/br2_bt_patrolling) by extensions ['ignore', 'ignore_ament_install']
[0.517s] colcon.colcon_core.package_identification Level 1 _identify(/home/alejandro/bookros2_ws/src/book_ros2/br2_bt_patrolling) by extension 'ignore'
[0.517s] colcon.colcon_core.package_identification Level 1 _identify(/home/alejandro/bookros2_ws/src/book_ros2/br2_bt_patrolling) by extension 'ignore_ament_install'
[0.517s] colcon.colcon_core.package_identification Level 1 _identify(/home/alejandro/bookros2_ws/src/book_ros2/br2_bt_patrolling) by extensions ['colcon_pkg']
[0.517s] colcon.colcon_core.package_identification Level 1 _identify(/home/alejandro/bookros2_ws/src/book_ros2/br2_bt_patrolling) by extension 'colcon_pkg'
[0.517s] colcon.colcon_core.package_identification Level 1 _identify(/home/alejandro/bookros2_ws/src/book_ros2/br2_bt_patrolling) by extensions ['colcon_meta']
[0.517s] colcon.colcon_core.package_identification Level 1 _identify(/home/alejandro/bookros2_ws/src/book_ros2/br2_bt_patrolling) by extension 'colcon_meta'
[0.518s] colcon.colcon_core.package_identification Level 1 _identify(/home/alejandro/bookros2_ws/src/book_ros2/br2_bt_patrolling) by extensions ['ros']
[0.518s] colcon.colcon_core.package_identification Level 1 _identify(/home/alejandro/bookros2_ws/src/book_ros2/br2_bt_patrolling) by extension 'ros'
[0.520s] colcon.colcon_core.package_identification DEBUG Package '/home/alejandro/bookros2_ws/src/book_ros2/br2_bt_patrolling' with type 'ros.ament_cmake' and name 'br2_bt_patrolling'
[0.521s] colcon.colcon_core.package_identification Level 1 _identify(/home/alejandro/bookros2_ws/src/book_ros2/br2_fsm_bumpgo_cpp) by extensions ['ignore', 'ignore_ament_install']
[0.521s] colcon.colcon_core.package_identification Level 1 _identify(/home/alejandro/bookros2_ws/src/book_ros2/br2_fsm_bumpgo_cpp) by extension 'ignore'
[0.521s] colcon.colcon_core.package_identification Level 1 _identify(/home/alejandro/bookros2_ws/src/book_ros2/br2_fsm_bumpgo_cpp) by extension 'ignore_ament_install'
[0.521s] colcon.colcon_core.package_identification Level 1 _identify(/home/alejandro/bookros2_ws/src/book_ros2/br2_fsm_bumpgo_cpp) by extensions ['colcon_pkg']
[0.521s] colcon.colcon_core.package_identification Level 1 _identify(/home/alejandro/bookros2_ws/src/book_ros2/br2_fsm_bumpgo_cpp) by extension 'colcon_pkg'
[0.521s] colcon.colcon_core.package_identification Level 1 _identify(/home/alejandro/bookros2_ws/src/book_ros2/br2_fsm_bumpgo_cpp) by extensions ['colcon_meta']
[0.521s] colcon.colcon_core.package_identification Level 1 _identify(/home/alejandro/bookros2_ws/src/book_ros2/br2_fsm_bumpgo_cpp) by extension 'colcon_meta'
[0.521s] colcon.colcon_core.package_identification Level 1 _identify(/home/alejandro/bookros2_ws/src/book_ros2/br2_fsm_bumpgo_cpp) by extensions ['ros']
[0.521s] colcon.colcon_core.package_identification Level 1 _identify(/home/alejandro/bookros2_ws/src/book_ros2/br2_fsm_bumpgo_cpp) by extension 'ros'
[0.523s] colcon.colcon_core.package_identification DEBUG Package '/home/alejandro/bookros2_ws/src/book_ros2/br2_fsm_bumpgo_cpp' with type 'ros.ament_cmake' and name 'br2_fsm_bumpgo_cpp'
[0.523s] colcon.colcon_core.package_identification Level 1 _identify(/home/alejandro/bookros2_ws/src/book_ros2/br2_fsm_bumpgo_py) by extensions ['ignore', 'ignore_ament_install']
[0.524s] colcon.colcon_core.package_identification Level 1 _identify(/home/alejandro/bookros2_ws/src/book_ros2/br2_fsm_bumpgo_py) by extension 'ignore'
[0.524s] colcon.colcon_core.package_identification Level 1 _identify(/home/alejandro/bookros2_ws/src/book_ros2/br2_fsm_bumpgo_py) by extension 'ignore_ament_install'
[0.524s] colcon.colcon_core.package_identification Level 1 _identify(/home/alejandro/bookros2_ws/src/book_ros2/br2_fsm_bumpgo_py) by extensions ['colcon_pkg']
[0.524s] colcon.colcon_core.package_identification Level 1 _identify(/home/alejandro/bookros2_ws/src/book_ros2/br2_fsm_bumpgo_py) by extension 'colcon_pkg'
[0.524s] colcon.colcon_core.package_identification Level 1 _identify(/home/alejandro/bookros2_ws/src/book_ros2/br2_fsm_bumpgo_py) by extensions ['colcon_meta']
[0.524s] colcon.colcon_core.package_identification Level 1 _identify(/home/alejandro/bookros2_ws/src/book_ros2/br2_fsm_bumpgo_py) by extension 'colcon_meta'
[0.524s] colcon.colcon_core.package_identification Level 1 _identify(/home/alejandro/bookros2_ws/src/book_ros2/br2_fsm_bumpgo_py) by extensions ['ros']
[0.524s] colcon.colcon_core.package_identification Level 1 _identify(/home/alejandro/bookros2_ws/src/book_ros2/br2_fsm_bumpgo_py) by extension 'ros'
[0.527s] colcon.colcon_core.package_identification DEBUG Package '/home/alejandro/bookros2_ws/src/book_ros2/br2_fsm_bumpgo_py' with type 'ros.ament_python' and name 'br2_fsm_bumpgo_py'
[0.527s] colcon.colcon_core.package_identification Level 1 _identify(/home/alejandro/bookros2_ws/src/book_ros2/br2_navigation) by extensions ['ignore', 'ignore_ament_install']
[0.529s] colcon.colcon_core.package_identification Level 1 _identify(/home/alejandro/bookros2_ws/src/book_ros2/br2_navigation) by extension 'ignore'
[0.529s] colcon.colcon_core.package_identification Level 1 _identify(/home/alejandro/bookros2_ws/src/book_ros2/br2_navigation) by extension 'ignore_ament_install'
[0.529s] colcon.colcon_core.package_identification Level 1 _identify(/home/alejandro/bookros2_ws/src/book_ros2/br2_navigation) by extensions ['colcon_pkg']
[0.529s] colcon.colcon_core.package_identification Level 1 _identify(/home/alejandro/bookros2_ws/src/book_ros2/br2_navigation) by extension 'colcon_pkg'
[0.529s] colcon.colcon_core.package_identification Level 1 _identify(/home/alejandro/bookros2_ws/src/book_ros2/br2_navigation) by extensions ['colcon_meta']
[0.529s] colcon.colcon_core.package_identification Level 1 _identify(/home/alejandro/bookros2_ws/src/book_ros2/br2_navigation) by extension 'colcon_meta'
[0.530s] colcon.colcon_core.package_identification Level 1 _identify(/home/alejandro/bookros2_ws/src/book_ros2/br2_navigation) by extensions ['ros']
[0.530s] colcon.colcon_core.package_identification Level 1 _identify(/home/alejandro/bookros2_ws/src/book_ros2/br2_navigation) by extension 'ros'
[0.531s] colcon.colcon_core.package_identification DEBUG Package '/home/alejandro/bookros2_ws/src/book_ros2/br2_navigation' with type 'ros.ament_cmake' and name 'br2_navigation'
[0.531s] colcon.colcon_core.package_identification Level 1 _identify(/home/alejandro/bookros2_ws/src/book_ros2/br2_tf2_detector) by extensions ['ignore', 'ignore_ament_install']
[0.531s] colcon.colcon_core.package_identification Level 1 _identify(/home/alejandro/bookros2_ws/src/book_ros2/br2_tf2_detector) by extension 'ignore'
[0.531s] colcon.colcon_core.package_identification Level 1 _identify(/home/alejandro/bookros2_ws/src/book_ros2/br2_tf2_detector) by extension 'ignore_ament_install'
[0.532s] colcon.colcon_core.package_identification Level 1 _identify(/home/alejandro/bookros2_ws/src/book_ros2/br2_tf2_detector) by extensions ['colcon_pkg']
[0.532s] colcon.colcon_core.package_identification Level 1 _identify(/home/alejandro/bookros2_ws/src/book_ros2/br2_tf2_detector) by extension 'colcon_pkg'
[0.532s] colcon.colcon_core.package_identification Level 1 _identify(/home/alejandro/bookros2_ws/src/book_ros2/br2_tf2_detector) by extensions ['colcon_meta']
[0.532s] colcon.colcon_core.package_identification Level 1 _identify(/home/alejandro/bookros2_ws/src/book_ros2/br2_tf2_detector) by extension 'colcon_meta'
[0.532s] colcon.colcon_core.package_identification Level 1 _identify(/home/alejandro/bookros2_ws/src/book_ros2/br2_tf2_detector) by extensions ['ros']
[0.532s] colcon.colcon_core.package_identification Level 1 _identify(/home/alejandro/bookros2_ws/src/book_ros2/br2_tf2_detector) by extension 'ros'
[0.536s] colcon.colcon_core.package_identification DEBUG Package '/home/alejandro/bookros2_ws/src/book_ros2/br2_tf2_detector' with type 'ros.ament_cmake' and name 'br2_tf2_detector'
[0.537s] colcon.colcon_core.package_identification Level 1 _identify(/home/alejandro/bookros2_ws/src/book_ros2/br2_tiago) by extensions ['ignore', 'ignore_ament_install']
[0.537s] colcon.colcon_core.package_identification Level 1 _identify(/home/alejandro/bookros2_ws/src/book_ros2/br2_tiago) by extension 'ignore'
[0.537s] colcon.colcon_core.package_identification Level 1 _identify(/home/alejandro/bookros2_ws/src/book_ros2/br2_tiago) by extension 'ignore_ament_install'
[0.537s] colcon.colcon_core.package_identification Level 1 _identify(/home/alejandro/bookros2_ws/src/book_ros2/br2_tiago) by extensions ['colcon_pkg']
[0.537s] colcon.colcon_core.package_identification Level 1 _identify(/home/alejandro/bookros2_ws/src/book_ros2/br2_tiago) by extension 'colcon_pkg'
[0.537s] colcon.colcon_core.package_identification Level 1 _identify(/home/alejandro/bookros2_ws/src/book_ros2/br2_tiago) by extensions ['colcon_meta']
[0.537s] colcon.colcon_core.package_identification Level 1 _identify(/home/alejandro/bookros2_ws/src/book_ros2/br2_tiago) by extension 'colcon_meta'
[0.538s] colcon.colcon_core.package_identification Level 1 _identify(/home/alejandro/bookros2_ws/src/book_ros2/br2_tiago) by extensions ['ros']
[0.538s] colcon.colcon_core.package_identification Level 1 _identify(/home/alejandro/bookros2_ws/src/book_ros2/br2_tiago) by extension 'ros'
[0.540s] colcon.colcon_core.package_identification DEBUG Package '/home/alejandro/bookros2_ws/src/book_ros2/br2_tiago' with type 'ros.ament_cmake' and name 'br2_tiago'
[0.540s] colcon.colcon_core.package_identification Level 1 _identify(/home/alejandro/bookros2_ws/src/book_ros2/br2_tracking) by extensions ['ignore', 'ignore_ament_install']
[0.540s] colcon.colcon_core.package_identification Level 1 _identify(/home/alejandro/bookros2_ws/src/book_ros2/br2_tracking) by extension 'ignore'
[0.540s] colcon.colcon_core.package_identification Level 1 _identify(/home/alejandro/bookros2_ws/src/book_ros2/br2_tracking) by extension 'ignore_ament_install'
[0.540s] colcon.colcon_core.package_identification Level 1 _identify(/home/alejandro/bookros2_ws/src/book_ros2/br2_tracking) by extensions ['colcon_pkg']
[0.540s] colcon.colcon_core.package_identification Level 1 _identify(/home/alejandro/bookros2_ws/src/book_ros2/br2_tracking) by extension 'colcon_pkg'
[0.540s] colcon.colcon_core.package_identification Level 1 _identify(/home/alejandro/bookros2_ws/src/book_ros2/br2_tracking) by extensions ['colcon_meta']
[0.540s] colcon.colcon_core.package_identification Level 1 _identify(/home/alejandro/bookros2_ws/src/book_ros2/br2_tracking) by extension 'colcon_meta'
[0.541s] colcon.colcon_core.package_identification Level 1 _identify(/home/alejandro/bookros2_ws/src/book_ros2/br2_tracking) by extensions ['ros']
[0.541s] colcon.colcon_core.package_identification Level 1 _identify(/home/alejandro/bookros2_ws/src/book_ros2/br2_tracking) by extension 'ros'
[0.544s] colcon.colcon_core.package_identification DEBUG Package '/home/alejandro/bookros2_ws/src/book_ros2/br2_tracking' with type 'ros.ament_cmake' and name 'br2_tracking'
[0.544s] colcon.colcon_core.package_identification Level 1 _identify(/home/alejandro/bookros2_ws/src/book_ros2/br2_tracking_msgs) by extensions ['ignore', 'ignore_ament_install']
[0.545s] colcon.colcon_core.package_identification Level 1 _identify(/home/alejandro/bookros2_ws/src/book_ros2/br2_tracking_msgs) by extension 'ignore'
[0.545s] colcon.colcon_core.package_identification Level 1 _identify(/home/alejandro/bookros2_ws/src/book_ros2/br2_tracking_msgs) by extension 'ignore_ament_install'
[0.545s] colcon.colcon_core.package_identification Level 1 _identify(/home/alejandro/bookros2_ws/src/book_ros2/br2_tracking_msgs) by extensions ['colcon_pkg']
[0.545s] colcon.colcon_core.package_identification Level 1 _identify(/home/alejandro/bookros2_ws/src/book_ros2/br2_tracking_msgs) by extension 'colcon_pkg'
[0.545s] colcon.colcon_core.package_identification Level 1 _identify(/home/alejandro/bookros2_ws/src/book_ros2/br2_tracking_msgs) by extensions ['colcon_meta']
[0.545s] colcon.colcon_core.package_identification Level 1 _identify(/home/alejandro/bookros2_ws/src/book_ros2/br2_tracking_msgs) by extension 'colcon_meta'
[0.545s] colcon.colcon_core.package_identification Level 1 _identify(/home/alejandro/bookros2_ws/src/book_ros2/br2_tracking_msgs) by extensions ['ros']
[0.546s] colcon.colcon_core.package_identification Level 1 _identify(/home/alejandro/bookros2_ws/src/book_ros2/br2_tracking_msgs) by extension 'ros'
[0.547s] colcon.colcon_core.package_identification DEBUG Package '/home/alejandro/bookros2_ws/src/book_ros2/br2_tracking_msgs' with type 'ros.ament_cmake' and name 'br2_tracking_msgs'
[0.547s] colcon.colcon_core.package_identification Level 1 _identify(/home/alejandro/bookros2_ws/src/book_ros2/br2_vff_avoidance) by extensions ['ignore', 'ignore_ament_install']
[0.547s] colcon.colcon_core.package_identification Level 1 _identify(/home/alejandro/bookros2_ws/src/book_ros2/br2_vff_avoidance) by extension 'ignore'
[0.547s] colcon.colcon_core.package_identification Level 1 _identify(/home/alejandro/bookros2_ws/src/book_ros2/br2_vff_avoidance) by extension 'ignore_ament_install'
[0.548s] colcon.colcon_core.package_identification Level 1 _identify(/home/alejandro/bookros2_ws/src/book_ros2/br2_vff_avoidance) by extensions ['colcon_pkg']
[0.548s] colcon.colcon_core.package_identification Level 1 _identify(/home/alejandro/bookros2_ws/src/book_ros2/br2_vff_avoidance) by extension 'colcon_pkg'
[0.548s] colcon.colcon_core.package_identification Level 1 _identify(/home/alejandro/bookros2_ws/src/book_ros2/br2_vff_avoidance) by extensions ['colcon_meta']
[0.548s] colcon.colcon_core.package_identification Level 1 _identify(/home/alejandro/bookros2_ws/src/book_ros2/br2_vff_avoidance) by extension 'colcon_meta'
[0.548s] colcon.colcon_core.package_identification Level 1 _identify(/home/alejandro/bookros2_ws/src/book_ros2/br2_vff_avoidance) by extensions ['ros']
[0.548s] colcon.colcon_core.package_identification Level 1 _identify(/home/alejandro/bookros2_ws/src/book_ros2/br2_vff_avoidance) by extension 'ros'
[0.550s] colcon.colcon_core.package_identification DEBUG Package '/home/alejandro/bookros2_ws/src/book_ros2/br2_vff_avoidance' with type 'ros.ament_cmake' and name 'br2_vff_avoidance'
[0.551s] colcon.colcon_core.package_discovery Level 1 discover_packages(recursive) using defaults
