[1.599s] Invoking command in '/home/alejandro/bookros2_ws/build/launch_pal': PYTHONPATH=/home/alejandro/bookros2_ws/build/launch_pal/prefix_override:/usr/lib/python3/dist-packages/colcon_core/task/python/colcon_distutils_commands:/home/alejandro/bookros2_ws/install/launch_pal/lib/python3.10/site-packages:${PYTHONPATH} /usr/bin/python3 -W ignore:setup.py install is deprecated setup.py develop --uninstall --editable --build-directory /home/alejandro/bookros2_ws/build/launch_pal/build
[1.885s] /home/alejandro/.local/lib/python3.10/site-packages/setuptools/_distutils/dist.py:268: UserWarning: Unknown distribution option: 'tests_require'
[1.885s]   warnings.warn(msg)
[2.196s] running develop
[2.197s] /home/alejandro/.local/lib/python3.10/site-packages/setuptools/command/develop.py:42: EasyInstallDeprecationWarning: easy_install command is deprecated.
[2.197s] !!
[2.197s] 
[2.197s]         ********************************************************************************
[2.197s]         Please avoid running ``setup.py`` and ``easy_install``.
[2.197s]         Instead, use pypa/build, pypa/installer or other
[2.197s]         standards-based tools.
[2.197s] 
[2.197s]         See https://github.com/pypa/setuptools/issues/917 for details.
[2.197s]         ********************************************************************************
[2.197s] 
[2.198s] !!
[2.198s]   easy_install.initialize_options(self)
[2.608s] Removing /home/alejandro/bookros2_ws/install/launch_pal/lib/python3.10/site-packages/launch-pal.egg-link (link to .)
[2.680s] Invoked command in '/home/alejandro/bookros2_ws/build/launch_pal' returned '0': PYTHONPATH=/home/alejandro/bookros2_ws/build/launch_pal/prefix_override:/usr/lib/python3/dist-packages/colcon_core/task/python/colcon_distutils_commands:/home/alejandro/bookros2_ws/install/launch_pal/lib/python3.10/site-packages:${PYTHONPATH} /usr/bin/python3 -W ignore:setup.py install is deprecated setup.py develop --uninstall --editable --build-directory /home/alejandro/bookros2_ws/build/launch_pal/build
[2.681s] Invoking command in '/home/alejandro/bookros2_ws/src/ThirdParty/launch_pal': PYTHONPATH=/home/alejandro/bookros2_ws/build/launch_pal/prefix_override:/usr/lib/python3/dist-packages/colcon_core/task/python/colcon_distutils_commands:/home/alejandro/bookros2_ws/install/launch_pal/lib/python3.10/site-packages:${PYTHONPATH} /usr/bin/python3 -W ignore:setup.py install is deprecated setup.py egg_info --egg-base ../../../build/launch_pal build --build-base /home/alejandro/bookros2_ws/build/launch_pal/build install --record /home/alejandro/bookros2_ws/build/launch_pal/install.log --single-version-externally-managed install_data --force
[2.939s] /home/alejandro/.local/lib/python3.10/site-packages/setuptools/_distutils/dist.py:268: UserWarning: Unknown distribution option: 'tests_require'
[2.939s]   warnings.warn(msg)
[3.151s] running egg_info
[3.177s] writing ../../../build/launch_pal/launch_pal.egg-info/PKG-INFO
[3.178s] writing dependency_links to ../../../build/launch_pal/launch_pal.egg-info/dependency_links.txt
[3.178s] writing requirements to ../../../build/launch_pal/launch_pal.egg-info/requires.txt
[3.178s] writing top-level names to ../../../build/launch_pal/launch_pal.egg-info/top_level.txt
[3.239s] reading manifest file '../../../build/launch_pal/launch_pal.egg-info/SOURCES.txt'
[3.240s] adding license file 'LICENSE'
[3.240s] writing manifest file '../../../build/launch_pal/launch_pal.egg-info/SOURCES.txt'
[3.240s] running build
[3.240s] running build_py
[3.240s] creating /home/alejandro/bookros2_ws/build/launch_pal/build
[3.240s] creating /home/alejandro/bookros2_ws/build/launch_pal/build/lib
[3.240s] creating /home/alejandro/bookros2_ws/build/launch_pal/build/lib/launch_pal
[3.240s] copying launch_pal/include_utils.py -> /home/alejandro/bookros2_ws/build/launch_pal/build/lib/launch_pal
[3.240s] copying launch_pal/composition_utils.py -> /home/alejandro/bookros2_ws/build/launch_pal/build/lib/launch_pal
[3.240s] copying launch_pal/arg_utils.py -> /home/alejandro/bookros2_ws/build/launch_pal/build/lib/launch_pal
[3.241s] copying launch_pal/pal_parameters.py -> /home/alejandro/bookros2_ws/build/launch_pal/build/lib/launch_pal
[3.241s] copying launch_pal/param_utils.py -> /home/alejandro/bookros2_ws/build/launch_pal/build/lib/launch_pal
[3.241s] copying launch_pal/robot_utils.py -> /home/alejandro/bookros2_ws/build/launch_pal/build/lib/launch_pal
[3.241s] copying launch_pal/__init__.py -> /home/alejandro/bookros2_ws/build/launch_pal/build/lib/launch_pal
[3.241s] creating /home/alejandro/bookros2_ws/build/launch_pal/build/lib/launch_pal/substitutions
[3.241s] copying launch_pal/substitutions/load_file.py -> /home/alejandro/bookros2_ws/build/launch_pal/build/lib/launch_pal/substitutions
[3.242s] copying launch_pal/substitutions/__init__.py -> /home/alejandro/bookros2_ws/build/launch_pal/build/lib/launch_pal/substitutions
[3.242s] creating /home/alejandro/bookros2_ws/build/launch_pal/build/lib/launch_pal/robot_arguments
[3.242s] copying launch_pal/robot_arguments/common.py -> /home/alejandro/bookros2_ws/build/launch_pal/build/lib/launch_pal/robot_arguments
[3.242s] copying launch_pal/robot_arguments/robot.py -> /home/alejandro/bookros2_ws/build/launch_pal/build/lib/launch_pal/robot_arguments
[3.243s] copying launch_pal/robot_arguments/__init__.py -> /home/alejandro/bookros2_ws/build/launch_pal/build/lib/launch_pal/robot_arguments
[3.243s] creating /home/alejandro/bookros2_ws/build/launch_pal/build/lib/launch_pal/actions
[3.243s] copying launch_pal/actions/__init__.py -> /home/alejandro/bookros2_ws/build/launch_pal/build/lib/launch_pal/actions
[3.243s] copying launch_pal/actions/check_public_sim.py -> /home/alejandro/bookros2_ws/build/launch_pal/build/lib/launch_pal/actions
[3.246s] running install
[3.252s] running install_lib
[3.281s] creating /home/alejandro/bookros2_ws/install/launch_pal/lib/python3.10/site-packages/launch_pal
[3.281s] creating /home/alejandro/bookros2_ws/install/launch_pal/lib/python3.10/site-packages/launch_pal/substitutions
[3.281s] copying /home/alejandro/bookros2_ws/build/launch_pal/build/lib/launch_pal/substitutions/load_file.py -> /home/alejandro/bookros2_ws/install/launch_pal/lib/python3.10/site-packages/launch_pal/substitutions
[3.281s] copying /home/alejandro/bookros2_ws/build/launch_pal/build/lib/launch_pal/substitutions/__init__.py -> /home/alejandro/bookros2_ws/install/launch_pal/lib/python3.10/site-packages/launch_pal/substitutions
[3.281s] copying /home/alejandro/bookros2_ws/build/launch_pal/build/lib/launch_pal/include_utils.py -> /home/alejandro/bookros2_ws/install/launch_pal/lib/python3.10/site-packages/launch_pal
[3.282s] copying /home/alejandro/bookros2_ws/build/launch_pal/build/lib/launch_pal/composition_utils.py -> /home/alejandro/bookros2_ws/install/launch_pal/lib/python3.10/site-packages/launch_pal
[3.282s] copying /home/alejandro/bookros2_ws/build/launch_pal/build/lib/launch_pal/arg_utils.py -> /home/alejandro/bookros2_ws/install/launch_pal/lib/python3.10/site-packages/launch_pal
[3.282s] creating /home/alejandro/bookros2_ws/install/launch_pal/lib/python3.10/site-packages/launch_pal/robot_arguments
[3.282s] copying /home/alejandro/bookros2_ws/build/launch_pal/build/lib/launch_pal/robot_arguments/common.py -> /home/alejandro/bookros2_ws/install/launch_pal/lib/python3.10/site-packages/launch_pal/robot_arguments
[3.282s] copying /home/alejandro/bookros2_ws/build/launch_pal/build/lib/launch_pal/robot_arguments/robot.py -> /home/alejandro/bookros2_ws/install/launch_pal/lib/python3.10/site-packages/launch_pal/robot_arguments
[3.282s] copying /home/alejandro/bookros2_ws/build/launch_pal/build/lib/launch_pal/robot_arguments/__init__.py -> /home/alejandro/bookros2_ws/install/launch_pal/lib/python3.10/site-packages/launch_pal/robot_arguments
[3.282s] copying /home/alejandro/bookros2_ws/build/launch_pal/build/lib/launch_pal/pal_parameters.py -> /home/alejandro/bookros2_ws/install/launch_pal/lib/python3.10/site-packages/launch_pal
[3.282s] copying /home/alejandro/bookros2_ws/build/launch_pal/build/lib/launch_pal/param_utils.py -> /home/alejandro/bookros2_ws/install/launch_pal/lib/python3.10/site-packages/launch_pal
[3.282s] copying /home/alejandro/bookros2_ws/build/launch_pal/build/lib/launch_pal/robot_utils.py -> /home/alejandro/bookros2_ws/install/launch_pal/lib/python3.10/site-packages/launch_pal
[3.283s] creating /home/alejandro/bookros2_ws/install/launch_pal/lib/python3.10/site-packages/launch_pal/actions
[3.283s] copying /home/alejandro/bookros2_ws/build/launch_pal/build/lib/launch_pal/actions/__init__.py -> /home/alejandro/bookros2_ws/install/launch_pal/lib/python3.10/site-packages/launch_pal/actions
[3.284s] copying /home/alejandro/bookros2_ws/build/launch_pal/build/lib/launch_pal/actions/check_public_sim.py -> /home/alejandro/bookros2_ws/install/launch_pal/lib/python3.10/site-packages/launch_pal/actions
[3.284s] copying /home/alejandro/bookros2_ws/build/launch_pal/build/lib/launch_pal/__init__.py -> /home/alejandro/bookros2_ws/install/launch_pal/lib/python3.10/site-packages/launch_pal
[3.285s] byte-compiling /home/alejandro/bookros2_ws/install/launch_pal/lib/python3.10/site-packages/launch_pal/substitutions/load_file.py to load_file.cpython-310.pyc
[3.285s] byte-compiling /home/alejandro/bookros2_ws/install/launch_pal/lib/python3.10/site-packages/launch_pal/substitutions/__init__.py to __init__.cpython-310.pyc
[3.285s] byte-compiling /home/alejandro/bookros2_ws/install/launch_pal/lib/python3.10/site-packages/launch_pal/include_utils.py to include_utils.cpython-310.pyc
[3.285s] byte-compiling /home/alejandro/bookros2_ws/install/launch_pal/lib/python3.10/site-packages/launch_pal/composition_utils.py to composition_utils.cpython-310.pyc
[3.285s] byte-compiling /home/alejandro/bookros2_ws/install/launch_pal/lib/python3.10/site-packages/launch_pal/arg_utils.py to arg_utils.cpython-310.pyc
[3.286s] byte-compiling /home/alejandro/bookros2_ws/install/launch_pal/lib/python3.10/site-packages/launch_pal/robot_arguments/common.py to common.cpython-310.pyc
[3.286s] byte-compiling /home/alejandro/bookros2_ws/install/launch_pal/lib/python3.10/site-packages/launch_pal/robot_arguments/robot.py to robot.cpython-310.pyc
[3.287s] byte-compiling /home/alejandro/bookros2_ws/install/launch_pal/lib/python3.10/site-packages/launch_pal/robot_arguments/__init__.py to __init__.cpython-310.pyc
[3.287s] byte-compiling /home/alejandro/bookros2_ws/install/launch_pal/lib/python3.10/site-packages/launch_pal/pal_parameters.py to pal_parameters.cpython-310.pyc
[3.289s] byte-compiling /home/alejandro/bookros2_ws/install/launch_pal/lib/python3.10/site-packages/launch_pal/param_utils.py to param_utils.cpython-310.pyc
[3.289s] byte-compiling /home/alejandro/bookros2_ws/install/launch_pal/lib/python3.10/site-packages/launch_pal/robot_utils.py to robot_utils.cpython-310.pyc
[3.290s] byte-compiling /home/alejandro/bookros2_ws/install/launch_pal/lib/python3.10/site-packages/launch_pal/actions/__init__.py to __init__.cpython-310.pyc
[3.290s] byte-compiling /home/alejandro/bookros2_ws/install/launch_pal/lib/python3.10/site-packages/launch_pal/actions/check_public_sim.py to check_public_sim.cpython-310.pyc
[3.291s] byte-compiling /home/alejandro/bookros2_ws/install/launch_pal/lib/python3.10/site-packages/launch_pal/__init__.py to __init__.cpython-310.pyc
[3.291s] running install_data
[3.291s] copying resource/launch_pal -> /home/alejandro/bookros2_ws/install/launch_pal/share/ament_index/resource_index/packages
[3.291s] copying package.xml -> /home/alejandro/bookros2_ws/install/launch_pal/share/launch_pal
[3.291s] copying config/robot_configuration.yaml -> /home/alejandro/bookros2_ws/install/launch_pal/share/launch_pal/config
[3.291s] running install_egg_info
[3.320s] Copying ../../../build/launch_pal/launch_pal.egg-info to /home/alejandro/bookros2_ws/install/launch_pal/lib/python3.10/site-packages/launch_pal-0.1.15-py3.10.egg-info
[3.320s] running install_scripts
[3.488s] writing list of installed files to '/home/alejandro/bookros2_ws/build/launch_pal/install.log'
[3.518s] Invoked command in '/home/alejandro/bookros2_ws/src/ThirdParty/launch_pal' returned '0': PYTHONPATH=/home/alejandro/bookros2_ws/build/launch_pal/prefix_override:/usr/lib/python3/dist-packages/colcon_core/task/python/colcon_distutils_commands:/home/alejandro/bookros2_ws/install/launch_pal/lib/python3.10/site-packages:${PYTHONPATH} /usr/bin/python3 -W ignore:setup.py install is deprecated setup.py egg_info --egg-base ../../../build/launch_pal build --build-base /home/alejandro/bookros2_ws/build/launch_pal/build install --record /home/alejandro/bookros2_ws/build/launch_pal/install.log --single-version-externally-managed install_data --force
