[0.064s] Invoking command in '/home/alejandro/bookros2_ws/build/br2_tiago': CMAKE_PREFIX_PATH=${CMAKE_PREFIX_PATH}:/home/alejandro/bookros2_ws/install/launch_pal:/home/alejandro/bookros2_ws/install/br2_fsm_bumpgo_py:/opt/ros/humble /usr/bin/cmake --build /home/alejandro/bookros2_ws/build/br2_tiago -- -j8 -l8
[0.194s] Invoked command in '/home/alejandro/bookros2_ws/build/br2_tiago' returned '0': CMAKE_PREFIX_PATH=${CMAKE_PREFIX_PATH}:/home/alejandro/bookros2_ws/install/launch_pal:/home/alejandro/bookros2_ws/install/br2_fsm_bumpgo_py:/opt/ros/humble /usr/bin/cmake --build /home/alejandro/bookros2_ws/build/br2_tiago -- -j8 -l8
[0.398s] Invoking command in '/home/alejandro/bookros2_ws/build/br2_tiago': CMAKE_PREFIX_PATH=${CMAKE_PREFIX_PATH}:/home/alejandro/bookros2_ws/install/launch_pal:/home/alejandro/bookros2_ws/install/br2_fsm_bumpgo_py:/opt/ros/humble /usr/bin/cmake --install /home/alejandro/bookros2_ws/build/br2_tiago
[0.462s] -- Install configuration: ""
[0.475s] -- Execute custom install script
[0.475s] -- Up-to-date symlink: /home/alejandro/bookros2_ws/install/br2_tiago/share/br2_tiago/launch/sim.launch.py
[0.476s] -- Up-to-date symlink: /home/alejandro/bookros2_ws/install/br2_tiago/share/ament_index/resource_index/package_run_dependencies/br2_tiago
[0.476s] -- Up-to-date symlink: /home/alejandro/bookros2_ws/install/br2_tiago/share/ament_index/resource_index/parent_prefix_path/br2_tiago
[0.477s] -- Up-to-date symlink: /home/alejandro/bookros2_ws/install/br2_tiago/share/br2_tiago/environment/ament_prefix_path.sh
[0.479s] -- Up-to-date symlink: /home/alejandro/bookros2_ws/install/br2_tiago/share/br2_tiago/environment/ament_prefix_path.dsv
[0.480s] -- Up-to-date symlink: /home/alejandro/bookros2_ws/install/br2_tiago/share/br2_tiago/environment/path.sh
[0.480s] -- Up-to-date symlink: /home/alejandro/bookros2_ws/install/br2_tiago/share/br2_tiago/environment/path.dsv
[0.481s] -- Up-to-date symlink: /home/alejandro/bookros2_ws/install/br2_tiago/share/br2_tiago/local_setup.bash
[0.483s] -- Up-to-date symlink: /home/alejandro/bookros2_ws/install/br2_tiago/share/br2_tiago/local_setup.sh
[0.491s] -- Up-to-date symlink: /home/alejandro/bookros2_ws/install/br2_tiago/share/br2_tiago/local_setup.zsh
[0.493s] -- Up-to-date symlink: /home/alejandro/bookros2_ws/install/br2_tiago/share/br2_tiago/local_setup.dsv
[0.499s] -- Symlinking: /home/alejandro/bookros2_ws/install/br2_tiago/share/br2_tiago/package.dsv
[0.517s] -- Up-to-date symlink: /home/alejandro/bookros2_ws/install/br2_tiago/share/ament_index/resource_index/packages/br2_tiago
[0.518s] -- Up-to-date symlink: /home/alejandro/bookros2_ws/install/br2_tiago/share/br2_tiago/cmake/br2_tiagoConfig.cmake
[0.519s] -- Up-to-date symlink: /home/alejandro/bookros2_ws/install/br2_tiago/share/br2_tiago/cmake/br2_tiagoConfig-version.cmake
[0.523s] -- Up-to-date symlink: /home/alejandro/bookros2_ws/install/br2_tiago/share/br2_tiago/package.xml
[0.533s] Invoked command in '/home/alejandro/bookros2_ws/build/br2_tiago' returned '0': CMAKE_PREFIX_PATH=${CMAKE_PREFIX_PATH}:/home/alejandro/bookros2_ws/install/launch_pal:/home/alejandro/bookros2_ws/install/br2_fsm_bumpgo_py:/opt/ros/humble /usr/bin/cmake --install /home/alejandro/bookros2_ws/build/br2_tiago
