[0.310s] Invoking command in '/home/alejandro/bookros2_ws/build/pmb2_laser_sensors': CMAKE_PREFIX_PATH=${CMAKE_PREFIX_PATH}:/home/alejandro/bookros2_ws/install/launch_pal:/home/alejandro/bookros2_ws/install/br2_fsm_bumpgo_py:/opt/ros/humble /usr/bin/cmake --build /home/alejandro/bookros2_ws/build/pmb2_laser_sensors -- -j8 -l8
[0.359s] Invoked command in '/home/alejandro/bookros2_ws/build/pmb2_laser_sensors' returned '0': CMAKE_PREFIX_PATH=${CMAKE_PREFIX_PATH}:/home/alejandro/bookros2_ws/install/launch_pal:/home/alejandro/bookros2_ws/install/br2_fsm_bumpgo_py:/opt/ros/humble /usr/bin/cmake --build /home/alejandro/bookros2_ws/build/pmb2_laser_sensors -- -j8 -l8
[0.444s] Invoking command in '/home/alejandro/bookros2_ws/build/pmb2_laser_sensors': CMAKE_PREFIX_PATH=${CMAKE_PREFIX_PATH}:/home/alejandro/bookros2_ws/install/launch_pal:/home/alejandro/bookros2_ws/install/br2_fsm_bumpgo_py:/opt/ros/humble /usr/bin/cmake --install /home/alejandro/bookros2_ws/build/pmb2_laser_sensors
[0.470s] -- Install configuration: ""
[0.480s] -- Execute custom install script
[0.481s] -- Up-to-date symlink: /home/alejandro/bookros2_ws/install/pmb2_laser_sensors/share/pmb2_laser_sensors/params/laser_pipeline.yaml
[0.481s] -- Up-to-date symlink: /home/alejandro/bookros2_ws/install/pmb2_laser_sensors/share/pmb2_laser_sensors/params/laser_pipeline_sim.yaml
[0.481s] -- Up-to-date symlink: /home/alejandro/bookros2_ws/install/pmb2_laser_sensors/share/pmb2_laser_sensors/params/laser_pipeline_w_composition.yaml
[0.481s] -- Up-to-date symlink: /home/alejandro/bookros2_ws/install/pmb2_laser_sensors/share/ament_index/resource_index/package_run_dependencies/pmb2_laser_sensors
[0.481s] -- Up-to-date symlink: /home/alejandro/bookros2_ws/install/pmb2_laser_sensors/share/ament_index/resource_index/parent_prefix_path/pmb2_laser_sensors
[0.483s] -- Up-to-date symlink: /home/alejandro/bookros2_ws/install/pmb2_laser_sensors/share/pmb2_laser_sensors/environment/ament_prefix_path.sh
[0.483s] -- Up-to-date symlink: /home/alejandro/bookros2_ws/install/pmb2_laser_sensors/share/pmb2_laser_sensors/environment/ament_prefix_path.dsv
[0.493s] -- Up-to-date symlink: /home/alejandro/bookros2_ws/install/pmb2_laser_sensors/share/pmb2_laser_sensors/environment/path.sh
[0.493s] -- Up-to-date symlink: /home/alejandro/bookros2_ws/install/pmb2_laser_sensors/share/pmb2_laser_sensors/environment/path.dsv
[0.493s] -- Up-to-date symlink: /home/alejandro/bookros2_ws/install/pmb2_laser_sensors/share/pmb2_laser_sensors/local_setup.bash
[0.493s] -- Up-to-date symlink: /home/alejandro/bookros2_ws/install/pmb2_laser_sensors/share/pmb2_laser_sensors/local_setup.sh
[0.493s] -- Up-to-date symlink: /home/alejandro/bookros2_ws/install/pmb2_laser_sensors/share/pmb2_laser_sensors/local_setup.zsh
[0.493s] -- Up-to-date symlink: /home/alejandro/bookros2_ws/install/pmb2_laser_sensors/share/pmb2_laser_sensors/local_setup.dsv
[0.493s] -- Symlinking: /home/alejandro/bookros2_ws/install/pmb2_laser_sensors/share/pmb2_laser_sensors/package.dsv
[0.514s] -- Up-to-date symlink: /home/alejandro/bookros2_ws/install/pmb2_laser_sensors/share/ament_index/resource_index/packages/pmb2_laser_sensors
[0.515s] -- Up-to-date symlink: /home/alejandro/bookros2_ws/install/pmb2_laser_sensors/share/pmb2_laser_sensors/cmake/pmb2_laser_sensorsConfig.cmake
[0.515s] -- Up-to-date symlink: /home/alejandro/bookros2_ws/install/pmb2_laser_sensors/share/pmb2_laser_sensors/cmake/pmb2_laser_sensorsConfig-version.cmake
[0.515s] -- Up-to-date symlink: /home/alejandro/bookros2_ws/install/pmb2_laser_sensors/share/pmb2_laser_sensors/package.xml
[0.533s] Invoked command in '/home/alejandro/bookros2_ws/build/pmb2_laser_sensors' returned '0': CMAKE_PREFIX_PATH=${CMAKE_PREFIX_PATH}:/home/alejandro/bookros2_ws/install/launch_pal:/home/alejandro/bookros2_ws/install/br2_fsm_bumpgo_py:/opt/ros/humble /usr/bin/cmake --install /home/alejandro/bookros2_ws/build/pmb2_laser_sensors
