[0.019s] Invoking command in '/home/alejandro/bookros2_ws/build/pal_gripper': AMENT_PREFIX_PATH=/home/alejandro/bookros2_ws/install/pal_gripper_description:/home/alejandro/bookros2_ws/install/urdf_test:/home/alejandro/bookros2_ws/install/pal_gripper_controller_configuration:${AMENT_PREFIX_PATH} CMAKE_PREFIX_PATH=/home/alejandro/bookros2_ws/install/pal_gripper_description:/home/alejandro/bookros2_ws/install/urdf_test:/home/alejandro/bookros2_ws/install/pal_gripper_controller_configuration:/home/alejandro/ros2_utilities_ws/install/micro_ros_setup:/home/alejandro/ros2_utilities_ws/install/micro_ros_agent:/home/alejandro/ros2_utilities_ws/install/micro_ros_msgs:/opt/ros/humble PYTHONPATH=/home/alejandro/bookros2_ws/install/urdf_test/local/lib/python3.10/dist-packages:${PYTHONPATH} /usr/bin/cmake /home/alejandro/bookros2_ws/src/ThirdParty/pal_gripper/pal_gripper -DCMAKE_INSTALL_PREFIX=/home/alejandro/bookros2_ws/install/pal_gripper
[0.030s] -- Found ament_cmake: 1.3.10 (/opt/ros/humble/share/ament_cmake/cmake)
[0.180s] -- Override CMake install command with custom implementation using symlinks instead of copying resources
[0.272s] -- Configuring done
[0.275s] -- Generating done
[0.276s] -- Build files have been written to: /home/alejandro/bookros2_ws/build/pal_gripper
[0.279s] Invoked command in '/home/alejandro/bookros2_ws/build/pal_gripper' returned '0': AMENT_PREFIX_PATH=/home/alejandro/bookros2_ws/install/pal_gripper_description:/home/alejandro/bookros2_ws/install/urdf_test:/home/alejandro/bookros2_ws/install/pal_gripper_controller_configuration:${AMENT_PREFIX_PATH} CMAKE_PREFIX_PATH=/home/alejandro/bookros2_ws/install/pal_gripper_description:/home/alejandro/bookros2_ws/install/urdf_test:/home/alejandro/bookros2_ws/install/pal_gripper_controller_configuration:/home/alejandro/ros2_utilities_ws/install/micro_ros_setup:/home/alejandro/ros2_utilities_ws/install/micro_ros_agent:/home/alejandro/ros2_utilities_ws/install/micro_ros_msgs:/opt/ros/humble PYTHONPATH=/home/alejandro/bookros2_ws/install/urdf_test/local/lib/python3.10/dist-packages:${PYTHONPATH} /usr/bin/cmake /home/alejandro/bookros2_ws/src/ThirdParty/pal_gripper/pal_gripper -DCMAKE_INSTALL_PREFIX=/home/alejandro/bookros2_ws/install/pal_gripper
[0.280s] Invoking command in '/home/alejandro/bookros2_ws/build/pal_gripper': AMENT_PREFIX_PATH=/home/alejandro/bookros2_ws/install/pal_gripper_description:/home/alejandro/bookros2_ws/install/urdf_test:/home/alejandro/bookros2_ws/install/pal_gripper_controller_configuration:${AMENT_PREFIX_PATH} CMAKE_PREFIX_PATH=/home/alejandro/bookros2_ws/install/pal_gripper_description:/home/alejandro/bookros2_ws/install/urdf_test:/home/alejandro/bookros2_ws/install/pal_gripper_controller_configuration:/home/alejandro/ros2_utilities_ws/install/micro_ros_setup:/home/alejandro/ros2_utilities_ws/install/micro_ros_agent:/home/alejandro/ros2_utilities_ws/install/micro_ros_msgs:/opt/ros/humble PYTHONPATH=/home/alejandro/bookros2_ws/install/urdf_test/local/lib/python3.10/dist-packages:${PYTHONPATH} /usr/bin/cmake --build /home/alejandro/bookros2_ws/build/pal_gripper -- -j8 -l8
[0.318s] Invoked command in '/home/alejandro/bookros2_ws/build/pal_gripper' returned '0': AMENT_PREFIX_PATH=/home/alejandro/bookros2_ws/install/pal_gripper_description:/home/alejandro/bookros2_ws/install/urdf_test:/home/alejandro/bookros2_ws/install/pal_gripper_controller_configuration:${AMENT_PREFIX_PATH} CMAKE_PREFIX_PATH=/home/alejandro/bookros2_ws/install/pal_gripper_description:/home/alejandro/bookros2_ws/install/urdf_test:/home/alejandro/bookros2_ws/install/pal_gripper_controller_configuration:/home/alejandro/ros2_utilities_ws/install/micro_ros_setup:/home/alejandro/ros2_utilities_ws/install/micro_ros_agent:/home/alejandro/ros2_utilities_ws/install/micro_ros_msgs:/opt/ros/humble PYTHONPATH=/home/alejandro/bookros2_ws/install/urdf_test/local/lib/python3.10/dist-packages:${PYTHONPATH} /usr/bin/cmake --build /home/alejandro/bookros2_ws/build/pal_gripper -- -j8 -l8
[0.341s] Invoking command in '/home/alejandro/bookros2_ws/build/pal_gripper': AMENT_PREFIX_PATH=/home/alejandro/bookros2_ws/install/pal_gripper_description:/home/alejandro/bookros2_ws/install/urdf_test:/home/alejandro/bookros2_ws/install/pal_gripper_controller_configuration:${AMENT_PREFIX_PATH} CMAKE_PREFIX_PATH=/home/alejandro/bookros2_ws/install/pal_gripper_description:/home/alejandro/bookros2_ws/install/urdf_test:/home/alejandro/bookros2_ws/install/pal_gripper_controller_configuration:/home/alejandro/ros2_utilities_ws/install/micro_ros_setup:/home/alejandro/ros2_utilities_ws/install/micro_ros_agent:/home/alejandro/ros2_utilities_ws/install/micro_ros_msgs:/opt/ros/humble PYTHONPATH=/home/alejandro/bookros2_ws/install/urdf_test/local/lib/python3.10/dist-packages:${PYTHONPATH} /usr/bin/cmake --install /home/alejandro/bookros2_ws/build/pal_gripper
[0.348s] -- Install configuration: ""
[0.348s] -- Execute custom install script
[0.350s] -- Up-to-date symlink: /home/alejandro/bookros2_ws/install/pal_gripper/share/ament_index/resource_index/package_run_dependencies/pal_gripper
[0.350s] -- Up-to-date symlink: /home/alejandro/bookros2_ws/install/pal_gripper/share/ament_index/resource_index/parent_prefix_path/pal_gripper
[0.350s] -- Up-to-date symlink: /home/alejandro/bookros2_ws/install/pal_gripper/share/pal_gripper/environment/ament_prefix_path.sh
[0.351s] -- Up-to-date symlink: /home/alejandro/bookros2_ws/install/pal_gripper/share/pal_gripper/environment/ament_prefix_path.dsv
[0.351s] -- Up-to-date symlink: /home/alejandro/bookros2_ws/install/pal_gripper/share/pal_gripper/environment/path.sh
[0.351s] -- Up-to-date symlink: /home/alejandro/bookros2_ws/install/pal_gripper/share/pal_gripper/environment/path.dsv
[0.351s] -- Up-to-date symlink: /home/alejandro/bookros2_ws/install/pal_gripper/share/pal_gripper/local_setup.bash
[0.351s] -- Up-to-date symlink: /home/alejandro/bookros2_ws/install/pal_gripper/share/pal_gripper/local_setup.sh
[0.351s] -- Up-to-date symlink: /home/alejandro/bookros2_ws/install/pal_gripper/share/pal_gripper/local_setup.zsh
[0.352s] -- Up-to-date symlink: /home/alejandro/bookros2_ws/install/pal_gripper/share/pal_gripper/local_setup.dsv
[0.352s] -- Symlinking: /home/alejandro/bookros2_ws/install/pal_gripper/share/pal_gripper/package.dsv
[0.361s] -- Up-to-date symlink: /home/alejandro/bookros2_ws/install/pal_gripper/share/ament_index/resource_index/packages/pal_gripper
[0.362s] -- Up-to-date symlink: /home/alejandro/bookros2_ws/install/pal_gripper/share/pal_gripper/cmake/pal_gripperConfig.cmake
[0.362s] -- Up-to-date symlink: /home/alejandro/bookros2_ws/install/pal_gripper/share/pal_gripper/cmake/pal_gripperConfig-version.cmake
[0.362s] -- Up-to-date symlink: /home/alejandro/bookros2_ws/install/pal_gripper/share/pal_gripper/package.xml
[0.365s] Invoked command in '/home/alejandro/bookros2_ws/build/pal_gripper' returned '0': AMENT_PREFIX_PATH=/home/alejandro/bookros2_ws/install/pal_gripper_description:/home/alejandro/bookros2_ws/install/urdf_test:/home/alejandro/bookros2_ws/install/pal_gripper_controller_configuration:${AMENT_PREFIX_PATH} CMAKE_PREFIX_PATH=/home/alejandro/bookros2_ws/install/pal_gripper_description:/home/alejandro/bookros2_ws/install/urdf_test:/home/alejandro/bookros2_ws/install/pal_gripper_controller_configuration:/home/alejandro/ros2_utilities_ws/install/micro_ros_setup:/home/alejandro/ros2_utilities_ws/install/micro_ros_agent:/home/alejandro/ros2_utilities_ws/install/micro_ros_msgs:/opt/ros/humble PYTHONPATH=/home/alejandro/bookros2_ws/install/urdf_test/local/lib/python3.10/dist-packages:${PYTHONPATH} /usr/bin/cmake --install /home/alejandro/bookros2_ws/build/pal_gripper
