[0.012s] Invoking command in '/home/alejandro/bookros2_ws/build/tiago_moveit_config': AMENT_PREFIX_PATH=/home/alejandro/bookros2_ws/install/tiago_description:/home/alejandro/bookros2_ws/install/pmb2_description:/home/alejandro/bookros2_ws/install/pal_gripper_description:/home/alejandro/bookros2_ws/install/urdf_test:/home/alejandro/bookros2_ws/install/launch_pal:${AMENT_PREFIX_PATH} CMAKE_PREFIX_PATH=/home/alejandro/bookros2_ws/install/tiago_description:/home/alejandro/bookros2_ws/install/pmb2_description:/home/alejandro/bookros2_ws/install/pal_gripper_description:/home/alejandro/bookros2_ws/install/urdf_test:/home/alejandro/ros2_utilities_ws/install/micro_ros_setup:/home/alejandro/ros2_utilities_ws/install/micro_ros_agent:/home/alejandro/ros2_utilities_ws/install/micro_ros_msgs:/opt/ros/humble PYTHONPATH=/home/alejandro/bookros2_ws/install/tiago_description/local/lib/python3.10/dist-packages:/home/alejandro/bookros2_ws/install/pmb2_description/local/lib/python3.10/dist-packages:/home/alejandro/bookros2_ws/install/urdf_test/local/lib/python3.10/dist-packages:/home/alejandro/bookros2_ws/install/launch_pal/lib/python3.10/site-packages:${PYTHONPATH} /usr/bin/cmake /home/alejandro/bookros2_ws/src/ThirdParty/tiago_moveit_config -DCMAKE_INSTALL_PREFIX=/home/alejandro/bookros2_ws/install/tiago_moveit_config
[0.021s] -- Found ament_cmake: 1.3.10 (/opt/ros/humble/share/ament_cmake/cmake)
[0.126s] -- Override CMake install command with custom implementation using symlinks instead of copying resources
[0.142s] -- Found ament_lint_auto: 0.12.11 (/opt/ros/humble/share/ament_lint_auto/cmake)
[0.226s] -- Added test 'copyright' to check source files copyright and LICENSE
[0.239s] -- Added test 'flake8' to check Python code syntax and style conventions
[0.240s] -- Added test 'lint_cmake' to check CMake code style
[0.240s] -- Added test 'pep257' to check Python code against some of the docstring style conventions in PEP 257
[0.244s] -- Added test 'xmllint' to check XML markup files
[0.245s] -- Configuring done
[0.249s] -- Generating done
[0.250s] -- Build files have been written to: /home/alejandro/bookros2_ws/build/tiago_moveit_config
[0.253s] Invoked command in '/home/alejandro/bookros2_ws/build/tiago_moveit_config' returned '0': AMENT_PREFIX_PATH=/home/alejandro/bookros2_ws/install/tiago_description:/home/alejandro/bookros2_ws/install/pmb2_description:/home/alejandro/bookros2_ws/install/pal_gripper_description:/home/alejandro/bookros2_ws/install/urdf_test:/home/alejandro/bookros2_ws/install/launch_pal:${AMENT_PREFIX_PATH} CMAKE_PREFIX_PATH=/home/alejandro/bookros2_ws/install/tiago_description:/home/alejandro/bookros2_ws/install/pmb2_description:/home/alejandro/bookros2_ws/install/pal_gripper_description:/home/alejandro/bookros2_ws/install/urdf_test:/home/alejandro/ros2_utilities_ws/install/micro_ros_setup:/home/alejandro/ros2_utilities_ws/install/micro_ros_agent:/home/alejandro/ros2_utilities_ws/install/micro_ros_msgs:/opt/ros/humble PYTHONPATH=/home/alejandro/bookros2_ws/install/tiago_description/local/lib/python3.10/dist-packages:/home/alejandro/bookros2_ws/install/pmb2_description/local/lib/python3.10/dist-packages:/home/alejandro/bookros2_ws/install/urdf_test/local/lib/python3.10/dist-packages:/home/alejandro/bookros2_ws/install/launch_pal/lib/python3.10/site-packages:${PYTHONPATH} /usr/bin/cmake /home/alejandro/bookros2_ws/src/ThirdParty/tiago_moveit_config -DCMAKE_INSTALL_PREFIX=/home/alejandro/bookros2_ws/install/tiago_moveit_config
[0.254s] Invoking command in '/home/alejandro/bookros2_ws/build/tiago_moveit_config': AMENT_PREFIX_PATH=/home/alejandro/bookros2_ws/install/tiago_description:/home/alejandro/bookros2_ws/install/pmb2_description:/home/alejandro/bookros2_ws/install/pal_gripper_description:/home/alejandro/bookros2_ws/install/urdf_test:/home/alejandro/bookros2_ws/install/launch_pal:${AMENT_PREFIX_PATH} CMAKE_PREFIX_PATH=/home/alejandro/bookros2_ws/install/tiago_description:/home/alejandro/bookros2_ws/install/pmb2_description:/home/alejandro/bookros2_ws/install/pal_gripper_description:/home/alejandro/bookros2_ws/install/urdf_test:/home/alejandro/ros2_utilities_ws/install/micro_ros_setup:/home/alejandro/ros2_utilities_ws/install/micro_ros_agent:/home/alejandro/ros2_utilities_ws/install/micro_ros_msgs:/opt/ros/humble PYTHONPATH=/home/alejandro/bookros2_ws/install/tiago_description/local/lib/python3.10/dist-packages:/home/alejandro/bookros2_ws/install/pmb2_description/local/lib/python3.10/dist-packages:/home/alejandro/bookros2_ws/install/urdf_test/local/lib/python3.10/dist-packages:/home/alejandro/bookros2_ws/install/launch_pal/lib/python3.10/site-packages:${PYTHONPATH} /usr/bin/cmake --build /home/alejandro/bookros2_ws/build/tiago_moveit_config -- -j8 -l8
[0.279s] Invoked command in '/home/alejandro/bookros2_ws/build/tiago_moveit_config' returned '0': AMENT_PREFIX_PATH=/home/alejandro/bookros2_ws/install/tiago_description:/home/alejandro/bookros2_ws/install/pmb2_description:/home/alejandro/bookros2_ws/install/pal_gripper_description:/home/alejandro/bookros2_ws/install/urdf_test:/home/alejandro/bookros2_ws/install/launch_pal:${AMENT_PREFIX_PATH} CMAKE_PREFIX_PATH=/home/alejandro/bookros2_ws/install/tiago_description:/home/alejandro/bookros2_ws/install/pmb2_description:/home/alejandro/bookros2_ws/install/pal_gripper_description:/home/alejandro/bookros2_ws/install/urdf_test:/home/alejandro/ros2_utilities_ws/install/micro_ros_setup:/home/alejandro/ros2_utilities_ws/install/micro_ros_agent:/home/alejandro/ros2_utilities_ws/install/micro_ros_msgs:/opt/ros/humble PYTHONPATH=/home/alejandro/bookros2_ws/install/tiago_description/local/lib/python3.10/dist-packages:/home/alejandro/bookros2_ws/install/pmb2_description/local/lib/python3.10/dist-packages:/home/alejandro/bookros2_ws/install/urdf_test/local/lib/python3.10/dist-packages:/home/alejandro/bookros2_ws/install/launch_pal/lib/python3.10/site-packages:${PYTHONPATH} /usr/bin/cmake --build /home/alejandro/bookros2_ws/build/tiago_moveit_config -- -j8 -l8
[0.294s] Invoking command in '/home/alejandro/bookros2_ws/build/tiago_moveit_config': AMENT_PREFIX_PATH=/home/alejandro/bookros2_ws/install/tiago_description:/home/alejandro/bookros2_ws/install/pmb2_description:/home/alejandro/bookros2_ws/install/pal_gripper_description:/home/alejandro/bookros2_ws/install/urdf_test:/home/alejandro/bookros2_ws/install/launch_pal:${AMENT_PREFIX_PATH} CMAKE_PREFIX_PATH=/home/alejandro/bookros2_ws/install/tiago_description:/home/alejandro/bookros2_ws/install/pmb2_description:/home/alejandro/bookros2_ws/install/pal_gripper_description:/home/alejandro/bookros2_ws/install/urdf_test:/home/alejandro/ros2_utilities_ws/install/micro_ros_setup:/home/alejandro/ros2_utilities_ws/install/micro_ros_agent:/home/alejandro/ros2_utilities_ws/install/micro_ros_msgs:/opt/ros/humble PYTHONPATH=/home/alejandro/bookros2_ws/install/tiago_description/local/lib/python3.10/dist-packages:/home/alejandro/bookros2_ws/install/pmb2_description/local/lib/python3.10/dist-packages:/home/alejandro/bookros2_ws/install/urdf_test/local/lib/python3.10/dist-packages:/home/alejandro/bookros2_ws/install/launch_pal/lib/python3.10/site-packages:${PYTHONPATH} /usr/bin/cmake --install /home/alejandro/bookros2_ws/build/tiago_moveit_config
[0.299s] -- Install configuration: ""
[0.299s] -- Execute custom install script
[0.300s] -- Up-to-date symlink: /home/alejandro/bookros2_ws/install/tiago_moveit_config/share/ament_index/resource_index/package_run_dependencies/tiago_moveit_config
[0.300s] -- Up-to-date symlink: /home/alejandro/bookros2_ws/install/tiago_moveit_config/share/ament_index/resource_index/parent_prefix_path/tiago_moveit_config
[0.301s] -- Up-to-date symlink: /home/alejandro/bookros2_ws/install/tiago_moveit_config/share/tiago_moveit_config/environment/ament_prefix_path.sh
[0.301s] -- Up-to-date symlink: /home/alejandro/bookros2_ws/install/tiago_moveit_config/share/tiago_moveit_config/environment/ament_prefix_path.dsv
[0.301s] -- Up-to-date symlink: /home/alejandro/bookros2_ws/install/tiago_moveit_config/share/tiago_moveit_config/environment/path.sh
[0.302s] -- Up-to-date symlink: /home/alejandro/bookros2_ws/install/tiago_moveit_config/share/tiago_moveit_config/environment/path.dsv
[0.302s] -- Up-to-date symlink: /home/alejandro/bookros2_ws/install/tiago_moveit_config/share/tiago_moveit_config/local_setup.bash
[0.302s] -- Up-to-date symlink: /home/alejandro/bookros2_ws/install/tiago_moveit_config/share/tiago_moveit_config/local_setup.sh
[0.303s] -- Up-to-date symlink: /home/alejandro/bookros2_ws/install/tiago_moveit_config/share/tiago_moveit_config/local_setup.zsh
[0.303s] -- Up-to-date symlink: /home/alejandro/bookros2_ws/install/tiago_moveit_config/share/tiago_moveit_config/local_setup.dsv
[0.303s] -- Symlinking: /home/alejandro/bookros2_ws/install/tiago_moveit_config/share/tiago_moveit_config/package.dsv
[0.309s] -- Up-to-date symlink: /home/alejandro/bookros2_ws/install/tiago_moveit_config/share/ament_index/resource_index/packages/tiago_moveit_config
[0.309s] -- Up-to-date symlink: /home/alejandro/bookros2_ws/install/tiago_moveit_config/share/tiago_moveit_config/cmake/tiago_moveit_configConfig.cmake
[0.309s] -- Up-to-date symlink: /home/alejandro/bookros2_ws/install/tiago_moveit_config/share/tiago_moveit_config/cmake/tiago_moveit_configConfig-version.cmake
[0.309s] -- Up-to-date symlink: /home/alejandro/bookros2_ws/install/tiago_moveit_config/share/tiago_moveit_config/package.xml
[0.310s] -- Up-to-date symlink: /home/alejandro/bookros2_ws/install/tiago_moveit_config/share/tiago_moveit_config/launch/move_group.launch.py
[0.310s] -- Up-to-date symlink: /home/alejandro/bookros2_ws/install/tiago_moveit_config/share/tiago_moveit_config/launch/moveit_rviz.launch.py
[0.311s] -- Up-to-date symlink: /home/alejandro/bookros2_ws/install/tiago_moveit_config/share/tiago_moveit_config/config/controllers/controllers.yaml.em
[0.311s] -- Up-to-date symlink: /home/alejandro/bookros2_ws/install/tiago_moveit_config/share/tiago_moveit_config/config/controllers/controllers_custom.yaml
[0.311s] -- Up-to-date symlink: /home/alejandro/bookros2_ws/install/tiago_moveit_config/share/tiago_moveit_config/config/controllers/controllers_no-arm.yaml
[0.311s] -- Up-to-date symlink: /home/alejandro/bookros2_ws/install/tiago_moveit_config/share/tiago_moveit_config/config/controllers/controllers_no-ee.yaml
[0.311s] -- Up-to-date symlink: /home/alejandro/bookros2_ws/install/tiago_moveit_config/share/tiago_moveit_config/config/controllers/controllers_pal-gripper.yaml
[0.312s] -- Up-to-date symlink: /home/alejandro/bookros2_ws/install/tiago_moveit_config/share/tiago_moveit_config/config/controllers/controllers_pal-hey5.yaml
[0.312s] -- Up-to-date symlink: /home/alejandro/bookros2_ws/install/tiago_moveit_config/share/tiago_moveit_config/config/controllers/controllers_robotiq-2f-140.yaml
[0.312s] -- Up-to-date symlink: /home/alejandro/bookros2_ws/install/tiago_moveit_config/share/tiago_moveit_config/config/controllers/controllers_robotiq-2f-85.yaml
[0.312s] -- Up-to-date symlink: /home/alejandro/bookros2_ws/install/tiago_moveit_config/share/tiago_moveit_config/config/controllers/controllers_robotiq-epick.yaml
[0.312s] -- Up-to-date symlink: /home/alejandro/bookros2_ws/install/tiago_moveit_config/share/tiago_moveit_config/config/joint_limits.yaml
[0.312s] -- Up-to-date symlink: /home/alejandro/bookros2_ws/install/tiago_moveit_config/share/tiago_moveit_config/config/kinematics_kdl.yaml
[0.313s] -- Up-to-date symlink: /home/alejandro/bookros2_ws/install/tiago_moveit_config/share/tiago_moveit_config/config/kinematics_trac_ik.yaml
[0.313s] -- Up-to-date symlink: /home/alejandro/bookros2_ws/install/tiago_moveit_config/share/tiago_moveit_config/config/ompl_planning.yaml
[0.313s] -- Up-to-date symlink: /home/alejandro/bookros2_ws/install/tiago_moveit_config/share/tiago_moveit_config/config/pilz_cartesian_limits.yaml
[0.313s] -- Up-to-date symlink: /home/alejandro/bookros2_ws/install/tiago_moveit_config/share/tiago_moveit_config/config/rviz/moveit.rviz
[0.313s] -- Up-to-date symlink: /home/alejandro/bookros2_ws/install/tiago_moveit_config/share/tiago_moveit_config/config/sensors_3d.yaml
[0.313s] -- Up-to-date symlink: /home/alejandro/bookros2_ws/install/tiago_moveit_config/share/tiago_moveit_config/config/srdf/disable_collisions/custom.srdf.xacro
[0.314s] -- Up-to-date symlink: /home/alejandro/bookros2_ws/install/tiago_moveit_config/share/tiago_moveit_config/config/srdf/disable_collisions/custom_schunk-ft.srdf.xacro
[0.314s] -- Up-to-date symlink: /home/alejandro/bookros2_ws/install/tiago_moveit_config/share/tiago_moveit_config/config/srdf/disable_collisions/no-ee.srdf.xacro
[0.314s] -- Up-to-date symlink: /home/alejandro/bookros2_ws/install/tiago_moveit_config/share/tiago_moveit_config/config/srdf/disable_collisions/no-ee_schunk-ft.srdf.xacro
[0.314s] -- Up-to-date symlink: /home/alejandro/bookros2_ws/install/tiago_moveit_config/share/tiago_moveit_config/config/srdf/disable_collisions/pal-gripper.srdf.xacro
[0.314s] -- Up-to-date symlink: /home/alejandro/bookros2_ws/install/tiago_moveit_config/share/tiago_moveit_config/config/srdf/disable_collisions/pal-gripper_schunk-ft.srdf.xacro
[0.315s] -- Up-to-date symlink: /home/alejandro/bookros2_ws/install/tiago_moveit_config/share/tiago_moveit_config/config/srdf/disable_collisions/pal-hey5.srdf.xacro
[0.315s] -- Up-to-date symlink: /home/alejandro/bookros2_ws/install/tiago_moveit_config/share/tiago_moveit_config/config/srdf/disable_collisions/pal-hey5_schunk-ft.srdf.xacro
[0.316s] -- Up-to-date symlink: /home/alejandro/bookros2_ws/install/tiago_moveit_config/share/tiago_moveit_config/config/srdf/disable_collisions/robotiq-2f-140.srdf.xacro
[0.316s] -- Up-to-date symlink: /home/alejandro/bookros2_ws/install/tiago_moveit_config/share/tiago_moveit_config/config/srdf/disable_collisions/robotiq-2f-140_schunk-ft.srdf.xacro
[0.316s] -- Up-to-date symlink: /home/alejandro/bookros2_ws/install/tiago_moveit_config/share/tiago_moveit_config/config/srdf/disable_collisions/robotiq-2f-85.srdf.xacro
[0.316s] -- Up-to-date symlink: /home/alejandro/bookros2_ws/install/tiago_moveit_config/share/tiago_moveit_config/config/srdf/disable_collisions/robotiq-2f-85_schunk-ft.srdf.xacro
[0.316s] -- Up-to-date symlink: /home/alejandro/bookros2_ws/install/tiago_moveit_config/share/tiago_moveit_config/config/srdf/disable_collisions/tiago_custom.srdf.xacro
[0.316s] -- Up-to-date symlink: /home/alejandro/bookros2_ws/install/tiago_moveit_config/share/tiago_moveit_config/config/srdf/disable_collisions/tiago_custom_schunk-ft.srdf.xacro
[0.316s] -- Up-to-date symlink: /home/alejandro/bookros2_ws/install/tiago_moveit_config/share/tiago_moveit_config/config/srdf/disable_collisions/tiago_no-arm.srdf.xacro
[0.316s] -- Up-to-date symlink: /home/alejandro/bookros2_ws/install/tiago_moveit_config/share/tiago_moveit_config/config/srdf/disable_collisions/tiago_no-ee.srdf.xacro
[0.317s] -- Up-to-date symlink: /home/alejandro/bookros2_ws/install/tiago_moveit_config/share/tiago_moveit_config/config/srdf/disable_collisions/tiago_no-ee_schunk-ft.srdf.xacro
[0.317s] -- Up-to-date symlink: /home/alejandro/bookros2_ws/install/tiago_moveit_config/share/tiago_moveit_config/config/srdf/disable_collisions/tiago_omni_custom.srdf.xacro
[0.317s] -- Up-to-date symlink: /home/alejandro/bookros2_ws/install/tiago_moveit_config/share/tiago_moveit_config/config/srdf/disable_collisions/tiago_omni_custom_schunk-ft.srdf.xacro
[0.317s] -- Up-to-date symlink: /home/alejandro/bookros2_ws/install/tiago_moveit_config/share/tiago_moveit_config/config/srdf/disable_collisions/tiago_omni_no-arm.srdf.xacro
[0.317s] -- Up-to-date symlink: /home/alejandro/bookros2_ws/install/tiago_moveit_config/share/tiago_moveit_config/config/srdf/disable_collisions/tiago_omni_no-ee.srdf.xacro
[0.317s] -- Up-to-date symlink: /home/alejandro/bookros2_ws/install/tiago_moveit_config/share/tiago_moveit_config/config/srdf/disable_collisions/tiago_omni_no-ee_schunk-ft.srdf.xacro
[0.317s] -- Up-to-date symlink: /home/alejandro/bookros2_ws/install/tiago_moveit_config/share/tiago_moveit_config/config/srdf/disable_collisions/tiago_omni_pal-gripper.srdf.xacro
[0.318s] -- Up-to-date symlink: /home/alejandro/bookros2_ws/install/tiago_moveit_config/share/tiago_moveit_config/config/srdf/disable_collisions/tiago_omni_pal-gripper_schunk-ft.srdf.xacro
[0.318s] -- Up-to-date symlink: /home/alejandro/bookros2_ws/install/tiago_moveit_config/share/tiago_moveit_config/config/srdf/disable_collisions/tiago_omni_pal-hey5.srdf.xacro
[0.318s] -- Up-to-date symlink: /home/alejandro/bookros2_ws/install/tiago_moveit_config/share/tiago_moveit_config/config/srdf/disable_collisions/tiago_omni_pal-hey5_schunk-ft.srdf.xacro
[0.318s] -- Up-to-date symlink: /home/alejandro/bookros2_ws/install/tiago_moveit_config/share/tiago_moveit_config/config/srdf/disable_collisions/tiago_omni_robotiq-2f-140.srdf.xacro
[0.318s] -- Up-to-date symlink: /home/alejandro/bookros2_ws/install/tiago_moveit_config/share/tiago_moveit_config/config/srdf/disable_collisions/tiago_omni_robotiq-2f-140_schunk-ft.srdf.xacro
[0.319s] -- Up-to-date symlink: /home/alejandro/bookros2_ws/install/tiago_moveit_config/share/tiago_moveit_config/config/srdf/disable_collisions/tiago_omni_robotiq-2f-85.srdf.xacro
[0.319s] -- Up-to-date symlink: /home/alejandro/bookros2_ws/install/tiago_moveit_config/share/tiago_moveit_config/config/srdf/disable_collisions/tiago_omni_robotiq-2f-85_schunk-ft.srdf.xacro
[0.319s] -- Up-to-date symlink: /home/alejandro/bookros2_ws/install/tiago_moveit_config/share/tiago_moveit_config/config/srdf/disable_collisions/tiago_pal-gripper.srdf.xacro
[0.319s] -- Up-to-date symlink: /home/alejandro/bookros2_ws/install/tiago_moveit_config/share/tiago_moveit_config/config/srdf/disable_collisions/tiago_pal-gripper_schunk-ft.srdf.xacro
[0.319s] -- Up-to-date symlink: /home/alejandro/bookros2_ws/install/tiago_moveit_config/share/tiago_moveit_config/config/srdf/disable_collisions/tiago_pal-hey5.srdf.xacro
[0.319s] -- Up-to-date symlink: /home/alejandro/bookros2_ws/install/tiago_moveit_config/share/tiago_moveit_config/config/srdf/disable_collisions/tiago_pal-hey5_schunk-ft.srdf.xacro
[0.319s] -- Up-to-date symlink: /home/alejandro/bookros2_ws/install/tiago_moveit_config/share/tiago_moveit_config/config/srdf/disable_collisions/tiago_robotiq-2f-140.srdf.xacro
[0.320s] -- Up-to-date symlink: /home/alejandro/bookros2_ws/install/tiago_moveit_config/share/tiago_moveit_config/config/srdf/disable_collisions/tiago_robotiq-2f-140_schunk-ft.srdf.xacro
[0.320s] -- Up-to-date symlink: /home/alejandro/bookros2_ws/install/tiago_moveit_config/share/tiago_moveit_config/config/srdf/disable_collisions/tiago_robotiq-2f-85.srdf.xacro
[0.320s] -- Up-to-date symlink: /home/alejandro/bookros2_ws/install/tiago_moveit_config/share/tiago_moveit_config/config/srdf/disable_collisions/tiago_robotiq-2f-85_schunk-ft.srdf.xacro
[0.321s] -- Up-to-date symlink: /home/alejandro/bookros2_ws/install/tiago_moveit_config/share/tiago_moveit_config/config/srdf/end_effectors/custom.srdf.xacro
[0.321s] -- Up-to-date symlink: /home/alejandro/bookros2_ws/install/tiago_moveit_config/share/tiago_moveit_config/config/srdf/end_effectors/no-end-effector.srdf.xacro
[0.321s] -- Up-to-date symlink: /home/alejandro/bookros2_ws/install/tiago_moveit_config/share/tiago_moveit_config/config/srdf/end_effectors/pal-gripper.srdf.xacro
[0.321s] -- Up-to-date symlink: /home/alejandro/bookros2_ws/install/tiago_moveit_config/share/tiago_moveit_config/config/srdf/end_effectors/pal-hey5.srdf.xacro
[0.321s] -- Up-to-date symlink: /home/alejandro/bookros2_ws/install/tiago_moveit_config/share/tiago_moveit_config/config/srdf/end_effectors/robotiq-2f-140.srdf.xacro
[0.321s] -- Up-to-date symlink: /home/alejandro/bookros2_ws/install/tiago_moveit_config/share/tiago_moveit_config/config/srdf/end_effectors/robotiq-2f-85.srdf.xacro
[0.322s] -- Up-to-date symlink: /home/alejandro/bookros2_ws/install/tiago_moveit_config/share/tiago_moveit_config/config/srdf/end_effectors/shared/robotiq-2f.srdf.xacro
[0.322s] -- Up-to-date symlink: /home/alejandro/bookros2_ws/install/tiago_moveit_config/share/tiago_moveit_config/config/srdf/scripts/update.sh
[0.322s] -- Up-to-date symlink: /home/alejandro/bookros2_ws/install/tiago_moveit_config/share/tiago_moveit_config/config/srdf/tiago.srdf.xacro
[0.337s] Invoked command in '/home/alejandro/bookros2_ws/build/tiago_moveit_config' returned '0': AMENT_PREFIX_PATH=/home/alejandro/bookros2_ws/install/tiago_description:/home/alejandro/bookros2_ws/install/pmb2_description:/home/alejandro/bookros2_ws/install/pal_gripper_description:/home/alejandro/bookros2_ws/install/urdf_test:/home/alejandro/bookros2_ws/install/launch_pal:${AMENT_PREFIX_PATH} CMAKE_PREFIX_PATH=/home/alejandro/bookros2_ws/install/tiago_description:/home/alejandro/bookros2_ws/install/pmb2_description:/home/alejandro/bookros2_ws/install/pal_gripper_description:/home/alejandro/bookros2_ws/install/urdf_test:/home/alejandro/ros2_utilities_ws/install/micro_ros_setup:/home/alejandro/ros2_utilities_ws/install/micro_ros_agent:/home/alejandro/ros2_utilities_ws/install/micro_ros_msgs:/opt/ros/humble PYTHONPATH=/home/alejandro/bookros2_ws/install/tiago_description/local/lib/python3.10/dist-packages:/home/alejandro/bookros2_ws/install/pmb2_description/local/lib/python3.10/dist-packages:/home/alejandro/bookros2_ws/install/urdf_test/local/lib/python3.10/dist-packages:/home/alejandro/bookros2_ws/install/launch_pal/lib/python3.10/site-packages:${PYTHONPATH} /usr/bin/cmake --install /home/alejandro/bookros2_ws/build/tiago_moveit_config
