[0.095s] Invoking command in '/home/alejandro/bookros2_ws/build/br2_vff_avoidance': CMAKE_PREFIX_PATH=${CMAKE_PREFIX_PATH}:/opt/ros/humble /usr/bin/cmake --build /home/alejandro/bookros2_ws/build/br2_vff_avoidance -- -j8 -l8
[0.336s] [ 20%] Built target br2_vff_avoidance
[0.398s] [ 40%] Built target gtest
[0.509s] [ 60%] Built target avoidance_vff
[0.588s] [ 80%] Built target gtest_main
[0.659s] [100%] Built target vff_test
[0.748s] Invoked command in '/home/alejandro/bookros2_ws/build/br2_vff_avoidance' returned '0': CMAKE_PREFIX_PATH=${CMAKE_PREFIX_PATH}:/opt/ros/humble /usr/bin/cmake --build /home/alejandro/bookros2_ws/build/br2_vff_avoidance -- -j8 -l8
[0.962s] Invoking command in '/home/alejandro/bookros2_ws/build/br2_vff_avoidance': CMAKE_PREFIX_PATH=${CMAKE_PREFIX_PATH}:/opt/ros/humble /usr/bin/cmake --install /home/alejandro/bookros2_ws/build/br2_vff_avoidance
[1.005s] -- Install configuration: "Debug"
[1.006s] -- Execute custom install script
[1.006s] -- Up-to-date symlink: /home/alejandro/bookros2_ws/install/br2_vff_avoidance/lib/libbr2_vff_avoidance.so
[1.006s] -- Up-to-date symlink: /home/alejandro/bookros2_ws/install/br2_vff_avoidance/lib/br2_vff_avoidance/avoidance_vff
[1.006s] -- Up-to-date symlink: /home/alejandro/bookros2_ws/install/br2_vff_avoidance/share/br2_vff_avoidance/launch/avoidance_vff.launch.py
[1.006s] -- Up-to-date symlink: /home/alejandro/bookros2_ws/install/br2_vff_avoidance/share/ament_index/resource_index/package_run_dependencies/br2_vff_avoidance
[1.007s] -- Up-to-date symlink: /home/alejandro/bookros2_ws/install/br2_vff_avoidance/share/ament_index/resource_index/parent_prefix_path/br2_vff_avoidance
[1.007s] -- Up-to-date symlink: /home/alejandro/bookros2_ws/install/br2_vff_avoidance/share/br2_vff_avoidance/environment/ament_prefix_path.sh
[1.008s] -- Up-to-date symlink: /home/alejandro/bookros2_ws/install/br2_vff_avoidance/share/br2_vff_avoidance/environment/ament_prefix_path.dsv
[1.009s] -- Up-to-date symlink: /home/alejandro/bookros2_ws/install/br2_vff_avoidance/share/br2_vff_avoidance/environment/path.sh
[1.014s] -- Up-to-date symlink: /home/alejandro/bookros2_ws/install/br2_vff_avoidance/share/br2_vff_avoidance/environment/path.dsv
[1.015s] -- Up-to-date symlink: /home/alejandro/bookros2_ws/install/br2_vff_avoidance/share/br2_vff_avoidance/local_setup.bash
[1.019s] -- Up-to-date symlink: /home/alejandro/bookros2_ws/install/br2_vff_avoidance/share/br2_vff_avoidance/local_setup.sh
[1.025s] -- Up-to-date symlink: /home/alejandro/bookros2_ws/install/br2_vff_avoidance/share/br2_vff_avoidance/local_setup.zsh
[1.025s] -- Up-to-date symlink: /home/alejandro/bookros2_ws/install/br2_vff_avoidance/share/br2_vff_avoidance/local_setup.dsv
[1.026s] -- Symlinking: /home/alejandro/bookros2_ws/install/br2_vff_avoidance/share/br2_vff_avoidance/package.dsv
[1.051s] -- Up-to-date symlink: /home/alejandro/bookros2_ws/install/br2_vff_avoidance/share/ament_index/resource_index/packages/br2_vff_avoidance
[1.052s] -- Up-to-date symlink: /home/alejandro/bookros2_ws/install/br2_vff_avoidance/share/br2_vff_avoidance/cmake/ament_cmake_export_dependencies-extras.cmake
[1.052s] -- Up-to-date symlink: /home/alejandro/bookros2_ws/install/br2_vff_avoidance/share/br2_vff_avoidance/cmake/br2_vff_avoidanceConfig.cmake
[1.052s] -- Up-to-date symlink: /home/alejandro/bookros2_ws/install/br2_vff_avoidance/share/br2_vff_avoidance/cmake/br2_vff_avoidanceConfig-version.cmake
[1.052s] -- Up-to-date symlink: /home/alejandro/bookros2_ws/install/br2_vff_avoidance/share/br2_vff_avoidance/package.xml
[1.056s] Invoked command in '/home/alejandro/bookros2_ws/build/br2_vff_avoidance' returned '0': CMAKE_PREFIX_PATH=${CMAKE_PREFIX_PATH}:/opt/ros/humble /usr/bin/cmake --install /home/alejandro/bookros2_ws/build/br2_vff_avoidance
