[0.965s] Invoking command in '/home/alejandro/bookros2_ws/build/pmb2_laser_sensors': CMAKE_PREFIX_PATH=${CMAKE_PREFIX_PATH}:/opt/ros/humble /usr/bin/cmake --build /home/alejandro/bookros2_ws/build/pmb2_laser_sensors -- -j8 -l8
[1.180s] Invoked command in '/home/alejandro/bookros2_ws/build/pmb2_laser_sensors' returned '0': CMAKE_PREFIX_PATH=${CMAKE_PREFIX_PATH}:/opt/ros/humble /usr/bin/cmake --build /home/alejandro/bookros2_ws/build/pmb2_laser_sensors -- -j8 -l8
[1.293s] Invoking command in '/home/alejandro/bookros2_ws/build/pmb2_laser_sensors': CMAKE_PREFIX_PATH=${CMAKE_PREFIX_PATH}:/opt/ros/humble /usr/bin/cmake --install /home/alejandro/bookros2_ws/build/pmb2_laser_sensors
[1.445s] -- Install configuration: ""
[1.446s] -- Execute custom install script
[1.447s] -- Up-to-date symlink: /home/alejandro/bookros2_ws/install/pmb2_laser_sensors/share/pmb2_laser_sensors/params/laser_pipeline.yaml
[1.447s] -- Up-to-date symlink: /home/alejandro/bookros2_ws/install/pmb2_laser_sensors/share/pmb2_laser_sensors/params/laser_pipeline_sim.yaml
[1.447s] -- Up-to-date symlink: /home/alejandro/bookros2_ws/install/pmb2_laser_sensors/share/pmb2_laser_sensors/params/laser_pipeline_w_composition.yaml
[1.450s] -- Up-to-date symlink: /home/alejandro/bookros2_ws/install/pmb2_laser_sensors/share/ament_index/resource_index/package_run_dependencies/pmb2_laser_sensors
[1.450s] -- Up-to-date symlink: /home/alejandro/bookros2_ws/install/pmb2_laser_sensors/share/ament_index/resource_index/parent_prefix_path/pmb2_laser_sensors
[1.450s] -- Up-to-date symlink: /home/alejandro/bookros2_ws/install/pmb2_laser_sensors/share/pmb2_laser_sensors/environment/ament_prefix_path.sh
[1.450s] -- Up-to-date symlink: /home/alejandro/bookros2_ws/install/pmb2_laser_sensors/share/pmb2_laser_sensors/environment/ament_prefix_path.dsv
[1.450s] -- Up-to-date symlink: /home/alejandro/bookros2_ws/install/pmb2_laser_sensors/share/pmb2_laser_sensors/environment/path.sh
[1.451s] -- Up-to-date symlink: /home/alejandro/bookros2_ws/install/pmb2_laser_sensors/share/pmb2_laser_sensors/environment/path.dsv
[1.451s] -- Up-to-date symlink: /home/alejandro/bookros2_ws/install/pmb2_laser_sensors/share/pmb2_laser_sensors/local_setup.bash
[1.451s] -- Up-to-date symlink: /home/alejandro/bookros2_ws/install/pmb2_laser_sensors/share/pmb2_laser_sensors/local_setup.sh
[1.451s] -- Up-to-date symlink: /home/alejandro/bookros2_ws/install/pmb2_laser_sensors/share/pmb2_laser_sensors/local_setup.zsh
[1.452s] -- Up-to-date symlink: /home/alejandro/bookros2_ws/install/pmb2_laser_sensors/share/pmb2_laser_sensors/local_setup.dsv
[1.459s] -- Symlinking: /home/alejandro/bookros2_ws/install/pmb2_laser_sensors/share/pmb2_laser_sensors/package.dsv
[1.498s] -- Up-to-date symlink: /home/alejandro/bookros2_ws/install/pmb2_laser_sensors/share/ament_index/resource_index/packages/pmb2_laser_sensors
[1.507s] -- Up-to-date symlink: /home/alejandro/bookros2_ws/install/pmb2_laser_sensors/share/pmb2_laser_sensors/cmake/pmb2_laser_sensorsConfig.cmake
[1.507s] -- Up-to-date symlink: /home/alejandro/bookros2_ws/install/pmb2_laser_sensors/share/pmb2_laser_sensors/cmake/pmb2_laser_sensorsConfig-version.cmake
[1.508s] -- Up-to-date symlink: /home/alejandro/bookros2_ws/install/pmb2_laser_sensors/share/pmb2_laser_sensors/package.xml
[1.779s] Invoked command in '/home/alejandro/bookros2_ws/build/pmb2_laser_sensors' returned '0': CMAKE_PREFIX_PATH=${CMAKE_PREFIX_PATH}:/opt/ros/humble /usr/bin/cmake --install /home/alejandro/bookros2_ws/build/pmb2_laser_sensors
