[0.011s] Invoking command in '/home/alejandro/bookros2_ws/build/tiago_description': AMENT_PREFIX_PATH=/home/alejandro/bookros2_ws/install/pmb2_description:/home/alejandro/bookros2_ws/install/pal_gripper_description:/home/alejandro/bookros2_ws/install/urdf_test:/home/alejandro/bookros2_ws/install/launch_pal:${AMENT_PREFIX_PATH} CMAKE_PREFIX_PATH=/home/alejandro/bookros2_ws/install/pmb2_description:/home/alejandro/bookros2_ws/install/pal_gripper_description:/home/alejandro/bookros2_ws/install/urdf_test:/home/alejandro/ros2_utilities_ws/install/micro_ros_setup:/home/alejandro/ros2_utilities_ws/install/micro_ros_agent:/home/alejandro/ros2_utilities_ws/install/micro_ros_msgs:/opt/ros/humble PYTHONPATH=/home/alejandro/bookros2_ws/install/pmb2_description/local/lib/python3.10/dist-packages:/home/alejandro/bookros2_ws/install/urdf_test/local/lib/python3.10/dist-packages:/home/alejandro/bookros2_ws/install/launch_pal/lib/python3.10/site-packages:${PYTHONPATH} /usr/bin/cmake /home/alejandro/bookros2_ws/src/ThirdParty/tiago_robot/tiago_description -DCMAKE_INSTALL_PREFIX=/home/alejandro/bookros2_ws/install/tiago_description
[0.019s] -- Found ament_cmake_auto: 1.3.10 (/opt/ros/humble/share/ament_cmake_auto/cmake)
[0.120s] -- Override CMake install command with custom implementation using symlinks instead of copying resources
[0.195s] -- Found ament_lint_auto: 0.12.11 (/opt/ros/humble/share/ament_lint_auto/cmake)
[0.199s] -- Found python_cmake_module: 0.10.0 (/opt/ros/humble/share/python_cmake_module/cmake)
[0.219s] -- Using PYTHON_EXECUTABLE: /usr/bin/python3
[0.219s] -- Using PYTHON_INCLUDE_DIRS: /usr/include/python3.10
[0.219s] -- Using PYTHON_LIBRARIES: /usr/lib/x86_64-linux-gnu/libpython3.10.so
[1.107s] -- Added test 'copyright' to check source files copyright and LICENSE
[1.113s] -- Added test 'flake8' to check Python code syntax and style conventions
[1.114s] -- Added test 'lint_cmake' to check CMake code style
[1.114s] -- Added test 'pep257' to check Python code against some of the docstring style conventions in PEP 257
[1.117s] -- Added test 'xmllint' to check XML markup files
[1.118s] -- Configuring done
[1.124s] -- Generating done
[1.125s] -- Build files have been written to: /home/alejandro/bookros2_ws/build/tiago_description
[1.127s] Invoked command in '/home/alejandro/bookros2_ws/build/tiago_description' returned '0': AMENT_PREFIX_PATH=/home/alejandro/bookros2_ws/install/pmb2_description:/home/alejandro/bookros2_ws/install/pal_gripper_description:/home/alejandro/bookros2_ws/install/urdf_test:/home/alejandro/bookros2_ws/install/launch_pal:${AMENT_PREFIX_PATH} CMAKE_PREFIX_PATH=/home/alejandro/bookros2_ws/install/pmb2_description:/home/alejandro/bookros2_ws/install/pal_gripper_description:/home/alejandro/bookros2_ws/install/urdf_test:/home/alejandro/ros2_utilities_ws/install/micro_ros_setup:/home/alejandro/ros2_utilities_ws/install/micro_ros_agent:/home/alejandro/ros2_utilities_ws/install/micro_ros_msgs:/opt/ros/humble PYTHONPATH=/home/alejandro/bookros2_ws/install/pmb2_description/local/lib/python3.10/dist-packages:/home/alejandro/bookros2_ws/install/urdf_test/local/lib/python3.10/dist-packages:/home/alejandro/bookros2_ws/install/launch_pal/lib/python3.10/site-packages:${PYTHONPATH} /usr/bin/cmake /home/alejandro/bookros2_ws/src/ThirdParty/tiago_robot/tiago_description -DCMAKE_INSTALL_PREFIX=/home/alejandro/bookros2_ws/install/tiago_description
[1.128s] Invoking command in '/home/alejandro/bookros2_ws/build/tiago_description': AMENT_PREFIX_PATH=/home/alejandro/bookros2_ws/install/pmb2_description:/home/alejandro/bookros2_ws/install/pal_gripper_description:/home/alejandro/bookros2_ws/install/urdf_test:/home/alejandro/bookros2_ws/install/launch_pal:${AMENT_PREFIX_PATH} CMAKE_PREFIX_PATH=/home/alejandro/bookros2_ws/install/pmb2_description:/home/alejandro/bookros2_ws/install/pal_gripper_description:/home/alejandro/bookros2_ws/install/urdf_test:/home/alejandro/ros2_utilities_ws/install/micro_ros_setup:/home/alejandro/ros2_utilities_ws/install/micro_ros_agent:/home/alejandro/ros2_utilities_ws/install/micro_ros_msgs:/opt/ros/humble PYTHONPATH=/home/alejandro/bookros2_ws/install/pmb2_description/local/lib/python3.10/dist-packages:/home/alejandro/bookros2_ws/install/urdf_test/local/lib/python3.10/dist-packages:/home/alejandro/bookros2_ws/install/launch_pal/lib/python3.10/site-packages:${PYTHONPATH} /usr/bin/cmake --build /home/alejandro/bookros2_ws/build/tiago_description -- -j8 -l8
[1.166s] Built target ament_cmake_python_symlink_tiago_description
[1.377s] running egg_info
[1.398s] writing tiago_description.egg-info/PKG-INFO
[1.398s] writing dependency_links to tiago_description.egg-info/dependency_links.txt
[1.398s] writing top-level names to tiago_description.egg-info/top_level.txt
[1.462s] reading manifest file 'tiago_description.egg-info/SOURCES.txt'
[1.463s] writing manifest file 'tiago_description.egg-info/SOURCES.txt'
[1.483s] Built target ament_cmake_python_build_tiago_description_egg
[1.491s] Invoked command in '/home/alejandro/bookros2_ws/build/tiago_description' returned '0': AMENT_PREFIX_PATH=/home/alejandro/bookros2_ws/install/pmb2_description:/home/alejandro/bookros2_ws/install/pal_gripper_description:/home/alejandro/bookros2_ws/install/urdf_test:/home/alejandro/bookros2_ws/install/launch_pal:${AMENT_PREFIX_PATH} CMAKE_PREFIX_PATH=/home/alejandro/bookros2_ws/install/pmb2_description:/home/alejandro/bookros2_ws/install/pal_gripper_description:/home/alejandro/bookros2_ws/install/urdf_test:/home/alejandro/ros2_utilities_ws/install/micro_ros_setup:/home/alejandro/ros2_utilities_ws/install/micro_ros_agent:/home/alejandro/ros2_utilities_ws/install/micro_ros_msgs:/opt/ros/humble PYTHONPATH=/home/alejandro/bookros2_ws/install/pmb2_description/local/lib/python3.10/dist-packages:/home/alejandro/bookros2_ws/install/urdf_test/local/lib/python3.10/dist-packages:/home/alejandro/bookros2_ws/install/launch_pal/lib/python3.10/site-packages:${PYTHONPATH} /usr/bin/cmake --build /home/alejandro/bookros2_ws/build/tiago_description -- -j8 -l8
[1.506s] Invoking command in '/home/alejandro/bookros2_ws/build/tiago_description': AMENT_PREFIX_PATH=/home/alejandro/bookros2_ws/install/pmb2_description:/home/alejandro/bookros2_ws/install/pal_gripper_description:/home/alejandro/bookros2_ws/install/urdf_test:/home/alejandro/bookros2_ws/install/launch_pal:${AMENT_PREFIX_PATH} CMAKE_PREFIX_PATH=/home/alejandro/bookros2_ws/install/pmb2_description:/home/alejandro/bookros2_ws/install/pal_gripper_description:/home/alejandro/bookros2_ws/install/urdf_test:/home/alejandro/ros2_utilities_ws/install/micro_ros_setup:/home/alejandro/ros2_utilities_ws/install/micro_ros_agent:/home/alejandro/ros2_utilities_ws/install/micro_ros_msgs:/opt/ros/humble PYTHONPATH=/home/alejandro/bookros2_ws/install/pmb2_description/local/lib/python3.10/dist-packages:/home/alejandro/bookros2_ws/install/urdf_test/local/lib/python3.10/dist-packages:/home/alejandro/bookros2_ws/install/launch_pal/lib/python3.10/site-packages:${PYTHONPATH} /usr/bin/cmake --install /home/alejandro/bookros2_ws/build/tiago_description
[1.512s] -- Install configuration: ""
[1.512s] -- Execute custom install script
[1.513s] -- Up-to-date symlink: /home/alejandro/bookros2_ws/install/tiago_description/share/tiago_description/environment/pythonpath.sh
[1.513s] -- Up-to-date symlink: /home/alejandro/bookros2_ws/install/tiago_description/share/tiago_description/environment/pythonpath.dsv
[1.513s] -- Up-to-date symlink: /home/alejandro/bookros2_ws/install/tiago_description/local/lib/python3.10/dist-packages/tiago_description-4.7.1-py3.10.egg-info/PKG-INFO
[1.513s] -- Up-to-date symlink: /home/alejandro/bookros2_ws/install/tiago_description/local/lib/python3.10/dist-packages/tiago_description-4.7.1-py3.10.egg-info/SOURCES.txt
[1.514s] -- Up-to-date symlink: /home/alejandro/bookros2_ws/install/tiago_description/local/lib/python3.10/dist-packages/tiago_description-4.7.1-py3.10.egg-info/dependency_links.txt
[1.514s] -- Up-to-date symlink: /home/alejandro/bookros2_ws/install/tiago_description/local/lib/python3.10/dist-packages/tiago_description-4.7.1-py3.10.egg-info/top_level.txt
[1.514s] -- Up-to-date symlink: /home/alejandro/bookros2_ws/install/tiago_description/local/lib/python3.10/dist-packages/tiago_description/__init__.py
[1.514s] -- Up-to-date symlink: /home/alejandro/bookros2_ws/install/tiago_description/local/lib/python3.10/dist-packages/tiago_description/launch_arguments.py
[1.514s] -- Up-to-date symlink: /home/alejandro/bookros2_ws/install/tiago_description/local/lib/python3.10/dist-packages/tiago_description/tiago_launch_utils.py
[1.515s] -- Up-to-date symlink: /home/alejandro/bookros2_ws/install/tiago_description/share/tiago_description/launch/robot_state_publisher.launch.py
[1.515s] -- Up-to-date symlink: /home/alejandro/bookros2_ws/install/tiago_description/share/tiago_description/launch/show.launch.py
[1.516s] -- Up-to-date symlink: /home/alejandro/bookros2_ws/install/tiago_description/share/tiago_description/meshes/arm/arm_1.stl
[1.516s] -- Up-to-date symlink: /home/alejandro/bookros2_ws/install/tiago_description/share/tiago_description/meshes/arm/arm_1_collision.dae
[1.516s] -- Up-to-date symlink: /home/alejandro/bookros2_ws/install/tiago_description/share/tiago_description/meshes/arm/arm_1_color.png
[1.516s] -- Up-to-date symlink: /home/alejandro/bookros2_ws/install/tiago_description/share/tiago_description/meshes/arm/arm_1_normals.png
[1.516s] -- Up-to-date symlink: /home/alejandro/bookros2_ws/install/tiago_description/share/tiago_description/meshes/arm/arm_1_specular.png
[1.516s] -- Up-to-date symlink: /home/alejandro/bookros2_ws/install/tiago_description/share/tiago_description/meshes/arm/arm_2.stl
[1.516s] -- Up-to-date symlink: /home/alejandro/bookros2_ws/install/tiago_description/share/tiago_description/meshes/arm/arm_2_collision.dae
[1.516s] -- Up-to-date symlink: /home/alejandro/bookros2_ws/install/tiago_description/share/tiago_description/meshes/arm/arm_2_color.png
[1.517s] -- Up-to-date symlink: /home/alejandro/bookros2_ws/install/tiago_description/share/tiago_description/meshes/arm/arm_2_normals.png
[1.517s] -- Up-to-date symlink: /home/alejandro/bookros2_ws/install/tiago_description/share/tiago_description/meshes/arm/arm_2_specular.png
[1.517s] -- Up-to-date symlink: /home/alejandro/bookros2_ws/install/tiago_description/share/tiago_description/meshes/arm/arm_3.stl
[1.517s] -- Up-to-date symlink: /home/alejandro/bookros2_ws/install/tiago_description/share/tiago_description/meshes/arm/arm_3_collision.dae
[1.517s] -- Up-to-date symlink: /home/alejandro/bookros2_ws/install/tiago_description/share/tiago_description/meshes/arm/arm_3_color.png
[1.517s] -- Up-to-date symlink: /home/alejandro/bookros2_ws/install/tiago_description/share/tiago_description/meshes/arm/arm_3_normals.png
[1.517s] -- Up-to-date symlink: /home/alejandro/bookros2_ws/install/tiago_description/share/tiago_description/meshes/arm/arm_3_specular.png
[1.518s] -- Up-to-date symlink: /home/alejandro/bookros2_ws/install/tiago_description/share/tiago_description/meshes/arm/arm_4.stl
[1.518s] -- Up-to-date symlink: /home/alejandro/bookros2_ws/install/tiago_description/share/tiago_description/meshes/arm/arm_4_collision.dae
[1.518s] -- Up-to-date symlink: /home/alejandro/bookros2_ws/install/tiago_description/share/tiago_description/meshes/arm/arm_4_collision.stl
[1.518s] -- Up-to-date symlink: /home/alejandro/bookros2_ws/install/tiago_description/share/tiago_description/meshes/arm/arm_4_color.png
[1.518s] -- Up-to-date symlink: /home/alejandro/bookros2_ws/install/tiago_description/share/tiago_description/meshes/arm/arm_4_normals.png
[1.518s] -- Up-to-date symlink: /home/alejandro/bookros2_ws/install/tiago_description/share/tiago_description/meshes/arm/arm_4_specular.png
[1.518s] -- Up-to-date symlink: /home/alejandro/bookros2_ws/install/tiago_description/share/tiago_description/meshes/arm/arm_5-wrist-2010.stl
[1.518s] -- Up-to-date symlink: /home/alejandro/bookros2_ws/install/tiago_description/share/tiago_description/meshes/arm/arm_5-wrist-2017.stl
[1.518s] -- Up-to-date symlink: /home/alejandro/bookros2_ws/install/tiago_description/share/tiago_description/meshes/arm/arm_5_collision-wrist-2010.dae
[1.519s] -- Up-to-date symlink: /home/alejandro/bookros2_ws/install/tiago_description/share/tiago_description/meshes/arm/arm_5_collision-wrist-2017.dae
[1.519s] -- Up-to-date symlink: /home/alejandro/bookros2_ws/install/tiago_description/share/tiago_description/meshes/arm/arm_6-wrist-2010.stl
[1.519s] -- Up-to-date symlink: /home/alejandro/bookros2_ws/install/tiago_description/share/tiago_description/meshes/arm/arm_6-wrist-2017.stl
[1.519s] -- Up-to-date symlink: /home/alejandro/bookros2_ws/install/tiago_description/share/tiago_description/meshes/arm/arm_6_collision-wrist-2010.dae
[1.519s] -- Up-to-date symlink: /home/alejandro/bookros2_ws/install/tiago_description/share/tiago_description/meshes/arm/arm_6_collision-wrist-2017.dae
[1.519s] -- Up-to-date symlink: /home/alejandro/bookros2_ws/install/tiago_description/share/tiago_description/meshes/arm/arm_6_color.png
[1.519s] -- Up-to-date symlink: /home/alejandro/bookros2_ws/install/tiago_description/share/tiago_description/meshes/arm/arm_6_normals.png
[1.520s] -- Up-to-date symlink: /home/alejandro/bookros2_ws/install/tiago_description/share/tiago_description/meshes/arm/arm_6_specular.png
[1.520s] -- Up-to-date symlink: /home/alejandro/bookros2_ws/install/tiago_description/share/tiago_description/meshes/head/head_1.stl
[1.520s] -- Up-to-date symlink: /home/alejandro/bookros2_ws/install/tiago_description/share/tiago_description/meshes/head/head_1_collision.dae
[1.520s] -- Up-to-date symlink: /home/alejandro/bookros2_ws/install/tiago_description/share/tiago_description/meshes/head/head_2.stl
[1.520s] -- Up-to-date symlink: /home/alejandro/bookros2_ws/install/tiago_description/share/tiago_description/meshes/head/head_2_collision.dae
[1.520s] -- Up-to-date symlink: /home/alejandro/bookros2_ws/install/tiago_description/share/tiago_description/meshes/sensors/xtion_pro_live/xtion_pro_live.dae
[1.520s] -- Up-to-date symlink: /home/alejandro/bookros2_ws/install/tiago_description/share/tiago_description/meshes/sensors/xtion_pro_live/xtion_pro_live.png
[1.521s] -- Up-to-date symlink: /home/alejandro/bookros2_ws/install/tiago_description/share/tiago_description/meshes/torso/torso_fix.stl
[1.521s] -- Up-to-date symlink: /home/alejandro/bookros2_ws/install/tiago_description/share/tiago_description/meshes/torso/torso_lift_collision.dae
[1.521s] -- Up-to-date symlink: /home/alejandro/bookros2_ws/install/tiago_description/share/tiago_description/meshes/torso/torso_lift_collision_core.dae
[1.521s] -- Up-to-date symlink: /home/alejandro/bookros2_ws/install/tiago_description/share/tiago_description/meshes/torso/torso_lift_collision_neck.dae
[1.521s] -- Up-to-date symlink: /home/alejandro/bookros2_ws/install/tiago_description/share/tiago_description/meshes/torso/torso_lift_collision_shoulder.dae
[1.521s] -- Up-to-date symlink: /home/alejandro/bookros2_ws/install/tiago_description/share/tiago_description/meshes/torso/torso_lift_with_arm.stl
[1.521s] -- Up-to-date symlink: /home/alejandro/bookros2_ws/install/tiago_description/share/tiago_description/meshes/torso/torso_lift_without_arm.stl
[1.522s] -- Up-to-date symlink: /home/alejandro/bookros2_ws/install/tiago_description/share/tiago_description/robots/tiago.urdf.xacro
[1.522s] -- Up-to-date symlink: /home/alejandro/bookros2_ws/install/tiago_description/share/tiago_description/ros2_control/gazebo_controller_manager_cfg.yaml
[1.522s] -- Up-to-date symlink: /home/alejandro/bookros2_ws/install/tiago_description/share/tiago_description/ros2_control/ros2_control.urdf.xacro
[1.522s] -- Up-to-date symlink: /home/alejandro/bookros2_ws/install/tiago_description/share/tiago_description/ros2_control/transmissions.urdf.xacro
[1.523s] -- Up-to-date symlink: /home/alejandro/bookros2_ws/install/tiago_description/share/tiago_description/urdf/arm/arm.ros2_control.xacro
[1.523s] -- Up-to-date symlink: /home/alejandro/bookros2_ws/install/tiago_description/share/tiago_description/urdf/arm/arm.urdf.xacro
[1.523s] -- Up-to-date symlink: /home/alejandro/bookros2_ws/install/tiago_description/share/tiago_description/urdf/arm/wrist.ros2_control.xacro
[1.523s] -- Up-to-date symlink: /home/alejandro/bookros2_ws/install/tiago_description/share/tiago_description/urdf/arm/wrist.urdf.xacro
[1.523s] -- Up-to-date symlink: /home/alejandro/bookros2_ws/install/tiago_description/share/tiago_description/urdf/calibration/calibration_constants.urdf.xacro
[1.523s] -- Up-to-date symlink: /home/alejandro/bookros2_ws/install/tiago_description/share/tiago_description/urdf/calibration/extrinsic_camera_calibration_constants.urdf.xacro
[1.523s] -- Up-to-date symlink: /home/alejandro/bookros2_ws/install/tiago_description/share/tiago_description/urdf/end_effector/end_effector.urdf.xacro
[1.524s] -- Up-to-date symlink: /home/alejandro/bookros2_ws/install/tiago_description/share/tiago_description/urdf/head/head.ros2_control.xacro
[1.524s] -- Up-to-date symlink: /home/alejandro/bookros2_ws/install/tiago_description/share/tiago_description/urdf/head/head.urdf.xacro
[1.524s] -- Up-to-date symlink: /home/alejandro/bookros2_ws/install/tiago_description/share/tiago_description/urdf/sensors/ftsensor.gazebo.xacro
[1.524s] -- Up-to-date symlink: /home/alejandro/bookros2_ws/install/tiago_description/share/tiago_description/urdf/sensors/ftsensor.ros2_control.xacro
[1.524s] -- Up-to-date symlink: /home/alejandro/bookros2_ws/install/tiago_description/share/tiago_description/urdf/sensors/ftsensor.urdf.xacro
[1.524s] -- Up-to-date symlink: /home/alejandro/bookros2_ws/install/tiago_description/share/tiago_description/urdf/sensors/openni.gazebo.xacro
[1.524s] -- Up-to-date symlink: /home/alejandro/bookros2_ws/install/tiago_description/share/tiago_description/urdf/sensors/orbbec_astra.urdf.xacro
[1.525s] -- Up-to-date symlink: /home/alejandro/bookros2_ws/install/tiago_description/share/tiago_description/urdf/sensors/xtion_pro_live.urdf.xacro
[1.525s] -- Up-to-date symlink: /home/alejandro/bookros2_ws/install/tiago_description/share/tiago_description/urdf/torso/torso.ros2_control.xacro
[1.525s] -- Up-to-date symlink: /home/alejandro/bookros2_ws/install/tiago_description/share/tiago_description/urdf/torso/torso.urdf.xacro
[1.525s] -- Up-to-date symlink: /home/alejandro/bookros2_ws/install/tiago_description/share/tiago_description/config/tiago.rviz
[1.525s] -- Up-to-date symlink: /home/alejandro/bookros2_ws/install/tiago_description/share/tiago_description/config/tiago_configuration.yaml
[1.525s] -- Up-to-date symlink: /home/alejandro/bookros2_ws/install/tiago_description/share/tiago_description/config/urdf.rviz
[1.526s] -- Up-to-date symlink: /home/alejandro/bookros2_ws/install/tiago_description/share/ament_index/resource_index/package_run_dependencies/tiago_description
[1.526s] -- Up-to-date symlink: /home/alejandro/bookros2_ws/install/tiago_description/share/ament_index/resource_index/parent_prefix_path/tiago_description
[1.526s] -- Up-to-date symlink: /home/alejandro/bookros2_ws/install/tiago_description/share/tiago_description/environment/ament_prefix_path.sh
[1.526s] -- Up-to-date symlink: /home/alejandro/bookros2_ws/install/tiago_description/share/tiago_description/environment/ament_prefix_path.dsv
[1.526s] -- Up-to-date symlink: /home/alejandro/bookros2_ws/install/tiago_description/share/tiago_description/environment/path.sh
[1.526s] -- Up-to-date symlink: /home/alejandro/bookros2_ws/install/tiago_description/share/tiago_description/environment/path.dsv
[1.526s] -- Up-to-date symlink: /home/alejandro/bookros2_ws/install/tiago_description/share/tiago_description/local_setup.bash
[1.527s] -- Up-to-date symlink: /home/alejandro/bookros2_ws/install/tiago_description/share/tiago_description/local_setup.sh
[1.527s] -- Up-to-date symlink: /home/alejandro/bookros2_ws/install/tiago_description/share/tiago_description/local_setup.zsh
[1.527s] -- Up-to-date symlink: /home/alejandro/bookros2_ws/install/tiago_description/share/tiago_description/local_setup.dsv
[1.527s] -- Symlinking: /home/alejandro/bookros2_ws/install/tiago_description/share/tiago_description/package.dsv
[1.533s] -- Up-to-date symlink: /home/alejandro/bookros2_ws/install/tiago_description/share/ament_index/resource_index/packages/tiago_description
[1.533s] -- Up-to-date symlink: /home/alejandro/bookros2_ws/install/tiago_description/share/tiago_description/cmake/tiago_descriptionConfig.cmake
[1.533s] -- Up-to-date symlink: /home/alejandro/bookros2_ws/install/tiago_description/share/tiago_description/cmake/tiago_descriptionConfig-version.cmake
[1.534s] -- Up-to-date symlink: /home/alejandro/bookros2_ws/install/tiago_description/share/tiago_description/package.xml
[1.559s] Listing '/home/alejandro/bookros2_ws/install/tiago_description/local/lib/python3.10/dist-packages/tiago_description'...
[1.563s] Invoked command in '/home/alejandro/bookros2_ws/build/tiago_description' returned '0': AMENT_PREFIX_PATH=/home/alejandro/bookros2_ws/install/pmb2_description:/home/alejandro/bookros2_ws/install/pal_gripper_description:/home/alejandro/bookros2_ws/install/urdf_test:/home/alejandro/bookros2_ws/install/launch_pal:${AMENT_PREFIX_PATH} CMAKE_PREFIX_PATH=/home/alejandro/bookros2_ws/install/pmb2_description:/home/alejandro/bookros2_ws/install/pal_gripper_description:/home/alejandro/bookros2_ws/install/urdf_test:/home/alejandro/ros2_utilities_ws/install/micro_ros_setup:/home/alejandro/ros2_utilities_ws/install/micro_ros_agent:/home/alejandro/ros2_utilities_ws/install/micro_ros_msgs:/opt/ros/humble PYTHONPATH=/home/alejandro/bookros2_ws/install/pmb2_description/local/lib/python3.10/dist-packages:/home/alejandro/bookros2_ws/install/urdf_test/local/lib/python3.10/dist-packages:/home/alejandro/bookros2_ws/install/launch_pal/lib/python3.10/site-packages:${PYTHONPATH} /usr/bin/cmake --install /home/alejandro/bookros2_ws/build/tiago_description
