[0.253s] Invoking command in '/home/alejandro/bookros2_ws/build/pal_gazebo_worlds': CMAKE_PREFIX_PATH=${CMAKE_PREFIX_PATH}:/home/alejandro/bookro2_ws/install/launch_pal:/home/alejandro/bookro2_ws/install/br2_fsm_bumpgo_py:/opt/ros/humble /usr/bin/cmake /home/alejandro/bookros2_ws/src/ThirdParty/pal_gazebo_worlds -DAMENT_CMAKE_SYMLINK_INSTALL=1 -DCMAKE_INSTALL_PREFIX=/home/alejandro/bookros2_ws/install/pal_gazebo_worlds
[0.396s] -- The C compiler identification is GNU 11.4.0
[0.541s] -- The CXX compiler identification is GNU 11.4.0
[0.551s] -- Detecting C compiler ABI info
[0.643s] -- Detecting C compiler ABI info - done
[0.655s] -- Check for working C compiler: /usr/bin/cc - skipped
[0.655s] -- Detecting C compile features
[0.655s] -- Detecting C compile features - done
[0.658s] -- Detecting CXX compiler ABI info
[0.769s] -- Detecting CXX compiler ABI info - done
[0.781s] -- Check for working CXX compiler: /usr/bin/c++ - skipped
[0.788s] -- Detecting CXX compile features
[0.792s] -- Detecting CXX compile features - done
[0.792s] -- Found ament_cmake_auto: 1.3.10 (/opt/ros/humble/share/ament_cmake_auto/cmake)
[1.414s] -- Found Python3: /usr/bin/python3 (found version "3.10.12") found components: Interpreter 
[1.517s] -- Override CMake install command with custom implementation using symlinks instead of copying resources
[1.574s] -- Found ament_lint_auto: 0.12.11 (/opt/ros/humble/share/ament_lint_auto/cmake)
[1.734s] -- Added test 'copyright' to check source files copyright and LICENSE
[1.819s] -- Added test 'flake8' to check Python code syntax and style conventions
[1.832s] -- Added test 'lint_cmake' to check CMake code style
[1.841s] -- Added test 'pep257' to check Python code against some of the docstring style conventions in PEP 257
[1.886s] -- Added test 'xmllint' to check XML markup files
[1.890s] -- Configuring done
[1.892s] -- Generating done
[1.892s] -- Build files have been written to: /home/alejandro/bookros2_ws/build/pal_gazebo_worlds
[1.898s] Invoked command in '/home/alejandro/bookros2_ws/build/pal_gazebo_worlds' returned '0': CMAKE_PREFIX_PATH=${CMAKE_PREFIX_PATH}:/home/alejandro/bookro2_ws/install/launch_pal:/home/alejandro/bookro2_ws/install/br2_fsm_bumpgo_py:/opt/ros/humble /usr/bin/cmake /home/alejandro/bookros2_ws/src/ThirdParty/pal_gazebo_worlds -DAMENT_CMAKE_SYMLINK_INSTALL=1 -DCMAKE_INSTALL_PREFIX=/home/alejandro/bookros2_ws/install/pal_gazebo_worlds
[1.900s] Invoking command in '/home/alejandro/bookros2_ws/build/pal_gazebo_worlds': CMAKE_PREFIX_PATH=${CMAKE_PREFIX_PATH}:/home/alejandro/bookro2_ws/install/launch_pal:/home/alejandro/bookro2_ws/install/br2_fsm_bumpgo_py:/opt/ros/humble /usr/bin/cmake --build /home/alejandro/bookros2_ws/build/pal_gazebo_worlds -- -j8 -l8
[1.954s] Invoked command in '/home/alejandro/bookros2_ws/build/pal_gazebo_worlds' returned '0': CMAKE_PREFIX_PATH=${CMAKE_PREFIX_PATH}:/home/alejandro/bookro2_ws/install/launch_pal:/home/alejandro/bookro2_ws/install/br2_fsm_bumpgo_py:/opt/ros/humble /usr/bin/cmake --build /home/alejandro/bookros2_ws/build/pal_gazebo_worlds -- -j8 -l8
[1.997s] Invoking command in '/home/alejandro/bookros2_ws/build/pal_gazebo_worlds': CMAKE_PREFIX_PATH=${CMAKE_PREFIX_PATH}:/home/alejandro/bookro2_ws/install/launch_pal:/home/alejandro/bookro2_ws/install/br2_fsm_bumpgo_py:/opt/ros/humble /usr/bin/cmake --install /home/alejandro/bookros2_ws/build/pal_gazebo_worlds
[2.199s] -- Install configuration: ""
[2.199s] -- Execute custom install script
[2.199s] -- Symlinking: /home/alejandro/bookros2_ws/install/pal_gazebo_worlds/share/pal_gazebo_worlds/config/gazebo_params.yaml
[2.199s] -- Symlinking: /home/alejandro/bookros2_ws/install/pal_gazebo_worlds/share/pal_gazebo_worlds/launch/pal_gazebo.launch.py
[2.199s] -- Symlinking: /home/alejandro/bookros2_ws/install/pal_gazebo_worlds/share/pal_gazebo_worlds/models/arm_chair/arm_chair.sdf
[2.199s] -- Symlinking: /home/alejandro/bookros2_ws/install/pal_gazebo_worlds/share/pal_gazebo_worlds/models/arm_chair/meshes/arm_chair.stl
[2.199s] -- Symlinking: /home/alejandro/bookros2_ws/install/pal_gazebo_worlds/share/pal_gazebo_worlds/models/arm_chair/model.config
[2.199s] -- Symlinking: /home/alejandro/bookros2_ws/install/pal_gazebo_worlds/share/pal_gazebo_worlds/models/aruco_board/aruco_board.sdf
[2.199s] -- Symlinking: /home/alejandro/bookros2_ws/install/pal_gazebo_worlds/share/pal_gazebo_worlds/models/aruco_board/material/scripts/aruco_board.material
[2.199s] -- Symlinking: /home/alejandro/bookros2_ws/install/pal_gazebo_worlds/share/pal_gazebo_worlds/models/aruco_board/material/textures/aruco_board.png
[2.200s] -- Symlinking: /home/alejandro/bookros2_ws/install/pal_gazebo_worlds/share/pal_gazebo_worlds/models/aruco_board/model.config
[2.200s] -- Symlinking: /home/alejandro/bookros2_ws/install/pal_gazebo_worlds/share/pal_gazebo_worlds/models/aruco_cube/aruco_cube.sdf
[2.200s] -- Symlinking: /home/alejandro/bookros2_ws/install/pal_gazebo_worlds/share/pal_gazebo_worlds/models/aruco_cube/meshes/aruco_cube_5cm.dae
[2.200s] -- Symlinking: /home/alejandro/bookros2_ws/install/pal_gazebo_worlds/share/pal_gazebo_worlds/models/aruco_cube/meshes/aruco_cube_6cm.dae
[2.200s] -- Symlinking: /home/alejandro/bookros2_ws/install/pal_gazebo_worlds/share/pal_gazebo_worlds/models/aruco_cube/meshes/aruco_cube_8cm.dae
[2.200s] -- Symlinking: /home/alejandro/bookros2_ws/install/pal_gazebo_worlds/share/pal_gazebo_worlds/models/aruco_cube/meshes/marker582.png
[2.200s] -- Symlinking: /home/alejandro/bookros2_ws/install/pal_gazebo_worlds/share/pal_gazebo_worlds/models/aruco_cube/meshes/marker582_small_margin.png
[2.200s] -- Symlinking: /home/alejandro/bookros2_ws/install/pal_gazebo_worlds/share/pal_gazebo_worlds/models/aruco_cube/model.config
[2.200s] -- Symlinking: /home/alejandro/bookros2_ws/install/pal_gazebo_worlds/share/pal_gazebo_worlds/models/aruco_marker_0/materials/scripts/aruco_marker_0.material
[2.202s] -- Symlinking: /home/alejandro/bookros2_ws/install/pal_gazebo_worlds/share/pal_gazebo_worlds/models/aruco_marker_0/materials/textures/aruco_marker_0.png
[2.216s] -- Symlinking: /home/alejandro/bookros2_ws/install/pal_gazebo_worlds/share/pal_gazebo_worlds/models/aruco_marker_0/model.config
[2.222s] -- Symlinking: /home/alejandro/bookros2_ws/install/pal_gazebo_worlds/share/pal_gazebo_worlds/models/aruco_marker_0/model.sdf
[2.234s] -- Symlinking: /home/alejandro/bookros2_ws/install/pal_gazebo_worlds/share/pal_gazebo_worlds/models/aruco_marker_20/materials/scripts/aruco_marker_20.material
[2.247s] -- Symlinking: /home/alejandro/bookros2_ws/install/pal_gazebo_worlds/share/pal_gazebo_worlds/models/aruco_marker_20/materials/textures/aruco_marker_20.png
[2.260s] -- Symlinking: /home/alejandro/bookros2_ws/install/pal_gazebo_worlds/share/pal_gazebo_worlds/models/aruco_marker_20/model.config
[2.282s] -- Symlinking: /home/alejandro/bookros2_ws/install/pal_gazebo_worlds/share/pal_gazebo_worlds/models/aruco_marker_20/model.sdf
[2.291s] -- Symlinking: /home/alejandro/bookros2_ws/install/pal_gazebo_worlds/share/pal_gazebo_worlds/models/aruco_marker_250_6x6_1/aruco_marker_250_6x6.sdf
[2.312s] -- Symlinking: /home/alejandro/bookros2_ws/install/pal_gazebo_worlds/share/pal_gazebo_worlds/models/aruco_marker_250_6x6_1/material/scripts/aruco_marker_250_6x6.material
[2.320s] -- Symlinking: /home/alejandro/bookros2_ws/install/pal_gazebo_worlds/share/pal_gazebo_worlds/models/aruco_marker_250_6x6_1/material/textures/Aruco_6x6_250_0.png
[2.343s] -- Symlinking: /home/alejandro/bookros2_ws/install/pal_gazebo_worlds/share/pal_gazebo_worlds/models/aruco_marker_250_6x6_1/model.config
[2.356s] -- Symlinking: /home/alejandro/bookros2_ws/install/pal_gazebo_worlds/share/pal_gazebo_worlds/models/aruco_marker_250_6x6_2/aruco_marker_250_6x6.sdf
[2.369s] -- Symlinking: /home/alejandro/bookros2_ws/install/pal_gazebo_worlds/share/pal_gazebo_worlds/models/aruco_marker_250_6x6_2/material/scripts/aruco_marker_250_6x6.material
[2.382s] -- Symlinking: /home/alejandro/bookros2_ws/install/pal_gazebo_worlds/share/pal_gazebo_worlds/models/aruco_marker_250_6x6_2/material/textures/Aruco_6x6_250_1.png
[2.396s] -- Symlinking: /home/alejandro/bookros2_ws/install/pal_gazebo_worlds/share/pal_gazebo_worlds/models/aruco_marker_250_6x6_2/model.config
[2.406s] -- Symlinking: /home/alejandro/bookros2_ws/install/pal_gazebo_worlds/share/pal_gazebo_worlds/models/aruco_marker_250_6x6_3/aruco_marker_250_6x6.sdf
[2.418s] -- Symlinking: /home/alejandro/bookros2_ws/install/pal_gazebo_worlds/share/pal_gazebo_worlds/models/aruco_marker_250_6x6_3/material/scripts/aruco_marker_250_6x6.material
[2.432s] -- Symlinking: /home/alejandro/bookros2_ws/install/pal_gazebo_worlds/share/pal_gazebo_worlds/models/aruco_marker_250_6x6_3/material/textures/Aruco_6x6_250_2.png
[2.444s] -- Symlinking: /home/alejandro/bookros2_ws/install/pal_gazebo_worlds/share/pal_gazebo_worlds/models/aruco_marker_250_6x6_3/model.config
[2.454s] -- Symlinking: /home/alejandro/bookros2_ws/install/pal_gazebo_worlds/share/pal_gazebo_worlds/models/aruco_marker_250_6x6_4/aruco_marker_250_6x6.sdf
[2.465s] -- Symlinking: /home/alejandro/bookros2_ws/install/pal_gazebo_worlds/share/pal_gazebo_worlds/models/aruco_marker_250_6x6_4/material/scripts/aruco_marker_250_6x6.material
[2.477s] -- Symlinking: /home/alejandro/bookros2_ws/install/pal_gazebo_worlds/share/pal_gazebo_worlds/models/aruco_marker_250_6x6_4/material/textures/Aruco_6x6_250_3.png
[2.489s] -- Symlinking: /home/alejandro/bookros2_ws/install/pal_gazebo_worlds/share/pal_gazebo_worlds/models/aruco_marker_250_6x6_4/model.config
[2.501s] -- Symlinking: /home/alejandro/bookros2_ws/install/pal_gazebo_worlds/share/pal_gazebo_worlds/models/aruco_marker_6cm_238/aruco_marker_6cm.sdf
[2.517s] -- Symlinking: /home/alejandro/bookros2_ws/install/pal_gazebo_worlds/share/pal_gazebo_worlds/models/aruco_marker_6cm_238/material/scripts/aruco_marker_original.material
[2.536s] -- Symlinking: /home/alejandro/bookros2_ws/install/pal_gazebo_worlds/share/pal_gazebo_worlds/models/aruco_marker_6cm_238/material/textures/Aruco_6cm_238.png
[2.551s] -- Symlinking: /home/alejandro/bookros2_ws/install/pal_gazebo_worlds/share/pal_gazebo_worlds/models/aruco_marker_6cm_238/model.config
[2.564s] -- Symlinking: /home/alejandro/bookros2_ws/install/pal_gazebo_worlds/share/pal_gazebo_worlds/models/aruco_marker_6cm_26/aruco_marker_6cm.sdf
[2.575s] -- Symlinking: /home/alejandro/bookros2_ws/install/pal_gazebo_worlds/share/pal_gazebo_worlds/models/aruco_marker_6cm_26/material/scripts/aruco_marker_original.material
[2.588s] -- Symlinking: /home/alejandro/bookros2_ws/install/pal_gazebo_worlds/share/pal_gazebo_worlds/models/aruco_marker_6cm_26/material/textures/Aruco_6cm_26.png
[2.600s] -- Symlinking: /home/alejandro/bookros2_ws/install/pal_gazebo_worlds/share/pal_gazebo_worlds/models/aruco_marker_6cm_26/model.config
[2.612s] -- Symlinking: /home/alejandro/bookros2_ws/install/pal_gazebo_worlds/share/pal_gazebo_worlds/models/aruco_marker_6cm_582/aruco_marker_6cm.sdf
[2.623s] -- Symlinking: /home/alejandro/bookros2_ws/install/pal_gazebo_worlds/share/pal_gazebo_worlds/models/aruco_marker_6cm_582/material/scripts/aruco_marker_original.material
[2.640s] -- Symlinking: /home/alejandro/bookros2_ws/install/pal_gazebo_worlds/share/pal_gazebo_worlds/models/aruco_marker_6cm_582/material/textures/Aruco_6cm_582.png
[2.655s] -- Symlinking: /home/alejandro/bookros2_ws/install/pal_gazebo_worlds/share/pal_gazebo_worlds/models/aruco_marker_6cm_582/model.config
[2.667s] -- Symlinking: /home/alejandro/bookros2_ws/install/pal_gazebo_worlds/share/pal_gazebo_worlds/models/aruco_marker_6cm_63/aruco_marker_6cm.sdf
[2.680s] -- Symlinking: /home/alejandro/bookros2_ws/install/pal_gazebo_worlds/share/pal_gazebo_worlds/models/aruco_marker_6cm_63/material/scripts/aruco_marker_original.material
[2.693s] -- Symlinking: /home/alejandro/bookros2_ws/install/pal_gazebo_worlds/share/pal_gazebo_worlds/models/aruco_marker_6cm_63/material/textures/Aruco_6cm_63.png
[2.720s] -- Symlinking: /home/alejandro/bookros2_ws/install/pal_gazebo_worlds/share/pal_gazebo_worlds/models/aruco_marker_6cm_63/model.config
[2.751s] -- Symlinking: /home/alejandro/bookros2_ws/install/pal_gazebo_worlds/share/pal_gazebo_worlds/models/aruco_marker_9cm_238/aruco_marker_9cm.sdf
[2.755s] -- Symlinking: /home/alejandro/bookros2_ws/install/pal_gazebo_worlds/share/pal_gazebo_worlds/models/aruco_marker_9cm_238/material/scripts/aruco_marker_original.material
[2.792s] -- Symlinking: /home/alejandro/bookros2_ws/install/pal_gazebo_worlds/share/pal_gazebo_worlds/models/aruco_marker_9cm_238/material/textures/Aruco_9cm_238.png
[2.830s] -- Symlinking: /home/alejandro/bookros2_ws/install/pal_gazebo_worlds/share/pal_gazebo_worlds/models/aruco_marker_9cm_238/model.config
[2.855s] -- Symlinking: /home/alejandro/bookros2_ws/install/pal_gazebo_worlds/share/pal_gazebo_worlds/models/aruco_marker_9cm_26/aruco_marker_9cm.sdf
[2.879s] -- Symlinking: /home/alejandro/bookros2_ws/install/pal_gazebo_worlds/share/pal_gazebo_worlds/models/aruco_marker_9cm_26/material/scripts/aruco_marker_original.material
[2.916s] -- Symlinking: /home/alejandro/bookros2_ws/install/pal_gazebo_worlds/share/pal_gazebo_worlds/models/aruco_marker_9cm_26/material/textures/Aruco_9cm_26.png
[2.941s] -- Symlinking: /home/alejandro/bookros2_ws/install/pal_gazebo_worlds/share/pal_gazebo_worlds/models/aruco_marker_9cm_26/model.config
[2.964s] -- Symlinking: /home/alejandro/bookros2_ws/install/pal_gazebo_worlds/share/pal_gazebo_worlds/models/aruco_marker_9cm_582/aruco_marker_9cm.sdf
[2.989s] -- Symlinking: /home/alejandro/bookros2_ws/install/pal_gazebo_worlds/share/pal_gazebo_worlds/models/aruco_marker_9cm_582/material/scripts/aruco_marker_original.material
[3.013s] -- Symlinking: /home/alejandro/bookros2_ws/install/pal_gazebo_worlds/share/pal_gazebo_worlds/models/aruco_marker_9cm_582/material/textures/Aruco_9cm_582.png
[3.036s] -- Symlinking: /home/alejandro/bookros2_ws/install/pal_gazebo_worlds/share/pal_gazebo_worlds/models/aruco_marker_9cm_582/model.config
[3.055s] -- Symlinking: /home/alejandro/bookros2_ws/install/pal_gazebo_worlds/share/pal_gazebo_worlds/models/aruco_marker_9cm_63/aruco_marker_9cm.sdf
[3.082s] -- Symlinking: /home/alejandro/bookros2_ws/install/pal_gazebo_worlds/share/pal_gazebo_worlds/models/aruco_marker_9cm_63/material/scripts/aruco_marker_original.material
[3.098s] -- Symlinking: /home/alejandro/bookros2_ws/install/pal_gazebo_worlds/share/pal_gazebo_worlds/models/aruco_marker_9cm_63/material/textures/Aruco_9cm_63.png
[3.119s] -- Symlinking: /home/alejandro/bookros2_ws/install/pal_gazebo_worlds/share/pal_gazebo_worlds/models/aruco_marker_9cm_63/model.config
[3.151s] -- Symlinking: /home/alejandro/bookros2_ws/install/pal_gazebo_worlds/share/pal_gazebo_worlds/models/aruco_marker_original_238/aruco_marker_original.sdf
[3.176s] -- Symlinking: /home/alejandro/bookros2_ws/install/pal_gazebo_worlds/share/pal_gazebo_worlds/models/aruco_marker_original_238/material/scripts/aruco_marker_original.material
[3.198s] -- Symlinking: /home/alejandro/bookros2_ws/install/pal_gazebo_worlds/share/pal_gazebo_worlds/models/aruco_marker_original_238/material/textures/Aruco_original_238.png
[3.217s] -- Symlinking: /home/alejandro/bookros2_ws/install/pal_gazebo_worlds/share/pal_gazebo_worlds/models/aruco_marker_original_238/model.config
[3.238s] -- Symlinking: /home/alejandro/bookros2_ws/install/pal_gazebo_worlds/share/pal_gazebo_worlds/models/aruco_marker_original_26/aruco_marker_original.sdf
[3.263s] -- Symlinking: /home/alejandro/bookros2_ws/install/pal_gazebo_worlds/share/pal_gazebo_worlds/models/aruco_marker_original_26/material/scripts/aruco_marker_original.material
[3.283s] -- Symlinking: /home/alejandro/bookros2_ws/install/pal_gazebo_worlds/share/pal_gazebo_worlds/models/aruco_marker_original_26/material/textures/Aruco_original_26.png
[3.314s] -- Symlinking: /home/alejandro/bookros2_ws/install/pal_gazebo_worlds/share/pal_gazebo_worlds/models/aruco_marker_original_26/model.config
[3.336s] -- Symlinking: /home/alejandro/bookros2_ws/install/pal_gazebo_worlds/share/pal_gazebo_worlds/models/aruco_marker_original_582/aruco_marker_original.sdf
[3.356s] -- Symlinking: /home/alejandro/bookros2_ws/install/pal_gazebo_worlds/share/pal_gazebo_worlds/models/aruco_marker_original_582/material/scripts/aruco_marker_original.material
[3.382s] -- Symlinking: /home/alejandro/bookros2_ws/install/pal_gazebo_worlds/share/pal_gazebo_worlds/models/aruco_marker_original_582/material/textures/Aruco_original_582.png
[3.394s] -- Symlinking: /home/alejandro/bookros2_ws/install/pal_gazebo_worlds/share/pal_gazebo_worlds/models/aruco_marker_original_582/model.config
[3.420s] -- Symlinking: /home/alejandro/bookros2_ws/install/pal_gazebo_worlds/share/pal_gazebo_worlds/models/aruco_marker_original_63/aruco_marker_original.sdf
[3.443s] -- Symlinking: /home/alejandro/bookros2_ws/install/pal_gazebo_worlds/share/pal_gazebo_worlds/models/aruco_marker_original_63/material/scripts/aruco_marker_original.material
[3.471s] -- Symlinking: /home/alejandro/bookros2_ws/install/pal_gazebo_worlds/share/pal_gazebo_worlds/models/aruco_marker_original_63/material/textures/Aruco_original_63.png
[3.495s] -- Symlinking: /home/alejandro/bookros2_ws/install/pal_gazebo_worlds/share/pal_gazebo_worlds/models/aruco_marker_original_63/model.config
[3.543s] -- Symlinking: /home/alejandro/bookros2_ws/install/pal_gazebo_worlds/share/pal_gazebo_worlds/models/bauman/README
[3.575s] -- Symlinking: /home/alejandro/bookros2_ws/install/pal_gazebo_worlds/share/pal_gazebo_worlds/models/bauman/bauman_walls.png
[3.603s] -- Symlinking: /home/alejandro/bookros2_ws/install/pal_gazebo_worlds/share/pal_gazebo_worlds/models/bauman/model.config
[3.638s] -- Symlinking: /home/alejandro/bookros2_ws/install/pal_gazebo_worlds/share/pal_gazebo_worlds/models/bauman/model.sdf
[3.666s] -- Symlinking: /home/alejandro/bookros2_ws/install/pal_gazebo_worlds/share/pal_gazebo_worlds/models/bench/bench.sdf
[3.699s] -- Symlinking: /home/alejandro/bookros2_ws/install/pal_gazebo_worlds/share/pal_gazebo_worlds/models/bench/meshes/bench.stl
[3.735s] -- Symlinking: /home/alejandro/bookros2_ws/install/pal_gazebo_worlds/share/pal_gazebo_worlds/models/bench/model.config
[3.775s] -- Symlinking: /home/alejandro/bookros2_ws/install/pal_gazebo_worlds/share/pal_gazebo_worlds/models/bifrutas_tropical_can/bifrutas_tropical_can.sdf
[3.807s] -- Symlinking: /home/alejandro/bookros2_ws/install/pal_gazebo_worlds/share/pal_gazebo_worlds/models/bifrutas_tropical_can/material/scripts/bifrutas_tropical_can.material
[3.841s] -- Symlinking: /home/alejandro/bookros2_ws/install/pal_gazebo_worlds/share/pal_gazebo_worlds/models/bifrutas_tropical_can/material/textures/bifrutas_tropical_can.jpg
[3.877s] -- Symlinking: /home/alejandro/bookros2_ws/install/pal_gazebo_worlds/share/pal_gazebo_worlds/models/bifrutas_tropical_can/model.config
[3.914s] -- Symlinking: /home/alejandro/bookros2_ws/install/pal_gazebo_worlds/share/pal_gazebo_worlds/models/biscuits_pack/biscuits_pack.sdf
[3.950s] -- Symlinking: /home/alejandro/bookros2_ws/install/pal_gazebo_worlds/share/pal_gazebo_worlds/models/biscuits_pack/material/scripts/pringles.material
[3.971s] -- Symlinking: /home/alejandro/bookros2_ws/install/pal_gazebo_worlds/share/pal_gazebo_worlds/models/biscuits_pack/material/textures/biscuits_pack.jpg
[3.983s] -- Symlinking: /home/alejandro/bookros2_ws/install/pal_gazebo_worlds/share/pal_gazebo_worlds/models/biscuits_pack/model.config
[3.996s] -- Symlinking: /home/alejandro/bookros2_ws/install/pal_gazebo_worlds/share/pal_gazebo_worlds/models/box_with_handles/box_with_handles.sdf
[4.015s] -- Symlinking: /home/alejandro/bookros2_ws/install/pal_gazebo_worlds/share/pal_gazebo_worlds/models/box_with_handles/material/scripts/aruco_marker_original.material
[4.040s] -- Symlinking: /home/alejandro/bookros2_ws/install/pal_gazebo_worlds/share/pal_gazebo_worlds/models/box_with_handles/material/textures/Aruco_original_582.png
[4.067s] -- Symlinking: /home/alejandro/bookros2_ws/install/pal_gazebo_worlds/share/pal_gazebo_worlds/models/box_with_handles/model.config
[4.091s] -- Symlinking: /home/alejandro/bookros2_ws/install/pal_gazebo_worlds/share/pal_gazebo_worlds/models/brick_box_3x1x3/materials/scripts/brick_box.material
[4.113s] -- Symlinking: /home/alejandro/bookros2_ws/install/pal_gazebo_worlds/share/pal_gazebo_worlds/models/brick_box_3x1x3/materials/textures/simple_box.png
[4.138s] -- Symlinking: /home/alejandro/bookros2_ws/install/pal_gazebo_worlds/share/pal_gazebo_worlds/models/brick_box_3x1x3/meshes/simple_box.dae
[4.166s] -- Symlinking: /home/alejandro/bookros2_ws/install/pal_gazebo_worlds/share/pal_gazebo_worlds/models/brick_box_3x1x3/model-1_3.sdf
[4.194s] -- Symlinking: /home/alejandro/bookros2_ws/install/pal_gazebo_worlds/share/pal_gazebo_worlds/models/brick_box_3x1x3/model-1_4.sdf
[4.219s] -- Symlinking: /home/alejandro/bookros2_ws/install/pal_gazebo_worlds/share/pal_gazebo_worlds/models/brick_box_3x1x3/model.config
[4.245s] -- Symlinking: /home/alejandro/bookros2_ws/install/pal_gazebo_worlds/share/pal_gazebo_worlds/models/brick_box_3x1x3/model.sdf
[4.262s] -- Symlinking: /home/alejandro/bookros2_ws/install/pal_gazebo_worlds/share/pal_gazebo_worlds/models/citizen_extras_female_02/images/_01_-_Default1noCulling.JPG
[4.289s] -- Symlinking: /home/alejandro/bookros2_ws/install/pal_gazebo_worlds/share/pal_gazebo_worlds/models/citizen_extras_female_02/images/_02_-_Default1noCulling.JPG
[4.325s] -- Symlinking: /home/alejandro/bookros2_ws/install/pal_gazebo_worlds/share/pal_gazebo_worlds/models/citizen_extras_female_02/images/_03_-_Default1noCulling.JPG
[4.353s] -- Symlinking: /home/alejandro/bookros2_ws/install/pal_gazebo_worlds/share/pal_gazebo_worlds/models/citizen_extras_female_02/meshes/mesh.dae
[4.377s] -- Symlinking: /home/alejandro/bookros2_ws/install/pal_gazebo_worlds/share/pal_gazebo_worlds/models/citizen_extras_female_02/model.config
[4.400s] -- Symlinking: /home/alejandro/bookros2_ws/install/pal_gazebo_worlds/share/pal_gazebo_worlds/models/citizen_extras_female_02/model.sdf
[4.424s] -- Symlinking: /home/alejandro/bookros2_ws/install/pal_gazebo_worlds/share/pal_gazebo_worlds/models/citizen_extras_female_03/images/Material__1noCulling.JPG
[4.449s] -- Symlinking: /home/alejandro/bookros2_ws/install/pal_gazebo_worlds/share/pal_gazebo_worlds/models/citizen_extras_female_03/images/Material__2noCulling.JPG
[4.464s] -- Symlinking: /home/alejandro/bookros2_ws/install/pal_gazebo_worlds/share/pal_gazebo_worlds/models/citizen_extras_female_03/images/_03_-_Default1noCulling.JPG
[4.479s] -- Symlinking: /home/alejandro/bookros2_ws/install/pal_gazebo_worlds/share/pal_gazebo_worlds/models/citizen_extras_female_03/meshes/mesh.dae
[4.505s] -- Symlinking: /home/alejandro/bookros2_ws/install/pal_gazebo_worlds/share/pal_gazebo_worlds/models/citizen_extras_female_03/model.config
[4.533s] -- Symlinking: /home/alejandro/bookros2_ws/install/pal_gazebo_worlds/share/pal_gazebo_worlds/models/citizen_extras_female_03/model.sdf
[4.560s] -- Symlinking: /home/alejandro/bookros2_ws/install/pal_gazebo_worlds/share/pal_gazebo_worlds/models/citizen_extras_male_03/images/Material__1noCulling.JPG
[4.588s] -- Symlinking: /home/alejandro/bookros2_ws/install/pal_gazebo_worlds/share/pal_gazebo_worlds/models/citizen_extras_male_03/images/hair1noCulling.JPG
[4.614s] -- Symlinking: /home/alejandro/bookros2_ws/install/pal_gazebo_worlds/share/pal_gazebo_worlds/models/citizen_extras_male_03/images/hrad1noCulling.JPG
[4.630s] -- Symlinking: /home/alejandro/bookros2_ws/install/pal_gazebo_worlds/share/pal_gazebo_worlds/models/citizen_extras_male_03/meshes/mesh.dae
[4.641s] -- Symlinking: /home/alejandro/bookros2_ws/install/pal_gazebo_worlds/share/pal_gazebo_worlds/models/citizen_extras_male_03/model.config
[4.653s] -- Symlinking: /home/alejandro/bookros2_ws/install/pal_gazebo_worlds/share/pal_gazebo_worlds/models/citizen_extras_male_03/model.sdf
[4.665s] -- Symlinking: /home/alejandro/bookros2_ws/install/pal_gazebo_worlds/share/pal_gazebo_worlds/models/closet/closet.sdf
[4.697s] -- Symlinking: /home/alejandro/bookros2_ws/install/pal_gazebo_worlds/share/pal_gazebo_worlds/models/closet/meshes/closet.stl
[4.732s] -- Symlinking: /home/alejandro/bookros2_ws/install/pal_gazebo_worlds/share/pal_gazebo_worlds/models/closet/model.config
[4.758s] -- Symlinking: /home/alejandro/bookros2_ws/install/pal_gazebo_worlds/share/pal_gazebo_worlds/models/cocacola/cocacola.sdf
[4.783s] -- Symlinking: /home/alejandro/bookros2_ws/install/pal_gazebo_worlds/share/pal_gazebo_worlds/models/cocacola/material/scripts/cocacola.material
[4.811s] -- Symlinking: /home/alejandro/bookros2_ws/install/pal_gazebo_worlds/share/pal_gazebo_worlds/models/cocacola/material/textures/cocacola.jpg
[4.853s] -- Symlinking: /home/alejandro/bookros2_ws/install/pal_gazebo_worlds/share/pal_gazebo_worlds/models/cocacola/model.config
[4.896s] -- Symlinking: /home/alejandro/bookros2_ws/install/pal_gazebo_worlds/share/pal_gazebo_worlds/models/coke_can_slim/coke_can_slim.sdf
[4.931s] -- Symlinking: /home/alejandro/bookros2_ws/install/pal_gazebo_worlds/share/pal_gazebo_worlds/models/coke_can_slim/material/scripts/coke_can_slim.material
[4.955s] -- Symlinking: /home/alejandro/bookros2_ws/install/pal_gazebo_worlds/share/pal_gazebo_worlds/models/coke_can_slim/material/textures/coke_can_slim.jpg
[4.982s] -- Symlinking: /home/alejandro/bookros2_ws/install/pal_gazebo_worlds/share/pal_gazebo_worlds/models/coke_can_slim/model.config
[5.006s] -- Symlinking: /home/alejandro/bookros2_ws/install/pal_gazebo_worlds/share/pal_gazebo_worlds/models/database.config
[5.033s] -- Symlinking: /home/alejandro/bookros2_ws/install/pal_gazebo_worlds/share/pal_gazebo_worlds/models/dining_chair/dining_chair.sdf
[5.054s] -- Symlinking: /home/alejandro/bookros2_ws/install/pal_gazebo_worlds/share/pal_gazebo_worlds/models/dining_chair/meshes/dining_chair.stl
[5.071s] -- Symlinking: /home/alejandro/bookros2_ws/install/pal_gazebo_worlds/share/pal_gazebo_worlds/models/dining_chair/model.config
[5.094s] -- Symlinking: /home/alejandro/bookros2_ws/install/pal_gazebo_worlds/share/pal_gazebo_worlds/models/dock1/dock1.sdf
[5.115s] -- Symlinking: /home/alejandro/bookros2_ws/install/pal_gazebo_worlds/share/pal_gazebo_worlds/models/dock1/meshes/dock1.dae
[5.141s] -- Symlinking: /home/alejandro/bookros2_ws/install/pal_gazebo_worlds/share/pal_gazebo_worlds/models/dock1/model.config
[5.165s] -- Symlinking: /home/alejandro/bookros2_ws/install/pal_gazebo_worlds/share/pal_gazebo_worlds/models/door_obstacle/door_obstacle.sdf
[5.187s] -- Symlinking: /home/alejandro/bookros2_ws/install/pal_gazebo_worlds/share/pal_gazebo_worlds/models/door_obstacle/model.config
[5.211s] -- Symlinking: /home/alejandro/bookros2_ws/install/pal_gazebo_worlds/share/pal_gazebo_worlds/models/floor_lamp/floor_lamp.sdf
[5.237s] -- Symlinking: /home/alejandro/bookros2_ws/install/pal_gazebo_worlds/share/pal_gazebo_worlds/models/floor_lamp/meshes/floor_lamp.stl
[5.260s] -- Symlinking: /home/alejandro/bookros2_ws/install/pal_gazebo_worlds/share/pal_gazebo_worlds/models/floor_lamp/model.config
[5.284s] -- Symlinking: /home/alejandro/bookros2_ws/install/pal_gazebo_worlds/share/pal_gazebo_worlds/models/goetz_sofa/goetz_sofa.sdf
[5.315s] -- Symlinking: /home/alejandro/bookros2_ws/install/pal_gazebo_worlds/share/pal_gazebo_worlds/models/goetz_sofa/materials/textures/texture0.jpg
[5.342s] -- Symlinking: /home/alejandro/bookros2_ws/install/pal_gazebo_worlds/share/pal_gazebo_worlds/models/goetz_sofa/meshes/goetz_sofa.dae
[5.375s] -- Symlinking: /home/alejandro/bookros2_ws/install/pal_gazebo_worlds/share/pal_gazebo_worlds/models/goetz_sofa/model.config
[5.398s] -- Symlinking: /home/alejandro/bookros2_ws/install/pal_gazebo_worlds/share/pal_gazebo_worlds/models/green_ball/materials/scripts/ball.material
[5.421s] -- Symlinking: /home/alejandro/bookros2_ws/install/pal_gazebo_worlds/share/pal_gazebo_worlds/models/green_ball/model.config
[5.445s] -- Symlinking: /home/alejandro/bookros2_ws/install/pal_gazebo_worlds/share/pal_gazebo_worlds/models/green_ball/model.sdf
[5.470s] -- Symlinking: /home/alejandro/bookros2_ws/install/pal_gazebo_worlds/share/pal_gazebo_worlds/models/green_cube/green_cube.sdf
[5.492s] -- Symlinking: /home/alejandro/bookros2_ws/install/pal_gazebo_worlds/share/pal_gazebo_worlds/models/green_cube/model.config
[5.517s] -- Symlinking: /home/alejandro/bookros2_ws/install/pal_gazebo_worlds/share/pal_gazebo_worlds/models/green_rectangle/green_rectangle.sdf
[5.534s] -- Symlinking: /home/alejandro/bookros2_ws/install/pal_gazebo_worlds/share/pal_gazebo_worlds/models/green_rectangle/model.config
[5.560s] -- Symlinking: /home/alejandro/bookros2_ws/install/pal_gazebo_worlds/share/pal_gazebo_worlds/models/ground_plane/model-1_2.sdf
[5.594s] -- Symlinking: /home/alejandro/bookros2_ws/install/pal_gazebo_worlds/share/pal_gazebo_worlds/models/ground_plane/model-1_3.sdf
[5.611s] -- Symlinking: /home/alejandro/bookros2_ws/install/pal_gazebo_worlds/share/pal_gazebo_worlds/models/ground_plane/model-1_4.sdf
[5.661s] -- Symlinking: /home/alejandro/bookros2_ws/install/pal_gazebo_worlds/share/pal_gazebo_worlds/models/ground_plane/model.config
[5.687s] -- Symlinking: /home/alejandro/bookros2_ws/install/pal_gazebo_worlds/share/pal_gazebo_worlds/models/ground_plane/model.sdf
[5.711s] -- Symlinking: /home/alejandro/bookros2_ws/install/pal_gazebo_worlds/share/pal_gazebo_worlds/models/hospital_flat_map/hospital_flat_map.sdf
[5.736s] -- Symlinking: /home/alejandro/bookros2_ws/install/pal_gazebo_worlds/share/pal_gazebo_worlds/models/hospital_flat_map/meshes/hospital_flat_map.stl
[5.759s] -- Symlinking: /home/alejandro/bookros2_ws/install/pal_gazebo_worlds/share/pal_gazebo_worlds/models/hospital_flat_map/model.config
[5.791s] -- Symlinking: /home/alejandro/bookros2_ws/install/pal_gazebo_worlds/share/pal_gazebo_worlds/models/hospital_map/hospital_map.sdf
[5.829s] -- Symlinking: /home/alejandro/bookros2_ws/install/pal_gazebo_worlds/share/pal_gazebo_worlds/models/hospital_map/meshes/g1.stl
[5.860s] -- Symlinking: /home/alejandro/bookros2_ws/install/pal_gazebo_worlds/share/pal_gazebo_worlds/models/hospital_map/meshes/g2.stl
[5.892s] -- Symlinking: /home/alejandro/bookros2_ws/install/pal_gazebo_worlds/share/pal_gazebo_worlds/models/hospital_map/meshes/g3.stl
[5.930s] -- Symlinking: /home/alejandro/bookros2_ws/install/pal_gazebo_worlds/share/pal_gazebo_worlds/models/hospital_map/meshes/g4.stl
[5.969s] -- Symlinking: /home/alejandro/bookros2_ws/install/pal_gazebo_worlds/share/pal_gazebo_worlds/models/hospital_map/meshes/g5.stl
[6.003s] -- Symlinking: /home/alejandro/bookros2_ws/install/pal_gazebo_worlds/share/pal_gazebo_worlds/models/hospital_map/meshes/g6.stl
[6.029s] -- Symlinking: /home/alejandro/bookros2_ws/install/pal_gazebo_worlds/share/pal_gazebo_worlds/models/hospital_map/meshes/g7.stl
[6.051s] -- Symlinking: /home/alejandro/bookros2_ws/install/pal_gazebo_worlds/share/pal_gazebo_worlds/models/hospital_map/meshes/gr1.stl
[6.087s] -- Symlinking: /home/alejandro/bookros2_ws/install/pal_gazebo_worlds/share/pal_gazebo_worlds/models/hospital_map/meshes/gr2.stl
[6.121s] -- Symlinking: /home/alejandro/bookros2_ws/install/pal_gazebo_worlds/share/pal_gazebo_worlds/models/hospital_map/meshes/gr3.stl
[6.154s] -- Symlinking: /home/alejandro/bookros2_ws/install/pal_gazebo_worlds/share/pal_gazebo_worlds/models/hospital_map/meshes/gr4.stl
[6.185s] -- Symlinking: /home/alejandro/bookros2_ws/install/pal_gazebo_worlds/share/pal_gazebo_worlds/models/hospital_map/meshes/gr5.stl
[6.218s] -- Symlinking: /home/alejandro/bookros2_ws/install/pal_gazebo_worlds/share/pal_gazebo_worlds/models/hospital_map/meshes/gr6.stl
[6.262s] -- Symlinking: /home/alejandro/bookros2_ws/install/pal_gazebo_worlds/share/pal_gazebo_worlds/models/hospital_map/meshes/hospital_map.stl
[6.307s] -- Symlinking: /home/alejandro/bookros2_ws/install/pal_gazebo_worlds/share/pal_gazebo_worlds/models/hospital_map/meshes/w1.stl
[6.341s] -- Symlinking: /home/alejandro/bookros2_ws/install/pal_gazebo_worlds/share/pal_gazebo_worlds/models/hospital_map/meshes/w2.stl
[6.383s] -- Symlinking: /home/alejandro/bookros2_ws/install/pal_gazebo_worlds/share/pal_gazebo_worlds/models/hospital_map/meshes/w3.stl
[6.419s] -- Symlinking: /home/alejandro/bookros2_ws/install/pal_gazebo_worlds/share/pal_gazebo_worlds/models/hospital_map/meshes/w4.stl
[6.461s] -- Symlinking: /home/alejandro/bookros2_ws/install/pal_gazebo_worlds/share/pal_gazebo_worlds/models/hospital_map/meshes/w5.stl
[6.496s] -- Symlinking: /home/alejandro/bookros2_ws/install/pal_gazebo_worlds/share/pal_gazebo_worlds/models/hospital_map/meshes/w6.stl
[6.526s] -- Symlinking: /home/alejandro/bookros2_ws/install/pal_gazebo_worlds/share/pal_gazebo_worlds/models/hospital_map/meshes/w7.stl
[6.561s] -- Symlinking: /home/alejandro/bookros2_ws/install/pal_gazebo_worlds/share/pal_gazebo_worlds/models/hospital_map/meshes/wr1.stl
[6.589s] -- Symlinking: /home/alejandro/bookros2_ws/install/pal_gazebo_worlds/share/pal_gazebo_worlds/models/hospital_map/meshes/wr2.stl
[6.628s] -- Symlinking: /home/alejandro/bookros2_ws/install/pal_gazebo_worlds/share/pal_gazebo_worlds/models/hospital_map/meshes/wr3.stl
[6.655s] -- Symlinking: /home/alejandro/bookros2_ws/install/pal_gazebo_worlds/share/pal_gazebo_worlds/models/hospital_map/meshes/wr4.stl
[6.681s] -- Symlinking: /home/alejandro/bookros2_ws/install/pal_gazebo_worlds/share/pal_gazebo_worlds/models/hospital_map/meshes/wr5.stl
[6.705s] -- Symlinking: /home/alejandro/bookros2_ws/install/pal_gazebo_worlds/share/pal_gazebo_worlds/models/hospital_map/meshes/wr6.stl
[6.729s] -- Symlinking: /home/alejandro/bookros2_ws/install/pal_gazebo_worlds/share/pal_gazebo_worlds/models/hospital_map/model.config
[6.751s] -- Symlinking: /home/alejandro/bookros2_ws/install/pal_gazebo_worlds/share/pal_gazebo_worlds/models/ideal_sun/model.config
[6.777s] -- Symlinking: /home/alejandro/bookros2_ws/install/pal_gazebo_worlds/share/pal_gazebo_worlds/models/ideal_sun/model.sdf
[6.801s] -- Symlinking: /home/alejandro/bookros2_ws/install/pal_gazebo_worlds/share/pal_gazebo_worlds/models/ikea_ektorp_chair/meshes/IKE06001.JPG
[6.826s] -- Symlinking: /home/alejandro/bookros2_ws/install/pal_gazebo_worlds/share/pal_gazebo_worlds/models/ikea_ektorp_chair/meshes/mesh.dae
[6.862s] -- Symlinking: /home/alejandro/bookros2_ws/install/pal_gazebo_worlds/share/pal_gazebo_worlds/models/ikea_ektorp_chair/model.config
[6.896s] -- Symlinking: /home/alejandro/bookros2_ws/install/pal_gazebo_worlds/share/pal_gazebo_worlds/models/ikea_ektorp_chair/model.sdf
[6.929s] -- Symlinking: /home/alejandro/bookros2_ws/install/pal_gazebo_worlds/share/pal_gazebo_worlds/models/ikea_folke_chair/meshes/mesh.dae
[6.956s] -- Symlinking: /home/alejandro/bookros2_ws/install/pal_gazebo_worlds/share/pal_gazebo_worlds/models/ikea_folke_chair/meshes/notexture.png
[6.985s] -- Symlinking: /home/alejandro/bookros2_ws/install/pal_gazebo_worlds/share/pal_gazebo_worlds/models/ikea_folke_chair/meshes/texture.png
[7.015s] -- Symlinking: /home/alejandro/bookros2_ws/install/pal_gazebo_worlds/share/pal_gazebo_worlds/models/ikea_folke_chair/model.config
[7.047s] -- Symlinking: /home/alejandro/bookros2_ws/install/pal_gazebo_worlds/share/pal_gazebo_worlds/models/ikea_folke_chair/model.sdf
[7.063s] -- Symlinking: /home/alejandro/bookros2_ws/install/pal_gazebo_worlds/share/pal_gazebo_worlds/models/ikea_harry_chair/meshes/body.png
[7.080s] -- Symlinking: /home/alejandro/bookros2_ws/install/pal_gazebo_worlds/share/pal_gazebo_worlds/models/ikea_harry_chair/meshes/legs.png
[7.099s] -- Symlinking: /home/alejandro/bookros2_ws/install/pal_gazebo_worlds/share/pal_gazebo_worlds/models/ikea_harry_chair/meshes/mesh.dae
[7.119s] -- Symlinking: /home/alejandro/bookros2_ws/install/pal_gazebo_worlds/share/pal_gazebo_worlds/models/ikea_harry_chair/model.config
[7.156s] -- Symlinking: /home/alejandro/bookros2_ws/install/pal_gazebo_worlds/share/pal_gazebo_worlds/models/ikea_harry_chair/model.sdf
[7.204s] -- Symlinking: /home/alejandro/bookros2_ws/install/pal_gazebo_worlds/share/pal_gazebo_worlds/models/ikea_stefan_chair/meshes/mesh.dae
[7.237s] -- Symlinking: /home/alejandro/bookros2_ws/install/pal_gazebo_worlds/share/pal_gazebo_worlds/models/ikea_stefan_chair/model.config
[7.262s] -- Symlinking: /home/alejandro/bookros2_ws/install/pal_gazebo_worlds/share/pal_gazebo_worlds/models/ikea_stefan_chair/model.sdf
[7.281s] -- Symlinking: /home/alejandro/bookros2_ws/install/pal_gazebo_worlds/share/pal_gazebo_worlds/models/ikea_urban_chair/meshes/mesh.dae
[7.305s] -- Symlinking: /home/alejandro/bookros2_ws/install/pal_gazebo_worlds/share/pal_gazebo_worlds/models/ikea_urban_chair/meshes/notexture.png
[7.334s] -- Symlinking: /home/alejandro/bookros2_ws/install/pal_gazebo_worlds/share/pal_gazebo_worlds/models/ikea_urban_chair/model.config
[7.361s] -- Symlinking: /home/alejandro/bookros2_ws/install/pal_gazebo_worlds/share/pal_gazebo_worlds/models/ikea_urban_chair/model.sdf
[7.383s] -- Symlinking: /home/alejandro/bookros2_ws/install/pal_gazebo_worlds/share/pal_gazebo_worlds/models/kitchen_chair/kitchen_chair.sdf
[7.408s] -- Symlinking: /home/alejandro/bookros2_ws/install/pal_gazebo_worlds/share/pal_gazebo_worlds/models/kitchen_chair/meshes/kitchen_chair.stl
[7.430s] -- Symlinking: /home/alejandro/bookros2_ws/install/pal_gazebo_worlds/share/pal_gazebo_worlds/models/kitchen_chair/model.config
[7.452s] -- Symlinking: /home/alejandro/bookros2_ws/install/pal_gazebo_worlds/share/pal_gazebo_worlds/models/kitchen_table/kitchen_table.sdf
[7.494s] -- Symlinking: /home/alejandro/bookros2_ws/install/pal_gazebo_worlds/share/pal_gazebo_worlds/models/kitchen_table/meshes/kitchen_table.stl
[7.516s] -- Symlinking: /home/alejandro/bookros2_ws/install/pal_gazebo_worlds/share/pal_gazebo_worlds/models/kitchen_table/model.config
[7.542s] -- Symlinking: /home/alejandro/bookros2_ws/install/pal_gazebo_worlds/share/pal_gazebo_worlds/models/lamp/lamp.sdf
[7.563s] -- Symlinking: /home/alejandro/bookros2_ws/install/pal_gazebo_worlds/share/pal_gazebo_worlds/models/lamp/meshes/lamp.stl
[7.588s] -- Symlinking: /home/alejandro/bookros2_ws/install/pal_gazebo_worlds/share/pal_gazebo_worlds/models/lamp/model.config
[7.610s] -- Symlinking: /home/alejandro/bookros2_ws/install/pal_gazebo_worlds/share/pal_gazebo_worlds/models/macrolink_small_table/model.config
[7.633s] -- Symlinking: /home/alejandro/bookros2_ws/install/pal_gazebo_worlds/share/pal_gazebo_worlds/models/macrolink_small_table/table.sdf
[7.655s] -- Symlinking: /home/alejandro/bookros2_ws/install/pal_gazebo_worlds/share/pal_gazebo_worlds/models/macrolink_table/model.config
[7.702s] -- Symlinking: /home/alejandro/bookros2_ws/install/pal_gazebo_worlds/share/pal_gazebo_worlds/models/macrolink_table/table.sdf
[7.732s] -- Symlinking: /home/alejandro/bookros2_ws/install/pal_gazebo_worlds/share/pal_gazebo_worlds/models/marker26_8cm/marker26_8cm.sdf
[7.754s] -- Symlinking: /home/alejandro/bookros2_ws/install/pal_gazebo_worlds/share/pal_gazebo_worlds/models/marker26_8cm/material/scripts/marker26_8cm.material
[7.769s] -- Symlinking: /home/alejandro/bookros2_ws/install/pal_gazebo_worlds/share/pal_gazebo_worlds/models/marker26_8cm/material/textures/aruco-26_8cm.png
[7.814s] -- Symlinking: /home/alejandro/bookros2_ws/install/pal_gazebo_worlds/share/pal_gazebo_worlds/models/marker26_8cm/model.config
[7.858s] -- Symlinking: /home/alejandro/bookros2_ws/install/pal_gazebo_worlds/share/pal_gazebo_worlds/models/pal_poster/material/scripts/pal_poster.material
[7.909s] -- Symlinking: /home/alejandro/bookros2_ws/install/pal_gazebo_worlds/share/pal_gazebo_worlds/models/pal_poster/material/textures/pal_poster.jpg
[7.940s] -- Symlinking: /home/alejandro/bookros2_ws/install/pal_gazebo_worlds/share/pal_gazebo_worlds/models/pal_poster/model.config
[7.986s] -- Symlinking: /home/alejandro/bookros2_ws/install/pal_gazebo_worlds/share/pal_gazebo_worlds/models/pal_poster/pal_poster.sdf
[8.032s] -- Symlinking: /home/alejandro/bookros2_ws/install/pal_gazebo_worlds/share/pal_gazebo_worlds/models/pal_textured_object/material/scripts/pal_textured_object.material
[8.069s] -- Symlinking: /home/alejandro/bookros2_ws/install/pal_gazebo_worlds/share/pal_gazebo_worlds/models/pal_textured_object/material/textures/pal_textured_object.png
[8.095s] -- Symlinking: /home/alejandro/bookros2_ws/install/pal_gazebo_worlds/share/pal_gazebo_worlds/models/pal_textured_object/model.config
[8.142s] -- Symlinking: /home/alejandro/bookros2_ws/install/pal_gazebo_worlds/share/pal_gazebo_worlds/models/pal_textured_object/pal_textured_object.sdf
[8.167s] -- Symlinking: /home/alejandro/bookros2_ws/install/pal_gazebo_worlds/share/pal_gazebo_worlds/models/pringles/material/scripts/pringles.material
[8.217s] -- Symlinking: /home/alejandro/bookros2_ws/install/pal_gazebo_worlds/share/pal_gazebo_worlds/models/pringles/material/textures/pringles.jpg
[8.264s] -- Symlinking: /home/alejandro/bookros2_ws/install/pal_gazebo_worlds/share/pal_gazebo_worlds/models/pringles/model.config
[8.310s] -- Symlinking: /home/alejandro/bookros2_ws/install/pal_gazebo_worlds/share/pal_gazebo_worlds/models/pringles/pringles.sdf
[8.352s] -- Symlinking: /home/alejandro/bookros2_ws/install/pal_gazebo_worlds/share/pal_gazebo_worlds/models/pringles2/material/scripts/pringles2.material
[8.387s] -- Symlinking: /home/alejandro/bookros2_ws/install/pal_gazebo_worlds/share/pal_gazebo_worlds/models/pringles2/material/textures/pringles2.jpg
[8.435s] -- Symlinking: /home/alejandro/bookros2_ws/install/pal_gazebo_worlds/share/pal_gazebo_worlds/models/pringles2/model.config
[8.473s] -- Symlinking: /home/alejandro/bookros2_ws/install/pal_gazebo_worlds/share/pal_gazebo_worlds/models/pringles2/pringles2.sdf
[8.521s] -- Symlinking: /home/alejandro/bookros2_ws/install/pal_gazebo_worlds/share/pal_gazebo_worlds/models/reemc_bookshelf/bookshelf.sdf
[8.565s] -- Symlinking: /home/alejandro/bookros2_ws/install/pal_gazebo_worlds/share/pal_gazebo_worlds/models/reemc_bookshelf/model.config
[8.617s] -- Symlinking: /home/alejandro/bookros2_ws/install/pal_gazebo_worlds/share/pal_gazebo_worlds/models/reemc_cabinet/cabinet.sdf
[8.659s] -- Symlinking: /home/alejandro/bookros2_ws/install/pal_gazebo_worlds/share/pal_gazebo_worlds/models/reemc_cabinet/model.config
[8.704s] -- Symlinking: /home/alejandro/bookros2_ws/install/pal_gazebo_worlds/share/pal_gazebo_worlds/models/reemc_table/model.config
[8.745s] -- Symlinking: /home/alejandro/bookros2_ws/install/pal_gazebo_worlds/share/pal_gazebo_worlds/models/reemc_table/table.sdf
[8.782s] -- Symlinking: /home/alejandro/bookros2_ws/install/pal_gazebo_worlds/share/pal_gazebo_worlds/models/reemc_textured_object/meshes/mesh.dae
[8.806s] -- Symlinking: /home/alejandro/bookros2_ws/install/pal_gazebo_worlds/share/pal_gazebo_worlds/models/reemc_textured_object/meshes/texture.jpg
[8.850s] -- Symlinking: /home/alejandro/bookros2_ws/install/pal_gazebo_worlds/share/pal_gazebo_worlds/models/reemc_textured_object/model.config
[8.882s] -- Symlinking: /home/alejandro/bookros2_ws/install/pal_gazebo_worlds/share/pal_gazebo_worlds/models/reemc_textured_object/model.sdf
[8.900s] -- Symlinking: /home/alejandro/bookros2_ws/install/pal_gazebo_worlds/share/pal_gazebo_worlds/models/reemc_textured_object_nograv/model.config
[8.947s] -- Symlinking: /home/alejandro/bookros2_ws/install/pal_gazebo_worlds/share/pal_gazebo_worlds/models/reemc_textured_object_nograv/model.sdf
[8.998s] -- Symlinking: /home/alejandro/bookros2_ws/install/pal_gazebo_worlds/share/pal_gazebo_worlds/models/reemc_walls/model.config
[9.032s] -- Symlinking: /home/alejandro/bookros2_ws/install/pal_gazebo_worlds/share/pal_gazebo_worlds/models/reemc_walls/walls.sdf
[9.076s] -- Symlinking: /home/alejandro/bookros2_ws/install/pal_gazebo_worlds/share/pal_gazebo_worlds/models/reviews_table/meshes/reviews_table.stl
[9.104s] -- Symlinking: /home/alejandro/bookros2_ws/install/pal_gazebo_worlds/share/pal_gazebo_worlds/models/reviews_table/model.config
[9.171s] -- Symlinking: /home/alejandro/bookros2_ws/install/pal_gazebo_worlds/share/pal_gazebo_worlds/models/reviews_table/reviews_table.sdf
[9.222s] -- Symlinking: /home/alejandro/bookros2_ws/install/pal_gazebo_worlds/share/pal_gazebo_worlds/models/robocup_walls_70cm_doors/house_walls.sdf
[9.261s] -- Symlinking: /home/alejandro/bookros2_ws/install/pal_gazebo_worlds/share/pal_gazebo_worlds/models/robocup_walls_70cm_doors/meshes/robocup_house.stl
[9.304s] -- Symlinking: /home/alejandro/bookros2_ws/install/pal_gazebo_worlds/share/pal_gazebo_worlds/models/robocup_walls_70cm_doors/model.config
[9.340s] -- Symlinking: /home/alejandro/bookros2_ws/install/pal_gazebo_worlds/share/pal_gazebo_worlds/models/rockin_camp/README
[9.411s] -- Symlinking: /home/alejandro/bookros2_ws/install/pal_gazebo_worlds/share/pal_gazebo_worlds/models/rockin_camp/model.config
[9.424s] -- Symlinking: /home/alejandro/bookros2_ws/install/pal_gazebo_worlds/share/pal_gazebo_worlds/models/rockin_camp/model.sdf
[9.479s] -- Symlinking: /home/alejandro/bookros2_ws/install/pal_gazebo_worlds/share/pal_gazebo_worlds/models/rockin_camp/rockin_camp.png
[9.546s] -- Symlinking: /home/alejandro/bookros2_ws/install/pal_gazebo_worlds/share/pal_gazebo_worlds/models/sideboard/meshes/sideboard.stl
[9.585s] -- Symlinking: /home/alejandro/bookros2_ws/install/pal_gazebo_worlds/share/pal_gazebo_worlds/models/sideboard/model.config
[9.635s] -- Symlinking: /home/alejandro/bookros2_ws/install/pal_gazebo_worlds/share/pal_gazebo_worlds/models/sideboard/sideboard.sdf
[9.677s] -- Symlinking: /home/alejandro/bookros2_ws/install/pal_gazebo_worlds/share/pal_gazebo_worlds/models/slippery_patch/material/scripts/slippery_patch.material
[9.732s] -- Symlinking: /home/alejandro/bookros2_ws/install/pal_gazebo_worlds/share/pal_gazebo_worlds/models/slippery_patch/material/textures/slippery_patch.jpg
[9.778s] -- Symlinking: /home/alejandro/bookros2_ws/install/pal_gazebo_worlds/share/pal_gazebo_worlds/models/slippery_patch/model.config
[9.804s] -- Symlinking: /home/alejandro/bookros2_ws/install/pal_gazebo_worlds/share/pal_gazebo_worlds/models/slippery_patch/slippery_patch.sdf
[9.839s] -- Symlinking: /home/alejandro/bookros2_ws/install/pal_gazebo_worlds/share/pal_gazebo_worlds/models/small_cylinder/model.config
[9.881s] -- Symlinking: /home/alejandro/bookros2_ws/install/pal_gazebo_worlds/share/pal_gazebo_worlds/models/small_cylinder/small_cylinder.sdf
[9.917s] -- Symlinking: /home/alejandro/bookros2_ws/install/pal_gazebo_worlds/share/pal_gazebo_worlds/models/sofa/meshes/sofa.stl
[9.967s] -- Symlinking: /home/alejandro/bookros2_ws/install/pal_gazebo_worlds/share/pal_gazebo_worlds/models/sofa/model.config
[10.010s] -- Symlinking: /home/alejandro/bookros2_ws/install/pal_gazebo_worlds/share/pal_gazebo_worlds/models/sofa/sofa.sdf
[10.076s] -- Symlinking: /home/alejandro/bookros2_ws/install/pal_gazebo_worlds/share/pal_gazebo_worlds/models/sprite/material/scripts/sprite.material
[10.137s] -- Symlinking: /home/alejandro/bookros2_ws/install/pal_gazebo_worlds/share/pal_gazebo_worlds/models/sprite/material/textures/sprite.jpg
[10.195s] -- Symlinking: /home/alejandro/bookros2_ws/install/pal_gazebo_worlds/share/pal_gazebo_worlds/models/sprite/model.config
[10.247s] -- Symlinking: /home/alejandro/bookros2_ws/install/pal_gazebo_worlds/share/pal_gazebo_worlds/models/sprite/sprite.sdf
[10.296s] -- Symlinking: /home/alejandro/bookros2_ws/install/pal_gazebo_worlds/share/pal_gazebo_worlds/models/sun/model-1_2.sdf
[10.341s] -- Symlinking: /home/alejandro/bookros2_ws/install/pal_gazebo_worlds/share/pal_gazebo_worlds/models/sun/model-1_3.sdf
[10.397s] -- Symlinking: /home/alejandro/bookros2_ws/install/pal_gazebo_worlds/share/pal_gazebo_worlds/models/sun/model-1_4.sdf
[10.456s] -- Symlinking: /home/alejandro/bookros2_ws/install/pal_gazebo_worlds/share/pal_gazebo_worlds/models/sun/model.config
[10.506s] -- Symlinking: /home/alejandro/bookros2_ws/install/pal_gazebo_worlds/share/pal_gazebo_worlds/models/sun/model.sdf
[10.563s] -- Symlinking: /home/alejandro/bookros2_ws/install/pal_gazebo_worlds/share/pal_gazebo_worlds/models/table_0m8/model.config
[10.618s] -- Symlinking: /home/alejandro/bookros2_ws/install/pal_gazebo_worlds/share/pal_gazebo_worlds/models/table_0m8/table.sdf
[10.672s] -- Symlinking: /home/alejandro/bookros2_ws/install/pal_gazebo_worlds/share/pal_gazebo_worlds/models/table_1m/model.config
[10.723s] -- Symlinking: /home/alejandro/bookros2_ws/install/pal_gazebo_worlds/share/pal_gazebo_worlds/models/table_1m/table_1m.sdf
[10.772s] -- Symlinking: /home/alejandro/bookros2_ws/install/pal_gazebo_worlds/share/pal_gazebo_worlds/models/test2/meshes/test2.dae
[10.826s] -- Symlinking: /home/alejandro/bookros2_ws/install/pal_gazebo_worlds/share/pal_gazebo_worlds/models/test2/model.config
[10.888s] -- Symlinking: /home/alejandro/bookros2_ws/install/pal_gazebo_worlds/share/pal_gazebo_worlds/models/test2/test2.sdf
[10.945s] -- Symlinking: /home/alejandro/bookros2_ws/install/pal_gazebo_worlds/share/pal_gazebo_worlds/models/testing_room/README
[10.989s] -- Symlinking: /home/alejandro/bookros2_ws/install/pal_gazebo_worlds/share/pal_gazebo_worlds/models/testing_room/model.config
[11.054s] -- Symlinking: /home/alejandro/bookros2_ws/install/pal_gazebo_worlds/share/pal_gazebo_worlds/models/testing_room/model.sdf
[11.094s] -- Symlinking: /home/alejandro/bookros2_ws/install/pal_gazebo_worlds/share/pal_gazebo_worlds/models/testing_room/testing_room.png
[11.132s] -- Symlinking: /home/alejandro/bookros2_ws/install/pal_gazebo_worlds/share/pal_gazebo_worlds/models/tv/meshes/tv.stl
[11.180s] -- Symlinking: /home/alejandro/bookros2_ws/install/pal_gazebo_worlds/share/pal_gazebo_worlds/models/tv/model.config
[11.237s] -- Symlinking: /home/alejandro/bookros2_ws/install/pal_gazebo_worlds/share/pal_gazebo_worlds/models/tv/tv.sdf
[11.297s] -- Symlinking: /home/alejandro/bookros2_ws/install/pal_gazebo_worlds/share/pal_gazebo_worlds/models/wall_with_reem_photo/material/scripts/ball.material
[11.348s] -- Symlinking: /home/alejandro/bookros2_ws/install/pal_gazebo_worlds/share/pal_gazebo_worlds/models/wall_with_reem_photo/material/scripts/wallWithREEMphoto.material
[11.395s] -- Symlinking: /home/alejandro/bookros2_ws/install/pal_gazebo_worlds/share/pal_gazebo_worlds/models/wall_with_reem_photo/material/textures/REEM_photo0.jpg
[11.460s] -- Symlinking: /home/alejandro/bookros2_ws/install/pal_gazebo_worlds/share/pal_gazebo_worlds/models/wall_with_reem_photo/model.config
[11.527s] -- Symlinking: /home/alejandro/bookros2_ws/install/pal_gazebo_worlds/share/pal_gazebo_worlds/models/wall_with_reem_photo/model.sdf
[11.589s] -- Symlinking: /home/alejandro/bookros2_ws/install/pal_gazebo_worlds/share/pal_gazebo_worlds/models/wardrobe/meshes/wardrobe.stl
[11.652s] -- Symlinking: /home/alejandro/bookros2_ws/install/pal_gazebo_worlds/share/pal_gazebo_worlds/models/wardrobe/model.config
[11.719s] -- Symlinking: /home/alejandro/bookros2_ws/install/pal_gazebo_worlds/share/pal_gazebo_worlds/models/wardrobe/wardrobe.sdf
[11.771s] -- Symlinking: /home/alejandro/bookros2_ws/install/pal_gazebo_worlds/share/pal_gazebo_worlds/models/willowgarage/materials/textures/Carpet_Berber_Pattern_Gray_.png
[11.840s] -- Symlinking: /home/alejandro/bookros2_ws/install/pal_gazebo_worlds/share/pal_gazebo_worlds/models/willowgarage/materials/textures/Stone_Brushed_Khaki_.png
[11.897s] -- Symlinking: /home/alejandro/bookros2_ws/install/pal_gazebo_worlds/share/pal_gazebo_worlds/models/willowgarage/materials/textures/Wood_Bamboo_Medium_.png
[11.935s] -- Symlinking: /home/alejandro/bookros2_ws/install/pal_gazebo_worlds/share/pal_gazebo_worlds/models/willowgarage/materials/textures/Wood_Cherry_Original_.png
[11.963s] -- Symlinking: /home/alejandro/bookros2_ws/install/pal_gazebo_worlds/share/pal_gazebo_worlds/models/willowgarage/materials/textures/__Wood_Bamboo_Medium_1.png
[11.989s] -- Symlinking: /home/alejandro/bookros2_ws/install/pal_gazebo_worlds/share/pal_gazebo_worlds/models/willowgarage/materials/textures/__auto_12.png
[12.020s] -- Symlinking: /home/alejandro/bookros2_ws/install/pal_gazebo_worlds/share/pal_gazebo_worlds/models/willowgarage/materials/textures/__auto_2.png
[12.052s] -- Symlinking: /home/alejandro/bookros2_ws/install/pal_gazebo_worlds/share/pal_gazebo_worlds/models/willowgarage/meshes/willowgarage_collision.dae
[12.105s] -- Symlinking: /home/alejandro/bookros2_ws/install/pal_gazebo_worlds/share/pal_gazebo_worlds/models/willowgarage/meshes/willowgarage_visual.dae
[12.147s] -- Symlinking: /home/alejandro/bookros2_ws/install/pal_gazebo_worlds/share/pal_gazebo_worlds/worlds/aruco.world
[12.195s] -- Symlinking: /home/alejandro/bookros2_ws/install/pal_gazebo_worlds/share/pal_gazebo_worlds/worlds/ball.world
[12.249s] -- Symlinking: /home/alejandro/bookros2_ws/install/pal_gazebo_worlds/share/pal_gazebo_worlds/worlds/cabinet_grasping.world
[12.298s] -- Symlinking: /home/alejandro/bookros2_ws/install/pal_gazebo_worlds/share/pal_gazebo_worlds/worlds/calibration_room.world
[12.334s] -- Symlinking: /home/alejandro/bookros2_ws/install/pal_gazebo_worlds/share/pal_gazebo_worlds/worlds/chairs.world
[12.386s] -- Symlinking: /home/alejandro/bookros2_ws/install/pal_gazebo_worlds/share/pal_gazebo_worlds/worlds/corridor_110cm.world
[12.430s] -- Symlinking: /home/alejandro/bookros2_ws/install/pal_gazebo_worlds/share/pal_gazebo_worlds/worlds/corridor_60cm.world
[12.492s] -- Symlinking: /home/alejandro/bookros2_ws/install/pal_gazebo_worlds/share/pal_gazebo_worlds/worlds/corridor_70cm.world
[12.530s] -- Symlinking: /home/alejandro/bookros2_ws/install/pal_gazebo_worlds/share/pal_gazebo_worlds/worlds/corridor_85cm.world
[12.581s] -- Symlinking: /home/alejandro/bookros2_ws/install/pal_gazebo_worlds/share/pal_gazebo_worlds/worlds/dock_and_aruco.world
[12.633s] -- Symlinking: /home/alejandro/bookros2_ws/install/pal_gazebo_worlds/share/pal_gazebo_worlds/worlds/dock_station.world
[12.682s] -- Symlinking: /home/alejandro/bookros2_ws/install/pal_gazebo_worlds/share/pal_gazebo_worlds/worlds/docker_chair.world
[12.731s] -- Symlinking: /home/alejandro/bookros2_ws/install/pal_gazebo_worlds/share/pal_gazebo_worlds/worlds/door_obstacle.world
[12.779s] -- Symlinking: /home/alejandro/bookros2_ws/install/pal_gazebo_worlds/share/pal_gazebo_worlds/worlds/empty.world
[12.805s] -- Symlinking: /home/alejandro/bookros2_ws/install/pal_gazebo_worlds/share/pal_gazebo_worlds/worlds/empty_room.world
[12.860s] -- Symlinking: /home/alejandro/bookros2_ws/install/pal_gazebo_worlds/share/pal_gazebo_worlds/worlds/factory.world
[12.924s] -- Symlinking: /home/alejandro/bookros2_ws/install/pal_gazebo_worlds/share/pal_gazebo_worlds/worlds/featured.world
[12.977s] -- Symlinking: /home/alejandro/bookros2_ws/install/pal_gazebo_worlds/share/pal_gazebo_worlds/worlds/footstep_obstacle.world
[13.007s] -- Symlinking: /home/alejandro/bookros2_ws/install/pal_gazebo_worlds/share/pal_gazebo_worlds/worlds/hit_table.world
[13.056s] -- Symlinking: /home/alejandro/bookros2_ws/install/pal_gazebo_worlds/share/pal_gazebo_worlds/worlds/home.world
[13.103s] -- Symlinking: /home/alejandro/bookros2_ws/install/pal_gazebo_worlds/share/pal_gazebo_worlds/worlds/hospital.world
[13.150s] -- Symlinking: /home/alejandro/bookros2_ws/install/pal_gazebo_worlds/share/pal_gazebo_worlds/worlds/hospital_flat.world
[13.194s] -- Symlinking: /home/alejandro/bookros2_ws/install/pal_gazebo_worlds/share/pal_gazebo_worlds/worlds/look_to_point.world
[13.261s] -- Symlinking: /home/alejandro/bookros2_ws/install/pal_gazebo_worlds/share/pal_gazebo_worlds/worlds/low_sun_empty.world
[13.289s] -- Symlinking: /home/alejandro/bookros2_ws/install/pal_gazebo_worlds/share/pal_gazebo_worlds/worlds/memmo_simple.world
[13.337s] -- Symlinking: /home/alejandro/bookros2_ws/install/pal_gazebo_worlds/share/pal_gazebo_worlds/worlds/narrow_passage.world
[13.387s] -- Symlinking: /home/alejandro/bookros2_ws/install/pal_gazebo_worlds/share/pal_gazebo_worlds/worlds/objects_on_table.world
[13.435s] -- Symlinking: /home/alejandro/bookros2_ws/install/pal_gazebo_worlds/share/pal_gazebo_worlds/worlds/pal_office.world
[13.508s] -- Symlinking: /home/alejandro/bookros2_ws/install/pal_gazebo_worlds/share/pal_gazebo_worlds/worlds/pal_office_w_aruco.world
[13.556s] -- Symlinking: /home/alejandro/bookros2_ws/install/pal_gazebo_worlds/share/pal_gazebo_worlds/worlds/pal_office_w_docks.world
[13.583s] -- Symlinking: /home/alejandro/bookros2_ws/install/pal_gazebo_worlds/share/pal_gazebo_worlds/worlds/pal_textured_object.world
[13.633s] -- Symlinking: /home/alejandro/bookros2_ws/install/pal_gazebo_worlds/share/pal_gazebo_worlds/worlds/passage_110cm.world
[13.656s] -- Symlinking: /home/alejandro/bookros2_ws/install/pal_gazebo_worlds/share/pal_gazebo_worlds/worlds/passage_60cm.world
[13.707s] -- Symlinking: /home/alejandro/bookros2_ws/install/pal_gazebo_worlds/share/pal_gazebo_worlds/worlds/passage_70cm.world
[13.761s] -- Symlinking: /home/alejandro/bookros2_ws/install/pal_gazebo_worlds/share/pal_gazebo_worlds/worlds/pg_demo.world
[13.807s] -- Symlinking: /home/alejandro/bookros2_ws/install/pal_gazebo_worlds/share/pal_gazebo_worlds/worlds/pick.world
[13.861s] -- Symlinking: /home/alejandro/bookros2_ws/install/pal_gazebo_worlds/share/pal_gazebo_worlds/worlds/pick_place_cabinet.world
[13.903s] -- Symlinking: /home/alejandro/bookros2_ws/install/pal_gazebo_worlds/share/pal_gazebo_worlds/worlds/pick_place_close_demo.world
[13.949s] -- Symlinking: /home/alejandro/bookros2_ws/install/pal_gazebo_worlds/share/pal_gazebo_worlds/worlds/pick_place_demo.world
[13.993s] -- Symlinking: /home/alejandro/bookros2_ws/install/pal_gazebo_worlds/share/pal_gazebo_worlds/worlds/reemc.world
[14.038s] -- Symlinking: /home/alejandro/bookros2_ws/install/pal_gazebo_worlds/share/pal_gazebo_worlds/worlds/reemc_indoor.world
[14.092s] -- Symlinking: /home/alejandro/bookros2_ws/install/pal_gazebo_worlds/share/pal_gazebo_worlds/worlds/simple_office.world
[14.133s] -- Symlinking: /home/alejandro/bookros2_ws/install/pal_gazebo_worlds/share/pal_gazebo_worlds/worlds/simple_office_with_people.world
[14.178s] -- Symlinking: /home/alejandro/bookros2_ws/install/pal_gazebo_worlds/share/pal_gazebo_worlds/worlds/simple_ramp.world
[14.227s] -- Symlinking: /home/alejandro/bookros2_ws/install/pal_gazebo_worlds/share/pal_gazebo_worlds/worlds/small_factory.world
[14.245s] -- Symlinking: /home/alejandro/bookros2_ws/install/pal_gazebo_worlds/share/pal_gazebo_worlds/worlds/small_office.world
[14.270s] -- Symlinking: /home/alejandro/bookros2_ws/install/pal_gazebo_worlds/share/pal_gazebo_worlds/worlds/small_office_door_obstacle.world
[14.310s] -- Symlinking: /home/alejandro/bookros2_ws/install/pal_gazebo_worlds/share/pal_gazebo_worlds/worlds/small_office_inventory.world
[14.338s] -- Symlinking: /home/alejandro/bookros2_ws/install/pal_gazebo_worlds/share/pal_gazebo_worlds/worlds/small_textured_office.world
[14.352s] -- Symlinking: /home/alejandro/bookros2_ws/install/pal_gazebo_worlds/share/pal_gazebo_worlds/worlds/socmcs.world
[14.369s] -- Symlinking: /home/alejandro/bookros2_ws/install/pal_gazebo_worlds/share/pal_gazebo_worlds/worlds/stairs.world
[14.448s] -- Symlinking: /home/alejandro/bookros2_ws/install/pal_gazebo_worlds/share/pal_gazebo_worlds/worlds/stamping_demo.world
[14.508s] -- Symlinking: /home/alejandro/bookros2_ws/install/pal_gazebo_worlds/share/pal_gazebo_worlds/worlds/t_shaped.world
[14.528s] -- Symlinking: /home/alejandro/bookros2_ws/install/pal_gazebo_worlds/share/pal_gazebo_worlds/worlds/tabletop_cube.world
[14.554s] -- Symlinking: /home/alejandro/bookros2_ws/install/pal_gazebo_worlds/share/pal_gazebo_worlds/worlds/tabletop_cylinder.world
[14.591s] -- Symlinking: /home/alejandro/bookros2_ws/install/pal_gazebo_worlds/share/pal_gazebo_worlds/worlds/tutorial_office.world
[14.626s] -- Symlinking: /home/alejandro/bookros2_ws/install/pal_gazebo_worlds/share/pal_gazebo_worlds/worlds/voronoi_graph.world
[14.661s] -- Symlinking: /home/alejandro/bookros2_ws/install/pal_gazebo_worlds/share/pal_gazebo_worlds/worlds/willow_garage.world
[14.693s] -- Symlinking: /home/alejandro/bookros2_ws/install/pal_gazebo_worlds/share/pal_gazebo_worlds/worlds/world_wall_REEM_photo.world
[14.731s] -- Symlinking: /home/alejandro/bookros2_ws/install/pal_gazebo_worlds/share/pal_gazebo_worlds/urdf/chessboard/chessboard.gazebo.xacro
[14.784s] -- Symlinking: /home/alejandro/bookros2_ws/install/pal_gazebo_worlds/share/pal_gazebo_worlds/urdf/chessboard/chessboard.urdf.xacro
[14.828s] -- Symlinking: /home/alejandro/bookros2_ws/install/pal_gazebo_worlds/share/pal_gazebo_worlds/urdf/chessboard/chessboard_example.urdf.xacro
[14.853s] -- Symlinking: /home/alejandro/bookros2_ws/install/pal_gazebo_worlds/share/pal_gazebo_worlds/urdf/simple_box.urdf
[14.894s] -- Symlinking: /home/alejandro/bookros2_ws/install/pal_gazebo_worlds/share/pal_gazebo_worlds/meshes/chessboard/chessboard.dae
[14.917s] -- Symlinking: /home/alejandro/bookros2_ws/install/pal_gazebo_worlds/share/pal_gazebo_worlds/meshes/chessboard/chessboard.png
[14.942s] -- Symlinking: /home/alejandro/bookros2_ws/install/pal_gazebo_worlds/share/ament_index/resource_index/package_run_dependencies/pal_gazebo_worlds
[14.965s] -- Symlinking: /home/alejandro/bookros2_ws/install/pal_gazebo_worlds/share/ament_index/resource_index/parent_prefix_path/pal_gazebo_worlds
[14.993s] -- Symlinking: /home/alejandro/bookros2_ws/install/pal_gazebo_worlds/share/pal_gazebo_worlds/environment/ament_prefix_path.sh
[15.032s] -- Symlinking: /home/alejandro/bookros2_ws/install/pal_gazebo_worlds/share/pal_gazebo_worlds/environment/ament_prefix_path.dsv
[15.067s] -- Symlinking: /home/alejandro/bookros2_ws/install/pal_gazebo_worlds/share/pal_gazebo_worlds/environment/path.sh
[15.100s] -- Symlinking: /home/alejandro/bookros2_ws/install/pal_gazebo_worlds/share/pal_gazebo_worlds/environment/path.dsv
[15.157s] -- Symlinking: /home/alejandro/bookros2_ws/install/pal_gazebo_worlds/share/pal_gazebo_worlds/local_setup.bash
[15.198s] -- Symlinking: /home/alejandro/bookros2_ws/install/pal_gazebo_worlds/share/pal_gazebo_worlds/local_setup.sh
[15.253s] -- Symlinking: /home/alejandro/bookros2_ws/install/pal_gazebo_worlds/share/pal_gazebo_worlds/local_setup.zsh
[15.279s] -- Symlinking: /home/alejandro/bookros2_ws/install/pal_gazebo_worlds/share/pal_gazebo_worlds/local_setup.dsv
[15.320s] -- Symlinking: /home/alejandro/bookros2_ws/install/pal_gazebo_worlds/share/pal_gazebo_worlds/package.dsv
[15.360s] -- Symlinking: /home/alejandro/bookros2_ws/install/pal_gazebo_worlds/share/ament_index/resource_index/packages/pal_gazebo_worlds
[15.406s] -- Symlinking: /home/alejandro/bookros2_ws/install/pal_gazebo_worlds/share/pal_gazebo_worlds/cmake/pal_gazebo_worldsConfig.cmake
[15.450s] -- Symlinking: /home/alejandro/bookros2_ws/install/pal_gazebo_worlds/share/pal_gazebo_worlds/cmake/pal_gazebo_worldsConfig-version.cmake
[15.502s] -- Symlinking: /home/alejandro/bookros2_ws/install/pal_gazebo_worlds/share/pal_gazebo_worlds/package.xml
[15.675s] Invoked command in '/home/alejandro/bookros2_ws/build/pal_gazebo_worlds' returned '0': CMAKE_PREFIX_PATH=${CMAKE_PREFIX_PATH}:/home/alejandro/bookro2_ws/install/launch_pal:/home/alejandro/bookro2_ws/install/br2_fsm_bumpgo_py:/opt/ros/humble /usr/bin/cmake --install /home/alejandro/bookros2_ws/build/pal_gazebo_worlds
