[5.827s] Invoking command in '/home/alejandro/bookros2_ws/build/br2_fsm_bumpgo_py': PYTHONPATH=/home/alejandro/bookros2_ws/build/br2_fsm_bumpgo_py/prefix_override:/usr/lib/python3/dist-packages/colcon_core/task/python/colcon_distutils_commands:/home/alejandro/bookros2_ws/install/br2_fsm_bumpgo_py/lib/python3.10/site-packages:${PYTHONPATH} /usr/bin/python3 -W ignore:setup.py install is deprecated setup.py develop --editable --build-directory /home/alejandro/bookros2_ws/build/br2_fsm_bumpgo_py/build --no-deps symlink_data
[9.426s] running develop
[9.426s] running egg_info
[9.426s] creating br2_fsm_bumpgo_py.egg-info
[9.426s] writing br2_fsm_bumpgo_py.egg-info/PKG-INFO
[9.426s] writing dependency_links to br2_fsm_bumpgo_py.egg-info/dependency_links.txt
[9.426s] writing entry points to br2_fsm_bumpgo_py.egg-info/entry_points.txt
[9.426s] writing requirements to br2_fsm_bumpgo_py.egg-info/requires.txt
[9.427s] writing top-level names to br2_fsm_bumpgo_py.egg-info/top_level.txt
[9.427s] writing manifest file 'br2_fsm_bumpgo_py.egg-info/SOURCES.txt'
[9.427s] /home/alejandro/.local/lib/python3.10/site-packages/setuptools/_distutils/dist.py:268: UserWarning: Unknown distribution option: 'tests_require'
[9.427s]   warnings.warn(msg)
[9.427s] /home/alejandro/.local/lib/python3.10/site-packages/setuptools/command/develop.py:42: EasyInstallDeprecationWarning: easy_install command is deprecated.
[9.427s] !!
[9.427s] 
[9.427s]         ********************************************************************************
[9.427s]         Please avoid running ``setup.py`` and ``easy_install``.
[9.427s]         Instead, use pypa/build, pypa/installer or other
[9.427s]         standards-based tools.
[9.427s] 
[9.427s]         See https://github.com/pypa/setuptools/issues/917 for details.
[9.427s]         ********************************************************************************
[9.427s] 
[9.427s] !!
[9.428s]   easy_install.initialize_options(self)
[9.447s] reading manifest file 'br2_fsm_bumpgo_py.egg-info/SOURCES.txt'
[9.454s] writing manifest file 'br2_fsm_bumpgo_py.egg-info/SOURCES.txt'
[9.767s] running build_ext
[9.767s] Creating /home/alejandro/bookros2_ws/install/br2_fsm_bumpgo_py/lib/python3.10/site-packages/br2-fsm-bumpgo-py.egg-link (link to .)
[9.768s] Installing bump_go_main script to /home/alejandro/bookros2_ws/install/br2_fsm_bumpgo_py/lib/br2_fsm_bumpgo_py
[9.772s] 
[9.772s] Installed /home/alejandro/bookros2_ws/build/br2_fsm_bumpgo_py
[9.772s] running symlink_data
[9.782s] creating /home/alejandro/bookros2_ws/install/br2_fsm_bumpgo_py/share/ament_index
[9.782s] creating /home/alejandro/bookros2_ws/install/br2_fsm_bumpgo_py/share/ament_index/resource_index
[9.782s] creating /home/alejandro/bookros2_ws/install/br2_fsm_bumpgo_py/share/ament_index/resource_index/packages
[9.782s] symbolically linking /home/alejandro/bookros2_ws/build/br2_fsm_bumpgo_py/resource/br2_fsm_bumpgo_py -> /home/alejandro/bookros2_ws/install/br2_fsm_bumpgo_py/share/ament_index/resource_index/packages
[9.782s] symbolically linking /home/alejandro/bookros2_ws/build/br2_fsm_bumpgo_py/package.xml -> /home/alejandro/bookros2_ws/install/br2_fsm_bumpgo_py/share/br2_fsm_bumpgo_py
[9.782s] creating /home/alejandro/bookros2_ws/install/br2_fsm_bumpgo_py/share/br2_fsm_bumpgo_py/launch
[9.782s] symbolically linking /home/alejandro/bookros2_ws/build/br2_fsm_bumpgo_py/launch/bump_and_go.launch.py -> /home/alejandro/bookros2_ws/install/br2_fsm_bumpgo_py/share/br2_fsm_bumpgo_py/launch
[10.060s] Invoked command in '/home/alejandro/bookros2_ws/build/br2_fsm_bumpgo_py' returned '0': PYTHONPATH=/home/alejandro/bookros2_ws/build/br2_fsm_bumpgo_py/prefix_override:/usr/lib/python3/dist-packages/colcon_core/task/python/colcon_distutils_commands:/home/alejandro/bookros2_ws/install/br2_fsm_bumpgo_py/lib/python3.10/site-packages:${PYTHONPATH} /usr/bin/python3 -W ignore:setup.py install is deprecated setup.py develop --editable --build-directory /home/alejandro/bookros2_ws/build/br2_fsm_bumpgo_py/build --no-deps symlink_data
