[0.019s] Invoking command in '/home/alejandro/bookros2_ws/build/br2_tf2_detector': CMAKE_PREFIX_PATH=${CMAKE_PREFIX_PATH}:/opt/ros/humble /usr/bin/cmake /home/alejandro/bookros2_ws/src/book_ros2/br2_tf2_detector -DCMAKE_INSTALL_PREFIX=/home/alejandro/bookros2_ws/install/br2_tf2_detector
[0.046s] -- Found ament_cmake: 1.3.10 (/opt/ros/humble/share/ament_cmake/cmake)
[0.211s] -- Override CMake install command with custom implementation using symlinks instead of copying resources
[0.219s] -- Found rclcpp: 16.0.10 (/opt/ros/humble/share/rclcpp/cmake)
[0.260s] -- Found rosidl_generator_c: 3.1.5 (/opt/ros/humble/share/rosidl_generator_c/cmake)
[0.264s] -- Found rosidl_adapter: 3.1.5 (/opt/ros/humble/share/rosidl_adapter/cmake)
[0.272s] -- Found rosidl_generator_cpp: 3.1.5 (/opt/ros/humble/share/rosidl_generator_cpp/cmake)
[0.287s] -- Using all available rosidl_typesupport_c: rosidl_typesupport_fastrtps_c;rosidl_typesupport_introspection_c
[0.305s] -- Using all available rosidl_typesupport_cpp: rosidl_typesupport_fastrtps_cpp;rosidl_typesupport_introspection_cpp
[0.354s] -- Found rmw_implementation_cmake: 6.1.2 (/opt/ros/humble/share/rmw_implementation_cmake/cmake)
[0.354s] -- Found rmw_fastrtps_cpp: 6.2.7 (/opt/ros/humble/share/rmw_fastrtps_cpp/cmake)
[0.491s] -- Using RMW implementation 'rmw_fastrtps_cpp' as default
[0.556s] -- Found tf2_ros: 0.25.8 (/opt/ros/humble/share/tf2_ros/cmake)
[0.710s] -- Found tf2_geometry_msgs: 0.25.8 (/opt/ros/humble/share/tf2_geometry_msgs/cmake)
[0.718s] -- Found eigen3_cmake_module: 0.1.1 (/opt/ros/humble/share/eigen3_cmake_module/cmake)
[0.720s] -- Ensuring Eigen3 include directory is part of orocos-kdl CMake target
[0.724s] -- Found sensor_msgs: 4.2.4 (/opt/ros/humble/share/sensor_msgs/cmake)
[0.749s] -- Found visualization_msgs: 4.2.4 (/opt/ros/humble/share/visualization_msgs/cmake)
[0.786s] -- Found ament_lint_auto: 0.12.11 (/opt/ros/humble/share/ament_lint_auto/cmake)
[0.915s] -- Added test 'copyright' to check source files copyright and LICENSE
[0.918s] -- Added test 'cppcheck' to perform static code analysis on C / C++ code
[0.918s] -- Configured cppcheck include dirs: /home/alejandro/bookros2_ws/src/book_ros2/br2_tf2_detector/include
[0.918s] -- Configured cppcheck exclude dirs and/or files: 
[0.920s] -- Added test 'cpplint' to check C / C++ code against the Google style
[0.920s] -- Configured cpplint exclude dirs and/or files: 
[0.923s] -- Added test 'flake8' to check Python code syntax and style conventions
[0.923s] -- Added test 'lint_cmake' to check CMake code style
[0.923s] -- Added test 'pep257' to check Python code against some of the docstring style conventions in PEP 257
[0.924s] -- Added test 'uncrustify' to check C / C++ code style
[0.924s] -- Configured uncrustify additional arguments: 
[0.924s] -- Added test 'xmllint' to check XML markup files
[0.926s] -- Configuring done
[0.962s] -- Generating done
[0.964s] -- Build files have been written to: /home/alejandro/bookros2_ws/build/br2_tf2_detector
[0.979s] Invoked command in '/home/alejandro/bookros2_ws/build/br2_tf2_detector' returned '0': CMAKE_PREFIX_PATH=${CMAKE_PREFIX_PATH}:/opt/ros/humble /usr/bin/cmake /home/alejandro/bookros2_ws/src/book_ros2/br2_tf2_detector -DCMAKE_INSTALL_PREFIX=/home/alejandro/bookros2_ws/install/br2_tf2_detector
[0.982s] Invoking command in '/home/alejandro/bookros2_ws/build/br2_tf2_detector': CMAKE_PREFIX_PATH=${CMAKE_PREFIX_PATH}:/opt/ros/humble /usr/bin/cmake --build /home/alejandro/bookros2_ws/build/br2_tf2_detector -- -j8 -l8
[1.040s] [35m[1mConsolidate compiler generated dependencies of target br2_tf2_detector[0m
[1.062s] [ 50%] Built target br2_tf2_detector
[1.075s] [35m[1mConsolidate compiler generated dependencies of target detector[0m
[1.076s] [35m[1mConsolidate compiler generated dependencies of target detector_improved[0m
[1.093s] [ 75%] Built target detector
[1.105s] [100%] Built target detector_improved
[1.117s] Invoked command in '/home/alejandro/bookros2_ws/build/br2_tf2_detector' returned '0': CMAKE_PREFIX_PATH=${CMAKE_PREFIX_PATH}:/opt/ros/humble /usr/bin/cmake --build /home/alejandro/bookros2_ws/build/br2_tf2_detector -- -j8 -l8
[1.154s] Invoking command in '/home/alejandro/bookros2_ws/build/br2_tf2_detector': CMAKE_PREFIX_PATH=${CMAKE_PREFIX_PATH}:/opt/ros/humble /usr/bin/cmake --install /home/alejandro/bookros2_ws/build/br2_tf2_detector
[1.174s] -- Install configuration: ""
[1.174s] -- Execute custom install script
[1.174s] -- Up-to-date symlink: /home/alejandro/bookros2_ws/install/br2_tf2_detector/lib/libbr2_tf2_detector.so
[1.174s] -- Up-to-date symlink: /home/alejandro/bookros2_ws/install/br2_tf2_detector/lib/br2_tf2_detector/detector
[1.174s] -- Up-to-date symlink: /home/alejandro/bookros2_ws/install/br2_tf2_detector/lib/br2_tf2_detector/detector_improved
[1.174s] -- Up-to-date symlink: /home/alejandro/bookros2_ws/install/br2_tf2_detector/share/br2_tf2_detector/launch/detector_basic.launch.py
[1.174s] -- Up-to-date symlink: /home/alejandro/bookros2_ws/install/br2_tf2_detector/share/br2_tf2_detector/launch/detector_improved.launch.py
[1.174s] -- Up-to-date symlink: /home/alejandro/bookros2_ws/install/br2_tf2_detector/share/ament_index/resource_index/package_run_dependencies/br2_tf2_detector
[1.175s] -- Up-to-date symlink: /home/alejandro/bookros2_ws/install/br2_tf2_detector/share/ament_index/resource_index/parent_prefix_path/br2_tf2_detector
[1.175s] -- Up-to-date symlink: /home/alejandro/bookros2_ws/install/br2_tf2_detector/share/br2_tf2_detector/environment/ament_prefix_path.sh
[1.176s] -- Up-to-date symlink: /home/alejandro/bookros2_ws/install/br2_tf2_detector/share/br2_tf2_detector/environment/ament_prefix_path.dsv
[1.176s] -- Up-to-date symlink: /home/alejandro/bookros2_ws/install/br2_tf2_detector/share/br2_tf2_detector/environment/path.sh
[1.177s] -- Up-to-date symlink: /home/alejandro/bookros2_ws/install/br2_tf2_detector/share/br2_tf2_detector/environment/path.dsv
[1.177s] -- Up-to-date symlink: /home/alejandro/bookros2_ws/install/br2_tf2_detector/share/br2_tf2_detector/local_setup.bash
[1.177s] -- Up-to-date symlink: /home/alejandro/bookros2_ws/install/br2_tf2_detector/share/br2_tf2_detector/local_setup.sh
[1.177s] -- Up-to-date symlink: /home/alejandro/bookros2_ws/install/br2_tf2_detector/share/br2_tf2_detector/local_setup.zsh
[1.177s] -- Up-to-date symlink: /home/alejandro/bookros2_ws/install/br2_tf2_detector/share/br2_tf2_detector/local_setup.dsv
[1.177s] -- Symlinking: /home/alejandro/bookros2_ws/install/br2_tf2_detector/share/br2_tf2_detector/package.dsv
[1.179s] -- Up-to-date symlink: /home/alejandro/bookros2_ws/install/br2_tf2_detector/share/ament_index/resource_index/packages/br2_tf2_detector
[1.179s] -- Up-to-date symlink: /home/alejandro/bookros2_ws/install/br2_tf2_detector/share/br2_tf2_detector/cmake/br2_tf2_detectorConfig.cmake
[1.179s] -- Up-to-date symlink: /home/alejandro/bookros2_ws/install/br2_tf2_detector/share/br2_tf2_detector/cmake/br2_tf2_detectorConfig-version.cmake
[1.181s] -- Up-to-date symlink: /home/alejandro/bookros2_ws/install/br2_tf2_detector/share/br2_tf2_detector/package.xml
[1.186s] Invoked command in '/home/alejandro/bookros2_ws/build/br2_tf2_detector' returned '0': CMAKE_PREFIX_PATH=${CMAKE_PREFIX_PATH}:/opt/ros/humble /usr/bin/cmake --install /home/alejandro/bookros2_ws/build/br2_tf2_detector
