[0.172s] Invoking command in '/home/alejandro/bookros2_ws/build/br2_tracking': AMENT_PREFIX_PATH=/home/alejandro/bookros2_ws/install/br2_tracking_msgs:${AMENT_PREFIX_PATH} CMAKE_PREFIX_PATH=/home/alejandro/bookros2_ws/install/br2_tracking_msgs:/home/alejandro/ros2_utilities_ws/install/micro_ros_setup:/home/alejandro/ros2_utilities_ws/install/micro_ros_agent:/home/alejandro/ros2_utilities_ws/install/micro_ros_msgs:/opt/ros/humble LD_LIBRARY_PATH=/home/alejandro/bookros2_ws/install/br2_tracking_msgs/lib:${LD_LIBRARY_PATH} PYTHONPATH=/home/alejandro/bookros2_ws/install/br2_tracking_msgs/local/lib/python3.10/dist-packages:${PYTHONPATH} /usr/bin/cmake --build /home/alejandro/bookros2_ws/build/br2_tracking -- -j8 -l8
[0.396s] [ 14%] Built target gtest_main
[0.425s] [ 28%] Built target gtest
[0.497s] [ 57%] Built target br2_tracking
[0.619s] [ 71%] Built target pid_test
[0.621s] [ 85%] Built target object_tracker
[0.626s] [100%] Built target object_detector
[0.682s] Invoked command in '/home/alejandro/bookros2_ws/build/br2_tracking' returned '0': AMENT_PREFIX_PATH=/home/alejandro/bookros2_ws/install/br2_tracking_msgs:${AMENT_PREFIX_PATH} CMAKE_PREFIX_PATH=/home/alejandro/bookros2_ws/install/br2_tracking_msgs:/home/alejandro/ros2_utilities_ws/install/micro_ros_setup:/home/alejandro/ros2_utilities_ws/install/micro_ros_agent:/home/alejandro/ros2_utilities_ws/install/micro_ros_msgs:/opt/ros/humble LD_LIBRARY_PATH=/home/alejandro/bookros2_ws/install/br2_tracking_msgs/lib:${LD_LIBRARY_PATH} PYTHONPATH=/home/alejandro/bookros2_ws/install/br2_tracking_msgs/local/lib/python3.10/dist-packages:${PYTHONPATH} /usr/bin/cmake --build /home/alejandro/bookros2_ws/build/br2_tracking -- -j8 -l8
[0.831s] Invoking command in '/home/alejandro/bookros2_ws/build/br2_tracking': AMENT_PREFIX_PATH=/home/alejandro/bookros2_ws/install/br2_tracking_msgs:${AMENT_PREFIX_PATH} CMAKE_PREFIX_PATH=/home/alejandro/bookros2_ws/install/br2_tracking_msgs:/home/alejandro/ros2_utilities_ws/install/micro_ros_setup:/home/alejandro/ros2_utilities_ws/install/micro_ros_agent:/home/alejandro/ros2_utilities_ws/install/micro_ros_msgs:/opt/ros/humble LD_LIBRARY_PATH=/home/alejandro/bookros2_ws/install/br2_tracking_msgs/lib:${LD_LIBRARY_PATH} PYTHONPATH=/home/alejandro/bookros2_ws/install/br2_tracking_msgs/local/lib/python3.10/dist-packages:${PYTHONPATH} /usr/bin/cmake --install /home/alejandro/bookros2_ws/build/br2_tracking
[0.859s] -- Install configuration: "Debug"
[0.859s] -- Execute custom install script
[0.859s] -- Up-to-date symlink: /home/alejandro/bookros2_ws/install/br2_tracking/lib/libbr2_tracking.so
[0.860s] -- Up-to-date symlink: /home/alejandro/bookros2_ws/install/br2_tracking/lib/br2_tracking/object_detector
[0.860s] -- Up-to-date symlink: /home/alejandro/bookros2_ws/install/br2_tracking/lib/br2_tracking/object_tracker
[0.860s] -- Up-to-date symlink: /home/alejandro/bookros2_ws/install/br2_tracking/include/include/br2_tracking/HeadController.hpp
[0.860s] -- Up-to-date symlink: /home/alejandro/bookros2_ws/install/br2_tracking/include/include/br2_tracking/ObjectDetector.hpp
[0.860s] -- Up-to-date symlink: /home/alejandro/bookros2_ws/install/br2_tracking/include/include/br2_tracking/PIDController.hpp
[0.861s] -- Up-to-date symlink: /home/alejandro/bookros2_ws/install/br2_tracking/share/br2_tracking/launch/tracking.launch.py
[0.861s] -- Up-to-date symlink: /home/alejandro/bookros2_ws/install/br2_tracking/share/br2_tracking/config/detector.yaml
[0.861s] -- Up-to-date symlink: /home/alejandro/bookros2_ws/install/br2_tracking/share/br2_tracking/environment/library_path.sh
[0.864s] -- Up-to-date symlink: /home/alejandro/bookros2_ws/install/br2_tracking/share/br2_tracking/environment/library_path.dsv
[0.865s] -- Up-to-date symlink: /home/alejandro/bookros2_ws/install/br2_tracking/share/ament_index/resource_index/package_run_dependencies/br2_tracking
[0.865s] -- Up-to-date symlink: /home/alejandro/bookros2_ws/install/br2_tracking/share/ament_index/resource_index/parent_prefix_path/br2_tracking
[0.865s] -- Up-to-date symlink: /home/alejandro/bookros2_ws/install/br2_tracking/share/br2_tracking/environment/ament_prefix_path.sh
[0.865s] -- Up-to-date symlink: /home/alejandro/bookros2_ws/install/br2_tracking/share/br2_tracking/environment/ament_prefix_path.dsv
[0.866s] -- Up-to-date symlink: /home/alejandro/bookros2_ws/install/br2_tracking/share/br2_tracking/environment/path.sh
[0.866s] -- Up-to-date symlink: /home/alejandro/bookros2_ws/install/br2_tracking/share/br2_tracking/environment/path.dsv
[0.866s] -- Up-to-date symlink: /home/alejandro/bookros2_ws/install/br2_tracking/share/br2_tracking/local_setup.bash
[0.866s] -- Up-to-date symlink: /home/alejandro/bookros2_ws/install/br2_tracking/share/br2_tracking/local_setup.sh
[0.866s] -- Up-to-date symlink: /home/alejandro/bookros2_ws/install/br2_tracking/share/br2_tracking/local_setup.zsh
[0.866s] -- Up-to-date symlink: /home/alejandro/bookros2_ws/install/br2_tracking/share/br2_tracking/local_setup.dsv
[0.866s] -- Symlinking: /home/alejandro/bookros2_ws/install/br2_tracking/share/br2_tracking/package.dsv
[0.910s] -- Up-to-date symlink: /home/alejandro/bookros2_ws/install/br2_tracking/share/ament_index/resource_index/packages/br2_tracking
[0.910s] -- Up-to-date symlink: /home/alejandro/bookros2_ws/install/br2_tracking/share/br2_tracking/cmake/ament_cmake_export_include_directories-extras.cmake
[0.912s] -- Up-to-date symlink: /home/alejandro/bookros2_ws/install/br2_tracking/share/br2_tracking/cmake/ament_cmake_export_libraries-extras.cmake
[0.913s] -- Up-to-date symlink: /home/alejandro/bookros2_ws/install/br2_tracking/share/br2_tracking/cmake/ament_cmake_export_dependencies-extras.cmake
[0.915s] -- Up-to-date symlink: /home/alejandro/bookros2_ws/install/br2_tracking/share/br2_tracking/cmake/br2_trackingConfig.cmake
[0.917s] -- Up-to-date symlink: /home/alejandro/bookros2_ws/install/br2_tracking/share/br2_tracking/cmake/br2_trackingConfig-version.cmake
[0.918s] -- Up-to-date symlink: /home/alejandro/bookros2_ws/install/br2_tracking/share/br2_tracking/package.xml
[0.925s] Invoked command in '/home/alejandro/bookros2_ws/build/br2_tracking' returned '0': AMENT_PREFIX_PATH=/home/alejandro/bookros2_ws/install/br2_tracking_msgs:${AMENT_PREFIX_PATH} CMAKE_PREFIX_PATH=/home/alejandro/bookros2_ws/install/br2_tracking_msgs:/home/alejandro/ros2_utilities_ws/install/micro_ros_setup:/home/alejandro/ros2_utilities_ws/install/micro_ros_agent:/home/alejandro/ros2_utilities_ws/install/micro_ros_msgs:/opt/ros/humble LD_LIBRARY_PATH=/home/alejandro/bookros2_ws/install/br2_tracking_msgs/lib:${LD_LIBRARY_PATH} PYTHONPATH=/home/alejandro/bookros2_ws/install/br2_tracking_msgs/local/lib/python3.10/dist-packages:${PYTHONPATH} /usr/bin/cmake --install /home/alejandro/bookros2_ws/build/br2_tracking
