[0.026s] Invoking command in '/home/alejandro/bookros2_ws/build/groot': CMAKE_PREFIX_PATH=${CMAKE_PREFIX_PATH}:/opt/ros/humble /usr/bin/cmake --build /home/alejandro/bookros2_ws/build/groot -- -j8 -l8
[0.104s] [  1%] [34m[1mAutomatic MOC and UIC for target QtNodeEditor[0m
[0.141s] [  1%] Built target QtNodeEditor_autogen
[0.197s] [ 57%] Built target QtNodeEditor
[0.222s] [ 58%] [34m[1mAutomatic MOC and UIC for target behavior_tree_editor[0m
[0.256s] [ 58%] Built target behavior_tree_editor_autogen
[0.307s] [ 74%] Built target behavior_tree_editor
[0.349s] [ 75%] [34m[1mAutomatic MOC and UIC for target replay_test[0m
[0.351s] [ 76%] [34m[1mAutomatic MOC and UIC for target Groot[0m
[0.365s] [ 76%] [34m[1mAutomatic MOC and UIC for target editor_test[0m
[0.390s] [ 76%] Built target Groot_autogen
[0.391s] [ 76%] Built target replay_test_autogen
[0.408s] [ 76%] Built target editor_test_autogen
[0.431s] [ 82%] Built target Groot
[0.444s] [ 91%] Built target replay_test
[0.456s] [100%] Built target editor_test
[0.474s] Invoked command in '/home/alejandro/bookros2_ws/build/groot' returned '0': CMAKE_PREFIX_PATH=${CMAKE_PREFIX_PATH}:/opt/ros/humble /usr/bin/cmake --build /home/alejandro/bookros2_ws/build/groot -- -j8 -l8
[0.559s] Invoking command in '/home/alejandro/bookros2_ws/build/groot': CMAKE_PREFIX_PATH=${CMAKE_PREFIX_PATH}:/opt/ros/humble /usr/bin/cmake --install /home/alejandro/bookros2_ws/build/groot
[0.569s] -- Install configuration: ""
[0.569s] -- Execute custom install script
[0.570s] -- Up-to-date symlink: /home/alejandro/bookros2_ws/install/groot/lib/libbehavior_tree_editor.so
[0.570s] -- Up-to-date symlink: /home/alejandro/bookros2_ws/install/groot/lib/groot/Groot
[0.571s] -- Up-to-date symlink: /home/alejandro/bookros2_ws/install/groot/share/groot/environment/library_path.sh
[0.571s] -- Up-to-date symlink: /home/alejandro/bookros2_ws/install/groot/share/groot/environment/library_path.dsv
[0.571s] -- Up-to-date symlink: /home/alejandro/bookros2_ws/install/groot/share/ament_index/resource_index/package_run_dependencies/groot
[0.572s] -- Up-to-date symlink: /home/alejandro/bookros2_ws/install/groot/share/ament_index/resource_index/parent_prefix_path/groot
[0.572s] -- Up-to-date symlink: /home/alejandro/bookros2_ws/install/groot/share/groot/environment/ament_prefix_path.sh
[0.572s] -- Up-to-date symlink: /home/alejandro/bookros2_ws/install/groot/share/groot/environment/ament_prefix_path.dsv
[0.572s] -- Up-to-date symlink: /home/alejandro/bookros2_ws/install/groot/share/groot/environment/path.sh
[0.572s] -- Up-to-date symlink: /home/alejandro/bookros2_ws/install/groot/share/groot/environment/path.dsv
[0.572s] -- Up-to-date symlink: /home/alejandro/bookros2_ws/install/groot/share/groot/local_setup.bash
[0.572s] -- Up-to-date symlink: /home/alejandro/bookros2_ws/install/groot/share/groot/local_setup.sh
[0.572s] -- Up-to-date symlink: /home/alejandro/bookros2_ws/install/groot/share/groot/local_setup.zsh
[0.572s] -- Up-to-date symlink: /home/alejandro/bookros2_ws/install/groot/share/groot/local_setup.dsv
[0.573s] -- Symlinking: /home/alejandro/bookros2_ws/install/groot/share/groot/package.dsv
[0.583s] -- Up-to-date symlink: /home/alejandro/bookros2_ws/install/groot/share/ament_index/resource_index/packages/groot
[0.584s] -- Up-to-date symlink: /home/alejandro/bookros2_ws/install/groot/share/groot/cmake/ament_cmake_export_include_directories-extras.cmake
[0.584s] -- Up-to-date symlink: /home/alejandro/bookros2_ws/install/groot/share/groot/cmake/ament_cmake_export_dependencies-extras.cmake
[0.584s] -- Up-to-date symlink: /home/alejandro/bookros2_ws/install/groot/share/groot/cmake/ament_cmake_export_libraries-extras.cmake
[0.584s] -- Up-to-date symlink: /home/alejandro/bookros2_ws/install/groot/share/groot/cmake/grootConfig.cmake
[0.584s] -- Up-to-date symlink: /home/alejandro/bookros2_ws/install/groot/share/groot/cmake/grootConfig-version.cmake
[0.584s] -- Up-to-date symlink: /home/alejandro/bookros2_ws/install/groot/share/groot/package.xml
[0.587s] Invoked command in '/home/alejandro/bookros2_ws/build/groot' returned '0': CMAKE_PREFIX_PATH=${CMAKE_PREFIX_PATH}:/opt/ros/humble /usr/bin/cmake --install /home/alejandro/bookros2_ws/build/groot
