[0.017s] Invoking command in '/home/alejandro/bookros2_ws/build/pal_gripper_simulation': AMENT_PREFIX_PATH=/home/alejandro/bookros2_ws/install/pal_gripper_description:/home/alejandro/bookros2_ws/install/urdf_test:/home/alejandro/bookros2_ws/install/pal_gripper_controller_configuration:/home/alejandro/bookros2_ws/install/pal_gazebo_worlds:${AMENT_PREFIX_PATH} CMAKE_PREFIX_PATH=/home/alejandro/bookros2_ws/install/pal_gripper_description:/home/alejandro/bookros2_ws/install/urdf_test:/home/alejandro/bookros2_ws/install/pal_gripper_controller_configuration:/home/alejandro/bookros2_ws/install/pal_gazebo_worlds:/home/alejandro/ros2_utilities_ws/install/micro_ros_setup:/home/alejandro/ros2_utilities_ws/install/micro_ros_agent:/home/alejandro/ros2_utilities_ws/install/micro_ros_msgs:/opt/ros/humble PYTHONPATH=/home/alejandro/bookros2_ws/install/urdf_test/local/lib/python3.10/dist-packages:${PYTHONPATH} /usr/bin/cmake /home/alejandro/bookros2_ws/src/ThirdParty/pal_gripper/pal_gripper_simulation -DCMAKE_INSTALL_PREFIX=/home/alejandro/bookros2_ws/install/pal_gripper_simulation
[0.029s] -- Found ament_cmake_auto: 1.3.10 (/opt/ros/humble/share/ament_cmake_auto/cmake)
[0.180s] -- Override CMake install command with custom implementation using symlinks instead of copying resources
[0.287s] -- Found ament_lint_auto: 0.12.11 (/opt/ros/humble/share/ament_lint_auto/cmake)
[0.293s] -- Added test 'copyright' to check source files copyright and LICENSE
[0.294s] -- Added test 'flake8' to check Python code syntax and style conventions
[0.294s] -- Added test 'lint_cmake' to check CMake code style
[0.295s] -- Added test 'pep257' to check Python code against some of the docstring style conventions in PEP 257
[0.296s] -- Added test 'xmllint' to check XML markup files
[0.297s] -- Configuring done
[0.302s] -- Generating done
[0.303s] -- Build files have been written to: /home/alejandro/bookros2_ws/build/pal_gripper_simulation
[0.306s] Invoked command in '/home/alejandro/bookros2_ws/build/pal_gripper_simulation' returned '0': AMENT_PREFIX_PATH=/home/alejandro/bookros2_ws/install/pal_gripper_description:/home/alejandro/bookros2_ws/install/urdf_test:/home/alejandro/bookros2_ws/install/pal_gripper_controller_configuration:/home/alejandro/bookros2_ws/install/pal_gazebo_worlds:${AMENT_PREFIX_PATH} CMAKE_PREFIX_PATH=/home/alejandro/bookros2_ws/install/pal_gripper_description:/home/alejandro/bookros2_ws/install/urdf_test:/home/alejandro/bookros2_ws/install/pal_gripper_controller_configuration:/home/alejandro/bookros2_ws/install/pal_gazebo_worlds:/home/alejandro/ros2_utilities_ws/install/micro_ros_setup:/home/alejandro/ros2_utilities_ws/install/micro_ros_agent:/home/alejandro/ros2_utilities_ws/install/micro_ros_msgs:/opt/ros/humble PYTHONPATH=/home/alejandro/bookros2_ws/install/urdf_test/local/lib/python3.10/dist-packages:${PYTHONPATH} /usr/bin/cmake /home/alejandro/bookros2_ws/src/ThirdParty/pal_gripper/pal_gripper_simulation -DCMAKE_INSTALL_PREFIX=/home/alejandro/bookros2_ws/install/pal_gripper_simulation
[0.308s] Invoking command in '/home/alejandro/bookros2_ws/build/pal_gripper_simulation': AMENT_PREFIX_PATH=/home/alejandro/bookros2_ws/install/pal_gripper_description:/home/alejandro/bookros2_ws/install/urdf_test:/home/alejandro/bookros2_ws/install/pal_gripper_controller_configuration:/home/alejandro/bookros2_ws/install/pal_gazebo_worlds:${AMENT_PREFIX_PATH} CMAKE_PREFIX_PATH=/home/alejandro/bookros2_ws/install/pal_gripper_description:/home/alejandro/bookros2_ws/install/urdf_test:/home/alejandro/bookros2_ws/install/pal_gripper_controller_configuration:/home/alejandro/bookros2_ws/install/pal_gazebo_worlds:/home/alejandro/ros2_utilities_ws/install/micro_ros_setup:/home/alejandro/ros2_utilities_ws/install/micro_ros_agent:/home/alejandro/ros2_utilities_ws/install/micro_ros_msgs:/opt/ros/humble PYTHONPATH=/home/alejandro/bookros2_ws/install/urdf_test/local/lib/python3.10/dist-packages:${PYTHONPATH} /usr/bin/cmake --build /home/alejandro/bookros2_ws/build/pal_gripper_simulation -- -j8 -l8
[0.343s] Invoked command in '/home/alejandro/bookros2_ws/build/pal_gripper_simulation' returned '0': AMENT_PREFIX_PATH=/home/alejandro/bookros2_ws/install/pal_gripper_description:/home/alejandro/bookros2_ws/install/urdf_test:/home/alejandro/bookros2_ws/install/pal_gripper_controller_configuration:/home/alejandro/bookros2_ws/install/pal_gazebo_worlds:${AMENT_PREFIX_PATH} CMAKE_PREFIX_PATH=/home/alejandro/bookros2_ws/install/pal_gripper_description:/home/alejandro/bookros2_ws/install/urdf_test:/home/alejandro/bookros2_ws/install/pal_gripper_controller_configuration:/home/alejandro/bookros2_ws/install/pal_gazebo_worlds:/home/alejandro/ros2_utilities_ws/install/micro_ros_setup:/home/alejandro/ros2_utilities_ws/install/micro_ros_agent:/home/alejandro/ros2_utilities_ws/install/micro_ros_msgs:/opt/ros/humble PYTHONPATH=/home/alejandro/bookros2_ws/install/urdf_test/local/lib/python3.10/dist-packages:${PYTHONPATH} /usr/bin/cmake --build /home/alejandro/bookros2_ws/build/pal_gripper_simulation -- -j8 -l8
[0.368s] Invoking command in '/home/alejandro/bookros2_ws/build/pal_gripper_simulation': AMENT_PREFIX_PATH=/home/alejandro/bookros2_ws/install/pal_gripper_description:/home/alejandro/bookros2_ws/install/urdf_test:/home/alejandro/bookros2_ws/install/pal_gripper_controller_configuration:/home/alejandro/bookros2_ws/install/pal_gazebo_worlds:${AMENT_PREFIX_PATH} CMAKE_PREFIX_PATH=/home/alejandro/bookros2_ws/install/pal_gripper_description:/home/alejandro/bookros2_ws/install/urdf_test:/home/alejandro/bookros2_ws/install/pal_gripper_controller_configuration:/home/alejandro/bookros2_ws/install/pal_gazebo_worlds:/home/alejandro/ros2_utilities_ws/install/micro_ros_setup:/home/alejandro/ros2_utilities_ws/install/micro_ros_agent:/home/alejandro/ros2_utilities_ws/install/micro_ros_msgs:/opt/ros/humble PYTHONPATH=/home/alejandro/bookros2_ws/install/urdf_test/local/lib/python3.10/dist-packages:${PYTHONPATH} /usr/bin/cmake --install /home/alejandro/bookros2_ws/build/pal_gripper_simulation
[0.377s] -- Install configuration: ""
[0.377s] -- Execute custom install script
[0.378s] -- Up-to-date symlink: /home/alejandro/bookros2_ws/install/pal_gripper_simulation/share/pal_gripper_simulation/launch/gazebo.launch.py
[0.379s] -- Up-to-date symlink: /home/alejandro/bookros2_ws/install/pal_gripper_simulation/share/pal_gripper_simulation/launch/gripper_spawn.launch.py
[0.379s] -- Up-to-date symlink: /home/alejandro/bookros2_ws/install/pal_gripper_simulation/share/pal_gripper_simulation/launch/robot_state_publisher.launch.py
[0.379s] -- Up-to-date symlink: /home/alejandro/bookros2_ws/install/pal_gripper_simulation/share/ament_index/resource_index/package_run_dependencies/pal_gripper_simulation
[0.379s] -- Up-to-date symlink: /home/alejandro/bookros2_ws/install/pal_gripper_simulation/share/ament_index/resource_index/parent_prefix_path/pal_gripper_simulation
[0.380s] -- Up-to-date symlink: /home/alejandro/bookros2_ws/install/pal_gripper_simulation/share/pal_gripper_simulation/environment/ament_prefix_path.sh
[0.381s] -- Up-to-date symlink: /home/alejandro/bookros2_ws/install/pal_gripper_simulation/share/pal_gripper_simulation/environment/ament_prefix_path.dsv
[0.381s] -- Up-to-date symlink: /home/alejandro/bookros2_ws/install/pal_gripper_simulation/share/pal_gripper_simulation/environment/path.sh
[0.381s] -- Up-to-date symlink: /home/alejandro/bookros2_ws/install/pal_gripper_simulation/share/pal_gripper_simulation/environment/path.dsv
[0.381s] -- Up-to-date symlink: /home/alejandro/bookros2_ws/install/pal_gripper_simulation/share/pal_gripper_simulation/local_setup.bash
[0.381s] -- Up-to-date symlink: /home/alejandro/bookros2_ws/install/pal_gripper_simulation/share/pal_gripper_simulation/local_setup.sh
[0.381s] -- Up-to-date symlink: /home/alejandro/bookros2_ws/install/pal_gripper_simulation/share/pal_gripper_simulation/local_setup.zsh
[0.381s] -- Up-to-date symlink: /home/alejandro/bookros2_ws/install/pal_gripper_simulation/share/pal_gripper_simulation/local_setup.dsv
[0.382s] -- Symlinking: /home/alejandro/bookros2_ws/install/pal_gripper_simulation/share/pal_gripper_simulation/package.dsv
[0.392s] -- Up-to-date symlink: /home/alejandro/bookros2_ws/install/pal_gripper_simulation/share/ament_index/resource_index/packages/pal_gripper_simulation
[0.393s] -- Up-to-date symlink: /home/alejandro/bookros2_ws/install/pal_gripper_simulation/share/pal_gripper_simulation/cmake/pal_gripper_simulationConfig.cmake
[0.393s] -- Up-to-date symlink: /home/alejandro/bookros2_ws/install/pal_gripper_simulation/share/pal_gripper_simulation/cmake/pal_gripper_simulationConfig-version.cmake
[0.394s] -- Up-to-date symlink: /home/alejandro/bookros2_ws/install/pal_gripper_simulation/share/pal_gripper_simulation/package.xml
[0.397s] Invoked command in '/home/alejandro/bookros2_ws/build/pal_gripper_simulation' returned '0': AMENT_PREFIX_PATH=/home/alejandro/bookros2_ws/install/pal_gripper_description:/home/alejandro/bookros2_ws/install/urdf_test:/home/alejandro/bookros2_ws/install/pal_gripper_controller_configuration:/home/alejandro/bookros2_ws/install/pal_gazebo_worlds:${AMENT_PREFIX_PATH} CMAKE_PREFIX_PATH=/home/alejandro/bookros2_ws/install/pal_gripper_description:/home/alejandro/bookros2_ws/install/urdf_test:/home/alejandro/bookros2_ws/install/pal_gripper_controller_configuration:/home/alejandro/bookros2_ws/install/pal_gazebo_worlds:/home/alejandro/ros2_utilities_ws/install/micro_ros_setup:/home/alejandro/ros2_utilities_ws/install/micro_ros_agent:/home/alejandro/ros2_utilities_ws/install/micro_ros_msgs:/opt/ros/humble PYTHONPATH=/home/alejandro/bookros2_ws/install/urdf_test/local/lib/python3.10/dist-packages:${PYTHONPATH} /usr/bin/cmake --install /home/alejandro/bookros2_ws/build/pal_gripper_simulation
