[0.018s] Invoking command in '/home/alejandro/bookros2_ws/build/pmb2_controller_configuration': AMENT_PREFIX_PATH=/home/alejandro/bookros2_ws/install/launch_pal:${AMENT_PREFIX_PATH} CMAKE_PREFIX_PATH=${CMAKE_PREFIX_PATH}:/opt/ros/humble PYTHONPATH=/home/alejandro/bookros2_ws/install/launch_pal/lib/python3.10/site-packages:${PYTHONPATH} /usr/bin/cmake /home/alejandro/bookros2_ws/src/ThirdParty/pmb2_robot/pmb2_controller_configuration -DCMAKE_INSTALL_PREFIX=/home/alejandro/bookros2_ws/install/pmb2_controller_configuration
[0.032s] -- Found ament_cmake_auto: 1.3.10 (/opt/ros/humble/share/ament_cmake_auto/cmake)
[0.196s] -- Override CMake install command with custom implementation using symlinks instead of copying resources
[0.311s] -- Found ament_lint_auto: 0.12.11 (/opt/ros/humble/share/ament_lint_auto/cmake)
[0.325s] -- Added test 'copyright' to check source files copyright and LICENSE
[0.327s] -- Added test 'flake8' to check Python code syntax and style conventions
[0.327s] -- Added test 'lint_cmake' to check CMake code style
[0.328s] -- Added test 'pep257' to check Python code against some of the docstring style conventions in PEP 257
[0.329s] -- Added test 'xmllint' to check XML markup files
[0.330s] -- Configuring done
[0.336s] -- Generating done
[0.339s] -- Build files have been written to: /home/alejandro/bookros2_ws/build/pmb2_controller_configuration
[0.341s] Invoked command in '/home/alejandro/bookros2_ws/build/pmb2_controller_configuration' returned '0': AMENT_PREFIX_PATH=/home/alejandro/bookros2_ws/install/launch_pal:${AMENT_PREFIX_PATH} CMAKE_PREFIX_PATH=${CMAKE_PREFIX_PATH}:/opt/ros/humble PYTHONPATH=/home/alejandro/bookros2_ws/install/launch_pal/lib/python3.10/site-packages:${PYTHONPATH} /usr/bin/cmake /home/alejandro/bookros2_ws/src/ThirdParty/pmb2_robot/pmb2_controller_configuration -DCMAKE_INSTALL_PREFIX=/home/alejandro/bookros2_ws/install/pmb2_controller_configuration
[0.343s] Invoking command in '/home/alejandro/bookros2_ws/build/pmb2_controller_configuration': AMENT_PREFIX_PATH=/home/alejandro/bookros2_ws/install/launch_pal:${AMENT_PREFIX_PATH} CMAKE_PREFIX_PATH=${CMAKE_PREFIX_PATH}:/opt/ros/humble PYTHONPATH=/home/alejandro/bookros2_ws/install/launch_pal/lib/python3.10/site-packages:${PYTHONPATH} /usr/bin/cmake --build /home/alejandro/bookros2_ws/build/pmb2_controller_configuration -- -j8 -l8
[0.382s] Invoked command in '/home/alejandro/bookros2_ws/build/pmb2_controller_configuration' returned '0': AMENT_PREFIX_PATH=/home/alejandro/bookros2_ws/install/launch_pal:${AMENT_PREFIX_PATH} CMAKE_PREFIX_PATH=${CMAKE_PREFIX_PATH}:/opt/ros/humble PYTHONPATH=/home/alejandro/bookros2_ws/install/launch_pal/lib/python3.10/site-packages:${PYTHONPATH} /usr/bin/cmake --build /home/alejandro/bookros2_ws/build/pmb2_controller_configuration -- -j8 -l8
[0.402s] Invoking command in '/home/alejandro/bookros2_ws/build/pmb2_controller_configuration': AMENT_PREFIX_PATH=/home/alejandro/bookros2_ws/install/launch_pal:${AMENT_PREFIX_PATH} CMAKE_PREFIX_PATH=${CMAKE_PREFIX_PATH}:/opt/ros/humble PYTHONPATH=/home/alejandro/bookros2_ws/install/launch_pal/lib/python3.10/site-packages:${PYTHONPATH} /usr/bin/cmake --install /home/alejandro/bookros2_ws/build/pmb2_controller_configuration
[0.408s] -- Install configuration: ""
[0.409s] -- Execute custom install script
[0.409s] -- Up-to-date symlink: /home/alejandro/bookros2_ws/install/pmb2_controller_configuration/share/pmb2_controller_configuration/config/imu_sensor_broadcaster.yaml
[0.410s] -- Up-to-date symlink: /home/alejandro/bookros2_ws/install/pmb2_controller_configuration/share/pmb2_controller_configuration/config/joint_state_broadcaster.yaml
[0.410s] -- Up-to-date symlink: /home/alejandro/bookros2_ws/install/pmb2_controller_configuration/share/pmb2_controller_configuration/config/mobile_base_controller.yaml
[0.410s] -- Up-to-date symlink: /home/alejandro/bookros2_ws/install/pmb2_controller_configuration/share/pmb2_controller_configuration/config/mobile_base_controller_public_sim.yaml
[0.411s] -- Up-to-date symlink: /home/alejandro/bookros2_ws/install/pmb2_controller_configuration/share/pmb2_controller_configuration/launch/default_controllers.launch.py
[0.411s] -- Up-to-date symlink: /home/alejandro/bookros2_ws/install/pmb2_controller_configuration/share/pmb2_controller_configuration/launch/mobile_base_controller.launch.py
[0.411s] -- Up-to-date symlink: /home/alejandro/bookros2_ws/install/pmb2_controller_configuration/share/ament_index/resource_index/package_run_dependencies/pmb2_controller_configuration
[0.412s] -- Up-to-date symlink: /home/alejandro/bookros2_ws/install/pmb2_controller_configuration/share/ament_index/resource_index/parent_prefix_path/pmb2_controller_configuration
[0.412s] -- Up-to-date symlink: /home/alejandro/bookros2_ws/install/pmb2_controller_configuration/share/pmb2_controller_configuration/environment/ament_prefix_path.sh
[0.412s] -- Up-to-date symlink: /home/alejandro/bookros2_ws/install/pmb2_controller_configuration/share/pmb2_controller_configuration/environment/ament_prefix_path.dsv
[0.413s] -- Up-to-date symlink: /home/alejandro/bookros2_ws/install/pmb2_controller_configuration/share/pmb2_controller_configuration/environment/path.sh
[0.413s] -- Up-to-date symlink: /home/alejandro/bookros2_ws/install/pmb2_controller_configuration/share/pmb2_controller_configuration/environment/path.dsv
[0.413s] -- Up-to-date symlink: /home/alejandro/bookros2_ws/install/pmb2_controller_configuration/share/pmb2_controller_configuration/local_setup.bash
[0.413s] -- Up-to-date symlink: /home/alejandro/bookros2_ws/install/pmb2_controller_configuration/share/pmb2_controller_configuration/local_setup.sh
[0.414s] -- Up-to-date symlink: /home/alejandro/bookros2_ws/install/pmb2_controller_configuration/share/pmb2_controller_configuration/local_setup.zsh
[0.414s] -- Up-to-date symlink: /home/alejandro/bookros2_ws/install/pmb2_controller_configuration/share/pmb2_controller_configuration/local_setup.dsv
[0.414s] -- Symlinking: /home/alejandro/bookros2_ws/install/pmb2_controller_configuration/share/pmb2_controller_configuration/package.dsv
[0.423s] -- Up-to-date symlink: /home/alejandro/bookros2_ws/install/pmb2_controller_configuration/share/ament_index/resource_index/packages/pmb2_controller_configuration
[0.424s] -- Up-to-date symlink: /home/alejandro/bookros2_ws/install/pmb2_controller_configuration/share/pmb2_controller_configuration/cmake/pmb2_controller_configurationConfig.cmake
[0.424s] -- Up-to-date symlink: /home/alejandro/bookros2_ws/install/pmb2_controller_configuration/share/pmb2_controller_configuration/cmake/pmb2_controller_configurationConfig-version.cmake
[0.425s] -- Up-to-date symlink: /home/alejandro/bookros2_ws/install/pmb2_controller_configuration/share/pmb2_controller_configuration/package.xml
[0.434s] Invoked command in '/home/alejandro/bookros2_ws/build/pmb2_controller_configuration' returned '0': AMENT_PREFIX_PATH=/home/alejandro/bookros2_ws/install/launch_pal:${AMENT_PREFIX_PATH} CMAKE_PREFIX_PATH=${CMAKE_PREFIX_PATH}:/opt/ros/humble PYTHONPATH=/home/alejandro/bookros2_ws/install/launch_pal/lib/python3.10/site-packages:${PYTHONPATH} /usr/bin/cmake --install /home/alejandro/bookros2_ws/build/pmb2_controller_configuration
