[0.898s] Invoking command in '/home/alejandro/ros2_ws/src/py_kinect_azure_pkg': PYTHONPATH=/home/alejandro/ros2_ws/build/py_kinect_azure_pkg/prefix_override:/usr/lib/python3/dist-packages/colcon_core/task/python/colcon_distutils_commands:/home/alejandro/ros2_ws/install/py_kinect_azure_pkg/lib/python3.10/site-packages:${PYTHONPATH} /usr/bin/python3 -W ignore:setup.py install is deprecated setup.py egg_info --egg-base ../../build/py_kinect_azure_pkg build --build-base /home/alejandro/ros2_ws/build/py_kinect_azure_pkg/build install --record /home/alejandro/ros2_ws/build/py_kinect_azure_pkg/install.log --single-version-externally-managed install_data
[1.050s] /home/alejandro/.local/lib/python3.10/site-packages/setuptools/_distutils/dist.py:268: UserWarning: Unknown distribution option: 'tests_require'
[1.050s]   warnings.warn(msg)
[1.182s] running egg_info
[1.204s] writing ../../build/py_kinect_azure_pkg/py_kinect_azure_pkg.egg-info/PKG-INFO
[1.204s] writing dependency_links to ../../build/py_kinect_azure_pkg/py_kinect_azure_pkg.egg-info/dependency_links.txt
[1.204s] writing entry points to ../../build/py_kinect_azure_pkg/py_kinect_azure_pkg.egg-info/entry_points.txt
[1.205s] writing requirements to ../../build/py_kinect_azure_pkg/py_kinect_azure_pkg.egg-info/requires.txt
[1.205s] writing top-level names to ../../build/py_kinect_azure_pkg/py_kinect_azure_pkg.egg-info/top_level.txt
[1.250s] reading manifest file '../../build/py_kinect_azure_pkg/py_kinect_azure_pkg.egg-info/SOURCES.txt'
[1.250s] adding license file 'LICENSE'
[1.250s] writing manifest file '../../build/py_kinect_azure_pkg/py_kinect_azure_pkg.egg-info/SOURCES.txt'
[1.250s] running build
[1.250s] running build_py
[1.251s] copying py_kinect_azure_pkg/kpc_node_2.py -> /home/alejandro/ros2_ws/build/py_kinect_azure_pkg/build/lib/py_kinect_azure_pkg
[1.251s] copying py_kinect_azure_pkg/depth_image_node.py -> /home/alejandro/ros2_ws/build/py_kinect_azure_pkg/build/lib/py_kinect_azure_pkg
[1.251s] copying py_kinect_azure_pkg/env_node.py -> /home/alejandro/ros2_ws/build/py_kinect_azure_pkg/build/lib/py_kinect_azure_pkg
[1.251s] copying py_kinect_azure_pkg/point_cloud_node.py -> /home/alejandro/ros2_ws/build/py_kinect_azure_pkg/build/lib/py_kinect_azure_pkg
[1.251s] copying py_kinect_azure_pkg/first_3D_node.py -> /home/alejandro/ros2_ws/build/py_kinect_azure_pkg/build/lib/py_kinect_azure_pkg
[1.252s] copying py_kinect_azure_pkg/test_people.py -> /home/alejandro/ros2_ws/build/py_kinect_azure_pkg/build/lib/py_kinect_azure_pkg
[1.252s] copying py_kinect_azure_pkg/kinect_point_cloud_node.py -> /home/alejandro/ros2_ws/build/py_kinect_azure_pkg/build/lib/py_kinect_azure_pkg
[1.252s] copying py_kinect_azure_pkg/kinect_node.py -> /home/alejandro/ros2_ws/build/py_kinect_azure_pkg/build/lib/py_kinect_azure_pkg
[1.252s] copying py_kinect_azure_pkg/manager_node.py -> /home/alejandro/ros2_ws/build/py_kinect_azure_pkg/build/lib/py_kinect_azure_pkg
[1.252s] copying py_kinect_azure_pkg/kinect_image_node.py -> /home/alejandro/ros2_ws/build/py_kinect_azure_pkg/build/lib/py_kinect_azure_pkg
[1.252s] copying py_kinect_azure_pkg/__init__.py -> /home/alejandro/ros2_ws/build/py_kinect_azure_pkg/build/lib/py_kinect_azure_pkg
[1.252s] copying py_kinect_azure_pkg/yolo_node.py -> /home/alejandro/ros2_ws/build/py_kinect_azure_pkg/build/lib/py_kinect_azure_pkg
[1.253s] running install
[1.257s] running install_lib
[1.278s] copying /home/alejandro/ros2_ws/build/py_kinect_azure_pkg/build/lib/py_kinect_azure_pkg/env_node.py -> /home/alejandro/ros2_ws/install/py_kinect_azure_pkg/lib/python3.10/site-packages/py_kinect_azure_pkg
[1.278s] copying /home/alejandro/ros2_ws/build/py_kinect_azure_pkg/build/lib/py_kinect_azure_pkg/manager_node.py -> /home/alejandro/ros2_ws/install/py_kinect_azure_pkg/lib/python3.10/site-packages/py_kinect_azure_pkg
[1.279s] copying /home/alejandro/ros2_ws/build/py_kinect_azure_pkg/build/lib/py_kinect_azure_pkg/yolo_node.py -> /home/alejandro/ros2_ws/install/py_kinect_azure_pkg/lib/python3.10/site-packages/py_kinect_azure_pkg
[1.279s] byte-compiling /home/alejandro/ros2_ws/install/py_kinect_azure_pkg/lib/python3.10/site-packages/py_kinect_azure_pkg/env_node.py to env_node.cpython-310.pyc
[1.280s] byte-compiling /home/alejandro/ros2_ws/install/py_kinect_azure_pkg/lib/python3.10/site-packages/py_kinect_azure_pkg/manager_node.py to manager_node.cpython-310.pyc
[1.280s] byte-compiling /home/alejandro/ros2_ws/install/py_kinect_azure_pkg/lib/python3.10/site-packages/py_kinect_azure_pkg/yolo_node.py to yolo_node.cpython-310.pyc
[1.281s] running install_data
[1.281s] copying resource/py_kinect_azure_pkg -> /home/alejandro/ros2_ws/install/py_kinect_azure_pkg/share/ament_index/resource_index/packages
[1.281s] copying package.xml -> /home/alejandro/ros2_ws/install/py_kinect_azure_pkg/share/py_kinect_azure_pkg
[1.281s] running install_egg_info
[1.303s] removing '/home/alejandro/ros2_ws/install/py_kinect_azure_pkg/lib/python3.10/site-packages/py_kinect_azure_pkg-0.0.4-py3.10.egg-info' (and everything under it)
[1.304s] Copying ../../build/py_kinect_azure_pkg/py_kinect_azure_pkg.egg-info to /home/alejandro/ros2_ws/install/py_kinect_azure_pkg/lib/python3.10/site-packages/py_kinect_azure_pkg-0.0.4-py3.10.egg-info
[1.304s] running install_scripts
[1.467s] Installing 3D_node script to /home/alejandro/ros2_ws/install/py_kinect_azure_pkg/lib/py_kinect_azure_pkg
[1.467s] Installing depth_image_node script to /home/alejandro/ros2_ws/install/py_kinect_azure_pkg/lib/py_kinect_azure_pkg
[1.467s] Installing env_node script to /home/alejandro/ros2_ws/install/py_kinect_azure_pkg/lib/py_kinect_azure_pkg
[1.467s] Installing kinect_image_node script to /home/alejandro/ros2_ws/install/py_kinect_azure_pkg/lib/py_kinect_azure_pkg
[1.467s] Installing kinect_node script to /home/alejandro/ros2_ws/install/py_kinect_azure_pkg/lib/py_kinect_azure_pkg
[1.467s] Installing manager_node script to /home/alejandro/ros2_ws/install/py_kinect_azure_pkg/lib/py_kinect_azure_pkg
[1.467s] Installing motion_detection script to /home/alejandro/ros2_ws/install/py_kinect_azure_pkg/lib/py_kinect_azure_pkg
[1.467s] Installing point_cloud_node script to /home/alejandro/ros2_ws/install/py_kinect_azure_pkg/lib/py_kinect_azure_pkg
[1.468s] Installing point_cloud_node_2 script to /home/alejandro/ros2_ws/install/py_kinect_azure_pkg/lib/py_kinect_azure_pkg
[1.468s] Installing point_cloud_node_2_1 script to /home/alejandro/ros2_ws/install/py_kinect_azure_pkg/lib/py_kinect_azure_pkg
[1.468s] Installing yolo_node script to /home/alejandro/ros2_ws/install/py_kinect_azure_pkg/lib/py_kinect_azure_pkg
[1.468s] writing list of installed files to '/home/alejandro/ros2_ws/build/py_kinect_azure_pkg/install.log'
[1.488s] Invoked command in '/home/alejandro/ros2_ws/src/py_kinect_azure_pkg' returned '0': PYTHONPATH=/home/alejandro/ros2_ws/build/py_kinect_azure_pkg/prefix_override:/usr/lib/python3/dist-packages/colcon_core/task/python/colcon_distutils_commands:/home/alejandro/ros2_ws/install/py_kinect_azure_pkg/lib/python3.10/site-packages:${PYTHONPATH} /usr/bin/python3 -W ignore:setup.py install is deprecated setup.py egg_info --egg-base ../../build/py_kinect_azure_pkg build --build-base /home/alejandro/ros2_ws/build/py_kinect_azure_pkg/build install --record /home/alejandro/ros2_ws/build/py_kinect_azure_pkg/install.log --single-version-externally-managed install_data
