[2.313s] Invoking command in '/home/alejandro/bookros2_ws/src/ThirdParty/launch_pal': PYTHONPATH=/home/alejandro/bookros2_ws/build/launch_pal/prefix_override:/usr/lib/python3/dist-packages/colcon_core/task/python/colcon_distutils_commands:/home/alejandro/bookros2_ws/install/launch_pal/lib/python3.10/site-packages:${PYTHONPATH} /usr/bin/python3 -W ignore:setup.py install is deprecated setup.py egg_info --egg-base ../../../build/launch_pal build --build-base /home/alejandro/bookros2_ws/build/launch_pal/build install --record /home/alejandro/bookros2_ws/build/launch_pal/install.log --single-version-externally-managed install_data
[2.751s] /home/alejandro/.local/lib/python3.10/site-packages/setuptools/_distutils/dist.py:268: UserWarning: Unknown distribution option: 'tests_require'
[2.751s]   warnings.warn(msg)
[3.109s] running egg_info
[3.184s] writing ../../../build/launch_pal/launch_pal.egg-info/PKG-INFO
[3.191s] writing dependency_links to ../../../build/launch_pal/launch_pal.egg-info/dependency_links.txt
[3.191s] writing requirements to ../../../build/launch_pal/launch_pal.egg-info/requires.txt
[3.195s] writing top-level names to ../../../build/launch_pal/launch_pal.egg-info/top_level.txt
[3.302s] reading manifest file '../../../build/launch_pal/launch_pal.egg-info/SOURCES.txt'
[3.303s] adding license file 'LICENSE'
[3.308s] writing manifest file '../../../build/launch_pal/launch_pal.egg-info/SOURCES.txt'
[3.318s] running build
[3.318s] running build_py
[3.319s] copying launch_pal/include_utils.py -> /home/alejandro/bookros2_ws/build/launch_pal/build/lib/launch_pal
[3.319s] copying launch_pal/composition_utils.py -> /home/alejandro/bookros2_ws/build/launch_pal/build/lib/launch_pal
[3.319s] copying launch_pal/arg_utils.py -> /home/alejandro/bookros2_ws/build/launch_pal/build/lib/launch_pal
[3.320s] copying launch_pal/pal_parameters.py -> /home/alejandro/bookros2_ws/build/launch_pal/build/lib/launch_pal
[3.320s] copying launch_pal/param_utils.py -> /home/alejandro/bookros2_ws/build/launch_pal/build/lib/launch_pal
[3.320s] copying launch_pal/robot_utils.py -> /home/alejandro/bookros2_ws/build/launch_pal/build/lib/launch_pal
[3.321s] copying launch_pal/__init__.py -> /home/alejandro/bookros2_ws/build/launch_pal/build/lib/launch_pal
[3.321s] copying launch_pal/substitutions/load_file.py -> /home/alejandro/bookros2_ws/build/launch_pal/build/lib/launch_pal/substitutions
[3.321s] copying launch_pal/substitutions/__init__.py -> /home/alejandro/bookros2_ws/build/launch_pal/build/lib/launch_pal/substitutions
[3.322s] copying launch_pal/robot_arguments/common.py -> /home/alejandro/bookros2_ws/build/launch_pal/build/lib/launch_pal/robot_arguments
[3.322s] copying launch_pal/robot_arguments/robot.py -> /home/alejandro/bookros2_ws/build/launch_pal/build/lib/launch_pal/robot_arguments
[3.322s] copying launch_pal/robot_arguments/__init__.py -> /home/alejandro/bookros2_ws/build/launch_pal/build/lib/launch_pal/robot_arguments
[3.322s] copying launch_pal/actions/__init__.py -> /home/alejandro/bookros2_ws/build/launch_pal/build/lib/launch_pal/actions
[3.323s] copying launch_pal/actions/check_public_sim.py -> /home/alejandro/bookros2_ws/build/launch_pal/build/lib/launch_pal/actions
[3.323s] running install
[3.332s] running install_lib
[3.386s] running install_data
[3.387s] copying resource/launch_pal -> /home/alejandro/bookros2_ws/install/launch_pal/share/ament_index/resource_index/packages
[3.387s] copying package.xml -> /home/alejandro/bookros2_ws/install/launch_pal/share/launch_pal
[3.391s] copying config/robot_configuration.yaml -> /home/alejandro/bookros2_ws/install/launch_pal/share/launch_pal/config
[3.391s] running install_egg_info
[3.442s] removing '/home/alejandro/bookros2_ws/install/launch_pal/lib/python3.10/site-packages/launch_pal-0.1.15-py3.10.egg-info' (and everything under it)
[3.442s] Copying ../../../build/launch_pal/launch_pal.egg-info to /home/alejandro/bookros2_ws/install/launch_pal/lib/python3.10/site-packages/launch_pal-0.1.15-py3.10.egg-info
[3.448s] running install_scripts
[3.770s] writing list of installed files to '/home/alejandro/bookros2_ws/build/launch_pal/install.log'
[3.893s] Invoked command in '/home/alejandro/bookros2_ws/src/ThirdParty/launch_pal' returned '0': PYTHONPATH=/home/alejandro/bookros2_ws/build/launch_pal/prefix_override:/usr/lib/python3/dist-packages/colcon_core/task/python/colcon_distutils_commands:/home/alejandro/bookros2_ws/install/launch_pal/lib/python3.10/site-packages:${PYTHONPATH} /usr/bin/python3 -W ignore:setup.py install is deprecated setup.py egg_info --egg-base ../../../build/launch_pal build --build-base /home/alejandro/bookros2_ws/build/launch_pal/build install --record /home/alejandro/bookros2_ws/build/launch_pal/install.log --single-version-externally-managed install_data
