[0.019s] Invoking command in '/home/alejandro/bookros2_ws/build/pmb2_description': AMENT_PREFIX_PATH=/home/alejandro/bookros2_ws/install/urdf_test:/home/alejandro/bookros2_ws/install/launch_pal:${AMENT_PREFIX_PATH} CMAKE_PREFIX_PATH=/home/alejandro/bookros2_ws/install/urdf_test:/home/alejandro/ros2_utilities_ws/install/micro_ros_setup:/home/alejandro/ros2_utilities_ws/install/micro_ros_agent:/home/alejandro/ros2_utilities_ws/install/micro_ros_msgs:/opt/ros/humble PYTHONPATH=/home/alejandro/bookros2_ws/install/urdf_test/local/lib/python3.10/dist-packages:/home/alejandro/bookros2_ws/install/launch_pal/lib/python3.10/site-packages:${PYTHONPATH} /usr/bin/cmake /home/alejandro/bookros2_ws/src/ThirdParty/pmb2_robot/pmb2_description -DCMAKE_INSTALL_PREFIX=/home/alejandro/bookros2_ws/install/pmb2_description
[0.031s] -- Found ament_cmake_auto: 1.3.10 (/opt/ros/humble/share/ament_cmake_auto/cmake)
[0.197s] -- Override CMake install command with custom implementation using symlinks instead of copying resources
[0.295s] -- Found ament_lint_auto: 0.12.11 (/opt/ros/humble/share/ament_lint_auto/cmake)
[0.303s] -- Found python_cmake_module: 0.10.0 (/opt/ros/humble/share/python_cmake_module/cmake)
[0.329s] -- Using PYTHON_EXECUTABLE: /usr/bin/python3
[0.329s] -- Using PYTHON_INCLUDE_DIRS: /usr/include/python3.10
[0.329s] -- Using PYTHON_LIBRARIES: /usr/lib/x86_64-linux-gnu/libpython3.10.so
[1.323s] -- Added test 'copyright' to check source files copyright and LICENSE
[1.331s] -- Added test 'flake8' to check Python code syntax and style conventions
[1.332s] -- Added test 'lint_cmake' to check CMake code style
[1.333s] -- Added test 'pep257' to check Python code against some of the docstring style conventions in PEP 257
[1.336s] -- Added test 'xmllint' to check XML markup files
[1.337s] -- Configuring done
[1.342s] -- Generating done
[1.343s] -- Build files have been written to: /home/alejandro/bookros2_ws/build/pmb2_description
[1.346s] Invoked command in '/home/alejandro/bookros2_ws/build/pmb2_description' returned '0': AMENT_PREFIX_PATH=/home/alejandro/bookros2_ws/install/urdf_test:/home/alejandro/bookros2_ws/install/launch_pal:${AMENT_PREFIX_PATH} CMAKE_PREFIX_PATH=/home/alejandro/bookros2_ws/install/urdf_test:/home/alejandro/ros2_utilities_ws/install/micro_ros_setup:/home/alejandro/ros2_utilities_ws/install/micro_ros_agent:/home/alejandro/ros2_utilities_ws/install/micro_ros_msgs:/opt/ros/humble PYTHONPATH=/home/alejandro/bookros2_ws/install/urdf_test/local/lib/python3.10/dist-packages:/home/alejandro/bookros2_ws/install/launch_pal/lib/python3.10/site-packages:${PYTHONPATH} /usr/bin/cmake /home/alejandro/bookros2_ws/src/ThirdParty/pmb2_robot/pmb2_description -DCMAKE_INSTALL_PREFIX=/home/alejandro/bookros2_ws/install/pmb2_description
[1.347s] Invoking command in '/home/alejandro/bookros2_ws/build/pmb2_description': AMENT_PREFIX_PATH=/home/alejandro/bookros2_ws/install/urdf_test:/home/alejandro/bookros2_ws/install/launch_pal:${AMENT_PREFIX_PATH} CMAKE_PREFIX_PATH=/home/alejandro/bookros2_ws/install/urdf_test:/home/alejandro/ros2_utilities_ws/install/micro_ros_setup:/home/alejandro/ros2_utilities_ws/install/micro_ros_agent:/home/alejandro/ros2_utilities_ws/install/micro_ros_msgs:/opt/ros/humble PYTHONPATH=/home/alejandro/bookros2_ws/install/urdf_test/local/lib/python3.10/dist-packages:/home/alejandro/bookros2_ws/install/launch_pal/lib/python3.10/site-packages:${PYTHONPATH} /usr/bin/cmake --build /home/alejandro/bookros2_ws/build/pmb2_description -- -j8 -l8
[1.384s] Built target ament_cmake_python_symlink_pmb2_description
[1.597s] running egg_info
[1.617s] writing pmb2_description.egg-info/PKG-INFO
[1.618s] writing dependency_links to pmb2_description.egg-info/dependency_links.txt
[1.618s] writing top-level names to pmb2_description.egg-info/top_level.txt
[1.680s] reading manifest file 'pmb2_description.egg-info/SOURCES.txt'
[1.681s] writing manifest file 'pmb2_description.egg-info/SOURCES.txt'
[1.702s] Built target ament_cmake_python_build_pmb2_description_egg
[1.709s] Invoked command in '/home/alejandro/bookros2_ws/build/pmb2_description' returned '0': AMENT_PREFIX_PATH=/home/alejandro/bookros2_ws/install/urdf_test:/home/alejandro/bookros2_ws/install/launch_pal:${AMENT_PREFIX_PATH} CMAKE_PREFIX_PATH=/home/alejandro/bookros2_ws/install/urdf_test:/home/alejandro/ros2_utilities_ws/install/micro_ros_setup:/home/alejandro/ros2_utilities_ws/install/micro_ros_agent:/home/alejandro/ros2_utilities_ws/install/micro_ros_msgs:/opt/ros/humble PYTHONPATH=/home/alejandro/bookros2_ws/install/urdf_test/local/lib/python3.10/dist-packages:/home/alejandro/bookros2_ws/install/launch_pal/lib/python3.10/site-packages:${PYTHONPATH} /usr/bin/cmake --build /home/alejandro/bookros2_ws/build/pmb2_description -- -j8 -l8
[1.724s] Invoking command in '/home/alejandro/bookros2_ws/build/pmb2_description': AMENT_PREFIX_PATH=/home/alejandro/bookros2_ws/install/urdf_test:/home/alejandro/bookros2_ws/install/launch_pal:${AMENT_PREFIX_PATH} CMAKE_PREFIX_PATH=/home/alejandro/bookros2_ws/install/urdf_test:/home/alejandro/ros2_utilities_ws/install/micro_ros_setup:/home/alejandro/ros2_utilities_ws/install/micro_ros_agent:/home/alejandro/ros2_utilities_ws/install/micro_ros_msgs:/opt/ros/humble PYTHONPATH=/home/alejandro/bookros2_ws/install/urdf_test/local/lib/python3.10/dist-packages:/home/alejandro/bookros2_ws/install/launch_pal/lib/python3.10/site-packages:${PYTHONPATH} /usr/bin/cmake --install /home/alejandro/bookros2_ws/build/pmb2_description
[1.730s] -- Install configuration: ""
[1.730s] -- Execute custom install script
[1.731s] -- Up-to-date symlink: /home/alejandro/bookros2_ws/install/pmb2_description/share/pmb2_description/environment/pythonpath.sh
[1.731s] -- Up-to-date symlink: /home/alejandro/bookros2_ws/install/pmb2_description/share/pmb2_description/environment/pythonpath.dsv
[1.732s] -- Up-to-date symlink: /home/alejandro/bookros2_ws/install/pmb2_description/local/lib/python3.10/dist-packages/pmb2_description-5.4.0-py3.10.egg-info/PKG-INFO
[1.732s] -- Up-to-date symlink: /home/alejandro/bookros2_ws/install/pmb2_description/local/lib/python3.10/dist-packages/pmb2_description-5.4.0-py3.10.egg-info/SOURCES.txt
[1.732s] -- Up-to-date symlink: /home/alejandro/bookros2_ws/install/pmb2_description/local/lib/python3.10/dist-packages/pmb2_description-5.4.0-py3.10.egg-info/dependency_links.txt
[1.732s] -- Up-to-date symlink: /home/alejandro/bookros2_ws/install/pmb2_description/local/lib/python3.10/dist-packages/pmb2_description-5.4.0-py3.10.egg-info/top_level.txt
[1.733s] -- Up-to-date symlink: /home/alejandro/bookros2_ws/install/pmb2_description/local/lib/python3.10/dist-packages/pmb2_description/__init__.py
[1.733s] -- Up-to-date symlink: /home/alejandro/bookros2_ws/install/pmb2_description/local/lib/python3.10/dist-packages/pmb2_description/launch_arguments.py
[1.733s] -- Up-to-date symlink: /home/alejandro/bookros2_ws/install/pmb2_description/share/pmb2_description/rviz/pmb2.rviz
[1.734s] -- Up-to-date symlink: /home/alejandro/bookros2_ws/install/pmb2_description/share/pmb2_description/launch/robot_state_publisher.launch.py
[1.734s] -- Up-to-date symlink: /home/alejandro/bookros2_ws/install/pmb2_description/share/pmb2_description/launch/show.launch.py
[1.734s] -- Up-to-date symlink: /home/alejandro/bookros2_ws/install/pmb2_description/share/pmb2_description/meshes/base/base.stl
[1.734s] -- Up-to-date symlink: /home/alejandro/bookros2_ws/install/pmb2_description/share/pmb2_description/meshes/base/base_collision.dae
[1.735s] -- Up-to-date symlink: /home/alejandro/bookros2_ws/install/pmb2_description/share/pmb2_description/meshes/base/base_dock_link.stl
[1.735s] -- Up-to-date symlink: /home/alejandro/bookros2_ws/install/pmb2_description/share/pmb2_description/meshes/base/base_ring.stl
[1.735s] -- Up-to-date symlink: /home/alejandro/bookros2_ws/install/pmb2_description/share/pmb2_description/meshes/base/high_resolution/base.stl
[1.735s] -- Up-to-date symlink: /home/alejandro/bookros2_ws/install/pmb2_description/share/pmb2_description/meshes/base/high_resolution/base_collision.stl
[1.735s] -- Up-to-date symlink: /home/alejandro/bookros2_ws/install/pmb2_description/share/pmb2_description/meshes/cameras_add_on/cameras_add_on.stl
[1.735s] -- Up-to-date symlink: /home/alejandro/bookros2_ws/install/pmb2_description/share/pmb2_description/meshes/cameras_add_on/cameras_add_on_collision.stl
[1.736s] -- Up-to-date symlink: /home/alejandro/bookros2_ws/install/pmb2_description/share/pmb2_description/meshes/dock/dock.stl
[1.736s] -- Up-to-date symlink: /home/alejandro/bookros2_ws/install/pmb2_description/share/pmb2_description/meshes/dock/dock_collision.stl
[1.736s] -- Up-to-date symlink: /home/alejandro/bookros2_ws/install/pmb2_description/share/pmb2_description/meshes/objects/antenna.stl
[1.736s] -- Up-to-date symlink: /home/alejandro/bookros2_ws/install/pmb2_description/share/pmb2_description/meshes/objects/cover.stl
[1.736s] -- Up-to-date symlink: /home/alejandro/bookros2_ws/install/pmb2_description/share/pmb2_description/meshes/objects/high_resolution/cover.stl
[1.736s] -- Up-to-date symlink: /home/alejandro/bookros2_ws/install/pmb2_description/share/pmb2_description/meshes/sensors/bumper.stl
[1.736s] -- Up-to-date symlink: /home/alejandro/bookros2_ws/install/pmb2_description/share/pmb2_description/meshes/sensors/bumper_collision.stl
[1.736s] -- Up-to-date symlink: /home/alejandro/bookros2_ws/install/pmb2_description/share/pmb2_description/meshes/sensors/elp_camera.stl
[1.736s] -- Up-to-date symlink: /home/alejandro/bookros2_ws/install/pmb2_description/share/pmb2_description/meshes/sensors/high_resolution/bumper.stl
[1.737s] -- Up-to-date symlink: /home/alejandro/bookros2_ws/install/pmb2_description/share/pmb2_description/meshes/sensors/high_resolution/hokuyo_urg_04lx_ug01.stl
[1.737s] -- Up-to-date symlink: /home/alejandro/bookros2_ws/install/pmb2_description/share/pmb2_description/meshes/sensors/high_resolution/sick_tim551.stl
[1.737s] -- Up-to-date symlink: /home/alejandro/bookros2_ws/install/pmb2_description/share/pmb2_description/meshes/sensors/high_resolution/srf05.stl
[1.737s] -- Up-to-date symlink: /home/alejandro/bookros2_ws/install/pmb2_description/share/pmb2_description/meshes/sensors/high_resolution/xtion_pro_live.stl
[1.737s] -- Up-to-date symlink: /home/alejandro/bookros2_ws/install/pmb2_description/share/pmb2_description/meshes/sensors/hokuyo_urg_04lx_ug01.stl
[1.737s] -- Up-to-date symlink: /home/alejandro/bookros2_ws/install/pmb2_description/share/pmb2_description/meshes/sensors/sick_tim551.stl
[1.738s] -- Up-to-date symlink: /home/alejandro/bookros2_ws/install/pmb2_description/share/pmb2_description/meshes/sensors/srf05.stl
[1.738s] -- Up-to-date symlink: /home/alejandro/bookros2_ws/install/pmb2_description/share/pmb2_description/meshes/sensors/structure_sensor.stl
[1.738s] -- Up-to-date symlink: /home/alejandro/bookros2_ws/install/pmb2_description/share/pmb2_description/meshes/sensors/xtion_pro_live.dae
[1.738s] -- Up-to-date symlink: /home/alejandro/bookros2_ws/install/pmb2_description/share/pmb2_description/meshes/wheels/caster_1.stl
[1.738s] -- Up-to-date symlink: /home/alejandro/bookros2_ws/install/pmb2_description/share/pmb2_description/meshes/wheels/caster_2.stl
[1.738s] -- Up-to-date symlink: /home/alejandro/bookros2_ws/install/pmb2_description/share/pmb2_description/meshes/wheels/high_resolution/caster_1.stl
[1.738s] -- Up-to-date symlink: /home/alejandro/bookros2_ws/install/pmb2_description/share/pmb2_description/meshes/wheels/high_resolution/caster_2.stl
[1.739s] -- Up-to-date symlink: /home/alejandro/bookros2_ws/install/pmb2_description/share/pmb2_description/meshes/wheels/high_resolution/wheel.stl
[1.739s] -- Up-to-date symlink: /home/alejandro/bookros2_ws/install/pmb2_description/share/pmb2_description/meshes/wheels/wheel.stl
[1.739s] -- Up-to-date symlink: /home/alejandro/bookros2_ws/install/pmb2_description/share/pmb2_description/config/pmb2_configuration.yaml
[1.739s] -- Up-to-date symlink: /home/alejandro/bookros2_ws/install/pmb2_description/share/pmb2_description/robots/pmb2.urdf.xacro
[1.740s] -- Up-to-date symlink: /home/alejandro/bookros2_ws/install/pmb2_description/share/pmb2_description/ros2_control/gazebo_controller_manager_cfg.yaml
[1.740s] -- Up-to-date symlink: /home/alejandro/bookros2_ws/install/pmb2_description/share/pmb2_description/ros2_control/ros2_control.urdf.xacro
[1.740s] -- Up-to-date symlink: /home/alejandro/bookros2_ws/install/pmb2_description/share/pmb2_description/urdf/base/base.gazebo.xacro
[1.740s] -- Up-to-date symlink: /home/alejandro/bookros2_ws/install/pmb2_description/share/pmb2_description/urdf/base/base.urdf.xacro
[1.741s] -- Up-to-date symlink: /home/alejandro/bookros2_ws/install/pmb2_description/share/pmb2_description/urdf/base/base_sensors.urdf.xacro
[1.741s] -- Up-to-date symlink: /home/alejandro/bookros2_ws/install/pmb2_description/share/pmb2_description/urdf/cameras_add_on/cameras_add_on.urdf.xacro
[1.741s] -- Up-to-date symlink: /home/alejandro/bookros2_ws/install/pmb2_description/share/pmb2_description/urdf/dock/dock.urdf.xacro
[1.741s] -- Up-to-date symlink: /home/alejandro/bookros2_ws/install/pmb2_description/share/pmb2_description/urdf/objects/antenna.urdf.xacro
[1.741s] -- Up-to-date symlink: /home/alejandro/bookros2_ws/install/pmb2_description/share/pmb2_description/urdf/objects/cover.urdf.xacro
[1.742s] -- Up-to-date symlink: /home/alejandro/bookros2_ws/install/pmb2_description/share/pmb2_description/urdf/sensors/bumper.gazebo.xacro
[1.742s] -- Up-to-date symlink: /home/alejandro/bookros2_ws/install/pmb2_description/share/pmb2_description/urdf/sensors/bumper.urdf.xacro
[1.742s] -- Up-to-date symlink: /home/alejandro/bookros2_ws/install/pmb2_description/share/pmb2_description/urdf/sensors/courier.urdf.xacro
[1.742s] -- Up-to-date symlink: /home/alejandro/bookros2_ws/install/pmb2_description/share/pmb2_description/urdf/sensors/elp_rgb.gazebo.xacro
[1.742s] -- Up-to-date symlink: /home/alejandro/bookros2_ws/install/pmb2_description/share/pmb2_description/urdf/sensors/elp_rgb.urdf.xacro
[1.742s] -- Up-to-date symlink: /home/alejandro/bookros2_ws/install/pmb2_description/share/pmb2_description/urdf/sensors/hokuyo_urg_04lx_ug01_laser.gazebo.xacro
[1.742s] -- Up-to-date symlink: /home/alejandro/bookros2_ws/install/pmb2_description/share/pmb2_description/urdf/sensors/hokuyo_urg_04lx_ug01_laser.urdf.xacro
[1.742s] -- Up-to-date symlink: /home/alejandro/bookros2_ws/install/pmb2_description/share/pmb2_description/urdf/sensors/imu.gazebo.xacro
[1.743s] -- Up-to-date symlink: /home/alejandro/bookros2_ws/install/pmb2_description/share/pmb2_description/urdf/sensors/imu.urdf.xacro
[1.743s] -- Up-to-date symlink: /home/alejandro/bookros2_ws/install/pmb2_description/share/pmb2_description/urdf/sensors/microphone.urdf.xacro
[1.743s] -- Up-to-date symlink: /home/alejandro/bookros2_ws/install/pmb2_description/share/pmb2_description/urdf/sensors/range.gazebo.xacro
[1.743s] -- Up-to-date symlink: /home/alejandro/bookros2_ws/install/pmb2_description/share/pmb2_description/urdf/sensors/range.urdf.xacro
[1.743s] -- Up-to-date symlink: /home/alejandro/bookros2_ws/install/pmb2_description/share/pmb2_description/urdf/sensors/sensors.ros2_control.xacro
[1.743s] -- Up-to-date symlink: /home/alejandro/bookros2_ws/install/pmb2_description/share/pmb2_description/urdf/sensors/sick_tim551_laser.gazebo.xacro
[1.743s] -- Up-to-date symlink: /home/alejandro/bookros2_ws/install/pmb2_description/share/pmb2_description/urdf/sensors/sick_tim551_laser.urdf.xacro
[1.744s] -- Up-to-date symlink: /home/alejandro/bookros2_ws/install/pmb2_description/share/pmb2_description/urdf/sensors/sick_tim561_laser.gazebo.xacro
[1.744s] -- Up-to-date symlink: /home/alejandro/bookros2_ws/install/pmb2_description/share/pmb2_description/urdf/sensors/sick_tim561_laser.urdf.xacro
[1.744s] -- Up-to-date symlink: /home/alejandro/bookros2_ws/install/pmb2_description/share/pmb2_description/urdf/sensors/sick_tim571_laser.gazebo.xacro
[1.744s] -- Up-to-date symlink: /home/alejandro/bookros2_ws/install/pmb2_description/share/pmb2_description/urdf/sensors/sick_tim571_laser.urdf.xacro
[1.744s] -- Up-to-date symlink: /home/alejandro/bookros2_ws/install/pmb2_description/share/pmb2_description/urdf/sensors/structure_sensor.gazebo.xacro
[1.744s] -- Up-to-date symlink: /home/alejandro/bookros2_ws/install/pmb2_description/share/pmb2_description/urdf/sensors/structure_sensor.urdf.xacro
[1.744s] -- Up-to-date symlink: /home/alejandro/bookros2_ws/install/pmb2_description/share/pmb2_description/urdf/wheels/caster.gazebo.xacro
[1.745s] -- Up-to-date symlink: /home/alejandro/bookros2_ws/install/pmb2_description/share/pmb2_description/urdf/wheels/caster.urdf.xacro
[1.745s] -- Up-to-date symlink: /home/alejandro/bookros2_ws/install/pmb2_description/share/pmb2_description/urdf/wheels/wheel.gazebo.xacro
[1.745s] -- Up-to-date symlink: /home/alejandro/bookros2_ws/install/pmb2_description/share/pmb2_description/urdf/wheels/wheel.ros2_control.xacro
[1.745s] -- Up-to-date symlink: /home/alejandro/bookros2_ws/install/pmb2_description/share/pmb2_description/urdf/wheels/wheel.urdf.xacro
[1.745s] -- Up-to-date symlink: /home/alejandro/bookros2_ws/install/pmb2_description/share/ament_index/resource_index/package_run_dependencies/pmb2_description
[1.745s] -- Up-to-date symlink: /home/alejandro/bookros2_ws/install/pmb2_description/share/ament_index/resource_index/parent_prefix_path/pmb2_description
[1.745s] -- Up-to-date symlink: /home/alejandro/bookros2_ws/install/pmb2_description/share/pmb2_description/environment/ament_prefix_path.sh
[1.746s] -- Up-to-date symlink: /home/alejandro/bookros2_ws/install/pmb2_description/share/pmb2_description/environment/ament_prefix_path.dsv
[1.746s] -- Up-to-date symlink: /home/alejandro/bookros2_ws/install/pmb2_description/share/pmb2_description/environment/path.sh
[1.746s] -- Up-to-date symlink: /home/alejandro/bookros2_ws/install/pmb2_description/share/pmb2_description/environment/path.dsv
[1.746s] -- Up-to-date symlink: /home/alejandro/bookros2_ws/install/pmb2_description/share/pmb2_description/local_setup.bash
[1.746s] -- Up-to-date symlink: /home/alejandro/bookros2_ws/install/pmb2_description/share/pmb2_description/local_setup.sh
[1.746s] -- Up-to-date symlink: /home/alejandro/bookros2_ws/install/pmb2_description/share/pmb2_description/local_setup.zsh
[1.747s] -- Up-to-date symlink: /home/alejandro/bookros2_ws/install/pmb2_description/share/pmb2_description/local_setup.dsv
[1.747s] -- Symlinking: /home/alejandro/bookros2_ws/install/pmb2_description/share/pmb2_description/package.dsv
[1.753s] -- Up-to-date symlink: /home/alejandro/bookros2_ws/install/pmb2_description/share/ament_index/resource_index/packages/pmb2_description
[1.753s] -- Up-to-date symlink: /home/alejandro/bookros2_ws/install/pmb2_description/share/pmb2_description/cmake/pmb2_descriptionConfig.cmake
[1.753s] -- Up-to-date symlink: /home/alejandro/bookros2_ws/install/pmb2_description/share/pmb2_description/cmake/pmb2_descriptionConfig-version.cmake
[1.753s] -- Up-to-date symlink: /home/alejandro/bookros2_ws/install/pmb2_description/share/pmb2_description/package.xml
[1.778s] Listing '/home/alejandro/bookros2_ws/install/pmb2_description/local/lib/python3.10/dist-packages/pmb2_description'...
[1.783s] Invoked command in '/home/alejandro/bookros2_ws/build/pmb2_description' returned '0': AMENT_PREFIX_PATH=/home/alejandro/bookros2_ws/install/urdf_test:/home/alejandro/bookros2_ws/install/launch_pal:${AMENT_PREFIX_PATH} CMAKE_PREFIX_PATH=/home/alejandro/bookros2_ws/install/urdf_test:/home/alejandro/ros2_utilities_ws/install/micro_ros_setup:/home/alejandro/ros2_utilities_ws/install/micro_ros_agent:/home/alejandro/ros2_utilities_ws/install/micro_ros_msgs:/opt/ros/humble PYTHONPATH=/home/alejandro/bookros2_ws/install/urdf_test/local/lib/python3.10/dist-packages:/home/alejandro/bookros2_ws/install/launch_pal/lib/python3.10/site-packages:${PYTHONPATH} /usr/bin/cmake --install /home/alejandro/bookros2_ws/build/pmb2_description
