[0.195s] Invoking command in '/home/alejandro/bookros2_ws/build/br2_bt_patrolling': CMAKE_PREFIX_PATH=${CMAKE_PREFIX_PATH}:/home/alejandro/bookros2_ws/install/launch_pal:/home/alejandro/bookros2_ws/install/br2_fsm_bumpgo_py:/opt/ros/humble /usr/bin/cmake --build /home/alejandro/bookros2_ws/build/br2_bt_patrolling -- -j8 -l8
[0.458s] [ 10%] Built target br2_recharge_bt_node
[0.561s] [ 20%] Built target gtest_main
[0.645s] [ 30%] Built target gtest
[0.776s] [ 40%] Built target patrolling_main
[0.924s] [ 50%] Built target br2_track_objects_bt_node
[1.082s] [ 60%] Built target br2_battery_checker_bt_node
[1.205s] [ 70%] Built target bt_action_test
[1.380s] [ 80%] Built target br2_get_waypoint_bt_node
[1.556s] [ 90%] Built target br2_move_bt_node
[1.678s] [100%] Built target br2_patrol_bt_node
[1.759s] Invoked command in '/home/alejandro/bookros2_ws/build/br2_bt_patrolling' returned '0': CMAKE_PREFIX_PATH=${CMAKE_PREFIX_PATH}:/home/alejandro/bookros2_ws/install/launch_pal:/home/alejandro/bookros2_ws/install/br2_fsm_bumpgo_py:/opt/ros/humble /usr/bin/cmake --build /home/alejandro/bookros2_ws/build/br2_bt_patrolling -- -j8 -l8
[1.961s] Invoking command in '/home/alejandro/bookros2_ws/build/br2_bt_patrolling': CMAKE_PREFIX_PATH=${CMAKE_PREFIX_PATH}:/home/alejandro/bookros2_ws/install/launch_pal:/home/alejandro/bookros2_ws/install/br2_fsm_bumpgo_py:/opt/ros/humble /usr/bin/cmake --install /home/alejandro/bookros2_ws/build/br2_bt_patrolling
[2.013s] -- Install configuration: "Debug"
[2.014s] -- Execute custom install script
[2.015s] -- Up-to-date symlink: /home/alejandro/bookros2_ws/install/br2_bt_patrolling/lib/libbr2_recharge_bt_node.so
[2.020s] -- Up-to-date symlink: /home/alejandro/bookros2_ws/install/br2_bt_patrolling/lib/libbr2_patrol_bt_node.so
[2.021s] -- Up-to-date symlink: /home/alejandro/bookros2_ws/install/br2_bt_patrolling/lib/libbr2_move_bt_node.so
[2.021s] -- Up-to-date symlink: /home/alejandro/bookros2_ws/install/br2_bt_patrolling/lib/libbr2_get_waypoint_bt_node.so
[2.021s] -- Up-to-date symlink: /home/alejandro/bookros2_ws/install/br2_bt_patrolling/lib/libbr2_battery_checker_bt_node.so
[2.021s] -- Up-to-date symlink: /home/alejandro/bookros2_ws/install/br2_bt_patrolling/lib/libbr2_track_objects_bt_node.so
[2.021s] -- Up-to-date symlink: /home/alejandro/bookros2_ws/install/br2_bt_patrolling/lib/br2_bt_patrolling/patrolling_main
[2.021s] -- Up-to-date symlink: /home/alejandro/bookros2_ws/install/br2_bt_patrolling/include//br2_bt_patrolling/BatteryChecker.hpp
[2.021s] -- Up-to-date symlink: /home/alejandro/bookros2_ws/install/br2_bt_patrolling/include//br2_bt_patrolling/GetWaypoint.hpp
[2.022s] -- Up-to-date symlink: /home/alejandro/bookros2_ws/install/br2_bt_patrolling/include//br2_bt_patrolling/Move.hpp
[2.022s] -- Up-to-date symlink: /home/alejandro/bookros2_ws/install/br2_bt_patrolling/include//br2_bt_patrolling/Patrol.hpp
[2.022s] -- Up-to-date symlink: /home/alejandro/bookros2_ws/install/br2_bt_patrolling/include//br2_bt_patrolling/Recharge.hpp
[2.022s] -- Up-to-date symlink: /home/alejandro/bookros2_ws/install/br2_bt_patrolling/include//br2_bt_patrolling/TrackObjects.hpp
[2.032s] -- Up-to-date symlink: /home/alejandro/bookros2_ws/install/br2_bt_patrolling/include//br2_bt_patrolling/ctrl_support/BTActionNode.hpp
[2.032s] -- Up-to-date symlink: /home/alejandro/bookros2_ws/install/br2_bt_patrolling/include//br2_bt_patrolling/ctrl_support/BTLifecycleCtrlNode.hpp
[2.032s] -- Up-to-date symlink: /home/alejandro/bookros2_ws/install/br2_bt_patrolling/share/br2_bt_patrolling/behavior_tree_xml/patrolling.xml
[2.032s] -- Up-to-date symlink: /home/alejandro/bookros2_ws/install/br2_bt_patrolling/share/br2_bt_patrolling/launch/patrolling.launch.py
[2.033s] -- Up-to-date symlink: /home/alejandro/bookros2_ws/install/br2_bt_patrolling/share/ament_index/resource_index/package_run_dependencies/br2_bt_patrolling
[2.033s] -- Up-to-date symlink: /home/alejandro/bookros2_ws/install/br2_bt_patrolling/share/ament_index/resource_index/parent_prefix_path/br2_bt_patrolling
[2.033s] -- Up-to-date symlink: /home/alejandro/bookros2_ws/install/br2_bt_patrolling/share/br2_bt_patrolling/environment/ament_prefix_path.sh
[2.033s] -- Up-to-date symlink: /home/alejandro/bookros2_ws/install/br2_bt_patrolling/share/br2_bt_patrolling/environment/ament_prefix_path.dsv
[2.033s] -- Up-to-date symlink: /home/alejandro/bookros2_ws/install/br2_bt_patrolling/share/br2_bt_patrolling/environment/path.sh
[2.033s] -- Up-to-date symlink: /home/alejandro/bookros2_ws/install/br2_bt_patrolling/share/br2_bt_patrolling/environment/path.dsv
[2.046s] -- Up-to-date symlink: /home/alejandro/bookros2_ws/install/br2_bt_patrolling/share/br2_bt_patrolling/local_setup.bash
[2.046s] -- Up-to-date symlink: /home/alejandro/bookros2_ws/install/br2_bt_patrolling/share/br2_bt_patrolling/local_setup.sh
[2.046s] -- Up-to-date symlink: /home/alejandro/bookros2_ws/install/br2_bt_patrolling/share/br2_bt_patrolling/local_setup.zsh
[2.046s] -- Up-to-date symlink: /home/alejandro/bookros2_ws/install/br2_bt_patrolling/share/br2_bt_patrolling/local_setup.dsv
[2.046s] -- Symlinking: /home/alejandro/bookros2_ws/install/br2_bt_patrolling/share/br2_bt_patrolling/package.dsv
[2.102s] -- Up-to-date symlink: /home/alejandro/bookros2_ws/install/br2_bt_patrolling/share/ament_index/resource_index/packages/br2_bt_patrolling
[2.102s] -- Up-to-date symlink: /home/alejandro/bookros2_ws/install/br2_bt_patrolling/share/br2_bt_patrolling/cmake/ament_cmake_export_include_directories-extras.cmake
[2.103s] -- Up-to-date symlink: /home/alejandro/bookros2_ws/install/br2_bt_patrolling/share/br2_bt_patrolling/cmake/ament_cmake_export_dependencies-extras.cmake
[2.103s] -- Up-to-date symlink: /home/alejandro/bookros2_ws/install/br2_bt_patrolling/share/br2_bt_patrolling/cmake/br2_bt_patrollingConfig.cmake
[2.108s] -- Up-to-date symlink: /home/alejandro/bookros2_ws/install/br2_bt_patrolling/share/br2_bt_patrolling/cmake/br2_bt_patrollingConfig-version.cmake
[2.109s] -- Up-to-date symlink: /home/alejandro/bookros2_ws/install/br2_bt_patrolling/share/br2_bt_patrolling/package.xml
[2.137s] Invoked command in '/home/alejandro/bookros2_ws/build/br2_bt_patrolling' returned '0': CMAKE_PREFIX_PATH=${CMAKE_PREFIX_PATH}:/home/alejandro/bookros2_ws/install/launch_pal:/home/alejandro/bookros2_ws/install/br2_fsm_bumpgo_py:/opt/ros/humble /usr/bin/cmake --install /home/alejandro/bookros2_ws/build/br2_bt_patrolling
