[0.037s] Invoking command in '/home/alejandro/bookros2_ws/build/br2_tf2_detector': CMAKE_PREFIX_PATH=${CMAKE_PREFIX_PATH}:/opt/ros/humble /usr/bin/cmake --build /home/alejandro/bookros2_ws/build/br2_tf2_detector -- -j8 -l8
[0.103s] [ 50%] Built target br2_tf2_detector
[0.144s] [ 75%] Built target detector
[0.145s] [100%] Built target detector_improved
[0.156s] Invoked command in '/home/alejandro/bookros2_ws/build/br2_tf2_detector' returned '0': CMAKE_PREFIX_PATH=${CMAKE_PREFIX_PATH}:/opt/ros/humble /usr/bin/cmake --build /home/alejandro/bookros2_ws/build/br2_tf2_detector -- -j8 -l8
[0.228s] Invoking command in '/home/alejandro/bookros2_ws/build/br2_tf2_detector': CMAKE_PREFIX_PATH=${CMAKE_PREFIX_PATH}:/opt/ros/humble /usr/bin/cmake --install /home/alejandro/bookros2_ws/build/br2_tf2_detector
[0.234s] -- Install configuration: ""
[0.235s] -- Execute custom install script
[0.235s] -- Up-to-date symlink: /home/alejandro/bookros2_ws/install/br2_tf2_detector/lib/libbr2_tf2_detector.so
[0.235s] -- Up-to-date symlink: /home/alejandro/bookros2_ws/install/br2_tf2_detector/lib/br2_tf2_detector/detector
[0.236s] -- Up-to-date symlink: /home/alejandro/bookros2_ws/install/br2_tf2_detector/lib/br2_tf2_detector/detector_improved
[0.237s] -- Up-to-date symlink: /home/alejandro/bookros2_ws/install/br2_tf2_detector/share/br2_tf2_detector/launch/detector_basic.launch.py
[0.237s] -- Up-to-date symlink: /home/alejandro/bookros2_ws/install/br2_tf2_detector/share/br2_tf2_detector/launch/detector_improved.launch.py
[0.238s] -- Up-to-date symlink: /home/alejandro/bookros2_ws/install/br2_tf2_detector/share/ament_index/resource_index/package_run_dependencies/br2_tf2_detector
[0.238s] -- Up-to-date symlink: /home/alejandro/bookros2_ws/install/br2_tf2_detector/share/ament_index/resource_index/parent_prefix_path/br2_tf2_detector
[0.239s] -- Up-to-date symlink: /home/alejandro/bookros2_ws/install/br2_tf2_detector/share/br2_tf2_detector/environment/ament_prefix_path.sh
[0.239s] -- Up-to-date symlink: /home/alejandro/bookros2_ws/install/br2_tf2_detector/share/br2_tf2_detector/environment/ament_prefix_path.dsv
[0.239s] -- Up-to-date symlink: /home/alejandro/bookros2_ws/install/br2_tf2_detector/share/br2_tf2_detector/environment/path.sh
[0.240s] -- Up-to-date symlink: /home/alejandro/bookros2_ws/install/br2_tf2_detector/share/br2_tf2_detector/environment/path.dsv
[0.240s] -- Up-to-date symlink: /home/alejandro/bookros2_ws/install/br2_tf2_detector/share/br2_tf2_detector/local_setup.bash
[0.240s] -- Up-to-date symlink: /home/alejandro/bookros2_ws/install/br2_tf2_detector/share/br2_tf2_detector/local_setup.sh
[0.244s] -- Up-to-date symlink: /home/alejandro/bookros2_ws/install/br2_tf2_detector/share/br2_tf2_detector/local_setup.zsh
[0.248s] -- Up-to-date symlink: /home/alejandro/bookros2_ws/install/br2_tf2_detector/share/br2_tf2_detector/local_setup.dsv
[0.248s] -- Symlinking: /home/alejandro/bookros2_ws/install/br2_tf2_detector/share/br2_tf2_detector/package.dsv
[0.253s] -- Up-to-date symlink: /home/alejandro/bookros2_ws/install/br2_tf2_detector/share/ament_index/resource_index/packages/br2_tf2_detector
[0.253s] -- Up-to-date symlink: /home/alejandro/bookros2_ws/install/br2_tf2_detector/share/br2_tf2_detector/cmake/br2_tf2_detectorConfig.cmake
[0.253s] -- Up-to-date symlink: /home/alejandro/bookros2_ws/install/br2_tf2_detector/share/br2_tf2_detector/cmake/br2_tf2_detectorConfig-version.cmake
[0.255s] -- Up-to-date symlink: /home/alejandro/bookros2_ws/install/br2_tf2_detector/share/br2_tf2_detector/package.xml
[0.271s] Invoked command in '/home/alejandro/bookros2_ws/build/br2_tf2_detector' returned '0': CMAKE_PREFIX_PATH=${CMAKE_PREFIX_PATH}:/opt/ros/humble /usr/bin/cmake --install /home/alejandro/bookros2_ws/build/br2_tf2_detector
