[0.131s] Invoking command in '/home/alejandro/bookros2_ws/build/br2_tf2_detector': CMAKE_PREFIX_PATH=${CMAKE_PREFIX_PATH}:/home/alejandro/bookros2_ws/install/launch_pal:/home/alejandro/bookros2_ws/install/br2_fsm_bumpgo_py:/opt/ros/humble /usr/bin/cmake --build /home/alejandro/bookros2_ws/build/br2_tf2_detector -- -j8 -l8
[0.361s] [ 50%] Built target br2_tf2_detector
[0.487s] [ 75%] Built target detector
[0.599s] [100%] Built target detector_improved
[0.710s] Invoked command in '/home/alejandro/bookros2_ws/build/br2_tf2_detector' returned '0': CMAKE_PREFIX_PATH=${CMAKE_PREFIX_PATH}:/home/alejandro/bookros2_ws/install/launch_pal:/home/alejandro/bookros2_ws/install/br2_fsm_bumpgo_py:/opt/ros/humble /usr/bin/cmake --build /home/alejandro/bookros2_ws/build/br2_tf2_detector -- -j8 -l8
[0.887s] Invoking command in '/home/alejandro/bookros2_ws/build/br2_tf2_detector': CMAKE_PREFIX_PATH=${CMAKE_PREFIX_PATH}:/home/alejandro/bookros2_ws/install/launch_pal:/home/alejandro/bookros2_ws/install/br2_fsm_bumpgo_py:/opt/ros/humble /usr/bin/cmake --install /home/alejandro/bookros2_ws/build/br2_tf2_detector
[0.944s] -- Install configuration: ""
[0.944s] -- Execute custom install script
[0.944s] -- Up-to-date symlink: /home/alejandro/bookros2_ws/install/br2_tf2_detector/lib/libbr2_tf2_detector.so
[0.945s] -- Up-to-date symlink: /home/alejandro/bookros2_ws/install/br2_tf2_detector/lib/br2_tf2_detector/detector
[0.946s] -- Up-to-date symlink: /home/alejandro/bookros2_ws/install/br2_tf2_detector/lib/br2_tf2_detector/detector_improved
[0.949s] -- Up-to-date symlink: /home/alejandro/bookros2_ws/install/br2_tf2_detector/share/br2_tf2_detector/launch/detector_basic.launch.py
[0.949s] -- Up-to-date symlink: /home/alejandro/bookros2_ws/install/br2_tf2_detector/share/br2_tf2_detector/launch/detector_improved.launch.py
[0.949s] -- Up-to-date symlink: /home/alejandro/bookros2_ws/install/br2_tf2_detector/share/ament_index/resource_index/package_run_dependencies/br2_tf2_detector
[0.949s] -- Up-to-date symlink: /home/alejandro/bookros2_ws/install/br2_tf2_detector/share/ament_index/resource_index/parent_prefix_path/br2_tf2_detector
[0.951s] -- Up-to-date symlink: /home/alejandro/bookros2_ws/install/br2_tf2_detector/share/br2_tf2_detector/environment/ament_prefix_path.sh
[0.952s] -- Up-to-date symlink: /home/alejandro/bookros2_ws/install/br2_tf2_detector/share/br2_tf2_detector/environment/ament_prefix_path.dsv
[0.954s] -- Up-to-date symlink: /home/alejandro/bookros2_ws/install/br2_tf2_detector/share/br2_tf2_detector/environment/path.sh
[0.954s] -- Up-to-date symlink: /home/alejandro/bookros2_ws/install/br2_tf2_detector/share/br2_tf2_detector/environment/path.dsv
[0.954s] -- Up-to-date symlink: /home/alejandro/bookros2_ws/install/br2_tf2_detector/share/br2_tf2_detector/local_setup.bash
[0.954s] -- Up-to-date symlink: /home/alejandro/bookros2_ws/install/br2_tf2_detector/share/br2_tf2_detector/local_setup.sh
[0.954s] -- Up-to-date symlink: /home/alejandro/bookros2_ws/install/br2_tf2_detector/share/br2_tf2_detector/local_setup.zsh
[0.961s] -- Up-to-date symlink: /home/alejandro/bookros2_ws/install/br2_tf2_detector/share/br2_tf2_detector/local_setup.dsv
[0.965s] -- Symlinking: /home/alejandro/bookros2_ws/install/br2_tf2_detector/share/br2_tf2_detector/package.dsv
[0.996s] -- Up-to-date symlink: /home/alejandro/bookros2_ws/install/br2_tf2_detector/share/ament_index/resource_index/packages/br2_tf2_detector
[0.997s] -- Up-to-date symlink: /home/alejandro/bookros2_ws/install/br2_tf2_detector/share/br2_tf2_detector/cmake/br2_tf2_detectorConfig.cmake
[0.998s] -- Up-to-date symlink: /home/alejandro/bookros2_ws/install/br2_tf2_detector/share/br2_tf2_detector/cmake/br2_tf2_detectorConfig-version.cmake
[1.004s] -- Up-to-date symlink: /home/alejandro/bookros2_ws/install/br2_tf2_detector/share/br2_tf2_detector/package.xml
[1.103s] Invoked command in '/home/alejandro/bookros2_ws/build/br2_tf2_detector' returned '0': CMAKE_PREFIX_PATH=${CMAKE_PREFIX_PATH}:/home/alejandro/bookros2_ws/install/launch_pal:/home/alejandro/bookros2_ws/install/br2_fsm_bumpgo_py:/opt/ros/humble /usr/bin/cmake --install /home/alejandro/bookros2_ws/build/br2_tf2_detector
