[0.741s] Invoking command in '/home/alejandro/bookros2_ws/build/br2_tracking_msgs': CMAKE_PREFIX_PATH=${CMAKE_PREFIX_PATH}:/opt/ros/humble /usr/bin/cmake --build /home/alejandro/bookros2_ws/build/br2_tracking_msgs -- -j8 -l8
[0.969s] [  9%] Built target br2_tracking_msgs__rosidl_generator_c
[0.996s] [  9%] Built target ament_cmake_python_symlink_br2_tracking_msgs
[1.038s] [ 12%] Built target br2_tracking_msgs__cpp
[1.139s] [ 22%] Built target br2_tracking_msgs__rosidl_typesupport_fastrtps_c
[1.152s] [ 32%] Built target br2_tracking_msgs__rosidl_typesupport_c
[1.181s] [ 41%] Built target br2_tracking_msgs__rosidl_typesupport_cpp
[1.182s] [ 51%] Built target br2_tracking_msgs__rosidl_typesupport_introspection_c
[1.299s] [ 61%] Built target br2_tracking_msgs__rosidl_typesupport_fastrtps_cpp
[1.399s] [ 70%] Built target br2_tracking_msgs__rosidl_typesupport_introspection_cpp
[1.541s] [ 70%] Built target br2_tracking_msgs
[1.581s] [ 74%] Built target br2_tracking_msgs__py
[1.584s] [ 80%] Built target br2_tracking_msgs__rosidl_generator_py
[1.626s] [ 87%] Built target br2_tracking_msgs__rosidl_typesupport_fastrtps_c__pyext
[1.626s] [ 93%] Built target br2_tracking_msgs__rosidl_typesupport_c__pyext
[1.667s] [100%] Built target br2_tracking_msgs__rosidl_typesupport_introspection_c__pyext
[2.192s] running egg_info
[2.264s] writing br2_tracking_msgs.egg-info/PKG-INFO
[2.267s] writing dependency_links to br2_tracking_msgs.egg-info/dependency_links.txt
[2.268s] writing top-level names to br2_tracking_msgs.egg-info/top_level.txt
[2.457s] reading manifest file 'br2_tracking_msgs.egg-info/SOURCES.txt'
[2.468s] writing manifest file 'br2_tracking_msgs.egg-info/SOURCES.txt'
[2.613s] [100%] Built target ament_cmake_python_build_br2_tracking_msgs_egg
[3.104s] Invoked command in '/home/alejandro/bookros2_ws/build/br2_tracking_msgs' returned '0': CMAKE_PREFIX_PATH=${CMAKE_PREFIX_PATH}:/opt/ros/humble /usr/bin/cmake --build /home/alejandro/bookros2_ws/build/br2_tracking_msgs -- -j8 -l8
[3.377s] Invoking command in '/home/alejandro/bookros2_ws/build/br2_tracking_msgs': CMAKE_PREFIX_PATH=${CMAKE_PREFIX_PATH}:/opt/ros/humble /usr/bin/cmake --install /home/alejandro/bookros2_ws/build/br2_tracking_msgs
[3.442s] -- Install configuration: ""
[3.442s] -- Execute custom install script
[3.447s] -- Up-to-date symlink: /home/alejandro/bookros2_ws/install/br2_tracking_msgs/share/ament_index/resource_index/rosidl_interfaces/br2_tracking_msgs
[3.448s] -- Up-to-date symlink: /home/alejandro/bookros2_ws/install/br2_tracking_msgs/include/br2_tracking_msgs/br2_tracking_msgs/msg/detail/pan_tilt_command__functions.h
[3.448s] -- Up-to-date symlink: /home/alejandro/bookros2_ws/install/br2_tracking_msgs/include/br2_tracking_msgs/br2_tracking_msgs/msg/detail/pan_tilt_command__struct.h
[3.448s] -- Up-to-date symlink: /home/alejandro/bookros2_ws/install/br2_tracking_msgs/include/br2_tracking_msgs/br2_tracking_msgs/msg/detail/pan_tilt_command__type_support.h
[3.448s] -- Up-to-date symlink: /home/alejandro/bookros2_ws/install/br2_tracking_msgs/include/br2_tracking_msgs/br2_tracking_msgs/msg/pan_tilt_command.h
[3.448s] -- Up-to-date symlink: /home/alejandro/bookros2_ws/install/br2_tracking_msgs/include/br2_tracking_msgs/br2_tracking_msgs/msg/rosidl_generator_c__visibility_control.h
[3.448s] -- Up-to-date symlink: /home/alejandro/bookros2_ws/install/br2_tracking_msgs/share/br2_tracking_msgs/environment/library_path.sh
[3.448s] -- Up-to-date symlink: /home/alejandro/bookros2_ws/install/br2_tracking_msgs/share/br2_tracking_msgs/environment/library_path.dsv
[3.448s] -- Up-to-date symlink: /home/alejandro/bookros2_ws/install/br2_tracking_msgs/include/br2_tracking_msgs/br2_tracking_msgs/msg/detail/pan_tilt_command__rosidl_typesupport_fastrtps_c.h
[3.449s] -- Up-to-date symlink: /home/alejandro/bookros2_ws/install/br2_tracking_msgs/include/br2_tracking_msgs/br2_tracking_msgs/msg/rosidl_typesupport_fastrtps_c__visibility_control.h
[3.449s] -- Up-to-date symlink: /home/alejandro/bookros2_ws/install/br2_tracking_msgs/include/br2_tracking_msgs/br2_tracking_msgs/msg/detail/pan_tilt_command__builder.hpp
[3.449s] -- Up-to-date symlink: /home/alejandro/bookros2_ws/install/br2_tracking_msgs/include/br2_tracking_msgs/br2_tracking_msgs/msg/detail/pan_tilt_command__struct.hpp
[3.449s] -- Up-to-date symlink: /home/alejandro/bookros2_ws/install/br2_tracking_msgs/include/br2_tracking_msgs/br2_tracking_msgs/msg/detail/pan_tilt_command__traits.hpp
[3.449s] -- Up-to-date symlink: /home/alejandro/bookros2_ws/install/br2_tracking_msgs/include/br2_tracking_msgs/br2_tracking_msgs/msg/pan_tilt_command.hpp
[3.449s] -- Up-to-date symlink: /home/alejandro/bookros2_ws/install/br2_tracking_msgs/include/br2_tracking_msgs/br2_tracking_msgs/msg/detail/pan_tilt_command__rosidl_typesupport_fastrtps_cpp.hpp
[3.449s] -- Up-to-date symlink: /home/alejandro/bookros2_ws/install/br2_tracking_msgs/include/br2_tracking_msgs/br2_tracking_msgs/msg/rosidl_typesupport_fastrtps_cpp__visibility_control.h
[3.449s] -- Up-to-date symlink: /home/alejandro/bookros2_ws/install/br2_tracking_msgs/include/br2_tracking_msgs/br2_tracking_msgs/msg/detail/pan_tilt_command__rosidl_typesupport_introspection_c.h
[3.449s] -- Up-to-date symlink: /home/alejandro/bookros2_ws/install/br2_tracking_msgs/include/br2_tracking_msgs/br2_tracking_msgs/msg/rosidl_typesupport_introspection_c__visibility_control.h
[3.449s] -- Up-to-date symlink: /home/alejandro/bookros2_ws/install/br2_tracking_msgs/include/br2_tracking_msgs/br2_tracking_msgs/msg/detail/pan_tilt_command__rosidl_typesupport_introspection_cpp.hpp
[3.450s] -- Up-to-date symlink: /home/alejandro/bookros2_ws/install/br2_tracking_msgs/share/br2_tracking_msgs/environment/pythonpath.sh
[3.450s] -- Up-to-date symlink: /home/alejandro/bookros2_ws/install/br2_tracking_msgs/share/br2_tracking_msgs/environment/pythonpath.dsv
[3.450s] -- Up-to-date symlink: /home/alejandro/bookros2_ws/install/br2_tracking_msgs/local/lib/python3.10/dist-packages/br2_tracking_msgs-0.2.0-py3.10.egg-info/PKG-INFO
[3.450s] -- Up-to-date symlink: /home/alejandro/bookros2_ws/install/br2_tracking_msgs/local/lib/python3.10/dist-packages/br2_tracking_msgs-0.2.0-py3.10.egg-info/SOURCES.txt
[3.450s] -- Up-to-date symlink: /home/alejandro/bookros2_ws/install/br2_tracking_msgs/local/lib/python3.10/dist-packages/br2_tracking_msgs-0.2.0-py3.10.egg-info/dependency_links.txt
[3.450s] -- Up-to-date symlink: /home/alejandro/bookros2_ws/install/br2_tracking_msgs/local/lib/python3.10/dist-packages/br2_tracking_msgs-0.2.0-py3.10.egg-info/top_level.txt
[3.450s] -- Up-to-date symlink: /home/alejandro/bookros2_ws/install/br2_tracking_msgs/local/lib/python3.10/dist-packages/br2_tracking_msgs/__init__.py
[3.450s] -- Up-to-date symlink: /home/alejandro/bookros2_ws/install/br2_tracking_msgs/local/lib/python3.10/dist-packages/br2_tracking_msgs/_br2_tracking_msgs_s.ep.rosidl_typesupport_c.c
[3.450s] -- Up-to-date symlink: /home/alejandro/bookros2_ws/install/br2_tracking_msgs/local/lib/python3.10/dist-packages/br2_tracking_msgs/_br2_tracking_msgs_s.ep.rosidl_typesupport_fastrtps_c.c
[3.455s] -- Up-to-date symlink: /home/alejandro/bookros2_ws/install/br2_tracking_msgs/local/lib/python3.10/dist-packages/br2_tracking_msgs/_br2_tracking_msgs_s.ep.rosidl_typesupport_introspection_c.c
[3.455s] -- Up-to-date symlink: /home/alejandro/bookros2_ws/install/br2_tracking_msgs/local/lib/python3.10/dist-packages/br2_tracking_msgs/br2_tracking_msgs_s__rosidl_typesupport_c.cpython-310-x86_64-linux-gnu.so
[3.455s] -- Up-to-date symlink: /home/alejandro/bookros2_ws/install/br2_tracking_msgs/local/lib/python3.10/dist-packages/br2_tracking_msgs/br2_tracking_msgs_s__rosidl_typesupport_fastrtps_c.cpython-310-x86_64-linux-gnu.so
[3.455s] -- Up-to-date symlink: /home/alejandro/bookros2_ws/install/br2_tracking_msgs/local/lib/python3.10/dist-packages/br2_tracking_msgs/br2_tracking_msgs_s__rosidl_typesupport_introspection_c.cpython-310-x86_64-linux-gnu.so
[3.455s] -- Up-to-date symlink: /home/alejandro/bookros2_ws/install/br2_tracking_msgs/local/lib/python3.10/dist-packages/br2_tracking_msgs/libbr2_tracking_msgs__rosidl_generator_py.so
[3.455s] -- Up-to-date symlink: /home/alejandro/bookros2_ws/install/br2_tracking_msgs/local/lib/python3.10/dist-packages/br2_tracking_msgs/msg/__init__.py
[3.460s] -- Up-to-date symlink: /home/alejandro/bookros2_ws/install/br2_tracking_msgs/local/lib/python3.10/dist-packages/br2_tracking_msgs/msg/_pan_tilt_command.py
[3.460s] -- Up-to-date symlink: /home/alejandro/bookros2_ws/install/br2_tracking_msgs/local/lib/python3.10/dist-packages/br2_tracking_msgs/msg/_pan_tilt_command_s.c
[3.461s] -- Up-to-date symlink: /home/alejandro/bookros2_ws/install/br2_tracking_msgs/local/lib/python3.10/dist-packages/br2_tracking_msgs/br2_tracking_msgs_s__rosidl_typesupport_fastrtps_c.cpython-310-x86_64-linux-gnu.so
[3.461s] -- Up-to-date symlink: /home/alejandro/bookros2_ws/install/br2_tracking_msgs/local/lib/python3.10/dist-packages/br2_tracking_msgs/br2_tracking_msgs_s__rosidl_typesupport_introspection_c.cpython-310-x86_64-linux-gnu.so
[3.461s] -- Up-to-date symlink: /home/alejandro/bookros2_ws/install/br2_tracking_msgs/local/lib/python3.10/dist-packages/br2_tracking_msgs/br2_tracking_msgs_s__rosidl_typesupport_c.cpython-310-x86_64-linux-gnu.so
[3.461s] -- Up-to-date symlink: /home/alejandro/bookros2_ws/install/br2_tracking_msgs/share/br2_tracking_msgs/msg/PanTiltCommand.idl
[3.461s] -- Up-to-date symlink: /home/alejandro/bookros2_ws/install/br2_tracking_msgs/share/br2_tracking_msgs/msg/PanTiltCommand.msg
[3.461s] -- Up-to-date symlink: /home/alejandro/bookros2_ws/install/br2_tracking_msgs/share/ament_index/resource_index/package_run_dependencies/br2_tracking_msgs
[3.461s] -- Up-to-date symlink: /home/alejandro/bookros2_ws/install/br2_tracking_msgs/share/ament_index/resource_index/parent_prefix_path/br2_tracking_msgs
[3.461s] -- Up-to-date symlink: /home/alejandro/bookros2_ws/install/br2_tracking_msgs/share/br2_tracking_msgs/environment/ament_prefix_path.sh
[3.462s] -- Up-to-date symlink: /home/alejandro/bookros2_ws/install/br2_tracking_msgs/share/br2_tracking_msgs/environment/ament_prefix_path.dsv
[3.462s] -- Up-to-date symlink: /home/alejandro/bookros2_ws/install/br2_tracking_msgs/share/br2_tracking_msgs/environment/path.sh
[3.462s] -- Up-to-date symlink: /home/alejandro/bookros2_ws/install/br2_tracking_msgs/share/br2_tracking_msgs/environment/path.dsv
[3.469s] -- Up-to-date symlink: /home/alejandro/bookros2_ws/install/br2_tracking_msgs/share/br2_tracking_msgs/local_setup.bash
[3.469s] -- Up-to-date symlink: /home/alejandro/bookros2_ws/install/br2_tracking_msgs/share/br2_tracking_msgs/local_setup.sh
[3.470s] -- Up-to-date symlink: /home/alejandro/bookros2_ws/install/br2_tracking_msgs/share/br2_tracking_msgs/local_setup.zsh
[3.470s] -- Up-to-date symlink: /home/alejandro/bookros2_ws/install/br2_tracking_msgs/share/br2_tracking_msgs/local_setup.dsv
[3.471s] -- Symlinking: /home/alejandro/bookros2_ws/install/br2_tracking_msgs/share/br2_tracking_msgs/package.dsv
[3.472s] -- Up-to-date symlink: /home/alejandro/bookros2_ws/install/br2_tracking_msgs/share/ament_index/resource_index/packages/br2_tracking_msgs
[3.474s] -- Up-to-date symlink: /home/alejandro/bookros2_ws/install/br2_tracking_msgs/share/br2_tracking_msgs/cmake/rosidl_cmake-extras.cmake
[3.474s] -- Up-to-date symlink: /home/alejandro/bookros2_ws/install/br2_tracking_msgs/share/br2_tracking_msgs/cmake/ament_cmake_export_dependencies-extras.cmake
[3.476s] -- Up-to-date symlink: /home/alejandro/bookros2_ws/install/br2_tracking_msgs/share/br2_tracking_msgs/cmake/ament_cmake_export_include_directories-extras.cmake
[3.480s] -- Up-to-date symlink: /home/alejandro/bookros2_ws/install/br2_tracking_msgs/share/br2_tracking_msgs/cmake/ament_cmake_export_libraries-extras.cmake
[3.483s] -- Up-to-date symlink: /home/alejandro/bookros2_ws/install/br2_tracking_msgs/share/br2_tracking_msgs/cmake/ament_cmake_export_targets-extras.cmake
[3.483s] -- Up-to-date symlink: /home/alejandro/bookros2_ws/install/br2_tracking_msgs/share/br2_tracking_msgs/cmake/rosidl_cmake_export_typesupport_targets-extras.cmake
[3.484s] -- Up-to-date symlink: /home/alejandro/bookros2_ws/install/br2_tracking_msgs/share/br2_tracking_msgs/cmake/rosidl_cmake_export_typesupport_libraries-extras.cmake
[3.484s] -- Up-to-date symlink: /home/alejandro/bookros2_ws/install/br2_tracking_msgs/share/br2_tracking_msgs/cmake/br2_tracking_msgsConfig.cmake
[3.484s] -- Up-to-date symlink: /home/alejandro/bookros2_ws/install/br2_tracking_msgs/share/br2_tracking_msgs/cmake/br2_tracking_msgsConfig-version.cmake
[3.485s] -- Up-to-date symlink: /home/alejandro/bookros2_ws/install/br2_tracking_msgs/share/br2_tracking_msgs/package.xml
[3.485s] -- Up-to-date: /home/alejandro/bookros2_ws/install/br2_tracking_msgs/lib/libbr2_tracking_msgs__rosidl_generator_c.so
[3.485s] -- Up-to-date: /home/alejandro/bookros2_ws/install/br2_tracking_msgs/lib/libbr2_tracking_msgs__rosidl_typesupport_fastrtps_c.so
[3.485s] -- Up-to-date: /home/alejandro/bookros2_ws/install/br2_tracking_msgs/lib/libbr2_tracking_msgs__rosidl_typesupport_fastrtps_cpp.so
[3.485s] -- Up-to-date: /home/alejandro/bookros2_ws/install/br2_tracking_msgs/lib/libbr2_tracking_msgs__rosidl_typesupport_introspection_c.so
[3.487s] -- Up-to-date: /home/alejandro/bookros2_ws/install/br2_tracking_msgs/lib/libbr2_tracking_msgs__rosidl_typesupport_c.so
[3.487s] -- Up-to-date: /home/alejandro/bookros2_ws/install/br2_tracking_msgs/lib/libbr2_tracking_msgs__rosidl_typesupport_introspection_cpp.so
[3.487s] -- Up-to-date: /home/alejandro/bookros2_ws/install/br2_tracking_msgs/lib/libbr2_tracking_msgs__rosidl_typesupport_cpp.so
[3.599s] Listing '/home/alejandro/bookros2_ws/install/br2_tracking_msgs/local/lib/python3.10/dist-packages/br2_tracking_msgs'...
[3.599s] Listing '/home/alejandro/bookros2_ws/install/br2_tracking_msgs/local/lib/python3.10/dist-packages/br2_tracking_msgs/msg'...
[3.621s] -- Up-to-date: /home/alejandro/bookros2_ws/install/br2_tracking_msgs/lib/libbr2_tracking_msgs__rosidl_generator_py.so
[3.628s] -- Up-to-date: /home/alejandro/bookros2_ws/install/br2_tracking_msgs/share/br2_tracking_msgs/cmake/export_br2_tracking_msgs__rosidl_generator_cExport.cmake
[3.635s] -- Up-to-date: /home/alejandro/bookros2_ws/install/br2_tracking_msgs/share/br2_tracking_msgs/cmake/export_br2_tracking_msgs__rosidl_generator_cExport-noconfig.cmake
[3.637s] -- Up-to-date: /home/alejandro/bookros2_ws/install/br2_tracking_msgs/share/br2_tracking_msgs/cmake/export_br2_tracking_msgs__rosidl_typesupport_fastrtps_cExport.cmake
[3.637s] -- Up-to-date: /home/alejandro/bookros2_ws/install/br2_tracking_msgs/share/br2_tracking_msgs/cmake/export_br2_tracking_msgs__rosidl_typesupport_fastrtps_cExport-noconfig.cmake
[3.637s] -- Up-to-date: /home/alejandro/bookros2_ws/install/br2_tracking_msgs/share/br2_tracking_msgs/cmake/export_br2_tracking_msgs__rosidl_generator_cppExport.cmake
[3.637s] -- Up-to-date: /home/alejandro/bookros2_ws/install/br2_tracking_msgs/share/br2_tracking_msgs/cmake/export_br2_tracking_msgs__rosidl_typesupport_fastrtps_cppExport.cmake
[3.638s] -- Up-to-date: /home/alejandro/bookros2_ws/install/br2_tracking_msgs/share/br2_tracking_msgs/cmake/export_br2_tracking_msgs__rosidl_typesupport_fastrtps_cppExport-noconfig.cmake
[3.638s] -- Up-to-date: /home/alejandro/bookros2_ws/install/br2_tracking_msgs/share/br2_tracking_msgs/cmake/br2_tracking_msgs__rosidl_typesupport_introspection_cExport.cmake
[3.638s] -- Up-to-date: /home/alejandro/bookros2_ws/install/br2_tracking_msgs/share/br2_tracking_msgs/cmake/br2_tracking_msgs__rosidl_typesupport_introspection_cExport-noconfig.cmake
[3.638s] -- Up-to-date: /home/alejandro/bookros2_ws/install/br2_tracking_msgs/share/br2_tracking_msgs/cmake/br2_tracking_msgs__rosidl_typesupport_cExport.cmake
[3.638s] -- Up-to-date: /home/alejandro/bookros2_ws/install/br2_tracking_msgs/share/br2_tracking_msgs/cmake/br2_tracking_msgs__rosidl_typesupport_cExport-noconfig.cmake
[3.638s] -- Up-to-date: /home/alejandro/bookros2_ws/install/br2_tracking_msgs/share/br2_tracking_msgs/cmake/br2_tracking_msgs__rosidl_typesupport_introspection_cppExport.cmake
[3.638s] -- Up-to-date: /home/alejandro/bookros2_ws/install/br2_tracking_msgs/share/br2_tracking_msgs/cmake/br2_tracking_msgs__rosidl_typesupport_introspection_cppExport-noconfig.cmake
[3.638s] -- Up-to-date: /home/alejandro/bookros2_ws/install/br2_tracking_msgs/share/br2_tracking_msgs/cmake/br2_tracking_msgs__rosidl_typesupport_cppExport.cmake
[3.638s] -- Up-to-date: /home/alejandro/bookros2_ws/install/br2_tracking_msgs/share/br2_tracking_msgs/cmake/br2_tracking_msgs__rosidl_typesupport_cppExport-noconfig.cmake
[3.638s] -- Up-to-date: /home/alejandro/bookros2_ws/install/br2_tracking_msgs/share/br2_tracking_msgs/cmake/export_br2_tracking_msgs__rosidl_generator_pyExport.cmake
[3.639s] -- Up-to-date: /home/alejandro/bookros2_ws/install/br2_tracking_msgs/share/br2_tracking_msgs/cmake/export_br2_tracking_msgs__rosidl_generator_pyExport-noconfig.cmake
[3.741s] Invoked command in '/home/alejandro/bookros2_ws/build/br2_tracking_msgs' returned '0': CMAKE_PREFIX_PATH=${CMAKE_PREFIX_PATH}:/opt/ros/humble /usr/bin/cmake --install /home/alejandro/bookros2_ws/build/br2_tracking_msgs
