[0.131s] Invoking command in '/home/alejandro/bookros2_ws/build/br2_bt_bumpgo': CMAKE_PREFIX_PATH=${CMAKE_PREFIX_PATH}:/home/alejandro/bookros2_ws/install/launch_pal:/home/alejandro/bookros2_ws/install/br2_fsm_bumpgo_py:/opt/ros/humble /usr/bin/cmake --build /home/alejandro/bookros2_ws/build/br2_bt_bumpgo -- -j8 -l8
[0.334s] [ 11%] Built target br2_forward_bt_node
[0.458s] [ 22%] Built target bt_forward
[0.517s] [ 33%] Built target gtest
[0.598s] [ 44%] Built target gtest_main
[0.714s] [ 55%] Built target bt_bumpgo
[0.817s] [ 66%] Built target bt_action_test
[0.910s] [ 77%] Built target br2_is_obstacle_bt_node
[0.982s] [ 88%] Built target br2_turn_bt_node
[1.050s] [100%] Built target br2_back_bt_node
[1.593s] Invoked command in '/home/alejandro/bookros2_ws/build/br2_bt_bumpgo' returned '0': CMAKE_PREFIX_PATH=${CMAKE_PREFIX_PATH}:/home/alejandro/bookros2_ws/install/launch_pal:/home/alejandro/bookros2_ws/install/br2_fsm_bumpgo_py:/opt/ros/humble /usr/bin/cmake --build /home/alejandro/bookros2_ws/build/br2_bt_bumpgo -- -j8 -l8
[1.774s] Invoking command in '/home/alejandro/bookros2_ws/build/br2_bt_bumpgo': CMAKE_PREFIX_PATH=${CMAKE_PREFIX_PATH}:/home/alejandro/bookros2_ws/install/launch_pal:/home/alejandro/bookros2_ws/install/br2_fsm_bumpgo_py:/opt/ros/humble /usr/bin/cmake --install /home/alejandro/bookros2_ws/build/br2_bt_bumpgo
[1.807s] -- Install configuration: ""
[1.808s] -- Execute custom install script
[1.809s] -- Up-to-date symlink: /home/alejandro/bookros2_ws/install/br2_bt_bumpgo/lib/libbr2_forward_bt_node.so
[1.809s] -- Up-to-date symlink: /home/alejandro/bookros2_ws/install/br2_bt_bumpgo/lib/libbr2_back_bt_node.so
[1.809s] -- Up-to-date symlink: /home/alejandro/bookros2_ws/install/br2_bt_bumpgo/lib/libbr2_turn_bt_node.so
[1.809s] -- Up-to-date symlink: /home/alejandro/bookros2_ws/install/br2_bt_bumpgo/lib/libbr2_is_obstacle_bt_node.so
[1.810s] -- Up-to-date symlink: /home/alejandro/bookros2_ws/install/br2_bt_bumpgo/lib/br2_bt_bumpgo/bt_bumpgo
[1.811s] -- Up-to-date symlink: /home/alejandro/bookros2_ws/install/br2_bt_bumpgo/include//br2_bt_bumpgo/Back.hpp
[1.812s] -- Up-to-date symlink: /home/alejandro/bookros2_ws/install/br2_bt_bumpgo/include//br2_bt_bumpgo/Forward.hpp
[1.812s] -- Up-to-date symlink: /home/alejandro/bookros2_ws/install/br2_bt_bumpgo/include//br2_bt_bumpgo/IsObstacle.hpp
[1.812s] -- Up-to-date symlink: /home/alejandro/bookros2_ws/install/br2_bt_bumpgo/include//br2_bt_bumpgo/Turn.hpp
[1.813s] -- Up-to-date symlink: /home/alejandro/bookros2_ws/install/br2_bt_bumpgo/share/br2_bt_bumpgo/behavior_tree_xml/bumpgo.xml
[1.813s] -- Up-to-date symlink: /home/alejandro/bookros2_ws/install/br2_bt_bumpgo/lib/br2_bt_bumpgo/bt_forward
[1.813s] -- Up-to-date symlink: /home/alejandro/bookros2_ws/install/br2_bt_bumpgo/share/ament_index/resource_index/package_run_dependencies/br2_bt_bumpgo
[1.813s] -- Up-to-date symlink: /home/alejandro/bookros2_ws/install/br2_bt_bumpgo/share/ament_index/resource_index/parent_prefix_path/br2_bt_bumpgo
[1.814s] -- Up-to-date symlink: /home/alejandro/bookros2_ws/install/br2_bt_bumpgo/share/br2_bt_bumpgo/environment/ament_prefix_path.sh
[1.814s] -- Up-to-date symlink: /home/alejandro/bookros2_ws/install/br2_bt_bumpgo/share/br2_bt_bumpgo/environment/ament_prefix_path.dsv
[1.815s] -- Up-to-date symlink: /home/alejandro/bookros2_ws/install/br2_bt_bumpgo/share/br2_bt_bumpgo/environment/path.sh
[1.816s] -- Up-to-date symlink: /home/alejandro/bookros2_ws/install/br2_bt_bumpgo/share/br2_bt_bumpgo/environment/path.dsv
[1.816s] -- Up-to-date symlink: /home/alejandro/bookros2_ws/install/br2_bt_bumpgo/share/br2_bt_bumpgo/local_setup.bash
[1.818s] -- Up-to-date symlink: /home/alejandro/bookros2_ws/install/br2_bt_bumpgo/share/br2_bt_bumpgo/local_setup.sh
[1.818s] -- Up-to-date symlink: /home/alejandro/bookros2_ws/install/br2_bt_bumpgo/share/br2_bt_bumpgo/local_setup.zsh
[1.819s] -- Up-to-date symlink: /home/alejandro/bookros2_ws/install/br2_bt_bumpgo/share/br2_bt_bumpgo/local_setup.dsv
[1.819s] -- Symlinking: /home/alejandro/bookros2_ws/install/br2_bt_bumpgo/share/br2_bt_bumpgo/package.dsv
[1.847s] -- Up-to-date symlink: /home/alejandro/bookros2_ws/install/br2_bt_bumpgo/share/ament_index/resource_index/packages/br2_bt_bumpgo
[1.848s] -- Up-to-date symlink: /home/alejandro/bookros2_ws/install/br2_bt_bumpgo/share/br2_bt_bumpgo/cmake/ament_cmake_export_include_directories-extras.cmake
[1.850s] -- Up-to-date symlink: /home/alejandro/bookros2_ws/install/br2_bt_bumpgo/share/br2_bt_bumpgo/cmake/ament_cmake_export_dependencies-extras.cmake
[1.852s] -- Up-to-date symlink: /home/alejandro/bookros2_ws/install/br2_bt_bumpgo/share/br2_bt_bumpgo/cmake/br2_bt_bumpgoConfig.cmake
[1.852s] -- Up-to-date symlink: /home/alejandro/bookros2_ws/install/br2_bt_bumpgo/share/br2_bt_bumpgo/cmake/br2_bt_bumpgoConfig-version.cmake
[1.853s] -- Up-to-date symlink: /home/alejandro/bookros2_ws/install/br2_bt_bumpgo/share/br2_bt_bumpgo/package.xml
[1.867s] Invoked command in '/home/alejandro/bookros2_ws/build/br2_bt_bumpgo' returned '0': CMAKE_PREFIX_PATH=${CMAKE_PREFIX_PATH}:/home/alejandro/bookros2_ws/install/launch_pal:/home/alejandro/bookros2_ws/install/br2_fsm_bumpgo_py:/opt/ros/humble /usr/bin/cmake --install /home/alejandro/bookros2_ws/build/br2_bt_bumpgo
