[0.018s] Invoking command in '/home/alejandro/bookros2_ws/build/pal_gripper_description': AMENT_PREFIX_PATH=/home/alejandro/bookros2_ws/install/urdf_test:${AMENT_PREFIX_PATH} CMAKE_PREFIX_PATH=/home/alejandro/bookros2_ws/install/urdf_test:/home/alejandro/ros2_utilities_ws/install/micro_ros_setup:/home/alejandro/ros2_utilities_ws/install/micro_ros_agent:/home/alejandro/ros2_utilities_ws/install/micro_ros_msgs:/opt/ros/humble PYTHONPATH=/home/alejandro/bookros2_ws/install/urdf_test/local/lib/python3.10/dist-packages:${PYTHONPATH} /usr/bin/cmake --build /home/alejandro/bookros2_ws/build/pal_gripper_description -- -j8 -l8
[0.067s] Invoked command in '/home/alejandro/bookros2_ws/build/pal_gripper_description' returned '0': AMENT_PREFIX_PATH=/home/alejandro/bookros2_ws/install/urdf_test:${AMENT_PREFIX_PATH} CMAKE_PREFIX_PATH=/home/alejandro/bookros2_ws/install/urdf_test:/home/alejandro/ros2_utilities_ws/install/micro_ros_setup:/home/alejandro/ros2_utilities_ws/install/micro_ros_agent:/home/alejandro/ros2_utilities_ws/install/micro_ros_msgs:/opt/ros/humble PYTHONPATH=/home/alejandro/bookros2_ws/install/urdf_test/local/lib/python3.10/dist-packages:${PYTHONPATH} /usr/bin/cmake --build /home/alejandro/bookros2_ws/build/pal_gripper_description -- -j8 -l8
[0.094s] Invoking command in '/home/alejandro/bookros2_ws/build/pal_gripper_description': AMENT_PREFIX_PATH=/home/alejandro/bookros2_ws/install/urdf_test:${AMENT_PREFIX_PATH} CMAKE_PREFIX_PATH=/home/alejandro/bookros2_ws/install/urdf_test:/home/alejandro/ros2_utilities_ws/install/micro_ros_setup:/home/alejandro/ros2_utilities_ws/install/micro_ros_agent:/home/alejandro/ros2_utilities_ws/install/micro_ros_msgs:/opt/ros/humble PYTHONPATH=/home/alejandro/bookros2_ws/install/urdf_test/local/lib/python3.10/dist-packages:${PYTHONPATH} /usr/bin/cmake --install /home/alejandro/bookros2_ws/build/pal_gripper_description
[0.105s] -- Install configuration: ""
[0.106s] -- Execute custom install script
[0.106s] -- Up-to-date symlink: /home/alejandro/bookros2_ws/install/pal_gripper_description/share/pal_gripper_description/gazebo/gazebo.urdf.xacro
[0.106s] -- Up-to-date symlink: /home/alejandro/bookros2_ws/install/pal_gripper_description/share/pal_gripper_description/meshes/gripper_finger_link.stl
[0.107s] -- Up-to-date symlink: /home/alejandro/bookros2_ws/install/pal_gripper_description/share/pal_gripper_description/meshes/gripper_finger_link_collision.stl
[0.108s] -- Up-to-date symlink: /home/alejandro/bookros2_ws/install/pal_gripper_description/share/pal_gripper_description/meshes/gripper_link.stl
[0.108s] -- Up-to-date symlink: /home/alejandro/bookros2_ws/install/pal_gripper_description/share/pal_gripper_description/meshes/gripper_link_collision.stl
[0.108s] -- Up-to-date symlink: /home/alejandro/bookros2_ws/install/pal_gripper_description/share/pal_gripper_description/robots/gripper_test.urdf.xacro
[0.108s] -- Up-to-date symlink: /home/alejandro/bookros2_ws/install/pal_gripper_description/share/pal_gripper_description/robots/upload.launch
[0.109s] -- Up-to-date symlink: /home/alejandro/bookros2_ws/install/pal_gripper_description/share/pal_gripper_description/robots/upload_gripper.launch
[0.109s] -- Up-to-date symlink: /home/alejandro/bookros2_ws/install/pal_gripper_description/share/pal_gripper_description/urdf/gripper.gazebo.xacro
[0.109s] -- Up-to-date symlink: /home/alejandro/bookros2_ws/install/pal_gripper_description/share/pal_gripper_description/urdf/gripper.ros2_control.xacro
[0.109s] -- Up-to-date symlink: /home/alejandro/bookros2_ws/install/pal_gripper_description/share/pal_gripper_description/urdf/gripper.transmission.xacro
[0.109s] -- Up-to-date symlink: /home/alejandro/bookros2_ws/install/pal_gripper_description/share/pal_gripper_description/urdf/gripper.urdf.xacro
[0.109s] -- Up-to-date symlink: /home/alejandro/bookros2_ws/install/pal_gripper_description/share/pal_gripper_description/ros2_control/ros2_control.urdf.xacro
[0.110s] -- Up-to-date symlink: /home/alejandro/bookros2_ws/install/pal_gripper_description/share/ament_index/resource_index/package_run_dependencies/pal_gripper_description
[0.110s] -- Up-to-date symlink: /home/alejandro/bookros2_ws/install/pal_gripper_description/share/ament_index/resource_index/parent_prefix_path/pal_gripper_description
[0.110s] -- Up-to-date symlink: /home/alejandro/bookros2_ws/install/pal_gripper_description/share/pal_gripper_description/environment/ament_prefix_path.sh
[0.110s] -- Up-to-date symlink: /home/alejandro/bookros2_ws/install/pal_gripper_description/share/pal_gripper_description/environment/ament_prefix_path.dsv
[0.110s] -- Up-to-date symlink: /home/alejandro/bookros2_ws/install/pal_gripper_description/share/pal_gripper_description/environment/path.sh
[0.111s] -- Up-to-date symlink: /home/alejandro/bookros2_ws/install/pal_gripper_description/share/pal_gripper_description/environment/path.dsv
[0.111s] -- Up-to-date symlink: /home/alejandro/bookros2_ws/install/pal_gripper_description/share/pal_gripper_description/local_setup.bash
[0.112s] -- Up-to-date symlink: /home/alejandro/bookros2_ws/install/pal_gripper_description/share/pal_gripper_description/local_setup.sh
[0.113s] -- Up-to-date symlink: /home/alejandro/bookros2_ws/install/pal_gripper_description/share/pal_gripper_description/local_setup.zsh
[0.113s] -- Up-to-date symlink: /home/alejandro/bookros2_ws/install/pal_gripper_description/share/pal_gripper_description/local_setup.dsv
[0.113s] -- Symlinking: /home/alejandro/bookros2_ws/install/pal_gripper_description/share/pal_gripper_description/package.dsv
[0.127s] -- Up-to-date symlink: /home/alejandro/bookros2_ws/install/pal_gripper_description/share/ament_index/resource_index/packages/pal_gripper_description
[0.127s] -- Up-to-date symlink: /home/alejandro/bookros2_ws/install/pal_gripper_description/share/pal_gripper_description/cmake/ament_cmake_export_dependencies-extras.cmake
[0.128s] -- Up-to-date symlink: /home/alejandro/bookros2_ws/install/pal_gripper_description/share/pal_gripper_description/cmake/pal_gripper_descriptionConfig.cmake
[0.128s] -- Up-to-date symlink: /home/alejandro/bookros2_ws/install/pal_gripper_description/share/pal_gripper_description/cmake/pal_gripper_descriptionConfig-version.cmake
[0.128s] -- Up-to-date symlink: /home/alejandro/bookros2_ws/install/pal_gripper_description/share/pal_gripper_description/package.xml
[0.151s] Invoked command in '/home/alejandro/bookros2_ws/build/pal_gripper_description' returned '0': AMENT_PREFIX_PATH=/home/alejandro/bookros2_ws/install/urdf_test:${AMENT_PREFIX_PATH} CMAKE_PREFIX_PATH=/home/alejandro/bookros2_ws/install/urdf_test:/home/alejandro/ros2_utilities_ws/install/micro_ros_setup:/home/alejandro/ros2_utilities_ws/install/micro_ros_agent:/home/alejandro/ros2_utilities_ws/install/micro_ros_msgs:/opt/ros/humble PYTHONPATH=/home/alejandro/bookros2_ws/install/urdf_test/local/lib/python3.10/dist-packages:${PYTHONPATH} /usr/bin/cmake --install /home/alejandro/bookros2_ws/build/pal_gripper_description
