[0.207s] Invoking command in '/home/alejandro/bookros2_ws/build/br2_tiago': CMAKE_PREFIX_PATH=${CMAKE_PREFIX_PATH}:/home/alejandro/bookros2_ws/install/launch_pal:/home/alejandro/bookros2_ws/install/br2_fsm_bumpgo_py:/opt/ros/humble /usr/bin/cmake --build /home/alejandro/bookros2_ws/build/br2_tiago -- -j8 -l8
[0.394s] Invoked command in '/home/alejandro/bookros2_ws/build/br2_tiago' returned '0': CMAKE_PREFIX_PATH=${CMAKE_PREFIX_PATH}:/home/alejandro/bookros2_ws/install/launch_pal:/home/alejandro/bookros2_ws/install/br2_fsm_bumpgo_py:/opt/ros/humble /usr/bin/cmake --build /home/alejandro/bookros2_ws/build/br2_tiago -- -j8 -l8
[0.501s] Invoking command in '/home/alejandro/bookros2_ws/build/br2_tiago': CMAKE_PREFIX_PATH=${CMAKE_PREFIX_PATH}:/home/alejandro/bookros2_ws/install/launch_pal:/home/alejandro/bookros2_ws/install/br2_fsm_bumpgo_py:/opt/ros/humble /usr/bin/cmake --install /home/alejandro/bookros2_ws/build/br2_tiago
[0.551s] -- Install configuration: ""
[0.552s] -- Execute custom install script
[0.555s] -- Up-to-date symlink: /home/alejandro/bookros2_ws/install/br2_tiago/share/br2_tiago/launch/sim.launch.py
[0.556s] -- Up-to-date symlink: /home/alejandro/bookros2_ws/install/br2_tiago/share/ament_index/resource_index/package_run_dependencies/br2_tiago
[0.558s] -- Up-to-date symlink: /home/alejandro/bookros2_ws/install/br2_tiago/share/ament_index/resource_index/parent_prefix_path/br2_tiago
[0.561s] -- Up-to-date symlink: /home/alejandro/bookros2_ws/install/br2_tiago/share/br2_tiago/environment/ament_prefix_path.sh
[0.561s] -- Up-to-date symlink: /home/alejandro/bookros2_ws/install/br2_tiago/share/br2_tiago/environment/ament_prefix_path.dsv
[0.561s] -- Up-to-date symlink: /home/alejandro/bookros2_ws/install/br2_tiago/share/br2_tiago/environment/path.sh
[0.561s] -- Up-to-date symlink: /home/alejandro/bookros2_ws/install/br2_tiago/share/br2_tiago/environment/path.dsv
[0.562s] -- Up-to-date symlink: /home/alejandro/bookros2_ws/install/br2_tiago/share/br2_tiago/local_setup.bash
[0.562s] -- Up-to-date symlink: /home/alejandro/bookros2_ws/install/br2_tiago/share/br2_tiago/local_setup.sh
[0.565s] -- Up-to-date symlink: /home/alejandro/bookros2_ws/install/br2_tiago/share/br2_tiago/local_setup.zsh
[0.565s] -- Up-to-date symlink: /home/alejandro/bookros2_ws/install/br2_tiago/share/br2_tiago/local_setup.dsv
[0.565s] -- Symlinking: /home/alejandro/bookros2_ws/install/br2_tiago/share/br2_tiago/package.dsv
[0.612s] -- Up-to-date symlink: /home/alejandro/bookros2_ws/install/br2_tiago/share/ament_index/resource_index/packages/br2_tiago
[0.612s] -- Up-to-date symlink: /home/alejandro/bookros2_ws/install/br2_tiago/share/br2_tiago/cmake/br2_tiagoConfig.cmake
[0.627s] -- Up-to-date symlink: /home/alejandro/bookros2_ws/install/br2_tiago/share/br2_tiago/cmake/br2_tiagoConfig-version.cmake
[0.633s] -- Up-to-date symlink: /home/alejandro/bookros2_ws/install/br2_tiago/share/br2_tiago/package.xml
[0.733s] Invoked command in '/home/alejandro/bookros2_ws/build/br2_tiago' returned '0': CMAKE_PREFIX_PATH=${CMAKE_PREFIX_PATH}:/home/alejandro/bookros2_ws/install/launch_pal:/home/alejandro/bookros2_ws/install/br2_fsm_bumpgo_py:/opt/ros/humble /usr/bin/cmake --install /home/alejandro/bookros2_ws/build/br2_tiago
