[0.253s] Invoking command in '/home/alejandro/bookros2_ws/build/br2_basics': CMAKE_PREFIX_PATH=${CMAKE_PREFIX_PATH}:/home/alejandro/bookro2_ws/install/launch_pal:/home/alejandro/bookro2_ws/install/br2_fsm_bumpgo_py:/opt/ros/humble /usr/bin/cmake /home/alejandro/bookros2_ws/src/book_ros2/br2_basics -DAMENT_CMAKE_SYMLINK_INSTALL=1 -DCMAKE_INSTALL_PREFIX=/home/alejandro/bookros2_ws/install/br2_basics
[1.776s] -- The C compiler identification is GNU 11.4.0
[1.776s] -- The CXX compiler identification is GNU 11.4.0
[1.776s] -- Detecting C compiler ABI info
[1.776s] -- Detecting C compiler ABI info - done
[1.776s] -- Check for working C compiler: /usr/bin/cc - skipped
[1.782s] -- Detecting C compile features
[1.782s] -- Detecting C compile features - done
[1.782s] -- Detecting CXX compiler ABI info
[1.782s] -- Detecting CXX compiler ABI info - done
[1.782s] -- Check for working CXX compiler: /usr/bin/c++ - skipped
[1.782s] -- Detecting CXX compile features
[1.782s] -- Detecting CXX compile features - done
[1.782s] -- Found ament_cmake: 1.3.10 (/opt/ros/humble/share/ament_cmake/cmake)
[1.782s] -- Found Python3: /usr/bin/python3 (found version "3.10.12") found components: Interpreter 
[1.782s] -- Override CMake install command with custom implementation using symlinks instead of copying resources
[1.783s] -- Found rclcpp: 16.0.10 (/opt/ros/humble/share/rclcpp/cmake)
[1.783s] -- Found rosidl_generator_c: 3.1.5 (/opt/ros/humble/share/rosidl_generator_c/cmake)
[1.783s] -- Found rosidl_adapter: 3.1.5 (/opt/ros/humble/share/rosidl_adapter/cmake)
[1.783s] -- Found rosidl_generator_cpp: 3.1.5 (/opt/ros/humble/share/rosidl_generator_cpp/cmake)
[1.783s] -- Using all available rosidl_typesupport_c: rosidl_typesupport_fastrtps_c;rosidl_typesupport_introspection_c
[1.783s] -- Using all available rosidl_typesupport_cpp: rosidl_typesupport_fastrtps_cpp;rosidl_typesupport_introspection_cpp
[1.790s] -- Found rmw_implementation_cmake: 6.1.2 (/opt/ros/humble/share/rmw_implementation_cmake/cmake)
[1.792s] -- Found rmw_fastrtps_cpp: 6.2.7 (/opt/ros/humble/share/rmw_fastrtps_cpp/cmake)
[1.930s] -- Found OpenSSL: /usr/lib/x86_64-linux-gnu/libcrypto.so (found version "3.0.2")  
[1.975s] -- Found FastRTPS: /opt/ros/humble/include  
[2.039s] -- Using RMW implementation 'rmw_fastrtps_cpp' as default
[2.053s] -- Looking for pthread.h
[2.154s] -- Looking for pthread.h - found
[2.156s] -- Performing Test CMAKE_HAVE_LIBC_PTHREAD
[2.279s] -- Performing Test CMAKE_HAVE_LIBC_PTHREAD - Success
[2.280s] -- Found Threads: TRUE  
[2.389s] -- Found ament_lint_auto: 0.12.11 (/opt/ros/humble/share/ament_lint_auto/cmake)
[2.554s] -- Added test 'copyright' to check source files copyright and LICENSE
[2.557s] -- Added test 'cppcheck' to perform static code analysis on C / C++ code
[2.558s] -- Configured cppcheck include dirs: 
[2.558s] -- Configured cppcheck exclude dirs and/or files: 
[2.560s] -- Added test 'cpplint' to check C / C++ code against the Google style
[2.560s] -- Configured cpplint exclude dirs and/or files: 
[2.561s] -- Added test 'flake8' to check Python code syntax and style conventions
[2.562s] -- Added test 'lint_cmake' to check CMake code style
[2.565s] -- Added test 'pep257' to check Python code against some of the docstring style conventions in PEP 257
[2.565s] -- Added test 'uncrustify' to check C / C++ code style
[2.565s] -- Configured uncrustify additional arguments: 
[2.567s] -- Added test 'xmllint' to check XML markup files
[2.570s] -- Configuring done
[2.606s] -- Generating done
[2.608s] -- Build files have been written to: /home/alejandro/bookros2_ws/build/br2_basics
[2.626s] Invoked command in '/home/alejandro/bookros2_ws/build/br2_basics' returned '0': CMAKE_PREFIX_PATH=${CMAKE_PREFIX_PATH}:/home/alejandro/bookro2_ws/install/launch_pal:/home/alejandro/bookro2_ws/install/br2_fsm_bumpgo_py:/opt/ros/humble /usr/bin/cmake /home/alejandro/bookros2_ws/src/book_ros2/br2_basics -DAMENT_CMAKE_SYMLINK_INSTALL=1 -DCMAKE_INSTALL_PREFIX=/home/alejandro/bookros2_ws/install/br2_basics
[2.626s] Invoking command in '/home/alejandro/bookros2_ws/build/br2_basics': CMAKE_PREFIX_PATH=${CMAKE_PREFIX_PATH}:/home/alejandro/bookro2_ws/install/launch_pal:/home/alejandro/bookro2_ws/install/br2_fsm_bumpgo_py:/opt/ros/humble /usr/bin/cmake --build /home/alejandro/bookros2_ws/build/br2_basics -- -j8 -l8
[3.365s] [  6%] [32mBuilding CXX object CMakeFiles/publisher.dir/src/publisher.cpp.o[0m
[3.365s] [ 12%] [32mBuilding CXX object CMakeFiles/subscriber.dir/src/subscriber.cpp.o[0m
[3.365s] [ 18%] [32mBuilding CXX object CMakeFiles/executors.dir/src/executors.cpp.o[0m
[3.366s] [ 25%] [32mBuilding CXX object CMakeFiles/logger_class.dir/src/logger_class.cpp.o[0m
[3.366s] [ 31%] [32mBuilding CXX object CMakeFiles/publisher_class.dir/src/publisher_class.cpp.o[0m
[3.366s] [ 37%] [32mBuilding CXX object CMakeFiles/param_reader.dir/src/param_reader.cpp.o[0m
[3.366s] [ 43%] [32mBuilding CXX object CMakeFiles/subscriber_class.dir/src/subscriber_class.cpp.o[0m
[3.366s] [ 50%] [32mBuilding CXX object CMakeFiles/logger.dir/src/logger.cpp.o[0m
[18.089s] [ 56%] [32m[1mLinking CXX executable param_reader[0m
[18.594s] [ 56%] Built target param_reader
[19.657s] [ 62%] [32m[1mLinking CXX executable logger[0m
[19.695s] [ 68%] [32m[1mLinking CXX executable logger_class[0m
[20.255s] [ 75%] [32m[1mLinking CXX executable publisher[0m
[20.480s] [ 75%] Built target logger
[20.567s] [ 75%] Built target logger_class
[21.363s] [ 75%] Built target publisher
[24.625s] [ 81%] [32m[1mLinking CXX executable publisher_class[0m
[25.730s] [ 81%] Built target publisher_class
[26.115s] [ 87%] [32m[1mLinking CXX executable executors[0m
[27.950s] [ 87%] Built target executors
[34.621s] [ 93%] [32m[1mLinking CXX executable subscriber[0m
[35.621s] [ 93%] Built target subscriber
[36.759s] [100%] [32m[1mLinking CXX executable subscriber_class[0m
[37.466s] [100%] Built target subscriber_class
[37.485s] Invoked command in '/home/alejandro/bookros2_ws/build/br2_basics' returned '0': CMAKE_PREFIX_PATH=${CMAKE_PREFIX_PATH}:/home/alejandro/bookro2_ws/install/launch_pal:/home/alejandro/bookro2_ws/install/br2_fsm_bumpgo_py:/opt/ros/humble /usr/bin/cmake --build /home/alejandro/bookros2_ws/build/br2_basics -- -j8 -l8
[37.571s] Invoking command in '/home/alejandro/bookros2_ws/build/br2_basics': CMAKE_PREFIX_PATH=${CMAKE_PREFIX_PATH}:/home/alejandro/bookro2_ws/install/launch_pal:/home/alejandro/bookro2_ws/install/br2_fsm_bumpgo_py:/opt/ros/humble /usr/bin/cmake --install /home/alejandro/bookros2_ws/build/br2_basics
[37.962s] -- Install configuration: ""
[37.962s] -- Execute custom install script
[37.962s] -- Symlinking: /home/alejandro/bookros2_ws/install/br2_basics/lib/br2_basics/publisher
[37.962s] -- Symlinking: /home/alejandro/bookros2_ws/install/br2_basics/lib/br2_basics/publisher_class
[37.962s] -- Symlinking: /home/alejandro/bookros2_ws/install/br2_basics/lib/br2_basics/subscriber
[37.962s] -- Symlinking: /home/alejandro/bookros2_ws/install/br2_basics/lib/br2_basics/subscriber_class
[37.962s] -- Symlinking: /home/alejandro/bookros2_ws/install/br2_basics/lib/br2_basics/executors
[37.963s] -- Symlinking: /home/alejandro/bookros2_ws/install/br2_basics/lib/br2_basics/logger
[37.963s] -- Symlinking: /home/alejandro/bookros2_ws/install/br2_basics/lib/br2_basics/logger_class
[37.963s] -- Symlinking: /home/alejandro/bookros2_ws/install/br2_basics/lib/br2_basics/param_reader
[37.963s] -- Symlinking: /home/alejandro/bookros2_ws/install/br2_basics/share/br2_basics/launch/includer_launch.py
[37.963s] -- Symlinking: /home/alejandro/bookros2_ws/install/br2_basics/share/br2_basics/launch/param_node_v1_launch.py
[37.963s] -- Symlinking: /home/alejandro/bookros2_ws/install/br2_basics/share/br2_basics/launch/param_node_v2_launch.py
[37.963s] -- Symlinking: /home/alejandro/bookros2_ws/install/br2_basics/share/br2_basics/launch/pub_sub_v1_launch.py
[37.963s] -- Symlinking: /home/alejandro/bookros2_ws/install/br2_basics/share/br2_basics/launch/pub_sub_v2_launch.py
[37.963s] -- Symlinking: /home/alejandro/bookros2_ws/install/br2_basics/share/br2_basics/config/params.yaml
[37.963s] -- Symlinking: /home/alejandro/bookros2_ws/install/br2_basics/share/ament_index/resource_index/package_run_dependencies/br2_basics
[37.964s] -- Symlinking: /home/alejandro/bookros2_ws/install/br2_basics/share/ament_index/resource_index/parent_prefix_path/br2_basics
[37.964s] -- Symlinking: /home/alejandro/bookros2_ws/install/br2_basics/share/br2_basics/environment/ament_prefix_path.sh
[37.964s] -- Symlinking: /home/alejandro/bookros2_ws/install/br2_basics/share/br2_basics/environment/ament_prefix_path.dsv
[37.964s] -- Symlinking: /home/alejandro/bookros2_ws/install/br2_basics/share/br2_basics/environment/path.sh
[37.964s] -- Symlinking: /home/alejandro/bookros2_ws/install/br2_basics/share/br2_basics/environment/path.dsv
[37.964s] -- Symlinking: /home/alejandro/bookros2_ws/install/br2_basics/share/br2_basics/local_setup.bash
[37.964s] -- Symlinking: /home/alejandro/bookros2_ws/install/br2_basics/share/br2_basics/local_setup.sh
[37.964s] -- Symlinking: /home/alejandro/bookros2_ws/install/br2_basics/share/br2_basics/local_setup.zsh
[37.964s] -- Symlinking: /home/alejandro/bookros2_ws/install/br2_basics/share/br2_basics/local_setup.dsv
[37.964s] -- Symlinking: /home/alejandro/bookros2_ws/install/br2_basics/share/br2_basics/package.dsv
[37.964s] -- Symlinking: /home/alejandro/bookros2_ws/install/br2_basics/share/ament_index/resource_index/packages/br2_basics
[37.965s] -- Symlinking: /home/alejandro/bookros2_ws/install/br2_basics/share/br2_basics/cmake/ament_cmake_export_dependencies-extras.cmake
[37.965s] -- Symlinking: /home/alejandro/bookros2_ws/install/br2_basics/share/br2_basics/cmake/br2_basicsConfig.cmake
[37.974s] -- Symlinking: /home/alejandro/bookros2_ws/install/br2_basics/share/br2_basics/cmake/br2_basicsConfig-version.cmake
[37.987s] -- Symlinking: /home/alejandro/bookros2_ws/install/br2_basics/share/br2_basics/package.xml
[38.024s] Invoked command in '/home/alejandro/bookros2_ws/build/br2_basics' returned '0': CMAKE_PREFIX_PATH=${CMAKE_PREFIX_PATH}:/home/alejandro/bookro2_ws/install/launch_pal:/home/alejandro/bookro2_ws/install/br2_fsm_bumpgo_py:/opt/ros/humble /usr/bin/cmake --install /home/alejandro/bookros2_ws/build/br2_basics
