[0.014s] Invoking command in '/home/alejandro/bookros2_ws/build/pmb2_description': AMENT_PREFIX_PATH=/home/alejandro/bookros2_ws/install/urdf_test:/home/alejandro/bookros2_ws/install/launch_pal:${AMENT_PREFIX_PATH} CMAKE_PREFIX_PATH=/home/alejandro/bookros2_ws/install/urdf_test:/home/alejandro/ros2_utilities_ws/install/micro_ros_setup:/home/alejandro/ros2_utilities_ws/install/micro_ros_agent:/home/alejandro/ros2_utilities_ws/install/micro_ros_msgs:/opt/ros/humble PYTHONPATH=/home/alejandro/bookros2_ws/install/urdf_test/local/lib/python3.10/dist-packages:/home/alejandro/bookros2_ws/build/launch_pal:/home/alejandro/bookros2_ws/install/launch_pal/lib/python3.10/site-packages:${PYTHONPATH} /usr/bin/cmake --build /home/alejandro/bookros2_ws/build/pmb2_description -- -j8 -l8
[0.065s] Built target ament_cmake_python_symlink_pmb2_description
[0.363s] running egg_info
[0.390s] writing pmb2_description.egg-info/PKG-INFO
[0.390s] writing dependency_links to pmb2_description.egg-info/dependency_links.txt
[0.390s] writing top-level names to pmb2_description.egg-info/top_level.txt
[0.472s] reading manifest file 'pmb2_description.egg-info/SOURCES.txt'
[0.473s] writing manifest file 'pmb2_description.egg-info/SOURCES.txt'
[0.516s] Built target ament_cmake_python_build_pmb2_description_egg
[0.527s] Invoked command in '/home/alejandro/bookros2_ws/build/pmb2_description' returned '0': AMENT_PREFIX_PATH=/home/alejandro/bookros2_ws/install/urdf_test:/home/alejandro/bookros2_ws/install/launch_pal:${AMENT_PREFIX_PATH} CMAKE_PREFIX_PATH=/home/alejandro/bookros2_ws/install/urdf_test:/home/alejandro/ros2_utilities_ws/install/micro_ros_setup:/home/alejandro/ros2_utilities_ws/install/micro_ros_agent:/home/alejandro/ros2_utilities_ws/install/micro_ros_msgs:/opt/ros/humble PYTHONPATH=/home/alejandro/bookros2_ws/install/urdf_test/local/lib/python3.10/dist-packages:/home/alejandro/bookros2_ws/build/launch_pal:/home/alejandro/bookros2_ws/install/launch_pal/lib/python3.10/site-packages:${PYTHONPATH} /usr/bin/cmake --build /home/alejandro/bookros2_ws/build/pmb2_description -- -j8 -l8
[0.554s] Invoking command in '/home/alejandro/bookros2_ws/build/pmb2_description': AMENT_PREFIX_PATH=/home/alejandro/bookros2_ws/install/urdf_test:/home/alejandro/bookros2_ws/install/launch_pal:${AMENT_PREFIX_PATH} CMAKE_PREFIX_PATH=/home/alejandro/bookros2_ws/install/urdf_test:/home/alejandro/ros2_utilities_ws/install/micro_ros_setup:/home/alejandro/ros2_utilities_ws/install/micro_ros_agent:/home/alejandro/ros2_utilities_ws/install/micro_ros_msgs:/opt/ros/humble PYTHONPATH=/home/alejandro/bookros2_ws/install/urdf_test/local/lib/python3.10/dist-packages:/home/alejandro/bookros2_ws/build/launch_pal:/home/alejandro/bookros2_ws/install/launch_pal/lib/python3.10/site-packages:${PYTHONPATH} /usr/bin/cmake --install /home/alejandro/bookros2_ws/build/pmb2_description
[0.560s] -- Install configuration: ""
[0.560s] -- Execute custom install script
[0.561s] -- Up-to-date symlink: /home/alejandro/bookros2_ws/install/pmb2_description/share/pmb2_description/environment/pythonpath.sh
[0.561s] -- Up-to-date symlink: /home/alejandro/bookros2_ws/install/pmb2_description/share/pmb2_description/environment/pythonpath.dsv
[0.561s] -- Up-to-date symlink: /home/alejandro/bookros2_ws/install/pmb2_description/local/lib/python3.10/dist-packages/pmb2_description-5.4.0-py3.10.egg-info/PKG-INFO
[0.561s] -- Up-to-date symlink: /home/alejandro/bookros2_ws/install/pmb2_description/local/lib/python3.10/dist-packages/pmb2_description-5.4.0-py3.10.egg-info/SOURCES.txt
[0.561s] -- Up-to-date symlink: /home/alejandro/bookros2_ws/install/pmb2_description/local/lib/python3.10/dist-packages/pmb2_description-5.4.0-py3.10.egg-info/dependency_links.txt
[0.561s] -- Up-to-date symlink: /home/alejandro/bookros2_ws/install/pmb2_description/local/lib/python3.10/dist-packages/pmb2_description-5.4.0-py3.10.egg-info/top_level.txt
[0.562s] -- Up-to-date symlink: /home/alejandro/bookros2_ws/install/pmb2_description/local/lib/python3.10/dist-packages/pmb2_description/__init__.py
[0.562s] -- Up-to-date symlink: /home/alejandro/bookros2_ws/install/pmb2_description/local/lib/python3.10/dist-packages/pmb2_description/launch_arguments.py
[0.562s] -- Up-to-date symlink: /home/alejandro/bookros2_ws/install/pmb2_description/share/pmb2_description/rviz/pmb2.rviz
[0.562s] -- Up-to-date symlink: /home/alejandro/bookros2_ws/install/pmb2_description/share/pmb2_description/launch/robot_state_publisher.launch.py
[0.562s] -- Up-to-date symlink: /home/alejandro/bookros2_ws/install/pmb2_description/share/pmb2_description/launch/show.launch.py
[0.563s] -- Up-to-date symlink: /home/alejandro/bookros2_ws/install/pmb2_description/share/pmb2_description/meshes/base/base.stl
[0.563s] -- Up-to-date symlink: /home/alejandro/bookros2_ws/install/pmb2_description/share/pmb2_description/meshes/base/base_collision.dae
[0.563s] -- Up-to-date symlink: /home/alejandro/bookros2_ws/install/pmb2_description/share/pmb2_description/meshes/base/base_dock_link.stl
[0.563s] -- Up-to-date symlink: /home/alejandro/bookros2_ws/install/pmb2_description/share/pmb2_description/meshes/base/base_ring.stl
[0.563s] -- Up-to-date symlink: /home/alejandro/bookros2_ws/install/pmb2_description/share/pmb2_description/meshes/base/high_resolution/base.stl
[0.563s] -- Up-to-date symlink: /home/alejandro/bookros2_ws/install/pmb2_description/share/pmb2_description/meshes/base/high_resolution/base_collision.stl
[0.563s] -- Up-to-date symlink: /home/alejandro/bookros2_ws/install/pmb2_description/share/pmb2_description/meshes/cameras_add_on/cameras_add_on.stl
[0.563s] -- Up-to-date symlink: /home/alejandro/bookros2_ws/install/pmb2_description/share/pmb2_description/meshes/cameras_add_on/cameras_add_on_collision.stl
[0.564s] -- Up-to-date symlink: /home/alejandro/bookros2_ws/install/pmb2_description/share/pmb2_description/meshes/dock/dock.stl
[0.564s] -- Up-to-date symlink: /home/alejandro/bookros2_ws/install/pmb2_description/share/pmb2_description/meshes/dock/dock_collision.stl
[0.564s] -- Up-to-date symlink: /home/alejandro/bookros2_ws/install/pmb2_description/share/pmb2_description/meshes/objects/antenna.stl
[0.564s] -- Up-to-date symlink: /home/alejandro/bookros2_ws/install/pmb2_description/share/pmb2_description/meshes/objects/cover.stl
[0.564s] -- Up-to-date symlink: /home/alejandro/bookros2_ws/install/pmb2_description/share/pmb2_description/meshes/objects/high_resolution/cover.stl
[0.564s] -- Up-to-date symlink: /home/alejandro/bookros2_ws/install/pmb2_description/share/pmb2_description/meshes/sensors/bumper.stl
[0.564s] -- Up-to-date symlink: /home/alejandro/bookros2_ws/install/pmb2_description/share/pmb2_description/meshes/sensors/bumper_collision.stl
[0.564s] -- Up-to-date symlink: /home/alejandro/bookros2_ws/install/pmb2_description/share/pmb2_description/meshes/sensors/elp_camera.stl
[0.564s] -- Up-to-date symlink: /home/alejandro/bookros2_ws/install/pmb2_description/share/pmb2_description/meshes/sensors/high_resolution/bumper.stl
[0.564s] -- Up-to-date symlink: /home/alejandro/bookros2_ws/install/pmb2_description/share/pmb2_description/meshes/sensors/high_resolution/hokuyo_urg_04lx_ug01.stl
[0.564s] -- Up-to-date symlink: /home/alejandro/bookros2_ws/install/pmb2_description/share/pmb2_description/meshes/sensors/high_resolution/sick_tim551.stl
[0.564s] -- Up-to-date symlink: /home/alejandro/bookros2_ws/install/pmb2_description/share/pmb2_description/meshes/sensors/high_resolution/srf05.stl
[0.565s] -- Up-to-date symlink: /home/alejandro/bookros2_ws/install/pmb2_description/share/pmb2_description/meshes/sensors/high_resolution/xtion_pro_live.stl
[0.565s] -- Up-to-date symlink: /home/alejandro/bookros2_ws/install/pmb2_description/share/pmb2_description/meshes/sensors/hokuyo_urg_04lx_ug01.stl
[0.565s] -- Up-to-date symlink: /home/alejandro/bookros2_ws/install/pmb2_description/share/pmb2_description/meshes/sensors/sick_tim551.stl
[0.565s] -- Up-to-date symlink: /home/alejandro/bookros2_ws/install/pmb2_description/share/pmb2_description/meshes/sensors/srf05.stl
[0.565s] -- Up-to-date symlink: /home/alejandro/bookros2_ws/install/pmb2_description/share/pmb2_description/meshes/sensors/structure_sensor.stl
[0.565s] -- Up-to-date symlink: /home/alejandro/bookros2_ws/install/pmb2_description/share/pmb2_description/meshes/sensors/xtion_pro_live.dae
[0.565s] -- Up-to-date symlink: /home/alejandro/bookros2_ws/install/pmb2_description/share/pmb2_description/meshes/wheels/caster_1.stl
[0.565s] -- Up-to-date symlink: /home/alejandro/bookros2_ws/install/pmb2_description/share/pmb2_description/meshes/wheels/caster_2.stl
[0.565s] -- Up-to-date symlink: /home/alejandro/bookros2_ws/install/pmb2_description/share/pmb2_description/meshes/wheels/high_resolution/caster_1.stl
[0.566s] -- Up-to-date symlink: /home/alejandro/bookros2_ws/install/pmb2_description/share/pmb2_description/meshes/wheels/high_resolution/caster_2.stl
[0.566s] -- Up-to-date symlink: /home/alejandro/bookros2_ws/install/pmb2_description/share/pmb2_description/meshes/wheels/high_resolution/wheel.stl
[0.566s] -- Up-to-date symlink: /home/alejandro/bookros2_ws/install/pmb2_description/share/pmb2_description/meshes/wheels/wheel.stl
[0.566s] -- Up-to-date symlink: /home/alejandro/bookros2_ws/install/pmb2_description/share/pmb2_description/config/pmb2_configuration.yaml
[0.566s] -- Up-to-date symlink: /home/alejandro/bookros2_ws/install/pmb2_description/share/pmb2_description/robots/pmb2.urdf.xacro
[0.567s] -- Up-to-date symlink: /home/alejandro/bookros2_ws/install/pmb2_description/share/pmb2_description/ros2_control/gazebo_controller_manager_cfg.yaml
[0.567s] -- Up-to-date symlink: /home/alejandro/bookros2_ws/install/pmb2_description/share/pmb2_description/ros2_control/ros2_control.urdf.xacro
[0.567s] -- Up-to-date symlink: /home/alejandro/bookros2_ws/install/pmb2_description/share/pmb2_description/urdf/base/base.gazebo.xacro
[0.567s] -- Up-to-date symlink: /home/alejandro/bookros2_ws/install/pmb2_description/share/pmb2_description/urdf/base/base.urdf.xacro
[0.567s] -- Up-to-date symlink: /home/alejandro/bookros2_ws/install/pmb2_description/share/pmb2_description/urdf/base/base_sensors.urdf.xacro
[0.567s] -- Up-to-date symlink: /home/alejandro/bookros2_ws/install/pmb2_description/share/pmb2_description/urdf/cameras_add_on/cameras_add_on.urdf.xacro
[0.567s] -- Up-to-date symlink: /home/alejandro/bookros2_ws/install/pmb2_description/share/pmb2_description/urdf/dock/dock.urdf.xacro
[0.567s] -- Up-to-date symlink: /home/alejandro/bookros2_ws/install/pmb2_description/share/pmb2_description/urdf/objects/antenna.urdf.xacro
[0.567s] -- Up-to-date symlink: /home/alejandro/bookros2_ws/install/pmb2_description/share/pmb2_description/urdf/objects/cover.urdf.xacro
[0.568s] -- Up-to-date symlink: /home/alejandro/bookros2_ws/install/pmb2_description/share/pmb2_description/urdf/sensors/bumper.gazebo.xacro
[0.568s] -- Up-to-date symlink: /home/alejandro/bookros2_ws/install/pmb2_description/share/pmb2_description/urdf/sensors/bumper.urdf.xacro
[0.568s] -- Up-to-date symlink: /home/alejandro/bookros2_ws/install/pmb2_description/share/pmb2_description/urdf/sensors/courier.urdf.xacro
[0.568s] -- Up-to-date symlink: /home/alejandro/bookros2_ws/install/pmb2_description/share/pmb2_description/urdf/sensors/elp_rgb.gazebo.xacro
[0.568s] -- Up-to-date symlink: /home/alejandro/bookros2_ws/install/pmb2_description/share/pmb2_description/urdf/sensors/elp_rgb.urdf.xacro
[0.568s] -- Up-to-date symlink: /home/alejandro/bookros2_ws/install/pmb2_description/share/pmb2_description/urdf/sensors/hokuyo_urg_04lx_ug01_laser.gazebo.xacro
[0.568s] -- Up-to-date symlink: /home/alejandro/bookros2_ws/install/pmb2_description/share/pmb2_description/urdf/sensors/hokuyo_urg_04lx_ug01_laser.urdf.xacro
[0.568s] -- Up-to-date symlink: /home/alejandro/bookros2_ws/install/pmb2_description/share/pmb2_description/urdf/sensors/imu.gazebo.xacro
[0.568s] -- Up-to-date symlink: /home/alejandro/bookros2_ws/install/pmb2_description/share/pmb2_description/urdf/sensors/imu.urdf.xacro
[0.568s] -- Up-to-date symlink: /home/alejandro/bookros2_ws/install/pmb2_description/share/pmb2_description/urdf/sensors/microphone.urdf.xacro
[0.568s] -- Up-to-date symlink: /home/alejandro/bookros2_ws/install/pmb2_description/share/pmb2_description/urdf/sensors/range.gazebo.xacro
[0.568s] -- Up-to-date symlink: /home/alejandro/bookros2_ws/install/pmb2_description/share/pmb2_description/urdf/sensors/range.urdf.xacro
[0.568s] -- Up-to-date symlink: /home/alejandro/bookros2_ws/install/pmb2_description/share/pmb2_description/urdf/sensors/sensors.ros2_control.xacro
[0.568s] -- Up-to-date symlink: /home/alejandro/bookros2_ws/install/pmb2_description/share/pmb2_description/urdf/sensors/sick_tim551_laser.gazebo.xacro
[0.569s] -- Up-to-date symlink: /home/alejandro/bookros2_ws/install/pmb2_description/share/pmb2_description/urdf/sensors/sick_tim551_laser.urdf.xacro
[0.569s] -- Up-to-date symlink: /home/alejandro/bookros2_ws/install/pmb2_description/share/pmb2_description/urdf/sensors/sick_tim561_laser.gazebo.xacro
[0.569s] -- Up-to-date symlink: /home/alejandro/bookros2_ws/install/pmb2_description/share/pmb2_description/urdf/sensors/sick_tim561_laser.urdf.xacro
[0.569s] -- Up-to-date symlink: /home/alejandro/bookros2_ws/install/pmb2_description/share/pmb2_description/urdf/sensors/sick_tim571_laser.gazebo.xacro
[0.569s] -- Up-to-date symlink: /home/alejandro/bookros2_ws/install/pmb2_description/share/pmb2_description/urdf/sensors/sick_tim571_laser.urdf.xacro
[0.569s] -- Up-to-date symlink: /home/alejandro/bookros2_ws/install/pmb2_description/share/pmb2_description/urdf/sensors/structure_sensor.gazebo.xacro
[0.569s] -- Up-to-date symlink: /home/alejandro/bookros2_ws/install/pmb2_description/share/pmb2_description/urdf/sensors/structure_sensor.urdf.xacro
[0.569s] -- Up-to-date symlink: /home/alejandro/bookros2_ws/install/pmb2_description/share/pmb2_description/urdf/wheels/caster.gazebo.xacro
[0.569s] -- Up-to-date symlink: /home/alejandro/bookros2_ws/install/pmb2_description/share/pmb2_description/urdf/wheels/caster.urdf.xacro
[0.569s] -- Up-to-date symlink: /home/alejandro/bookros2_ws/install/pmb2_description/share/pmb2_description/urdf/wheels/wheel.gazebo.xacro
[0.569s] -- Up-to-date symlink: /home/alejandro/bookros2_ws/install/pmb2_description/share/pmb2_description/urdf/wheels/wheel.ros2_control.xacro
[0.569s] -- Up-to-date symlink: /home/alejandro/bookros2_ws/install/pmb2_description/share/pmb2_description/urdf/wheels/wheel.urdf.xacro
[0.570s] -- Up-to-date symlink: /home/alejandro/bookros2_ws/install/pmb2_description/share/ament_index/resource_index/package_run_dependencies/pmb2_description
[0.570s] -- Up-to-date symlink: /home/alejandro/bookros2_ws/install/pmb2_description/share/ament_index/resource_index/parent_prefix_path/pmb2_description
[0.570s] -- Up-to-date symlink: /home/alejandro/bookros2_ws/install/pmb2_description/share/pmb2_description/environment/ament_prefix_path.sh
[0.570s] -- Up-to-date symlink: /home/alejandro/bookros2_ws/install/pmb2_description/share/pmb2_description/environment/ament_prefix_path.dsv
[0.570s] -- Up-to-date symlink: /home/alejandro/bookros2_ws/install/pmb2_description/share/pmb2_description/environment/path.sh
[0.570s] -- Up-to-date symlink: /home/alejandro/bookros2_ws/install/pmb2_description/share/pmb2_description/environment/path.dsv
[0.570s] -- Up-to-date symlink: /home/alejandro/bookros2_ws/install/pmb2_description/share/pmb2_description/local_setup.bash
[0.570s] -- Up-to-date symlink: /home/alejandro/bookros2_ws/install/pmb2_description/share/pmb2_description/local_setup.sh
[0.570s] -- Up-to-date symlink: /home/alejandro/bookros2_ws/install/pmb2_description/share/pmb2_description/local_setup.zsh
[0.570s] -- Up-to-date symlink: /home/alejandro/bookros2_ws/install/pmb2_description/share/pmb2_description/local_setup.dsv
[0.571s] -- Symlinking: /home/alejandro/bookros2_ws/install/pmb2_description/share/pmb2_description/package.dsv
[0.581s] -- Up-to-date symlink: /home/alejandro/bookros2_ws/install/pmb2_description/share/ament_index/resource_index/packages/pmb2_description
[0.581s] -- Up-to-date symlink: /home/alejandro/bookros2_ws/install/pmb2_description/share/pmb2_description/cmake/pmb2_descriptionConfig.cmake
[0.581s] -- Up-to-date symlink: /home/alejandro/bookros2_ws/install/pmb2_description/share/pmb2_description/cmake/pmb2_descriptionConfig-version.cmake
[0.581s] -- Up-to-date symlink: /home/alejandro/bookros2_ws/install/pmb2_description/share/pmb2_description/package.xml
[0.613s] Listing '/home/alejandro/bookros2_ws/install/pmb2_description/local/lib/python3.10/dist-packages/pmb2_description'...
[0.619s] Invoked command in '/home/alejandro/bookros2_ws/build/pmb2_description' returned '0': AMENT_PREFIX_PATH=/home/alejandro/bookros2_ws/install/urdf_test:/home/alejandro/bookros2_ws/install/launch_pal:${AMENT_PREFIX_PATH} CMAKE_PREFIX_PATH=/home/alejandro/bookros2_ws/install/urdf_test:/home/alejandro/ros2_utilities_ws/install/micro_ros_setup:/home/alejandro/ros2_utilities_ws/install/micro_ros_agent:/home/alejandro/ros2_utilities_ws/install/micro_ros_msgs:/opt/ros/humble PYTHONPATH=/home/alejandro/bookros2_ws/install/urdf_test/local/lib/python3.10/dist-packages:/home/alejandro/bookros2_ws/build/launch_pal:/home/alejandro/bookros2_ws/install/launch_pal/lib/python3.10/site-packages:${PYTHONPATH} /usr/bin/cmake --install /home/alejandro/bookros2_ws/build/pmb2_description
