running develop
running egg_info
writing py_kinect_azure_pkg.egg-info/PKG-INFO
writing dependency_links to py_kinect_azure_pkg.egg-info/dependency_links.txt
writing entry points to py_kinect_azure_pkg.egg-info/entry_points.txt
writing requirements to py_kinect_azure_pkg.egg-info/requires.txt
writing top-level names to py_kinect_azure_pkg.egg-info/top_level.txt
reading manifest file 'py_kinect_azure_pkg.egg-info/SOURCES.txt'
writing manifest file 'py_kinect_azure_pkg.egg-info/SOURCES.txt'
running build_ext
Creating /home/alejandro/ros2_ws/install/py_kinect_azure_pkg/lib/python3.10/site-packages/py-kinect-azure-pkg.egg-link (link to .)
Installing 3D_node script to /home/alejandro/ros2_ws/install/py_kinect_azure_pkg/lib/py_kinect_azure_pkg
Installing depth_image_node script to /home/alejandro/ros2_ws/install/py_kinect_azure_pkg/lib/py_kinect_azure_pkg
Installing kinect_image_node script to /home/alejandro/ros2_ws/install/py_kinect_azure_pkg/lib/py_kinect_azure_pkg
Installing kinect_node script to /home/alejandro/ros2_ws/install/py_kinect_azure_pkg/lib/py_kinect_azure_pkg
Installing point_cloud_node script to /home/alejandro/ros2_ws/install/py_kinect_azure_pkg/lib/py_kinect_azure_pkg
Installing point_cloud_node_2 script to /home/alejandro/ros2_ws/install/py_kinect_azure_pkg/lib/py_kinect_azure_pkg
Installing point_cloud_node_2_1 script to /home/alejandro/ros2_ws/install/py_kinect_azure_pkg/lib/py_kinect_azure_pkg

Installed /home/alejandro/ros2_ws/build/py_kinect_azure_pkg
running symlink_data
