[3.674s] Invoking command in '/home/alejandro/bookros2_ws/src/book_ros2/br2_fsm_bumpgo_py': PYTHONPATH=/home/alejandro/bookros2_ws/build/br2_fsm_bumpgo_py/prefix_override:/usr/lib/python3/dist-packages/colcon_core/task/python/colcon_distutils_commands:/home/alejandro/bookros2_ws/install/br2_fsm_bumpgo_py/lib/python3.10/site-packages:${PYTHONPATH} /usr/bin/python3 -W ignore:setup.py install is deprecated setup.py egg_info --egg-base ../../../build/br2_fsm_bumpgo_py build --build-base /home/alejandro/bookros2_ws/build/br2_fsm_bumpgo_py/build install --record /home/alejandro/bookros2_ws/build/br2_fsm_bumpgo_py/install.log --single-version-externally-managed install_data
[4.170s] /home/alejandro/.local/lib/python3.10/site-packages/setuptools/_distutils/dist.py:268: UserWarning: Unknown distribution option: 'tests_require'
[4.170s]   warnings.warn(msg)
[4.616s] running egg_info
[4.696s] writing ../../../build/br2_fsm_bumpgo_py/br2_fsm_bumpgo_py.egg-info/PKG-INFO
[4.697s] writing dependency_links to ../../../build/br2_fsm_bumpgo_py/br2_fsm_bumpgo_py.egg-info/dependency_links.txt
[4.699s] writing entry points to ../../../build/br2_fsm_bumpgo_py/br2_fsm_bumpgo_py.egg-info/entry_points.txt
[4.699s] writing requirements to ../../../build/br2_fsm_bumpgo_py/br2_fsm_bumpgo_py.egg-info/requires.txt
[4.699s] writing top-level names to ../../../build/br2_fsm_bumpgo_py/br2_fsm_bumpgo_py.egg-info/top_level.txt
[4.847s] reading manifest file '../../../build/br2_fsm_bumpgo_py/br2_fsm_bumpgo_py.egg-info/SOURCES.txt'
[4.852s] writing manifest file '../../../build/br2_fsm_bumpgo_py/br2_fsm_bumpgo_py.egg-info/SOURCES.txt'
[4.853s] running build
[4.853s] running build_py
[4.854s] copying br2_fsm_bumpgo_py/__init__.py -> /home/alejandro/bookros2_ws/build/br2_fsm_bumpgo_py/build/lib/br2_fsm_bumpgo_py
[4.854s] copying br2_fsm_bumpgo_py/bump_go_main.py -> /home/alejandro/bookros2_ws/build/br2_fsm_bumpgo_py/build/lib/br2_fsm_bumpgo_py
[4.855s] running install
[4.864s] running install_lib
[4.925s] running install_data
[4.926s] copying resource/br2_fsm_bumpgo_py -> /home/alejandro/bookros2_ws/install/br2_fsm_bumpgo_py/share/ament_index/resource_index/packages
[4.926s] copying package.xml -> /home/alejandro/bookros2_ws/install/br2_fsm_bumpgo_py/share/br2_fsm_bumpgo_py
[4.926s] copying launch/bump_and_go.launch.py -> /home/alejandro/bookros2_ws/install/br2_fsm_bumpgo_py/share/br2_fsm_bumpgo_py/launch
[4.927s] running install_egg_info
[4.993s] removing '/home/alejandro/bookros2_ws/install/br2_fsm_bumpgo_py/lib/python3.10/site-packages/br2_fsm_bumpgo_py-0.0.0-py3.10.egg-info' (and everything under it)
[4.993s] Copying ../../../build/br2_fsm_bumpgo_py/br2_fsm_bumpgo_py.egg-info to /home/alejandro/bookros2_ws/install/br2_fsm_bumpgo_py/lib/python3.10/site-packages/br2_fsm_bumpgo_py-0.0.0-py3.10.egg-info
[4.996s] running install_scripts
[5.484s] Installing bump_go_main script to /home/alejandro/bookros2_ws/install/br2_fsm_bumpgo_py/lib/br2_fsm_bumpgo_py
[5.484s] writing list of installed files to '/home/alejandro/bookros2_ws/build/br2_fsm_bumpgo_py/install.log'
[5.643s] Invoked command in '/home/alejandro/bookros2_ws/src/book_ros2/br2_fsm_bumpgo_py' returned '0': PYTHONPATH=/home/alejandro/bookros2_ws/build/br2_fsm_bumpgo_py/prefix_override:/usr/lib/python3/dist-packages/colcon_core/task/python/colcon_distutils_commands:/home/alejandro/bookros2_ws/install/br2_fsm_bumpgo_py/lib/python3.10/site-packages:${PYTHONPATH} /usr/bin/python3 -W ignore:setup.py install is deprecated setup.py egg_info --egg-base ../../../build/br2_fsm_bumpgo_py build --build-base /home/alejandro/bookros2_ws/build/br2_fsm_bumpgo_py/build install --record /home/alejandro/bookros2_ws/build/br2_fsm_bumpgo_py/install.log --single-version-externally-managed install_data
