[0.270s] Invoking command in '/home/alejandro/bookros2_ws/build/br2_navigation': CMAKE_PREFIX_PATH=${CMAKE_PREFIX_PATH}:/opt/ros/humble /usr/bin/cmake --build /home/alejandro/bookros2_ws/build/br2_navigation -- -j8 -l8
[0.320s] Invoked command in '/home/alejandro/bookros2_ws/build/br2_navigation' returned '0': CMAKE_PREFIX_PATH=${CMAKE_PREFIX_PATH}:/opt/ros/humble /usr/bin/cmake --build /home/alejandro/bookros2_ws/build/br2_navigation -- -j8 -l8
[0.352s] Invoking command in '/home/alejandro/bookros2_ws/build/br2_navigation': CMAKE_PREFIX_PATH=${CMAKE_PREFIX_PATH}:/opt/ros/humble /usr/bin/cmake --install /home/alejandro/bookros2_ws/build/br2_navigation
[0.361s] -- Install configuration: ""
[0.361s] -- Execute custom install script
[0.363s] -- Up-to-date symlink: /home/alejandro/bookros2_ws/install/br2_navigation/share/br2_navigation/launch/navigation_launch.py
[0.363s] -- Up-to-date symlink: /home/alejandro/bookros2_ws/install/br2_navigation/share/br2_navigation/launch/tiago_navigation.launch.py
[0.364s] -- Up-to-date symlink: /home/alejandro/bookros2_ws/install/br2_navigation/share/br2_navigation/params/mapper_params_online_async.yaml
[0.364s] -- Up-to-date symlink: /home/alejandro/bookros2_ws/install/br2_navigation/share/br2_navigation/params/tiago_nav_params.yaml
[0.367s] -- Up-to-date symlink: /home/alejandro/bookros2_ws/install/br2_navigation/share/br2_navigation/maps/home.pgm
[0.367s] -- Up-to-date symlink: /home/alejandro/bookros2_ws/install/br2_navigation/share/br2_navigation/maps/home.yaml
[0.368s] -- Up-to-date symlink: /home/alejandro/bookros2_ws/install/br2_navigation/share/ament_index/resource_index/package_run_dependencies/br2_navigation
[0.370s] -- Up-to-date symlink: /home/alejandro/bookros2_ws/install/br2_navigation/share/ament_index/resource_index/parent_prefix_path/br2_navigation
[0.372s] -- Up-to-date symlink: /home/alejandro/bookros2_ws/install/br2_navigation/share/br2_navigation/environment/ament_prefix_path.sh
[0.373s] -- Up-to-date symlink: /home/alejandro/bookros2_ws/install/br2_navigation/share/br2_navigation/environment/ament_prefix_path.dsv
[0.373s] -- Up-to-date symlink: /home/alejandro/bookros2_ws/install/br2_navigation/share/br2_navigation/environment/path.sh
[0.373s] -- Up-to-date symlink: /home/alejandro/bookros2_ws/install/br2_navigation/share/br2_navigation/environment/path.dsv
[0.373s] -- Up-to-date symlink: /home/alejandro/bookros2_ws/install/br2_navigation/share/br2_navigation/local_setup.bash
[0.374s] -- Up-to-date symlink: /home/alejandro/bookros2_ws/install/br2_navigation/share/br2_navigation/local_setup.sh
[0.375s] -- Up-to-date symlink: /home/alejandro/bookros2_ws/install/br2_navigation/share/br2_navigation/local_setup.zsh
[0.377s] -- Up-to-date symlink: /home/alejandro/bookros2_ws/install/br2_navigation/share/br2_navigation/local_setup.dsv
[0.378s] -- Symlinking: /home/alejandro/bookros2_ws/install/br2_navigation/share/br2_navigation/package.dsv
[0.382s] -- Up-to-date symlink: /home/alejandro/bookros2_ws/install/br2_navigation/share/ament_index/resource_index/packages/br2_navigation
[0.382s] -- Up-to-date symlink: /home/alejandro/bookros2_ws/install/br2_navigation/share/br2_navigation/cmake/br2_navigationConfig.cmake
[0.382s] -- Up-to-date symlink: /home/alejandro/bookros2_ws/install/br2_navigation/share/br2_navigation/cmake/br2_navigationConfig-version.cmake
[0.382s] -- Up-to-date symlink: /home/alejandro/bookros2_ws/install/br2_navigation/share/br2_navigation/package.xml
[0.419s] Invoked command in '/home/alejandro/bookros2_ws/build/br2_navigation' returned '0': CMAKE_PREFIX_PATH=${CMAKE_PREFIX_PATH}:/opt/ros/humble /usr/bin/cmake --install /home/alejandro/bookros2_ws/build/br2_navigation
