[0.252s] Invoking command in '/home/alejandro/bookros2_ws/build/pmb2_laser_sensors': CMAKE_PREFIX_PATH=${CMAKE_PREFIX_PATH}:/home/alejandro/bookro2_ws/install/launch_pal:/home/alejandro/bookro2_ws/install/br2_fsm_bumpgo_py:/opt/ros/humble /usr/bin/cmake /home/alejandro/bookros2_ws/src/ThirdParty/pmb2_navigation/pmb2_laser_sensors -DAMENT_CMAKE_SYMLINK_INSTALL=1 -DCMAKE_INSTALL_PREFIX=/home/alejandro/bookros2_ws/install/pmb2_laser_sensors
[0.390s] -- The C compiler identification is GNU 11.4.0
[0.533s] -- The CXX compiler identification is GNU 11.4.0
[0.543s] -- Detecting C compiler ABI info
[0.640s] -- Detecting C compiler ABI info - done
[0.647s] -- Check for working C compiler: /usr/bin/cc - skipped
[0.648s] -- Detecting C compile features
[0.648s] -- Detecting C compile features - done
[0.653s] -- Detecting CXX compiler ABI info
[0.767s] -- Detecting CXX compiler ABI info - done
[0.785s] -- Check for working CXX compiler: /usr/bin/c++ - skipped
[0.788s] -- Detecting CXX compile features
[0.788s] -- Detecting CXX compile features - done
[0.789s] -- Found ament_cmake_auto: 1.3.10 (/opt/ros/humble/share/ament_cmake_auto/cmake)
[1.422s] -- Found Python3: /usr/bin/python3 (found version "3.10.12") found components: Interpreter 
[1.519s] -- Override CMake install command with custom implementation using symlinks instead of copying resources
[1.779s] -- Added test 'copyright' to check source files copyright and LICENSE
[1.782s] -- Added test 'lint_cmake' to check CMake code style
[1.796s] -- Added test 'xmllint' to check XML markup files
[1.796s] -- Configuring done
[1.797s] -- Generating done
[1.797s] -- Build files have been written to: /home/alejandro/bookros2_ws/build/pmb2_laser_sensors
[1.809s] Invoked command in '/home/alejandro/bookros2_ws/build/pmb2_laser_sensors' returned '0': CMAKE_PREFIX_PATH=${CMAKE_PREFIX_PATH}:/home/alejandro/bookro2_ws/install/launch_pal:/home/alejandro/bookro2_ws/install/br2_fsm_bumpgo_py:/opt/ros/humble /usr/bin/cmake /home/alejandro/bookros2_ws/src/ThirdParty/pmb2_navigation/pmb2_laser_sensors -DAMENT_CMAKE_SYMLINK_INSTALL=1 -DCMAKE_INSTALL_PREFIX=/home/alejandro/bookros2_ws/install/pmb2_laser_sensors
[1.810s] Invoking command in '/home/alejandro/bookros2_ws/build/pmb2_laser_sensors': CMAKE_PREFIX_PATH=${CMAKE_PREFIX_PATH}:/home/alejandro/bookro2_ws/install/launch_pal:/home/alejandro/bookro2_ws/install/br2_fsm_bumpgo_py:/opt/ros/humble /usr/bin/cmake --build /home/alejandro/bookros2_ws/build/pmb2_laser_sensors -- -j8 -l8
[1.886s] Invoked command in '/home/alejandro/bookros2_ws/build/pmb2_laser_sensors' returned '0': CMAKE_PREFIX_PATH=${CMAKE_PREFIX_PATH}:/home/alejandro/bookro2_ws/install/launch_pal:/home/alejandro/bookro2_ws/install/br2_fsm_bumpgo_py:/opt/ros/humble /usr/bin/cmake --build /home/alejandro/bookros2_ws/build/pmb2_laser_sensors -- -j8 -l8
[1.926s] Invoking command in '/home/alejandro/bookros2_ws/build/pmb2_laser_sensors': CMAKE_PREFIX_PATH=${CMAKE_PREFIX_PATH}:/home/alejandro/bookro2_ws/install/launch_pal:/home/alejandro/bookro2_ws/install/br2_fsm_bumpgo_py:/opt/ros/humble /usr/bin/cmake --install /home/alejandro/bookros2_ws/build/pmb2_laser_sensors
[1.952s] -- Install configuration: ""
[1.952s] -- Execute custom install script
[1.952s] -- Symlinking: /home/alejandro/bookros2_ws/install/pmb2_laser_sensors/share/pmb2_laser_sensors/params/laser_pipeline.yaml
[1.954s] -- Symlinking: /home/alejandro/bookros2_ws/install/pmb2_laser_sensors/share/pmb2_laser_sensors/params/laser_pipeline_sim.yaml
[1.965s] -- Symlinking: /home/alejandro/bookros2_ws/install/pmb2_laser_sensors/share/pmb2_laser_sensors/params/laser_pipeline_w_composition.yaml
[1.976s] -- Symlinking: /home/alejandro/bookros2_ws/install/pmb2_laser_sensors/share/ament_index/resource_index/package_run_dependencies/pmb2_laser_sensors
[1.986s] -- Symlinking: /home/alejandro/bookros2_ws/install/pmb2_laser_sensors/share/ament_index/resource_index/parent_prefix_path/pmb2_laser_sensors
[1.996s] -- Symlinking: /home/alejandro/bookros2_ws/install/pmb2_laser_sensors/share/pmb2_laser_sensors/environment/ament_prefix_path.sh
[2.007s] -- Symlinking: /home/alejandro/bookros2_ws/install/pmb2_laser_sensors/share/pmb2_laser_sensors/environment/ament_prefix_path.dsv
[2.019s] -- Symlinking: /home/alejandro/bookros2_ws/install/pmb2_laser_sensors/share/pmb2_laser_sensors/environment/path.sh
[2.039s] -- Symlinking: /home/alejandro/bookros2_ws/install/pmb2_laser_sensors/share/pmb2_laser_sensors/environment/path.dsv
[2.050s] -- Symlinking: /home/alejandro/bookros2_ws/install/pmb2_laser_sensors/share/pmb2_laser_sensors/local_setup.bash
[2.060s] -- Symlinking: /home/alejandro/bookros2_ws/install/pmb2_laser_sensors/share/pmb2_laser_sensors/local_setup.sh
[2.071s] -- Symlinking: /home/alejandro/bookros2_ws/install/pmb2_laser_sensors/share/pmb2_laser_sensors/local_setup.zsh
[2.082s] -- Symlinking: /home/alejandro/bookros2_ws/install/pmb2_laser_sensors/share/pmb2_laser_sensors/local_setup.dsv
[2.092s] -- Symlinking: /home/alejandro/bookros2_ws/install/pmb2_laser_sensors/share/pmb2_laser_sensors/package.dsv
[2.102s] -- Symlinking: /home/alejandro/bookros2_ws/install/pmb2_laser_sensors/share/ament_index/resource_index/packages/pmb2_laser_sensors
[2.116s] -- Symlinking: /home/alejandro/bookros2_ws/install/pmb2_laser_sensors/share/pmb2_laser_sensors/cmake/pmb2_laser_sensorsConfig.cmake
[2.127s] -- Symlinking: /home/alejandro/bookros2_ws/install/pmb2_laser_sensors/share/pmb2_laser_sensors/cmake/pmb2_laser_sensorsConfig-version.cmake
[2.138s] -- Symlinking: /home/alejandro/bookros2_ws/install/pmb2_laser_sensors/share/pmb2_laser_sensors/package.xml
[2.157s] Invoked command in '/home/alejandro/bookros2_ws/build/pmb2_laser_sensors' returned '0': CMAKE_PREFIX_PATH=${CMAKE_PREFIX_PATH}:/home/alejandro/bookro2_ws/install/launch_pal:/home/alejandro/bookro2_ws/install/br2_fsm_bumpgo_py:/opt/ros/humble /usr/bin/cmake --install /home/alejandro/bookros2_ws/build/pmb2_laser_sensors
