[0.112s] Invoking command in '/home/alejandro/bookros2_ws/build/br2_vff_avoidance': CMAKE_PREFIX_PATH=${CMAKE_PREFIX_PATH}:/opt/ros/humble /usr/bin/cmake --build /home/alejandro/bookros2_ws/build/br2_vff_avoidance -- -j8 -l8
[0.306s] [ 20%] Built target gtest
[0.308s] [ 40%] Built target gtest_main
[0.308s] [ 60%] Built target br2_vff_avoidance
[0.404s] [ 80%] Built target vff_test
[0.405s] [100%] Built target avoidance_vff
[0.508s] Invoked command in '/home/alejandro/bookros2_ws/build/br2_vff_avoidance' returned '0': CMAKE_PREFIX_PATH=${CMAKE_PREFIX_PATH}:/opt/ros/humble /usr/bin/cmake --build /home/alejandro/bookros2_ws/build/br2_vff_avoidance -- -j8 -l8
[0.674s] Invoking command in '/home/alejandro/bookros2_ws/build/br2_vff_avoidance': CMAKE_PREFIX_PATH=${CMAKE_PREFIX_PATH}:/opt/ros/humble /usr/bin/cmake --install /home/alejandro/bookros2_ws/build/br2_vff_avoidance
[0.719s] -- Install configuration: "Debug"
[0.719s] -- Execute custom install script
[0.719s] -- Up-to-date symlink: /home/alejandro/bookros2_ws/install/br2_vff_avoidance/lib/libbr2_vff_avoidance.so
[0.721s] -- Up-to-date symlink: /home/alejandro/bookros2_ws/install/br2_vff_avoidance/lib/br2_vff_avoidance/avoidance_vff
[0.726s] -- Up-to-date symlink: /home/alejandro/bookros2_ws/install/br2_vff_avoidance/share/br2_vff_avoidance/launch/avoidance_vff.launch.py
[0.726s] -- Up-to-date symlink: /home/alejandro/bookros2_ws/install/br2_vff_avoidance/share/ament_index/resource_index/package_run_dependencies/br2_vff_avoidance
[0.726s] -- Up-to-date symlink: /home/alejandro/bookros2_ws/install/br2_vff_avoidance/share/ament_index/resource_index/parent_prefix_path/br2_vff_avoidance
[0.727s] -- Up-to-date symlink: /home/alejandro/bookros2_ws/install/br2_vff_avoidance/share/br2_vff_avoidance/environment/ament_prefix_path.sh
[0.727s] -- Up-to-date symlink: /home/alejandro/bookros2_ws/install/br2_vff_avoidance/share/br2_vff_avoidance/environment/ament_prefix_path.dsv
[0.727s] -- Up-to-date symlink: /home/alejandro/bookros2_ws/install/br2_vff_avoidance/share/br2_vff_avoidance/environment/path.sh
[0.727s] -- Up-to-date symlink: /home/alejandro/bookros2_ws/install/br2_vff_avoidance/share/br2_vff_avoidance/environment/path.dsv
[0.727s] -- Up-to-date symlink: /home/alejandro/bookros2_ws/install/br2_vff_avoidance/share/br2_vff_avoidance/local_setup.bash
[0.727s] -- Up-to-date symlink: /home/alejandro/bookros2_ws/install/br2_vff_avoidance/share/br2_vff_avoidance/local_setup.sh
[0.730s] -- Up-to-date symlink: /home/alejandro/bookros2_ws/install/br2_vff_avoidance/share/br2_vff_avoidance/local_setup.zsh
[0.731s] -- Up-to-date symlink: /home/alejandro/bookros2_ws/install/br2_vff_avoidance/share/br2_vff_avoidance/local_setup.dsv
[0.731s] -- Symlinking: /home/alejandro/bookros2_ws/install/br2_vff_avoidance/share/br2_vff_avoidance/package.dsv
[0.736s] -- Up-to-date symlink: /home/alejandro/bookros2_ws/install/br2_vff_avoidance/share/ament_index/resource_index/packages/br2_vff_avoidance
[0.736s] -- Up-to-date symlink: /home/alejandro/bookros2_ws/install/br2_vff_avoidance/share/br2_vff_avoidance/cmake/ament_cmake_export_dependencies-extras.cmake
[0.736s] -- Up-to-date symlink: /home/alejandro/bookros2_ws/install/br2_vff_avoidance/share/br2_vff_avoidance/cmake/br2_vff_avoidanceConfig.cmake
[0.736s] -- Up-to-date symlink: /home/alejandro/bookros2_ws/install/br2_vff_avoidance/share/br2_vff_avoidance/cmake/br2_vff_avoidanceConfig-version.cmake
[0.736s] -- Up-to-date symlink: /home/alejandro/bookros2_ws/install/br2_vff_avoidance/share/br2_vff_avoidance/package.xml
[0.841s] Invoked command in '/home/alejandro/bookros2_ws/build/br2_vff_avoidance' returned '0': CMAKE_PREFIX_PATH=${CMAKE_PREFIX_PATH}:/opt/ros/humble /usr/bin/cmake --install /home/alejandro/bookros2_ws/build/br2_vff_avoidance
