[0.018s] Invoking command in '/home/alejandro/bookros2_ws/build/br2_bt_patrolling': CMAKE_PREFIX_PATH=${CMAKE_PREFIX_PATH}:/home/alejandro/bookro2_ws/install/launch_pal:/home/alejandro/bookro2_ws/install/br2_fsm_bumpgo_py:/opt/ros/humble /usr/bin/cmake /home/alejandro/bookros2_ws/src/book_ros2/br2_bt_patrolling -DAMENT_CMAKE_SYMLINK_INSTALL=1 -DCMAKE_INSTALL_PREFIX=/home/alejandro/bookros2_ws/install/br2_bt_patrolling
[0.371s] -- The C compiler identification is GNU 11.4.0
[0.371s] -- The CXX compiler identification is GNU 11.4.0
[0.371s] -- Detecting C compiler ABI info
[0.371s] -- Detecting C compiler ABI info - done
[0.371s] -- Check for working C compiler: /usr/bin/cc - skipped
[0.371s] -- Detecting C compile features
[0.371s] -- Detecting C compile features - done
[0.371s] -- Detecting CXX compiler ABI info
[0.424s] -- Detecting CXX compiler ABI info - done
[0.446s] -- Check for working CXX compiler: /usr/bin/c++ - skipped
[0.447s] -- Detecting CXX compile features
[0.447s] -- Detecting CXX compile features - done
[0.451s] -- Found ament_cmake: 1.3.10 (/opt/ros/humble/share/ament_cmake/cmake)
[1.370s] -- Found Python3: /usr/bin/python3 (found version "3.10.12") found components: Interpreter 
[1.579s] -- Override CMake install command with custom implementation using symlinks instead of copying resources
[1.698s] -- Found rclcpp: 16.0.10 (/opt/ros/humble/share/rclcpp/cmake)
[1.883s] -- Found rosidl_generator_c: 3.1.5 (/opt/ros/humble/share/rosidl_generator_c/cmake)
[1.907s] -- Found rosidl_adapter: 3.1.5 (/opt/ros/humble/share/rosidl_adapter/cmake)
[1.948s] -- Found rosidl_generator_cpp: 3.1.5 (/opt/ros/humble/share/rosidl_generator_cpp/cmake)
[2.012s] -- Using all available rosidl_typesupport_c: rosidl_typesupport_fastrtps_c;rosidl_typesupport_introspection_c
[2.095s] -- Using all available rosidl_typesupport_cpp: rosidl_typesupport_fastrtps_cpp;rosidl_typesupport_introspection_cpp
[2.306s] -- Found rmw_implementation_cmake: 6.1.2 (/opt/ros/humble/share/rmw_implementation_cmake/cmake)
[2.330s] -- Found rmw_fastrtps_cpp: 6.2.7 (/opt/ros/humble/share/rmw_fastrtps_cpp/cmake)
[2.725s] -- Found OpenSSL: /usr/lib/x86_64-linux-gnu/libcrypto.so (found version "3.0.2")  
[2.892s] -- Found FastRTPS: /opt/ros/humble/include  
[3.128s] -- Using RMW implementation 'rmw_fastrtps_cpp' as default
[3.178s] -- Looking for pthread.h
[3.479s] -- Looking for pthread.h - found
[3.479s] -- Performing Test CMAKE_HAVE_LIBC_PTHREAD
[3.682s] -- Performing Test CMAKE_HAVE_LIBC_PTHREAD - Success
[3.683s] -- Found Threads: TRUE  
[3.805s] -- Found rclcpp_lifecycle: 16.0.10 (/opt/ros/humble/share/rclcpp_lifecycle/cmake)
[3.904s] -- Found rclcpp_action: 16.0.10 (/opt/ros/humble/share/rclcpp_action/cmake)
[4.109s] -- Found geometry_msgs: 4.2.4 (/opt/ros/humble/share/geometry_msgs/cmake)
[4.174s] -- Found nav2_msgs: 1.1.16 (/opt/ros/humble/share/nav2_msgs/cmake)
[4.409s] -- Found ZMQ: /usr/lib/x86_64-linux-gnu/libzmq.so  
[4.413s] -- ZeroMQ found.
[4.678s] -- Found ament_lint_auto: 0.12.11 (/opt/ros/humble/share/ament_lint_auto/cmake)
[5.112s] -- Found gtest sources under '/opt/ros/humble/src/gtest_vendor': C++ tests using 'Google Test' will be built
[5.204s] -- Added test 'copyright' to check source files copyright and LICENSE
[5.219s] -- Added test 'cppcheck' to perform static code analysis on C / C++ code
[5.232s] -- Configured cppcheck include dirs: /home/alejandro/bookros2_ws/src/book_ros2/br2_bt_patrolling/include
[5.232s] -- Configured cppcheck exclude dirs and/or files: 
[5.236s] -- Added test 'cpplint' to check C / C++ code against the Google style
[5.236s] -- Configured cpplint exclude dirs and/or files: 
[5.246s] -- Added test 'flake8' to check Python code syntax and style conventions
[5.246s] -- Added test 'lint_cmake' to check CMake code style
[5.255s] -- Added test 'pep257' to check Python code against some of the docstring style conventions in PEP 257
[5.257s] -- Added test 'uncrustify' to check C / C++ code style
[5.257s] -- Configured uncrustify additional arguments: 
[5.271s] -- Added test 'xmllint' to check XML markup files
[5.285s] -- Configuring done
[5.523s] -- Generating done
[5.541s] -- Build files have been written to: /home/alejandro/bookros2_ws/build/br2_bt_patrolling
[5.637s] Invoked command in '/home/alejandro/bookros2_ws/build/br2_bt_patrolling' returned '0': CMAKE_PREFIX_PATH=${CMAKE_PREFIX_PATH}:/home/alejandro/bookro2_ws/install/launch_pal:/home/alejandro/bookro2_ws/install/br2_fsm_bumpgo_py:/opt/ros/humble /usr/bin/cmake /home/alejandro/bookros2_ws/src/book_ros2/br2_bt_patrolling -DAMENT_CMAKE_SYMLINK_INSTALL=1 -DCMAKE_INSTALL_PREFIX=/home/alejandro/bookros2_ws/install/br2_bt_patrolling
[5.644s] Invoking command in '/home/alejandro/bookros2_ws/build/br2_bt_patrolling': CMAKE_PREFIX_PATH=${CMAKE_PREFIX_PATH}:/home/alejandro/bookro2_ws/install/launch_pal:/home/alejandro/bookro2_ws/install/br2_fsm_bumpgo_py:/opt/ros/humble /usr/bin/cmake --build /home/alejandro/bookros2_ws/build/br2_bt_patrolling -- -j8 -l8
[7.121s] [  5%] [32mBuilding CXX object CMakeFiles/br2_recharge_bt_node.dir/src/br2_bt_patrolling/Recharge.cpp.o[0m
[7.121s] [ 10%] [32mBuilding CXX object CMakeFiles/br2_track_objects_bt_node.dir/src/br2_bt_patrolling/TrackObjects.cpp.o[0m
[7.121s] [ 15%] [32mBuilding CXX object CMakeFiles/br2_patrol_bt_node.dir/src/br2_bt_patrolling/Patrol.cpp.o[0m
[7.121s] [ 20%] [32mBuilding CXX object gtest/CMakeFiles/gtest_main.dir/src/gtest_main.cc.o[0m
[7.121s] [ 25%] [32mBuilding CXX object CMakeFiles/patrolling_main.dir/src/patrolling_main.cpp.o[0m
[7.121s] [ 30%] [32mBuilding CXX object CMakeFiles/br2_get_waypoint_bt_node.dir/src/br2_bt_patrolling/GetWaypoint.cpp.o[0m
[7.121s] [ 35%] [32mBuilding CXX object CMakeFiles/br2_move_bt_node.dir/src/br2_bt_patrolling/Move.cpp.o[0m
[7.121s] [ 40%] [32mBuilding CXX object CMakeFiles/br2_battery_checker_bt_node.dir/src/br2_bt_patrolling/BatteryChecker.cpp.o[0m
[12.829s] [ 45%] [32m[1mLinking CXX static library libgtest_main.a[0m
[13.102s] [ 45%] Built target gtest_main
[13.194s] [ 50%] [32mBuilding CXX object gtest/CMakeFiles/gtest.dir/src/gtest-all.cc.o[0m
[15.078s] [ 55%] [32m[1mLinking CXX shared library libbr2_recharge_bt_node.so[0m
[16.212s] [ 55%] Built target br2_recharge_bt_node
[21.357s] [ 60%] [32m[1mLinking CXX shared library libbr2_get_waypoint_bt_node.so[0m
[22.082s] [ 60%] Built target br2_get_waypoint_bt_node
[28.441s] [ 65%] [32m[1mLinking CXX static library libgtest.a[0m
[28.697s] [ 65%] Built target gtest
[30.158s] [ 70%] [32m[1mLinking CXX executable patrolling_main[0m
[30.574s] [ 70%] Built target patrolling_main
[31.339s] [ 75%] [32m[1mLinking CXX shared library libbr2_patrol_bt_node.so[0m
[31.975s] [ 75%] Built target br2_patrol_bt_node
[32.376s] [ 80%] [32m[1mLinking CXX shared library libbr2_track_objects_bt_node.so[0m
[32.992s] [ 80%] Built target br2_track_objects_bt_node
[33.356s] [ 85%] [32m[1mLinking CXX shared library libbr2_move_bt_node.so[0m
[33.836s] [ 85%] Built target br2_move_bt_node
[39.155s] [ 90%] [32m[1mLinking CXX shared library libbr2_battery_checker_bt_node.so[0m
[40.269s] [ 90%] Built target br2_battery_checker_bt_node
[40.298s] [ 95%] [32mBuilding CXX object tests/CMakeFiles/bt_action_test.dir/bt_action_test.cpp.o[0m
[65.627s] [100%] [32m[1mLinking CXX executable bt_action_test[0m
[67.326s] [100%] Built target bt_action_test
[67.342s] Invoked command in '/home/alejandro/bookros2_ws/build/br2_bt_patrolling' returned '0': CMAKE_PREFIX_PATH=${CMAKE_PREFIX_PATH}:/home/alejandro/bookro2_ws/install/launch_pal:/home/alejandro/bookro2_ws/install/br2_fsm_bumpgo_py:/opt/ros/humble /usr/bin/cmake --build /home/alejandro/bookros2_ws/build/br2_bt_patrolling -- -j8 -l8
[67.421s] Invoking command in '/home/alejandro/bookros2_ws/build/br2_bt_patrolling': CMAKE_PREFIX_PATH=${CMAKE_PREFIX_PATH}:/home/alejandro/bookro2_ws/install/launch_pal:/home/alejandro/bookro2_ws/install/br2_fsm_bumpgo_py:/opt/ros/humble /usr/bin/cmake --install /home/alejandro/bookros2_ws/build/br2_bt_patrolling
[67.436s] -- Install configuration: "Debug"
[67.437s] -- Execute custom install script
[67.437s] -- Symlinking: /home/alejandro/bookros2_ws/install/br2_bt_patrolling/lib/libbr2_recharge_bt_node.so
[67.450s] -- Symlinking: /home/alejandro/bookros2_ws/install/br2_bt_patrolling/lib/libbr2_patrol_bt_node.so
[67.473s] -- Symlinking: /home/alejandro/bookros2_ws/install/br2_bt_patrolling/lib/libbr2_move_bt_node.so
[67.480s] -- Symlinking: /home/alejandro/bookros2_ws/install/br2_bt_patrolling/lib/libbr2_get_waypoint_bt_node.so
[67.495s] -- Symlinking: /home/alejandro/bookros2_ws/install/br2_bt_patrolling/lib/libbr2_battery_checker_bt_node.so
[67.509s] -- Symlinking: /home/alejandro/bookros2_ws/install/br2_bt_patrolling/lib/libbr2_track_objects_bt_node.so
[67.522s] -- Symlinking: /home/alejandro/bookros2_ws/install/br2_bt_patrolling/lib/br2_bt_patrolling/patrolling_main
[67.537s] -- Symlinking: /home/alejandro/bookros2_ws/install/br2_bt_patrolling/include//br2_bt_patrolling/BatteryChecker.hpp
[67.550s] -- Symlinking: /home/alejandro/bookros2_ws/install/br2_bt_patrolling/include//br2_bt_patrolling/GetWaypoint.hpp
[67.567s] -- Symlinking: /home/alejandro/bookros2_ws/install/br2_bt_patrolling/include//br2_bt_patrolling/Move.hpp
[67.577s] -- Symlinking: /home/alejandro/bookros2_ws/install/br2_bt_patrolling/include//br2_bt_patrolling/Patrol.hpp
[67.589s] -- Symlinking: /home/alejandro/bookros2_ws/install/br2_bt_patrolling/include//br2_bt_patrolling/Recharge.hpp
[67.602s] -- Symlinking: /home/alejandro/bookros2_ws/install/br2_bt_patrolling/include//br2_bt_patrolling/TrackObjects.hpp
[67.623s] -- Symlinking: /home/alejandro/bookros2_ws/install/br2_bt_patrolling/include//br2_bt_patrolling/ctrl_support/BTActionNode.hpp
[67.641s] -- Symlinking: /home/alejandro/bookros2_ws/install/br2_bt_patrolling/include//br2_bt_patrolling/ctrl_support/BTLifecycleCtrlNode.hpp
[67.654s] -- Symlinking: /home/alejandro/bookros2_ws/install/br2_bt_patrolling/share/br2_bt_patrolling/behavior_tree_xml/patrolling.xml
[67.668s] -- Symlinking: /home/alejandro/bookros2_ws/install/br2_bt_patrolling/share/br2_bt_patrolling/launch/patrolling.launch.py
[67.682s] -- Symlinking: /home/alejandro/bookros2_ws/install/br2_bt_patrolling/share/ament_index/resource_index/package_run_dependencies/br2_bt_patrolling
[67.698s] -- Symlinking: /home/alejandro/bookros2_ws/install/br2_bt_patrolling/share/ament_index/resource_index/parent_prefix_path/br2_bt_patrolling
[67.713s] -- Symlinking: /home/alejandro/bookros2_ws/install/br2_bt_patrolling/share/br2_bt_patrolling/environment/ament_prefix_path.sh
[67.734s] -- Symlinking: /home/alejandro/bookros2_ws/install/br2_bt_patrolling/share/br2_bt_patrolling/environment/ament_prefix_path.dsv
[67.746s] -- Symlinking: /home/alejandro/bookros2_ws/install/br2_bt_patrolling/share/br2_bt_patrolling/environment/path.sh
[67.759s] -- Symlinking: /home/alejandro/bookros2_ws/install/br2_bt_patrolling/share/br2_bt_patrolling/environment/path.dsv
[67.771s] -- Symlinking: /home/alejandro/bookros2_ws/install/br2_bt_patrolling/share/br2_bt_patrolling/local_setup.bash
[67.783s] -- Symlinking: /home/alejandro/bookros2_ws/install/br2_bt_patrolling/share/br2_bt_patrolling/local_setup.sh
[67.798s] -- Symlinking: /home/alejandro/bookros2_ws/install/br2_bt_patrolling/share/br2_bt_patrolling/local_setup.zsh
[67.810s] -- Symlinking: /home/alejandro/bookros2_ws/install/br2_bt_patrolling/share/br2_bt_patrolling/local_setup.dsv
[67.824s] -- Symlinking: /home/alejandro/bookros2_ws/install/br2_bt_patrolling/share/br2_bt_patrolling/package.dsv
[67.837s] -- Symlinking: /home/alejandro/bookros2_ws/install/br2_bt_patrolling/share/ament_index/resource_index/packages/br2_bt_patrolling
[67.851s] -- Symlinking: /home/alejandro/bookros2_ws/install/br2_bt_patrolling/share/br2_bt_patrolling/cmake/ament_cmake_export_include_directories-extras.cmake
[67.864s] -- Symlinking: /home/alejandro/bookros2_ws/install/br2_bt_patrolling/share/br2_bt_patrolling/cmake/ament_cmake_export_dependencies-extras.cmake
[67.879s] -- Symlinking: /home/alejandro/bookros2_ws/install/br2_bt_patrolling/share/br2_bt_patrolling/cmake/br2_bt_patrollingConfig.cmake
[67.891s] -- Symlinking: /home/alejandro/bookros2_ws/install/br2_bt_patrolling/share/br2_bt_patrolling/cmake/br2_bt_patrollingConfig-version.cmake
[67.905s] -- Symlinking: /home/alejandro/bookros2_ws/install/br2_bt_patrolling/share/br2_bt_patrolling/package.xml
[67.925s] Invoked command in '/home/alejandro/bookros2_ws/build/br2_bt_patrolling' returned '0': CMAKE_PREFIX_PATH=${CMAKE_PREFIX_PATH}:/home/alejandro/bookro2_ws/install/launch_pal:/home/alejandro/bookro2_ws/install/br2_fsm_bumpgo_py:/opt/ros/humble /usr/bin/cmake --install /home/alejandro/bookros2_ws/build/br2_bt_patrolling
