[0.100s] Invoking command in '/home/alejandro/bookros2_ws/build/br2_fsm_bumpgo_cpp': CMAKE_PREFIX_PATH=${CMAKE_PREFIX_PATH}:/home/alejandro/bookros2_ws/install/launch_pal:/home/alejandro/bookros2_ws/install/br2_fsm_bumpgo_py:/opt/ros/humble /usr/bin/cmake --build /home/alejandro/bookros2_ws/build/br2_fsm_bumpgo_cpp -- -j8 -l8
[0.410s] [100%] Built target bumpgo
[1.388s] Invoked command in '/home/alejandro/bookros2_ws/build/br2_fsm_bumpgo_cpp' returned '0': CMAKE_PREFIX_PATH=${CMAKE_PREFIX_PATH}:/home/alejandro/bookros2_ws/install/launch_pal:/home/alejandro/bookros2_ws/install/br2_fsm_bumpgo_py:/opt/ros/humble /usr/bin/cmake --build /home/alejandro/bookros2_ws/build/br2_fsm_bumpgo_cpp -- -j8 -l8
[1.511s] Invoking command in '/home/alejandro/bookros2_ws/build/br2_fsm_bumpgo_cpp': CMAKE_PREFIX_PATH=${CMAKE_PREFIX_PATH}:/home/alejandro/bookros2_ws/install/launch_pal:/home/alejandro/bookros2_ws/install/br2_fsm_bumpgo_py:/opt/ros/humble /usr/bin/cmake --install /home/alejandro/bookros2_ws/build/br2_fsm_bumpgo_cpp
[1.537s] -- Install configuration: ""
[1.541s] -- Execute custom install script
[1.542s] -- Up-to-date symlink: /home/alejandro/bookros2_ws/install/br2_fsm_bumpgo_cpp/lib/br2_fsm_bumpgo_cpp/bumpgo
[1.547s] -- Up-to-date symlink: /home/alejandro/bookros2_ws/install/br2_fsm_bumpgo_cpp/share/br2_fsm_bumpgo_cpp/launch/bump_and_go.launch.py
[1.548s] -- Up-to-date symlink: /home/alejandro/bookros2_ws/install/br2_fsm_bumpgo_cpp/share/ament_index/resource_index/package_run_dependencies/br2_fsm_bumpgo_cpp
[1.549s] -- Up-to-date symlink: /home/alejandro/bookros2_ws/install/br2_fsm_bumpgo_cpp/share/ament_index/resource_index/parent_prefix_path/br2_fsm_bumpgo_cpp
[1.550s] -- Up-to-date symlink: /home/alejandro/bookros2_ws/install/br2_fsm_bumpgo_cpp/share/br2_fsm_bumpgo_cpp/environment/ament_prefix_path.sh
[1.555s] -- Up-to-date symlink: /home/alejandro/bookros2_ws/install/br2_fsm_bumpgo_cpp/share/br2_fsm_bumpgo_cpp/environment/ament_prefix_path.dsv
[1.556s] -- Up-to-date symlink: /home/alejandro/bookros2_ws/install/br2_fsm_bumpgo_cpp/share/br2_fsm_bumpgo_cpp/environment/path.sh
[1.558s] -- Up-to-date symlink: /home/alejandro/bookros2_ws/install/br2_fsm_bumpgo_cpp/share/br2_fsm_bumpgo_cpp/environment/path.dsv
[1.559s] -- Up-to-date symlink: /home/alejandro/bookros2_ws/install/br2_fsm_bumpgo_cpp/share/br2_fsm_bumpgo_cpp/local_setup.bash
[1.560s] -- Up-to-date symlink: /home/alejandro/bookros2_ws/install/br2_fsm_bumpgo_cpp/share/br2_fsm_bumpgo_cpp/local_setup.sh
[1.560s] -- Up-to-date symlink: /home/alejandro/bookros2_ws/install/br2_fsm_bumpgo_cpp/share/br2_fsm_bumpgo_cpp/local_setup.zsh
[1.561s] -- Up-to-date symlink: /home/alejandro/bookros2_ws/install/br2_fsm_bumpgo_cpp/share/br2_fsm_bumpgo_cpp/local_setup.dsv
[1.561s] -- Symlinking: /home/alejandro/bookros2_ws/install/br2_fsm_bumpgo_cpp/share/br2_fsm_bumpgo_cpp/package.dsv
[1.631s] -- Up-to-date symlink: /home/alejandro/bookros2_ws/install/br2_fsm_bumpgo_cpp/share/ament_index/resource_index/packages/br2_fsm_bumpgo_cpp
[1.632s] -- Up-to-date symlink: /home/alejandro/bookros2_ws/install/br2_fsm_bumpgo_cpp/share/br2_fsm_bumpgo_cpp/cmake/br2_fsm_bumpgo_cppConfig.cmake
[1.632s] -- Up-to-date symlink: /home/alejandro/bookros2_ws/install/br2_fsm_bumpgo_cpp/share/br2_fsm_bumpgo_cpp/cmake/br2_fsm_bumpgo_cppConfig-version.cmake
[1.632s] -- Up-to-date symlink: /home/alejandro/bookros2_ws/install/br2_fsm_bumpgo_cpp/share/br2_fsm_bumpgo_cpp/package.xml
[1.638s] Invoked command in '/home/alejandro/bookros2_ws/build/br2_fsm_bumpgo_cpp' returned '0': CMAKE_PREFIX_PATH=${CMAKE_PREFIX_PATH}:/home/alejandro/bookros2_ws/install/launch_pal:/home/alejandro/bookros2_ws/install/br2_fsm_bumpgo_py:/opt/ros/humble /usr/bin/cmake --install /home/alejandro/bookros2_ws/build/br2_fsm_bumpgo_cpp
