[0.016s] Invoking command in '/home/alejandro/bookros2_ws/build/pmb2_2dnav': AMENT_PREFIX_PATH=/home/alejandro/bookros2_ws/install/pmb2_laser_sensors:/home/alejandro/bookros2_ws/install/launch_pal:${AMENT_PREFIX_PATH} CMAKE_PREFIX_PATH=/home/alejandro/bookros2_ws/install/pmb2_laser_sensors:/home/alejandro/ros2_utilities_ws/install/micro_ros_setup:/home/alejandro/ros2_utilities_ws/install/micro_ros_agent:/home/alejandro/ros2_utilities_ws/install/micro_ros_msgs:/opt/ros/humble PYTHONPATH=/home/alejandro/bookros2_ws/install/launch_pal/lib/python3.10/site-packages:${PYTHONPATH} /usr/bin/cmake /home/alejandro/bookros2_ws/src/ThirdParty/pmb2_navigation/pmb2_2dnav -DCMAKE_INSTALL_PREFIX=/home/alejandro/bookros2_ws/install/pmb2_2dnav
[0.027s] -- Found ament_cmake_auto: 1.3.10 (/opt/ros/humble/share/ament_cmake_auto/cmake)
[0.169s] -- Override CMake install command with custom implementation using symlinks instead of copying resources
[0.301s] -- Found ament_lint_auto: 0.12.11 (/opt/ros/humble/share/ament_lint_auto/cmake)
[0.314s] -- Added test 'copyright' to check source files copyright and LICENSE
[0.318s] -- Added test 'flake8' to check Python code syntax and style conventions
[0.318s] -- Added test 'lint_cmake' to check CMake code style
[0.319s] -- Added test 'pep257' to check Python code against some of the docstring style conventions in PEP 257
[0.320s] -- Added test 'xmllint' to check XML markup files
[0.322s] -- Configuring done
[0.327s] -- Generating done
[0.328s] -- Build files have been written to: /home/alejandro/bookros2_ws/build/pmb2_2dnav
[0.333s] Invoked command in '/home/alejandro/bookros2_ws/build/pmb2_2dnav' returned '0': AMENT_PREFIX_PATH=/home/alejandro/bookros2_ws/install/pmb2_laser_sensors:/home/alejandro/bookros2_ws/install/launch_pal:${AMENT_PREFIX_PATH} CMAKE_PREFIX_PATH=/home/alejandro/bookros2_ws/install/pmb2_laser_sensors:/home/alejandro/ros2_utilities_ws/install/micro_ros_setup:/home/alejandro/ros2_utilities_ws/install/micro_ros_agent:/home/alejandro/ros2_utilities_ws/install/micro_ros_msgs:/opt/ros/humble PYTHONPATH=/home/alejandro/bookros2_ws/install/launch_pal/lib/python3.10/site-packages:${PYTHONPATH} /usr/bin/cmake /home/alejandro/bookros2_ws/src/ThirdParty/pmb2_navigation/pmb2_2dnav -DCMAKE_INSTALL_PREFIX=/home/alejandro/bookros2_ws/install/pmb2_2dnav
[0.334s] Invoking command in '/home/alejandro/bookros2_ws/build/pmb2_2dnav': AMENT_PREFIX_PATH=/home/alejandro/bookros2_ws/install/pmb2_laser_sensors:/home/alejandro/bookros2_ws/install/launch_pal:${AMENT_PREFIX_PATH} CMAKE_PREFIX_PATH=/home/alejandro/bookros2_ws/install/pmb2_laser_sensors:/home/alejandro/ros2_utilities_ws/install/micro_ros_setup:/home/alejandro/ros2_utilities_ws/install/micro_ros_agent:/home/alejandro/ros2_utilities_ws/install/micro_ros_msgs:/opt/ros/humble PYTHONPATH=/home/alejandro/bookros2_ws/install/launch_pal/lib/python3.10/site-packages:${PYTHONPATH} /usr/bin/cmake --build /home/alejandro/bookros2_ws/build/pmb2_2dnav -- -j8 -l8
[0.372s] Invoked command in '/home/alejandro/bookros2_ws/build/pmb2_2dnav' returned '0': AMENT_PREFIX_PATH=/home/alejandro/bookros2_ws/install/pmb2_laser_sensors:/home/alejandro/bookros2_ws/install/launch_pal:${AMENT_PREFIX_PATH} CMAKE_PREFIX_PATH=/home/alejandro/bookros2_ws/install/pmb2_laser_sensors:/home/alejandro/ros2_utilities_ws/install/micro_ros_setup:/home/alejandro/ros2_utilities_ws/install/micro_ros_agent:/home/alejandro/ros2_utilities_ws/install/micro_ros_msgs:/opt/ros/humble PYTHONPATH=/home/alejandro/bookros2_ws/install/launch_pal/lib/python3.10/site-packages:${PYTHONPATH} /usr/bin/cmake --build /home/alejandro/bookros2_ws/build/pmb2_2dnav -- -j8 -l8
[0.391s] Invoking command in '/home/alejandro/bookros2_ws/build/pmb2_2dnav': AMENT_PREFIX_PATH=/home/alejandro/bookros2_ws/install/pmb2_laser_sensors:/home/alejandro/bookros2_ws/install/launch_pal:${AMENT_PREFIX_PATH} CMAKE_PREFIX_PATH=/home/alejandro/bookros2_ws/install/pmb2_laser_sensors:/home/alejandro/ros2_utilities_ws/install/micro_ros_setup:/home/alejandro/ros2_utilities_ws/install/micro_ros_agent:/home/alejandro/ros2_utilities_ws/install/micro_ros_msgs:/opt/ros/humble PYTHONPATH=/home/alejandro/bookros2_ws/install/launch_pal/lib/python3.10/site-packages:${PYTHONPATH} /usr/bin/cmake --install /home/alejandro/bookros2_ws/build/pmb2_2dnav
[0.399s] -- Install configuration: ""
[0.400s] -- Execute custom install script
[0.401s] -- Up-to-date symlink: /home/alejandro/bookros2_ws/install/pmb2_2dnav/share/pmb2_2dnav/config/rviz/advanced_navigation.rviz
[0.401s] -- Up-to-date symlink: /home/alejandro/bookros2_ws/install/pmb2_2dnav/share/pmb2_2dnav/config/rviz/navigation.rviz
[0.401s] -- Up-to-date symlink: /home/alejandro/bookros2_ws/install/pmb2_2dnav/share/pmb2_2dnav/launch/pmb2_nav_bringup.launch.py
[0.402s] -- Up-to-date symlink: /home/alejandro/bookros2_ws/install/pmb2_2dnav/share/pmb2_2dnav/params/pmb2_loc.yaml
[0.402s] -- Up-to-date symlink: /home/alejandro/bookros2_ws/install/pmb2_2dnav/share/pmb2_2dnav/params/pmb2_loc_w_composition.yaml
[0.402s] -- Up-to-date symlink: /home/alejandro/bookros2_ws/install/pmb2_2dnav/share/pmb2_2dnav/params/pmb2_nav.yaml
[0.403s] -- Up-to-date symlink: /home/alejandro/bookros2_ws/install/pmb2_2dnav/share/pmb2_2dnav/params/pmb2_nav_public_sim.yaml
[0.403s] -- Up-to-date symlink: /home/alejandro/bookros2_ws/install/pmb2_2dnav/share/pmb2_2dnav/params/pmb2_nav_w_composition.yaml
[0.403s] -- Up-to-date symlink: /home/alejandro/bookros2_ws/install/pmb2_2dnav/share/pmb2_2dnav/params/pmb2_remappings.yaml
[0.403s] -- Up-to-date symlink: /home/alejandro/bookros2_ws/install/pmb2_2dnav/share/pmb2_2dnav/params/pmb2_remappings_sim.yaml
[0.403s] -- Up-to-date symlink: /home/alejandro/bookros2_ws/install/pmb2_2dnav/share/pmb2_2dnav/params/pmb2_slam.yaml
[0.404s] -- Up-to-date symlink: /home/alejandro/bookros2_ws/install/pmb2_2dnav/share/ament_index/resource_index/package_run_dependencies/pmb2_2dnav
[0.404s] -- Up-to-date symlink: /home/alejandro/bookros2_ws/install/pmb2_2dnav/share/ament_index/resource_index/parent_prefix_path/pmb2_2dnav
[0.405s] -- Up-to-date symlink: /home/alejandro/bookros2_ws/install/pmb2_2dnav/share/pmb2_2dnav/environment/ament_prefix_path.sh
[0.405s] -- Up-to-date symlink: /home/alejandro/bookros2_ws/install/pmb2_2dnav/share/pmb2_2dnav/environment/ament_prefix_path.dsv
[0.405s] -- Up-to-date symlink: /home/alejandro/bookros2_ws/install/pmb2_2dnav/share/pmb2_2dnav/environment/path.sh
[0.405s] -- Up-to-date symlink: /home/alejandro/bookros2_ws/install/pmb2_2dnav/share/pmb2_2dnav/environment/path.dsv
[0.406s] -- Up-to-date symlink: /home/alejandro/bookros2_ws/install/pmb2_2dnav/share/pmb2_2dnav/local_setup.bash
[0.406s] -- Up-to-date symlink: /home/alejandro/bookros2_ws/install/pmb2_2dnav/share/pmb2_2dnav/local_setup.sh
[0.406s] -- Up-to-date symlink: /home/alejandro/bookros2_ws/install/pmb2_2dnav/share/pmb2_2dnav/local_setup.zsh
[0.406s] -- Up-to-date symlink: /home/alejandro/bookros2_ws/install/pmb2_2dnav/share/pmb2_2dnav/local_setup.dsv
[0.407s] -- Symlinking: /home/alejandro/bookros2_ws/install/pmb2_2dnav/share/pmb2_2dnav/package.dsv
[0.417s] -- Up-to-date symlink: /home/alejandro/bookros2_ws/install/pmb2_2dnav/share/ament_index/resource_index/packages/pmb2_2dnav
[0.417s] -- Up-to-date symlink: /home/alejandro/bookros2_ws/install/pmb2_2dnav/share/pmb2_2dnav/cmake/pmb2_2dnavConfig.cmake
[0.417s] -- Up-to-date symlink: /home/alejandro/bookros2_ws/install/pmb2_2dnav/share/pmb2_2dnav/cmake/pmb2_2dnavConfig-version.cmake
[0.417s] -- Up-to-date symlink: /home/alejandro/bookros2_ws/install/pmb2_2dnav/share/pmb2_2dnav/package.xml
[0.420s] Invoked command in '/home/alejandro/bookros2_ws/build/pmb2_2dnav' returned '0': AMENT_PREFIX_PATH=/home/alejandro/bookros2_ws/install/pmb2_laser_sensors:/home/alejandro/bookros2_ws/install/launch_pal:${AMENT_PREFIX_PATH} CMAKE_PREFIX_PATH=/home/alejandro/bookros2_ws/install/pmb2_laser_sensors:/home/alejandro/ros2_utilities_ws/install/micro_ros_setup:/home/alejandro/ros2_utilities_ws/install/micro_ros_agent:/home/alejandro/ros2_utilities_ws/install/micro_ros_msgs:/opt/ros/humble PYTHONPATH=/home/alejandro/bookros2_ws/install/launch_pal/lib/python3.10/site-packages:${PYTHONPATH} /usr/bin/cmake --install /home/alejandro/bookros2_ws/build/pmb2_2dnav
