[0.102s] Invoking command in '/home/alejandro/bookros2_ws/build/pmb2_description': AMENT_PREFIX_PATH=/home/alejandro/bookros2_ws/install/urdf_test:/home/alejandro/bookros2_ws/install/launch_pal:${AMENT_PREFIX_PATH} CMAKE_PREFIX_PATH=/home/alejandro/bookros2_ws/install/urdf_test:/home/alejandro/ros2_utilities_ws/install/micro_ros_setup:/home/alejandro/ros2_utilities_ws/install/micro_ros_agent:/home/alejandro/ros2_utilities_ws/install/micro_ros_msgs:/opt/ros/humble PYTHONPATH=/home/alejandro/bookros2_ws/install/urdf_test/local/lib/python3.10/dist-packages:/home/alejandro/bookros2_ws/install/launch_pal/lib/python3.10/site-packages:${PYTHONPATH} /usr/bin/cmake --build /home/alejandro/bookros2_ws/build/pmb2_description -- -j8 -l8
[0.379s] Built target ament_cmake_python_symlink_pmb2_description
[1.850s] running egg_info
[1.937s] writing pmb2_description.egg-info/PKG-INFO
[1.940s] writing dependency_links to pmb2_description.egg-info/dependency_links.txt
[1.942s] writing top-level names to pmb2_description.egg-info/top_level.txt
[2.206s] reading manifest file 'pmb2_description.egg-info/SOURCES.txt'
[2.207s] writing manifest file 'pmb2_description.egg-info/SOURCES.txt'
[2.363s] Built target ament_cmake_python_build_pmb2_description_egg
[2.418s] Invoked command in '/home/alejandro/bookros2_ws/build/pmb2_description' returned '0': AMENT_PREFIX_PATH=/home/alejandro/bookros2_ws/install/urdf_test:/home/alejandro/bookros2_ws/install/launch_pal:${AMENT_PREFIX_PATH} CMAKE_PREFIX_PATH=/home/alejandro/bookros2_ws/install/urdf_test:/home/alejandro/ros2_utilities_ws/install/micro_ros_setup:/home/alejandro/ros2_utilities_ws/install/micro_ros_agent:/home/alejandro/ros2_utilities_ws/install/micro_ros_msgs:/opt/ros/humble PYTHONPATH=/home/alejandro/bookros2_ws/install/urdf_test/local/lib/python3.10/dist-packages:/home/alejandro/bookros2_ws/install/launch_pal/lib/python3.10/site-packages:${PYTHONPATH} /usr/bin/cmake --build /home/alejandro/bookros2_ws/build/pmb2_description -- -j8 -l8
[2.503s] Invoking command in '/home/alejandro/bookros2_ws/build/pmb2_description': AMENT_PREFIX_PATH=/home/alejandro/bookros2_ws/install/urdf_test:/home/alejandro/bookros2_ws/install/launch_pal:${AMENT_PREFIX_PATH} CMAKE_PREFIX_PATH=/home/alejandro/bookros2_ws/install/urdf_test:/home/alejandro/ros2_utilities_ws/install/micro_ros_setup:/home/alejandro/ros2_utilities_ws/install/micro_ros_agent:/home/alejandro/ros2_utilities_ws/install/micro_ros_msgs:/opt/ros/humble PYTHONPATH=/home/alejandro/bookros2_ws/install/urdf_test/local/lib/python3.10/dist-packages:/home/alejandro/bookros2_ws/install/launch_pal/lib/python3.10/site-packages:${PYTHONPATH} /usr/bin/cmake --install /home/alejandro/bookros2_ws/build/pmb2_description
[2.528s] -- Install configuration: ""
[2.529s] -- Execute custom install script
[2.529s] -- Up-to-date symlink: /home/alejandro/bookros2_ws/install/pmb2_description/share/pmb2_description/environment/pythonpath.sh
[2.529s] -- Up-to-date symlink: /home/alejandro/bookros2_ws/install/pmb2_description/share/pmb2_description/environment/pythonpath.dsv
[2.529s] -- Up-to-date symlink: /home/alejandro/bookros2_ws/install/pmb2_description/local/lib/python3.10/dist-packages/pmb2_description-5.4.0-py3.10.egg-info/PKG-INFO
[2.531s] -- Up-to-date symlink: /home/alejandro/bookros2_ws/install/pmb2_description/local/lib/python3.10/dist-packages/pmb2_description-5.4.0-py3.10.egg-info/SOURCES.txt
[2.531s] -- Up-to-date symlink: /home/alejandro/bookros2_ws/install/pmb2_description/local/lib/python3.10/dist-packages/pmb2_description-5.4.0-py3.10.egg-info/dependency_links.txt
[2.533s] -- Up-to-date symlink: /home/alejandro/bookros2_ws/install/pmb2_description/local/lib/python3.10/dist-packages/pmb2_description-5.4.0-py3.10.egg-info/top_level.txt
[2.533s] -- Up-to-date symlink: /home/alejandro/bookros2_ws/install/pmb2_description/local/lib/python3.10/dist-packages/pmb2_description/__init__.py
[2.533s] -- Up-to-date symlink: /home/alejandro/bookros2_ws/install/pmb2_description/local/lib/python3.10/dist-packages/pmb2_description/launch_arguments.py
[2.533s] -- Up-to-date symlink: /home/alejandro/bookros2_ws/install/pmb2_description/share/pmb2_description/rviz/pmb2.rviz
[2.533s] -- Up-to-date symlink: /home/alejandro/bookros2_ws/install/pmb2_description/share/pmb2_description/launch/robot_state_publisher.launch.py
[2.535s] -- Up-to-date symlink: /home/alejandro/bookros2_ws/install/pmb2_description/share/pmb2_description/launch/show.launch.py
[2.535s] -- Up-to-date symlink: /home/alejandro/bookros2_ws/install/pmb2_description/share/pmb2_description/meshes/base/base.stl
[2.535s] -- Up-to-date symlink: /home/alejandro/bookros2_ws/install/pmb2_description/share/pmb2_description/meshes/base/base_collision.dae
[2.536s] -- Up-to-date symlink: /home/alejandro/bookros2_ws/install/pmb2_description/share/pmb2_description/meshes/base/base_dock_link.stl
[2.536s] -- Up-to-date symlink: /home/alejandro/bookros2_ws/install/pmb2_description/share/pmb2_description/meshes/base/base_ring.stl
[2.537s] -- Up-to-date symlink: /home/alejandro/bookros2_ws/install/pmb2_description/share/pmb2_description/meshes/base/high_resolution/base.stl
[2.538s] -- Up-to-date symlink: /home/alejandro/bookros2_ws/install/pmb2_description/share/pmb2_description/meshes/base/high_resolution/base_collision.stl
[2.538s] -- Up-to-date symlink: /home/alejandro/bookros2_ws/install/pmb2_description/share/pmb2_description/meshes/cameras_add_on/cameras_add_on.stl
[2.538s] -- Up-to-date symlink: /home/alejandro/bookros2_ws/install/pmb2_description/share/pmb2_description/meshes/cameras_add_on/cameras_add_on_collision.stl
[2.539s] -- Up-to-date symlink: /home/alejandro/bookros2_ws/install/pmb2_description/share/pmb2_description/meshes/dock/dock.stl
[2.539s] -- Up-to-date symlink: /home/alejandro/bookros2_ws/install/pmb2_description/share/pmb2_description/meshes/dock/dock_collision.stl
[2.540s] -- Up-to-date symlink: /home/alejandro/bookros2_ws/install/pmb2_description/share/pmb2_description/meshes/objects/antenna.stl
[2.540s] -- Up-to-date symlink: /home/alejandro/bookros2_ws/install/pmb2_description/share/pmb2_description/meshes/objects/cover.stl
[2.541s] -- Up-to-date symlink: /home/alejandro/bookros2_ws/install/pmb2_description/share/pmb2_description/meshes/objects/high_resolution/cover.stl
[2.541s] -- Up-to-date symlink: /home/alejandro/bookros2_ws/install/pmb2_description/share/pmb2_description/meshes/sensors/bumper.stl
[2.541s] -- Up-to-date symlink: /home/alejandro/bookros2_ws/install/pmb2_description/share/pmb2_description/meshes/sensors/bumper_collision.stl
[2.541s] -- Up-to-date symlink: /home/alejandro/bookros2_ws/install/pmb2_description/share/pmb2_description/meshes/sensors/elp_camera.stl
[2.541s] -- Up-to-date symlink: /home/alejandro/bookros2_ws/install/pmb2_description/share/pmb2_description/meshes/sensors/high_resolution/bumper.stl
[2.541s] -- Up-to-date symlink: /home/alejandro/bookros2_ws/install/pmb2_description/share/pmb2_description/meshes/sensors/high_resolution/hokuyo_urg_04lx_ug01.stl
[2.541s] -- Up-to-date symlink: /home/alejandro/bookros2_ws/install/pmb2_description/share/pmb2_description/meshes/sensors/high_resolution/sick_tim551.stl
[2.541s] -- Up-to-date symlink: /home/alejandro/bookros2_ws/install/pmb2_description/share/pmb2_description/meshes/sensors/high_resolution/srf05.stl
[2.541s] -- Up-to-date symlink: /home/alejandro/bookros2_ws/install/pmb2_description/share/pmb2_description/meshes/sensors/high_resolution/xtion_pro_live.stl
[2.543s] -- Up-to-date symlink: /home/alejandro/bookros2_ws/install/pmb2_description/share/pmb2_description/meshes/sensors/hokuyo_urg_04lx_ug01.stl
[2.543s] -- Up-to-date symlink: /home/alejandro/bookros2_ws/install/pmb2_description/share/pmb2_description/meshes/sensors/sick_tim551.stl
[2.543s] -- Up-to-date symlink: /home/alejandro/bookros2_ws/install/pmb2_description/share/pmb2_description/meshes/sensors/srf05.stl
[2.543s] -- Up-to-date symlink: /home/alejandro/bookros2_ws/install/pmb2_description/share/pmb2_description/meshes/sensors/structure_sensor.stl
[2.544s] -- Up-to-date symlink: /home/alejandro/bookros2_ws/install/pmb2_description/share/pmb2_description/meshes/sensors/xtion_pro_live.dae
[2.544s] -- Up-to-date symlink: /home/alejandro/bookros2_ws/install/pmb2_description/share/pmb2_description/meshes/wheels/caster_1.stl
[2.544s] -- Up-to-date symlink: /home/alejandro/bookros2_ws/install/pmb2_description/share/pmb2_description/meshes/wheels/caster_2.stl
[2.544s] -- Up-to-date symlink: /home/alejandro/bookros2_ws/install/pmb2_description/share/pmb2_description/meshes/wheels/high_resolution/caster_1.stl
[2.545s] -- Up-to-date symlink: /home/alejandro/bookros2_ws/install/pmb2_description/share/pmb2_description/meshes/wheels/high_resolution/caster_2.stl
[2.545s] -- Up-to-date symlink: /home/alejandro/bookros2_ws/install/pmb2_description/share/pmb2_description/meshes/wheels/high_resolution/wheel.stl
[2.546s] -- Up-to-date symlink: /home/alejandro/bookros2_ws/install/pmb2_description/share/pmb2_description/meshes/wheels/wheel.stl
[2.546s] -- Up-to-date symlink: /home/alejandro/bookros2_ws/install/pmb2_description/share/pmb2_description/config/pmb2_configuration.yaml
[2.547s] -- Up-to-date symlink: /home/alejandro/bookros2_ws/install/pmb2_description/share/pmb2_description/robots/pmb2.urdf.xacro
[2.547s] -- Up-to-date symlink: /home/alejandro/bookros2_ws/install/pmb2_description/share/pmb2_description/ros2_control/gazebo_controller_manager_cfg.yaml
[2.547s] -- Up-to-date symlink: /home/alejandro/bookros2_ws/install/pmb2_description/share/pmb2_description/ros2_control/ros2_control.urdf.xacro
[2.547s] -- Up-to-date symlink: /home/alejandro/bookros2_ws/install/pmb2_description/share/pmb2_description/urdf/base/base.gazebo.xacro
[2.547s] -- Up-to-date symlink: /home/alejandro/bookros2_ws/install/pmb2_description/share/pmb2_description/urdf/base/base.urdf.xacro
[2.547s] -- Up-to-date symlink: /home/alejandro/bookros2_ws/install/pmb2_description/share/pmb2_description/urdf/base/base_sensors.urdf.xacro
[2.547s] -- Up-to-date symlink: /home/alejandro/bookros2_ws/install/pmb2_description/share/pmb2_description/urdf/cameras_add_on/cameras_add_on.urdf.xacro
[2.547s] -- Up-to-date symlink: /home/alejandro/bookros2_ws/install/pmb2_description/share/pmb2_description/urdf/dock/dock.urdf.xacro
[2.547s] -- Up-to-date symlink: /home/alejandro/bookros2_ws/install/pmb2_description/share/pmb2_description/urdf/objects/antenna.urdf.xacro
[2.549s] -- Up-to-date symlink: /home/alejandro/bookros2_ws/install/pmb2_description/share/pmb2_description/urdf/objects/cover.urdf.xacro
[2.549s] -- Up-to-date symlink: /home/alejandro/bookros2_ws/install/pmb2_description/share/pmb2_description/urdf/sensors/bumper.gazebo.xacro
[2.550s] -- Up-to-date symlink: /home/alejandro/bookros2_ws/install/pmb2_description/share/pmb2_description/urdf/sensors/bumper.urdf.xacro
[2.551s] -- Up-to-date symlink: /home/alejandro/bookros2_ws/install/pmb2_description/share/pmb2_description/urdf/sensors/courier.urdf.xacro
[2.551s] -- Up-to-date symlink: /home/alejandro/bookros2_ws/install/pmb2_description/share/pmb2_description/urdf/sensors/elp_rgb.gazebo.xacro
[2.551s] -- Up-to-date symlink: /home/alejandro/bookros2_ws/install/pmb2_description/share/pmb2_description/urdf/sensors/elp_rgb.urdf.xacro
[2.552s] -- Up-to-date symlink: /home/alejandro/bookros2_ws/install/pmb2_description/share/pmb2_description/urdf/sensors/hokuyo_urg_04lx_ug01_laser.gazebo.xacro
[2.552s] -- Up-to-date symlink: /home/alejandro/bookros2_ws/install/pmb2_description/share/pmb2_description/urdf/sensors/hokuyo_urg_04lx_ug01_laser.urdf.xacro
[2.553s] -- Up-to-date symlink: /home/alejandro/bookros2_ws/install/pmb2_description/share/pmb2_description/urdf/sensors/imu.gazebo.xacro
[2.553s] -- Up-to-date symlink: /home/alejandro/bookros2_ws/install/pmb2_description/share/pmb2_description/urdf/sensors/imu.urdf.xacro
[2.553s] -- Up-to-date symlink: /home/alejandro/bookros2_ws/install/pmb2_description/share/pmb2_description/urdf/sensors/microphone.urdf.xacro
[2.553s] -- Up-to-date symlink: /home/alejandro/bookros2_ws/install/pmb2_description/share/pmb2_description/urdf/sensors/range.gazebo.xacro
[2.553s] -- Up-to-date symlink: /home/alejandro/bookros2_ws/install/pmb2_description/share/pmb2_description/urdf/sensors/range.urdf.xacro
[2.554s] -- Up-to-date symlink: /home/alejandro/bookros2_ws/install/pmb2_description/share/pmb2_description/urdf/sensors/sensors.ros2_control.xacro
[2.554s] -- Up-to-date symlink: /home/alejandro/bookros2_ws/install/pmb2_description/share/pmb2_description/urdf/sensors/sick_tim551_laser.gazebo.xacro
[2.554s] -- Up-to-date symlink: /home/alejandro/bookros2_ws/install/pmb2_description/share/pmb2_description/urdf/sensors/sick_tim551_laser.urdf.xacro
[2.554s] -- Up-to-date symlink: /home/alejandro/bookros2_ws/install/pmb2_description/share/pmb2_description/urdf/sensors/sick_tim561_laser.gazebo.xacro
[2.554s] -- Up-to-date symlink: /home/alejandro/bookros2_ws/install/pmb2_description/share/pmb2_description/urdf/sensors/sick_tim561_laser.urdf.xacro
[2.555s] -- Up-to-date symlink: /home/alejandro/bookros2_ws/install/pmb2_description/share/pmb2_description/urdf/sensors/sick_tim571_laser.gazebo.xacro
[2.555s] -- Up-to-date symlink: /home/alejandro/bookros2_ws/install/pmb2_description/share/pmb2_description/urdf/sensors/sick_tim571_laser.urdf.xacro
[2.555s] -- Up-to-date symlink: /home/alejandro/bookros2_ws/install/pmb2_description/share/pmb2_description/urdf/sensors/structure_sensor.gazebo.xacro
[2.555s] -- Up-to-date symlink: /home/alejandro/bookros2_ws/install/pmb2_description/share/pmb2_description/urdf/sensors/structure_sensor.urdf.xacro
[2.555s] -- Up-to-date symlink: /home/alejandro/bookros2_ws/install/pmb2_description/share/pmb2_description/urdf/wheels/caster.gazebo.xacro
[2.558s] -- Up-to-date symlink: /home/alejandro/bookros2_ws/install/pmb2_description/share/pmb2_description/urdf/wheels/caster.urdf.xacro
[2.559s] -- Up-to-date symlink: /home/alejandro/bookros2_ws/install/pmb2_description/share/pmb2_description/urdf/wheels/wheel.gazebo.xacro
[2.561s] -- Up-to-date symlink: /home/alejandro/bookros2_ws/install/pmb2_description/share/pmb2_description/urdf/wheels/wheel.ros2_control.xacro
[2.567s] -- Up-to-date symlink: /home/alejandro/bookros2_ws/install/pmb2_description/share/pmb2_description/urdf/wheels/wheel.urdf.xacro
[2.570s] -- Up-to-date symlink: /home/alejandro/bookros2_ws/install/pmb2_description/share/ament_index/resource_index/package_run_dependencies/pmb2_description
[2.570s] -- Up-to-date symlink: /home/alejandro/bookros2_ws/install/pmb2_description/share/ament_index/resource_index/parent_prefix_path/pmb2_description
[2.572s] -- Up-to-date symlink: /home/alejandro/bookros2_ws/install/pmb2_description/share/pmb2_description/environment/ament_prefix_path.sh
[2.573s] -- Up-to-date symlink: /home/alejandro/bookros2_ws/install/pmb2_description/share/pmb2_description/environment/ament_prefix_path.dsv
[2.574s] -- Up-to-date symlink: /home/alejandro/bookros2_ws/install/pmb2_description/share/pmb2_description/environment/path.sh
[2.578s] -- Up-to-date symlink: /home/alejandro/bookros2_ws/install/pmb2_description/share/pmb2_description/environment/path.dsv
[2.581s] -- Up-to-date symlink: /home/alejandro/bookros2_ws/install/pmb2_description/share/pmb2_description/local_setup.bash
[2.581s] -- Up-to-date symlink: /home/alejandro/bookros2_ws/install/pmb2_description/share/pmb2_description/local_setup.sh
[2.582s] -- Up-to-date symlink: /home/alejandro/bookros2_ws/install/pmb2_description/share/pmb2_description/local_setup.zsh
[2.582s] -- Up-to-date symlink: /home/alejandro/bookros2_ws/install/pmb2_description/share/pmb2_description/local_setup.dsv
[2.582s] -- Symlinking: /home/alejandro/bookros2_ws/install/pmb2_description/share/pmb2_description/package.dsv
[2.586s] -- Up-to-date symlink: /home/alejandro/bookros2_ws/install/pmb2_description/share/ament_index/resource_index/packages/pmb2_description
[2.586s] -- Up-to-date symlink: /home/alejandro/bookros2_ws/install/pmb2_description/share/pmb2_description/cmake/pmb2_descriptionConfig.cmake
[2.586s] -- Up-to-date symlink: /home/alejandro/bookros2_ws/install/pmb2_description/share/pmb2_description/cmake/pmb2_descriptionConfig-version.cmake
[2.586s] -- Up-to-date symlink: /home/alejandro/bookros2_ws/install/pmb2_description/share/pmb2_description/package.xml
[2.672s] Listing '/home/alejandro/bookros2_ws/install/pmb2_description/local/lib/python3.10/dist-packages/pmb2_description'...
[2.707s] Invoked command in '/home/alejandro/bookros2_ws/build/pmb2_description' returned '0': AMENT_PREFIX_PATH=/home/alejandro/bookros2_ws/install/urdf_test:/home/alejandro/bookros2_ws/install/launch_pal:${AMENT_PREFIX_PATH} CMAKE_PREFIX_PATH=/home/alejandro/bookros2_ws/install/urdf_test:/home/alejandro/ros2_utilities_ws/install/micro_ros_setup:/home/alejandro/ros2_utilities_ws/install/micro_ros_agent:/home/alejandro/ros2_utilities_ws/install/micro_ros_msgs:/opt/ros/humble PYTHONPATH=/home/alejandro/bookros2_ws/install/urdf_test/local/lib/python3.10/dist-packages:/home/alejandro/bookros2_ws/install/launch_pal/lib/python3.10/site-packages:${PYTHONPATH} /usr/bin/cmake --install /home/alejandro/bookros2_ws/build/pmb2_description
