[0.013s] Invoking command in '/home/alejandro/bookros2_ws/build/tiago_gazebo': AMENT_PREFIX_PATH=/home/alejandro/bookros2_ws/install/tiago_moveit_config:/home/alejandro/bookros2_ws/install/tiago_bringup:/home/alejandro/bookros2_ws/install/tiago_2dnav:/home/alejandro/bookros2_ws/install/tiago_description:/home/alejandro/bookros2_ws/install/tiago_controller_configuration:/home/alejandro/bookros2_ws/install/pmb2_description:/home/alejandro/bookros2_ws/install/pmb2_controller_configuration:/home/alejandro/bookros2_ws/install/pal_gripper_description:/home/alejandro/bookros2_ws/install/urdf_test:/home/alejandro/bookros2_ws/install/tiago_laser_sensors:/home/alejandro/bookros2_ws/install/pal_gripper_controller_configuration:/home/alejandro/bookros2_ws/install/pal_gazebo_worlds:/home/alejandro/bookros2_ws/install/launch_pal:${AMENT_PREFIX_PATH} CMAKE_PREFIX_PATH=/home/alejandro/bookros2_ws/install/tiago_moveit_config:/home/alejandro/bookros2_ws/install/tiago_bringup:/home/alejandro/bookros2_ws/install/tiago_2dnav:/home/alejandro/bookros2_ws/install/tiago_description:/home/alejandro/bookros2_ws/install/tiago_controller_configuration:/home/alejandro/bookros2_ws/install/pmb2_description:/home/alejandro/bookros2_ws/install/pmb2_controller_configuration:/home/alejandro/bookros2_ws/install/pal_gripper_description:/home/alejandro/bookros2_ws/install/urdf_test:/home/alejandro/bookros2_ws/install/tiago_laser_sensors:/home/alejandro/bookros2_ws/install/pal_gripper_controller_configuration:/home/alejandro/bookros2_ws/install/pal_gazebo_worlds:/home/alejandro/ros2_utilities_ws/install/micro_ros_setup:/home/alejandro/ros2_utilities_ws/install/micro_ros_agent:/home/alejandro/ros2_utilities_ws/install/micro_ros_msgs:/opt/ros/humble PYTHONPATH=/home/alejandro/bookros2_ws/install/tiago_description/local/lib/python3.10/dist-packages:/home/alejandro/bookros2_ws/install/pmb2_description/local/lib/python3.10/dist-packages:/home/alejandro/bookros2_ws/install/urdf_test/local/lib/python3.10/dist-packages:/home/alejandro/bookros2_ws/install/launch_pal/lib/python3.10/site-packages:${PYTHONPATH} /usr/bin/cmake /home/alejandro/bookros2_ws/src/ThirdParty/tiago_simulation/tiago_gazebo -DCMAKE_INSTALL_PREFIX=/home/alejandro/bookros2_ws/install/tiago_gazebo
[0.022s] -- Found ament_cmake_auto: 1.3.10 (/opt/ros/humble/share/ament_cmake_auto/cmake)
[0.127s] -- Override CMake install command with custom implementation using symlinks instead of copying resources
[0.210s] -- Found ament_cmake_gtest: 1.3.10 (/opt/ros/humble/share/ament_cmake_gtest/cmake)
[0.210s] -- Found ament_lint_auto: 0.12.11 (/opt/ros/humble/share/ament_lint_auto/cmake)
[0.215s] -- Found python_cmake_module: 0.10.0 (/opt/ros/humble/share/python_cmake_module/cmake)
[0.236s] -- Using PYTHON_EXECUTABLE: /usr/bin/python3
[0.236s] -- Using PYTHON_INCLUDE_DIRS: /usr/include/python3.10
[0.236s] -- Using PYTHON_LIBRARIES: /usr/lib/x86_64-linux-gnu/libpython3.10.so
[0.262s] -- Found rosidl_generator_c: 3.1.5 (/opt/ros/humble/share/rosidl_generator_c/cmake)
[0.266s] -- Found rosidl_adapter: 3.1.5 (/opt/ros/humble/share/rosidl_adapter/cmake)
[0.271s] -- Found rosidl_generator_cpp: 3.1.5 (/opt/ros/humble/share/rosidl_generator_cpp/cmake)
[0.285s] -- Using all available rosidl_typesupport_c: rosidl_typesupport_fastrtps_c;rosidl_typesupport_introspection_c
[0.296s] -- Using all available rosidl_typesupport_cpp: rosidl_typesupport_fastrtps_cpp;rosidl_typesupport_introspection_cpp
[0.357s] -- Found rmw_implementation_cmake: 6.1.2 (/opt/ros/humble/share/rmw_implementation_cmake/cmake)
[0.358s] -- Found rmw_fastrtps_cpp: 6.2.7 (/opt/ros/humble/share/rmw_fastrtps_cpp/cmake)
[0.436s] -- Using RMW implementation 'rmw_fastrtps_cpp' as default
[0.499s] -- Found gtest sources under '/opt/ros/humble/src/gtest_vendor': C++ tests using 'Google Test' will be built
[0.507s] -- Added test 'copyright' to check source files copyright and LICENSE
[0.508s] -- Added test 'cppcheck' to perform static code analysis on C / C++ code
[0.508s] -- Configured cppcheck include dirs: 
[0.508s] -- Configured cppcheck exclude dirs and/or files: 
[0.508s] -- Added test 'cpplint' to check C / C++ code against the Google style
[0.508s] -- Configured cpplint exclude dirs and/or files: 
[0.509s] -- Added test 'flake8' to check Python code syntax and style conventions
[0.509s] -- Added test 'lint_cmake' to check CMake code style
[0.509s] -- Added test 'pep257' to check Python code against some of the docstring style conventions in PEP 257
[0.510s] -- Added test 'uncrustify' to check C / C++ code style
[0.510s] -- Configured uncrustify additional arguments: 
[0.510s] -- Added test 'xmllint' to check XML markup files
[0.511s] -- Configuring done
[0.524s] -- Generating done
[0.525s] -- Build files have been written to: /home/alejandro/bookros2_ws/build/tiago_gazebo
[0.531s] Invoked command in '/home/alejandro/bookros2_ws/build/tiago_gazebo' returned '0': AMENT_PREFIX_PATH=/home/alejandro/bookros2_ws/install/tiago_moveit_config:/home/alejandro/bookros2_ws/install/tiago_bringup:/home/alejandro/bookros2_ws/install/tiago_2dnav:/home/alejandro/bookros2_ws/install/tiago_description:/home/alejandro/bookros2_ws/install/tiago_controller_configuration:/home/alejandro/bookros2_ws/install/pmb2_description:/home/alejandro/bookros2_ws/install/pmb2_controller_configuration:/home/alejandro/bookros2_ws/install/pal_gripper_description:/home/alejandro/bookros2_ws/install/urdf_test:/home/alejandro/bookros2_ws/install/tiago_laser_sensors:/home/alejandro/bookros2_ws/install/pal_gripper_controller_configuration:/home/alejandro/bookros2_ws/install/pal_gazebo_worlds:/home/alejandro/bookros2_ws/install/launch_pal:${AMENT_PREFIX_PATH} CMAKE_PREFIX_PATH=/home/alejandro/bookros2_ws/install/tiago_moveit_config:/home/alejandro/bookros2_ws/install/tiago_bringup:/home/alejandro/bookros2_ws/install/tiago_2dnav:/home/alejandro/bookros2_ws/install/tiago_description:/home/alejandro/bookros2_ws/install/tiago_controller_configuration:/home/alejandro/bookros2_ws/install/pmb2_description:/home/alejandro/bookros2_ws/install/pmb2_controller_configuration:/home/alejandro/bookros2_ws/install/pal_gripper_description:/home/alejandro/bookros2_ws/install/urdf_test:/home/alejandro/bookros2_ws/install/tiago_laser_sensors:/home/alejandro/bookros2_ws/install/pal_gripper_controller_configuration:/home/alejandro/bookros2_ws/install/pal_gazebo_worlds:/home/alejandro/ros2_utilities_ws/install/micro_ros_setup:/home/alejandro/ros2_utilities_ws/install/micro_ros_agent:/home/alejandro/ros2_utilities_ws/install/micro_ros_msgs:/opt/ros/humble PYTHONPATH=/home/alejandro/bookros2_ws/install/tiago_description/local/lib/python3.10/dist-packages:/home/alejandro/bookros2_ws/install/pmb2_description/local/lib/python3.10/dist-packages:/home/alejandro/bookros2_ws/install/urdf_test/local/lib/python3.10/dist-packages:/home/alejandro/bookros2_ws/install/launch_pal/lib/python3.10/site-packages:${PYTHONPATH} /usr/bin/cmake /home/alejandro/bookros2_ws/src/ThirdParty/tiago_simulation/tiago_gazebo -DCMAKE_INSTALL_PREFIX=/home/alejandro/bookros2_ws/install/tiago_gazebo
[0.533s] Invoking command in '/home/alejandro/bookros2_ws/build/tiago_gazebo': AMENT_PREFIX_PATH=/home/alejandro/bookros2_ws/install/tiago_moveit_config:/home/alejandro/bookros2_ws/install/tiago_bringup:/home/alejandro/bookros2_ws/install/tiago_2dnav:/home/alejandro/bookros2_ws/install/tiago_description:/home/alejandro/bookros2_ws/install/tiago_controller_configuration:/home/alejandro/bookros2_ws/install/pmb2_description:/home/alejandro/bookros2_ws/install/pmb2_controller_configuration:/home/alejandro/bookros2_ws/install/pal_gripper_description:/home/alejandro/bookros2_ws/install/urdf_test:/home/alejandro/bookros2_ws/install/tiago_laser_sensors:/home/alejandro/bookros2_ws/install/pal_gripper_controller_configuration:/home/alejandro/bookros2_ws/install/pal_gazebo_worlds:/home/alejandro/bookros2_ws/install/launch_pal:${AMENT_PREFIX_PATH} CMAKE_PREFIX_PATH=/home/alejandro/bookros2_ws/install/tiago_moveit_config:/home/alejandro/bookros2_ws/install/tiago_bringup:/home/alejandro/bookros2_ws/install/tiago_2dnav:/home/alejandro/bookros2_ws/install/tiago_description:/home/alejandro/bookros2_ws/install/tiago_controller_configuration:/home/alejandro/bookros2_ws/install/pmb2_description:/home/alejandro/bookros2_ws/install/pmb2_controller_configuration:/home/alejandro/bookros2_ws/install/pal_gripper_description:/home/alejandro/bookros2_ws/install/urdf_test:/home/alejandro/bookros2_ws/install/tiago_laser_sensors:/home/alejandro/bookros2_ws/install/pal_gripper_controller_configuration:/home/alejandro/bookros2_ws/install/pal_gazebo_worlds:/home/alejandro/ros2_utilities_ws/install/micro_ros_setup:/home/alejandro/ros2_utilities_ws/install/micro_ros_agent:/home/alejandro/ros2_utilities_ws/install/micro_ros_msgs:/opt/ros/humble PYTHONPATH=/home/alejandro/bookros2_ws/install/tiago_description/local/lib/python3.10/dist-packages:/home/alejandro/bookros2_ws/install/pmb2_description/local/lib/python3.10/dist-packages:/home/alejandro/bookros2_ws/install/urdf_test/local/lib/python3.10/dist-packages:/home/alejandro/bookros2_ws/install/launch_pal/lib/python3.10/site-packages:${PYTHONPATH} /usr/bin/cmake --build /home/alejandro/bookros2_ws/build/tiago_gazebo -- -j8 -l8
[0.560s] [35m[1mConsolidate compiler generated dependencies of target gtest_main[0m
[0.560s] [35m[1mConsolidate compiler generated dependencies of target gtest[0m
[0.570s] [ 66%] Built target gtest_main
[0.570s] [ 66%] Built target gtest
[0.577s] [35m[1mConsolidate compiler generated dependencies of target tuck_arm_test[0m
[0.589s] [100%] Built target tuck_arm_test
[0.596s] Invoked command in '/home/alejandro/bookros2_ws/build/tiago_gazebo' returned '0': AMENT_PREFIX_PATH=/home/alejandro/bookros2_ws/install/tiago_moveit_config:/home/alejandro/bookros2_ws/install/tiago_bringup:/home/alejandro/bookros2_ws/install/tiago_2dnav:/home/alejandro/bookros2_ws/install/tiago_description:/home/alejandro/bookros2_ws/install/tiago_controller_configuration:/home/alejandro/bookros2_ws/install/pmb2_description:/home/alejandro/bookros2_ws/install/pmb2_controller_configuration:/home/alejandro/bookros2_ws/install/pal_gripper_description:/home/alejandro/bookros2_ws/install/urdf_test:/home/alejandro/bookros2_ws/install/tiago_laser_sensors:/home/alejandro/bookros2_ws/install/pal_gripper_controller_configuration:/home/alejandro/bookros2_ws/install/pal_gazebo_worlds:/home/alejandro/bookros2_ws/install/launch_pal:${AMENT_PREFIX_PATH} CMAKE_PREFIX_PATH=/home/alejandro/bookros2_ws/install/tiago_moveit_config:/home/alejandro/bookros2_ws/install/tiago_bringup:/home/alejandro/bookros2_ws/install/tiago_2dnav:/home/alejandro/bookros2_ws/install/tiago_description:/home/alejandro/bookros2_ws/install/tiago_controller_configuration:/home/alejandro/bookros2_ws/install/pmb2_description:/home/alejandro/bookros2_ws/install/pmb2_controller_configuration:/home/alejandro/bookros2_ws/install/pal_gripper_description:/home/alejandro/bookros2_ws/install/urdf_test:/home/alejandro/bookros2_ws/install/tiago_laser_sensors:/home/alejandro/bookros2_ws/install/pal_gripper_controller_configuration:/home/alejandro/bookros2_ws/install/pal_gazebo_worlds:/home/alejandro/ros2_utilities_ws/install/micro_ros_setup:/home/alejandro/ros2_utilities_ws/install/micro_ros_agent:/home/alejandro/ros2_utilities_ws/install/micro_ros_msgs:/opt/ros/humble PYTHONPATH=/home/alejandro/bookros2_ws/install/tiago_description/local/lib/python3.10/dist-packages:/home/alejandro/bookros2_ws/install/pmb2_description/local/lib/python3.10/dist-packages:/home/alejandro/bookros2_ws/install/urdf_test/local/lib/python3.10/dist-packages:/home/alejandro/bookros2_ws/install/launch_pal/lib/python3.10/site-packages:${PYTHONPATH} /usr/bin/cmake --build /home/alejandro/bookros2_ws/build/tiago_gazebo -- -j8 -l8
[0.613s] Invoking command in '/home/alejandro/bookros2_ws/build/tiago_gazebo': AMENT_PREFIX_PATH=/home/alejandro/bookros2_ws/install/tiago_moveit_config:/home/alejandro/bookros2_ws/install/tiago_bringup:/home/alejandro/bookros2_ws/install/tiago_2dnav:/home/alejandro/bookros2_ws/install/tiago_description:/home/alejandro/bookros2_ws/install/tiago_controller_configuration:/home/alejandro/bookros2_ws/install/pmb2_description:/home/alejandro/bookros2_ws/install/pmb2_controller_configuration:/home/alejandro/bookros2_ws/install/pal_gripper_description:/home/alejandro/bookros2_ws/install/urdf_test:/home/alejandro/bookros2_ws/install/tiago_laser_sensors:/home/alejandro/bookros2_ws/install/pal_gripper_controller_configuration:/home/alejandro/bookros2_ws/install/pal_gazebo_worlds:/home/alejandro/bookros2_ws/install/launch_pal:${AMENT_PREFIX_PATH} CMAKE_PREFIX_PATH=/home/alejandro/bookros2_ws/install/tiago_moveit_config:/home/alejandro/bookros2_ws/install/tiago_bringup:/home/alejandro/bookros2_ws/install/tiago_2dnav:/home/alejandro/bookros2_ws/install/tiago_description:/home/alejandro/bookros2_ws/install/tiago_controller_configuration:/home/alejandro/bookros2_ws/install/pmb2_description:/home/alejandro/bookros2_ws/install/pmb2_controller_configuration:/home/alejandro/bookros2_ws/install/pal_gripper_description:/home/alejandro/bookros2_ws/install/urdf_test:/home/alejandro/bookros2_ws/install/tiago_laser_sensors:/home/alejandro/bookros2_ws/install/pal_gripper_controller_configuration:/home/alejandro/bookros2_ws/install/pal_gazebo_worlds:/home/alejandro/ros2_utilities_ws/install/micro_ros_setup:/home/alejandro/ros2_utilities_ws/install/micro_ros_agent:/home/alejandro/ros2_utilities_ws/install/micro_ros_msgs:/opt/ros/humble PYTHONPATH=/home/alejandro/bookros2_ws/install/tiago_description/local/lib/python3.10/dist-packages:/home/alejandro/bookros2_ws/install/pmb2_description/local/lib/python3.10/dist-packages:/home/alejandro/bookros2_ws/install/urdf_test/local/lib/python3.10/dist-packages:/home/alejandro/bookros2_ws/install/launch_pal/lib/python3.10/site-packages:${PYTHONPATH} /usr/bin/cmake --install /home/alejandro/bookros2_ws/build/tiago_gazebo
[0.618s] -- Install configuration: ""
[0.619s] -- Execute custom install script
[0.619s] -- Up-to-date symlink: /home/alejandro/bookros2_ws/install/tiago_gazebo/lib/tiago_gazebo/tuck_arm.py
[0.619s] -- Up-to-date symlink: /home/alejandro/bookros2_ws/install/tiago_gazebo/share/tiago_gazebo/test/tuck_arm_test
[0.620s] -- Up-to-date symlink: /home/alejandro/bookros2_ws/install/tiago_gazebo/share/tiago_gazebo/launch/robot_spawn.launch.py
[0.620s] -- Up-to-date symlink: /home/alejandro/bookros2_ws/install/tiago_gazebo/share/tiago_gazebo/launch/tiago_gazebo.launch.py
[0.620s] -- Up-to-date symlink: /home/alejandro/bookros2_ws/install/tiago_gazebo/share/ament_index/resource_index/package_run_dependencies/tiago_gazebo
[0.620s] -- Up-to-date symlink: /home/alejandro/bookros2_ws/install/tiago_gazebo/share/ament_index/resource_index/parent_prefix_path/tiago_gazebo
[0.621s] -- Up-to-date symlink: /home/alejandro/bookros2_ws/install/tiago_gazebo/share/tiago_gazebo/environment/ament_prefix_path.sh
[0.621s] -- Up-to-date symlink: /home/alejandro/bookros2_ws/install/tiago_gazebo/share/tiago_gazebo/environment/ament_prefix_path.dsv
[0.621s] -- Up-to-date symlink: /home/alejandro/bookros2_ws/install/tiago_gazebo/share/tiago_gazebo/environment/path.sh
[0.621s] -- Up-to-date symlink: /home/alejandro/bookros2_ws/install/tiago_gazebo/share/tiago_gazebo/environment/path.dsv
[0.621s] -- Up-to-date symlink: /home/alejandro/bookros2_ws/install/tiago_gazebo/share/tiago_gazebo/local_setup.bash
[0.622s] -- Up-to-date symlink: /home/alejandro/bookros2_ws/install/tiago_gazebo/share/tiago_gazebo/local_setup.sh
[0.622s] -- Up-to-date symlink: /home/alejandro/bookros2_ws/install/tiago_gazebo/share/tiago_gazebo/local_setup.zsh
[0.622s] -- Up-to-date symlink: /home/alejandro/bookros2_ws/install/tiago_gazebo/share/tiago_gazebo/local_setup.dsv
[0.622s] -- Symlinking: /home/alejandro/bookros2_ws/install/tiago_gazebo/share/tiago_gazebo/package.dsv
[0.628s] -- Up-to-date symlink: /home/alejandro/bookros2_ws/install/tiago_gazebo/share/ament_index/resource_index/packages/tiago_gazebo
[0.628s] -- Up-to-date symlink: /home/alejandro/bookros2_ws/install/tiago_gazebo/share/tiago_gazebo/cmake/tiago_gazeboConfig.cmake
[0.629s] -- Up-to-date symlink: /home/alejandro/bookros2_ws/install/tiago_gazebo/share/tiago_gazebo/cmake/tiago_gazeboConfig-version.cmake
[0.629s] -- Up-to-date symlink: /home/alejandro/bookros2_ws/install/tiago_gazebo/share/tiago_gazebo/package.xml
[0.630s] Invoked command in '/home/alejandro/bookros2_ws/build/tiago_gazebo' returned '0': AMENT_PREFIX_PATH=/home/alejandro/bookros2_ws/install/tiago_moveit_config:/home/alejandro/bookros2_ws/install/tiago_bringup:/home/alejandro/bookros2_ws/install/tiago_2dnav:/home/alejandro/bookros2_ws/install/tiago_description:/home/alejandro/bookros2_ws/install/tiago_controller_configuration:/home/alejandro/bookros2_ws/install/pmb2_description:/home/alejandro/bookros2_ws/install/pmb2_controller_configuration:/home/alejandro/bookros2_ws/install/pal_gripper_description:/home/alejandro/bookros2_ws/install/urdf_test:/home/alejandro/bookros2_ws/install/tiago_laser_sensors:/home/alejandro/bookros2_ws/install/pal_gripper_controller_configuration:/home/alejandro/bookros2_ws/install/pal_gazebo_worlds:/home/alejandro/bookros2_ws/install/launch_pal:${AMENT_PREFIX_PATH} CMAKE_PREFIX_PATH=/home/alejandro/bookros2_ws/install/tiago_moveit_config:/home/alejandro/bookros2_ws/install/tiago_bringup:/home/alejandro/bookros2_ws/install/tiago_2dnav:/home/alejandro/bookros2_ws/install/tiago_description:/home/alejandro/bookros2_ws/install/tiago_controller_configuration:/home/alejandro/bookros2_ws/install/pmb2_description:/home/alejandro/bookros2_ws/install/pmb2_controller_configuration:/home/alejandro/bookros2_ws/install/pal_gripper_description:/home/alejandro/bookros2_ws/install/urdf_test:/home/alejandro/bookros2_ws/install/tiago_laser_sensors:/home/alejandro/bookros2_ws/install/pal_gripper_controller_configuration:/home/alejandro/bookros2_ws/install/pal_gazebo_worlds:/home/alejandro/ros2_utilities_ws/install/micro_ros_setup:/home/alejandro/ros2_utilities_ws/install/micro_ros_agent:/home/alejandro/ros2_utilities_ws/install/micro_ros_msgs:/opt/ros/humble PYTHONPATH=/home/alejandro/bookros2_ws/install/tiago_description/local/lib/python3.10/dist-packages:/home/alejandro/bookros2_ws/install/pmb2_description/local/lib/python3.10/dist-packages:/home/alejandro/bookros2_ws/install/urdf_test/local/lib/python3.10/dist-packages:/home/alejandro/bookros2_ws/install/launch_pal/lib/python3.10/site-packages:${PYTHONPATH} /usr/bin/cmake --install /home/alejandro/bookros2_ws/build/tiago_gazebo
