[0.261s] Invoking command in '/home/alejandro/bookros2_ws/build/br2_tracking_msgs': CMAKE_PREFIX_PATH=${CMAKE_PREFIX_PATH}:/home/alejandro/bookros2_ws/install/launch_pal:/home/alejandro/bookros2_ws/install/br2_fsm_bumpgo_py:/opt/ros/humble /usr/bin/cmake --build /home/alejandro/bookros2_ws/build/br2_tracking_msgs -- -j8 -l8
[0.327s] [  3%] Built target br2_tracking_msgs__cpp
[0.393s] [  3%] Built target ament_cmake_python_symlink_br2_tracking_msgs
[0.435s] [ 12%] Built target br2_tracking_msgs__rosidl_typesupport_introspection_cpp
[0.767s] running egg_info
[0.799s] writing br2_tracking_msgs.egg-info/PKG-INFO
[0.799s] writing dependency_links to br2_tracking_msgs.egg-info/dependency_links.txt
[0.800s] writing top-level names to br2_tracking_msgs.egg-info/top_level.txt
[0.883s] reading manifest file 'br2_tracking_msgs.egg-info/SOURCES.txt'
[0.884s] writing manifest file 'br2_tracking_msgs.egg-info/SOURCES.txt'
[0.918s] [ 12%] Built target ament_cmake_python_build_br2_tracking_msgs_egg
[0.937s] [ 22%] Built target br2_tracking_msgs__rosidl_typesupport_fastrtps_cpp
[0.964s] [ 32%] Built target br2_tracking_msgs__rosidl_typesupport_cpp
[0.990s] [ 41%] Built target br2_tracking_msgs__rosidl_generator_c
[1.021s] [ 51%] Built target br2_tracking_msgs__rosidl_typesupport_fastrtps_c
[1.045s] [ 61%] Built target br2_tracking_msgs__rosidl_typesupport_c
[1.068s] [ 70%] Built target br2_tracking_msgs__rosidl_typesupport_introspection_c
[1.089s] [ 70%] Built target br2_tracking_msgs
[1.120s] [ 74%] Built target br2_tracking_msgs__py
[1.148s] [ 80%] Built target br2_tracking_msgs__rosidl_generator_py
[1.174s] [ 87%] Built target br2_tracking_msgs__rosidl_typesupport_fastrtps_c__pyext
[1.200s] [ 93%] Built target br2_tracking_msgs__rosidl_typesupport_c__pyext
[1.227s] [100%] Built target br2_tracking_msgs__rosidl_typesupport_introspection_c__pyext
[1.246s] Invoked command in '/home/alejandro/bookros2_ws/build/br2_tracking_msgs' returned '0': CMAKE_PREFIX_PATH=${CMAKE_PREFIX_PATH}:/home/alejandro/bookros2_ws/install/launch_pal:/home/alejandro/bookros2_ws/install/br2_fsm_bumpgo_py:/opt/ros/humble /usr/bin/cmake --build /home/alejandro/bookros2_ws/build/br2_tracking_msgs -- -j8 -l8
[1.367s] Invoking command in '/home/alejandro/bookros2_ws/build/br2_tracking_msgs': CMAKE_PREFIX_PATH=${CMAKE_PREFIX_PATH}:/home/alejandro/bookros2_ws/install/launch_pal:/home/alejandro/bookros2_ws/install/br2_fsm_bumpgo_py:/opt/ros/humble /usr/bin/cmake --install /home/alejandro/bookros2_ws/build/br2_tracking_msgs
[1.382s] -- Install configuration: ""
[1.383s] -- Execute custom install script
[1.383s] -- Up-to-date symlink: /home/alejandro/bookros2_ws/install/br2_tracking_msgs/share/ament_index/resource_index/rosidl_interfaces/br2_tracking_msgs
[1.387s] -- Up-to-date symlink: /home/alejandro/bookros2_ws/install/br2_tracking_msgs/include/br2_tracking_msgs/br2_tracking_msgs/msg/detail/pan_tilt_command__functions.h
[1.387s] -- Up-to-date symlink: /home/alejandro/bookros2_ws/install/br2_tracking_msgs/include/br2_tracking_msgs/br2_tracking_msgs/msg/detail/pan_tilt_command__struct.h
[1.387s] -- Up-to-date symlink: /home/alejandro/bookros2_ws/install/br2_tracking_msgs/include/br2_tracking_msgs/br2_tracking_msgs/msg/detail/pan_tilt_command__type_support.h
[1.387s] -- Up-to-date symlink: /home/alejandro/bookros2_ws/install/br2_tracking_msgs/include/br2_tracking_msgs/br2_tracking_msgs/msg/pan_tilt_command.h
[1.387s] -- Up-to-date symlink: /home/alejandro/bookros2_ws/install/br2_tracking_msgs/include/br2_tracking_msgs/br2_tracking_msgs/msg/rosidl_generator_c__visibility_control.h
[1.388s] -- Up-to-date symlink: /home/alejandro/bookros2_ws/install/br2_tracking_msgs/share/br2_tracking_msgs/environment/library_path.sh
[1.388s] -- Up-to-date symlink: /home/alejandro/bookros2_ws/install/br2_tracking_msgs/share/br2_tracking_msgs/environment/library_path.dsv
[1.388s] -- Up-to-date symlink: /home/alejandro/bookros2_ws/install/br2_tracking_msgs/include/br2_tracking_msgs/br2_tracking_msgs/msg/detail/pan_tilt_command__rosidl_typesupport_fastrtps_c.h
[1.388s] -- Up-to-date symlink: /home/alejandro/bookros2_ws/install/br2_tracking_msgs/include/br2_tracking_msgs/br2_tracking_msgs/msg/rosidl_typesupport_fastrtps_c__visibility_control.h
[1.388s] -- Up-to-date symlink: /home/alejandro/bookros2_ws/install/br2_tracking_msgs/include/br2_tracking_msgs/br2_tracking_msgs/msg/detail/pan_tilt_command__builder.hpp
[1.388s] -- Up-to-date symlink: /home/alejandro/bookros2_ws/install/br2_tracking_msgs/include/br2_tracking_msgs/br2_tracking_msgs/msg/detail/pan_tilt_command__struct.hpp
[1.388s] -- Up-to-date symlink: /home/alejandro/bookros2_ws/install/br2_tracking_msgs/include/br2_tracking_msgs/br2_tracking_msgs/msg/detail/pan_tilt_command__traits.hpp
[1.388s] -- Up-to-date symlink: /home/alejandro/bookros2_ws/install/br2_tracking_msgs/include/br2_tracking_msgs/br2_tracking_msgs/msg/pan_tilt_command.hpp
[1.389s] -- Up-to-date symlink: /home/alejandro/bookros2_ws/install/br2_tracking_msgs/include/br2_tracking_msgs/br2_tracking_msgs/msg/detail/pan_tilt_command__rosidl_typesupport_fastrtps_cpp.hpp
[1.389s] -- Up-to-date symlink: /home/alejandro/bookros2_ws/install/br2_tracking_msgs/include/br2_tracking_msgs/br2_tracking_msgs/msg/rosidl_typesupport_fastrtps_cpp__visibility_control.h
[1.389s] -- Up-to-date symlink: /home/alejandro/bookros2_ws/install/br2_tracking_msgs/include/br2_tracking_msgs/br2_tracking_msgs/msg/detail/pan_tilt_command__rosidl_typesupport_introspection_c.h
[1.389s] -- Up-to-date symlink: /home/alejandro/bookros2_ws/install/br2_tracking_msgs/include/br2_tracking_msgs/br2_tracking_msgs/msg/rosidl_typesupport_introspection_c__visibility_control.h
[1.389s] -- Up-to-date symlink: /home/alejandro/bookros2_ws/install/br2_tracking_msgs/include/br2_tracking_msgs/br2_tracking_msgs/msg/detail/pan_tilt_command__rosidl_typesupport_introspection_cpp.hpp
[1.389s] -- Up-to-date symlink: /home/alejandro/bookros2_ws/install/br2_tracking_msgs/share/br2_tracking_msgs/environment/pythonpath.sh
[1.389s] -- Up-to-date symlink: /home/alejandro/bookros2_ws/install/br2_tracking_msgs/share/br2_tracking_msgs/environment/pythonpath.dsv
[1.389s] -- Up-to-date symlink: /home/alejandro/bookros2_ws/install/br2_tracking_msgs/local/lib/python3.10/dist-packages/br2_tracking_msgs-0.2.0-py3.10.egg-info/PKG-INFO
[1.389s] -- Up-to-date symlink: /home/alejandro/bookros2_ws/install/br2_tracking_msgs/local/lib/python3.10/dist-packages/br2_tracking_msgs-0.2.0-py3.10.egg-info/SOURCES.txt
[1.389s] -- Up-to-date symlink: /home/alejandro/bookros2_ws/install/br2_tracking_msgs/local/lib/python3.10/dist-packages/br2_tracking_msgs-0.2.0-py3.10.egg-info/dependency_links.txt
[1.390s] -- Up-to-date symlink: /home/alejandro/bookros2_ws/install/br2_tracking_msgs/local/lib/python3.10/dist-packages/br2_tracking_msgs-0.2.0-py3.10.egg-info/top_level.txt
[1.390s] -- Up-to-date symlink: /home/alejandro/bookros2_ws/install/br2_tracking_msgs/local/lib/python3.10/dist-packages/br2_tracking_msgs/__init__.py
[1.390s] -- Up-to-date symlink: /home/alejandro/bookros2_ws/install/br2_tracking_msgs/local/lib/python3.10/dist-packages/br2_tracking_msgs/_br2_tracking_msgs_s.ep.rosidl_typesupport_c.c
[1.390s] -- Up-to-date symlink: /home/alejandro/bookros2_ws/install/br2_tracking_msgs/local/lib/python3.10/dist-packages/br2_tracking_msgs/_br2_tracking_msgs_s.ep.rosidl_typesupport_fastrtps_c.c
[1.390s] -- Up-to-date symlink: /home/alejandro/bookros2_ws/install/br2_tracking_msgs/local/lib/python3.10/dist-packages/br2_tracking_msgs/_br2_tracking_msgs_s.ep.rosidl_typesupport_introspection_c.c
[1.390s] -- Up-to-date symlink: /home/alejandro/bookros2_ws/install/br2_tracking_msgs/local/lib/python3.10/dist-packages/br2_tracking_msgs/br2_tracking_msgs_s__rosidl_typesupport_c.cpython-310-x86_64-linux-gnu.so
[1.390s] -- Up-to-date symlink: /home/alejandro/bookros2_ws/install/br2_tracking_msgs/local/lib/python3.10/dist-packages/br2_tracking_msgs/br2_tracking_msgs_s__rosidl_typesupport_fastrtps_c.cpython-310-x86_64-linux-gnu.so
[1.390s] -- Up-to-date symlink: /home/alejandro/bookros2_ws/install/br2_tracking_msgs/local/lib/python3.10/dist-packages/br2_tracking_msgs/br2_tracking_msgs_s__rosidl_typesupport_introspection_c.cpython-310-x86_64-linux-gnu.so
[1.390s] -- Up-to-date symlink: /home/alejandro/bookros2_ws/install/br2_tracking_msgs/local/lib/python3.10/dist-packages/br2_tracking_msgs/libbr2_tracking_msgs__rosidl_generator_py.so
[1.390s] -- Up-to-date symlink: /home/alejandro/bookros2_ws/install/br2_tracking_msgs/local/lib/python3.10/dist-packages/br2_tracking_msgs/msg/__init__.py
[1.391s] -- Up-to-date symlink: /home/alejandro/bookros2_ws/install/br2_tracking_msgs/local/lib/python3.10/dist-packages/br2_tracking_msgs/msg/_pan_tilt_command.py
[1.391s] -- Up-to-date symlink: /home/alejandro/bookros2_ws/install/br2_tracking_msgs/local/lib/python3.10/dist-packages/br2_tracking_msgs/msg/_pan_tilt_command_s.c
[1.391s] -- Up-to-date symlink: /home/alejandro/bookros2_ws/install/br2_tracking_msgs/local/lib/python3.10/dist-packages/br2_tracking_msgs/br2_tracking_msgs_s__rosidl_typesupport_fastrtps_c.cpython-310-x86_64-linux-gnu.so
[1.391s] -- Up-to-date symlink: /home/alejandro/bookros2_ws/install/br2_tracking_msgs/local/lib/python3.10/dist-packages/br2_tracking_msgs/br2_tracking_msgs_s__rosidl_typesupport_introspection_c.cpython-310-x86_64-linux-gnu.so
[1.391s] -- Up-to-date symlink: /home/alejandro/bookros2_ws/install/br2_tracking_msgs/local/lib/python3.10/dist-packages/br2_tracking_msgs/br2_tracking_msgs_s__rosidl_typesupport_c.cpython-310-x86_64-linux-gnu.so
[1.391s] -- Up-to-date symlink: /home/alejandro/bookros2_ws/install/br2_tracking_msgs/share/br2_tracking_msgs/msg/PanTiltCommand.idl
[1.391s] -- Up-to-date symlink: /home/alejandro/bookros2_ws/install/br2_tracking_msgs/share/br2_tracking_msgs/msg/PanTiltCommand.msg
[1.391s] -- Up-to-date symlink: /home/alejandro/bookros2_ws/install/br2_tracking_msgs/share/ament_index/resource_index/package_run_dependencies/br2_tracking_msgs
[1.391s] -- Up-to-date symlink: /home/alejandro/bookros2_ws/install/br2_tracking_msgs/share/ament_index/resource_index/parent_prefix_path/br2_tracking_msgs
[1.392s] -- Up-to-date symlink: /home/alejandro/bookros2_ws/install/br2_tracking_msgs/share/br2_tracking_msgs/environment/ament_prefix_path.sh
[1.392s] -- Up-to-date symlink: /home/alejandro/bookros2_ws/install/br2_tracking_msgs/share/br2_tracking_msgs/environment/ament_prefix_path.dsv
[1.392s] -- Up-to-date symlink: /home/alejandro/bookros2_ws/install/br2_tracking_msgs/share/br2_tracking_msgs/environment/path.sh
[1.392s] -- Up-to-date symlink: /home/alejandro/bookros2_ws/install/br2_tracking_msgs/share/br2_tracking_msgs/environment/path.dsv
[1.392s] -- Up-to-date symlink: /home/alejandro/bookros2_ws/install/br2_tracking_msgs/share/br2_tracking_msgs/local_setup.bash
[1.392s] -- Up-to-date symlink: /home/alejandro/bookros2_ws/install/br2_tracking_msgs/share/br2_tracking_msgs/local_setup.sh
[1.392s] -- Up-to-date symlink: /home/alejandro/bookros2_ws/install/br2_tracking_msgs/share/br2_tracking_msgs/local_setup.zsh
[1.392s] -- Up-to-date symlink: /home/alejandro/bookros2_ws/install/br2_tracking_msgs/share/br2_tracking_msgs/local_setup.dsv
[1.392s] -- Symlinking: /home/alejandro/bookros2_ws/install/br2_tracking_msgs/share/br2_tracking_msgs/package.dsv
[1.401s] -- Up-to-date symlink: /home/alejandro/bookros2_ws/install/br2_tracking_msgs/share/ament_index/resource_index/packages/br2_tracking_msgs
[1.401s] -- Up-to-date symlink: /home/alejandro/bookros2_ws/install/br2_tracking_msgs/share/br2_tracking_msgs/cmake/rosidl_cmake-extras.cmake
[1.401s] -- Up-to-date symlink: /home/alejandro/bookros2_ws/install/br2_tracking_msgs/share/br2_tracking_msgs/cmake/ament_cmake_export_dependencies-extras.cmake
[1.402s] -- Up-to-date symlink: /home/alejandro/bookros2_ws/install/br2_tracking_msgs/share/br2_tracking_msgs/cmake/ament_cmake_export_include_directories-extras.cmake
[1.402s] -- Up-to-date symlink: /home/alejandro/bookros2_ws/install/br2_tracking_msgs/share/br2_tracking_msgs/cmake/ament_cmake_export_libraries-extras.cmake
[1.402s] -- Up-to-date symlink: /home/alejandro/bookros2_ws/install/br2_tracking_msgs/share/br2_tracking_msgs/cmake/ament_cmake_export_targets-extras.cmake
[1.403s] -- Up-to-date symlink: /home/alejandro/bookros2_ws/install/br2_tracking_msgs/share/br2_tracking_msgs/cmake/rosidl_cmake_export_typesupport_targets-extras.cmake
[1.403s] -- Up-to-date symlink: /home/alejandro/bookros2_ws/install/br2_tracking_msgs/share/br2_tracking_msgs/cmake/rosidl_cmake_export_typesupport_libraries-extras.cmake
[1.404s] -- Up-to-date symlink: /home/alejandro/bookros2_ws/install/br2_tracking_msgs/share/br2_tracking_msgs/cmake/br2_tracking_msgsConfig.cmake
[1.404s] -- Up-to-date symlink: /home/alejandro/bookros2_ws/install/br2_tracking_msgs/share/br2_tracking_msgs/cmake/br2_tracking_msgsConfig-version.cmake
[1.404s] -- Up-to-date symlink: /home/alejandro/bookros2_ws/install/br2_tracking_msgs/share/br2_tracking_msgs/package.xml
[1.404s] -- Up-to-date: /home/alejandro/bookros2_ws/install/br2_tracking_msgs/lib/libbr2_tracking_msgs__rosidl_generator_c.so
[1.404s] -- Up-to-date: /home/alejandro/bookros2_ws/install/br2_tracking_msgs/lib/libbr2_tracking_msgs__rosidl_typesupport_fastrtps_c.so
[1.404s] -- Up-to-date: /home/alejandro/bookros2_ws/install/br2_tracking_msgs/lib/libbr2_tracking_msgs__rosidl_typesupport_fastrtps_cpp.so
[1.413s] -- Up-to-date: /home/alejandro/bookros2_ws/install/br2_tracking_msgs/lib/libbr2_tracking_msgs__rosidl_typesupport_introspection_c.so
[1.414s] -- Up-to-date: /home/alejandro/bookros2_ws/install/br2_tracking_msgs/lib/libbr2_tracking_msgs__rosidl_typesupport_c.so
[1.414s] -- Up-to-date: /home/alejandro/bookros2_ws/install/br2_tracking_msgs/lib/libbr2_tracking_msgs__rosidl_typesupport_introspection_cpp.so
[1.414s] -- Up-to-date: /home/alejandro/bookros2_ws/install/br2_tracking_msgs/lib/libbr2_tracking_msgs__rosidl_typesupport_cpp.so
[1.460s] Listing '/home/alejandro/bookros2_ws/install/br2_tracking_msgs/local/lib/python3.10/dist-packages/br2_tracking_msgs'...
[1.460s] Listing '/home/alejandro/bookros2_ws/install/br2_tracking_msgs/local/lib/python3.10/dist-packages/br2_tracking_msgs/msg'...
[1.466s] -- Up-to-date: /home/alejandro/bookros2_ws/install/br2_tracking_msgs/lib/libbr2_tracking_msgs__rosidl_generator_py.so
[1.467s] -- Up-to-date: /home/alejandro/bookros2_ws/install/br2_tracking_msgs/share/br2_tracking_msgs/cmake/export_br2_tracking_msgs__rosidl_generator_cExport.cmake
[1.467s] -- Up-to-date: /home/alejandro/bookros2_ws/install/br2_tracking_msgs/share/br2_tracking_msgs/cmake/export_br2_tracking_msgs__rosidl_generator_cExport-noconfig.cmake
[1.467s] -- Up-to-date: /home/alejandro/bookros2_ws/install/br2_tracking_msgs/share/br2_tracking_msgs/cmake/export_br2_tracking_msgs__rosidl_typesupport_fastrtps_cExport.cmake
[1.467s] -- Up-to-date: /home/alejandro/bookros2_ws/install/br2_tracking_msgs/share/br2_tracking_msgs/cmake/export_br2_tracking_msgs__rosidl_typesupport_fastrtps_cExport-noconfig.cmake
[1.467s] -- Up-to-date: /home/alejandro/bookros2_ws/install/br2_tracking_msgs/share/br2_tracking_msgs/cmake/export_br2_tracking_msgs__rosidl_generator_cppExport.cmake
[1.467s] -- Up-to-date: /home/alejandro/bookros2_ws/install/br2_tracking_msgs/share/br2_tracking_msgs/cmake/export_br2_tracking_msgs__rosidl_typesupport_fastrtps_cppExport.cmake
[1.467s] -- Up-to-date: /home/alejandro/bookros2_ws/install/br2_tracking_msgs/share/br2_tracking_msgs/cmake/export_br2_tracking_msgs__rosidl_typesupport_fastrtps_cppExport-noconfig.cmake
[1.467s] -- Up-to-date: /home/alejandro/bookros2_ws/install/br2_tracking_msgs/share/br2_tracking_msgs/cmake/br2_tracking_msgs__rosidl_typesupport_introspection_cExport.cmake
[1.467s] -- Up-to-date: /home/alejandro/bookros2_ws/install/br2_tracking_msgs/share/br2_tracking_msgs/cmake/br2_tracking_msgs__rosidl_typesupport_introspection_cExport-noconfig.cmake
[1.467s] -- Up-to-date: /home/alejandro/bookros2_ws/install/br2_tracking_msgs/share/br2_tracking_msgs/cmake/br2_tracking_msgs__rosidl_typesupport_cExport.cmake
[1.468s] -- Up-to-date: /home/alejandro/bookros2_ws/install/br2_tracking_msgs/share/br2_tracking_msgs/cmake/br2_tracking_msgs__rosidl_typesupport_cExport-noconfig.cmake
[1.468s] -- Up-to-date: /home/alejandro/bookros2_ws/install/br2_tracking_msgs/share/br2_tracking_msgs/cmake/br2_tracking_msgs__rosidl_typesupport_introspection_cppExport.cmake
[1.468s] -- Up-to-date: /home/alejandro/bookros2_ws/install/br2_tracking_msgs/share/br2_tracking_msgs/cmake/br2_tracking_msgs__rosidl_typesupport_introspection_cppExport-noconfig.cmake
[1.468s] -- Up-to-date: /home/alejandro/bookros2_ws/install/br2_tracking_msgs/share/br2_tracking_msgs/cmake/br2_tracking_msgs__rosidl_typesupport_cppExport.cmake
[1.468s] -- Up-to-date: /home/alejandro/bookros2_ws/install/br2_tracking_msgs/share/br2_tracking_msgs/cmake/br2_tracking_msgs__rosidl_typesupport_cppExport-noconfig.cmake
[1.468s] -- Up-to-date: /home/alejandro/bookros2_ws/install/br2_tracking_msgs/share/br2_tracking_msgs/cmake/export_br2_tracking_msgs__rosidl_generator_pyExport.cmake
[1.468s] -- Up-to-date: /home/alejandro/bookros2_ws/install/br2_tracking_msgs/share/br2_tracking_msgs/cmake/export_br2_tracking_msgs__rosidl_generator_pyExport-noconfig.cmake
[1.483s] Invoked command in '/home/alejandro/bookros2_ws/build/br2_tracking_msgs' returned '0': CMAKE_PREFIX_PATH=${CMAKE_PREFIX_PATH}:/home/alejandro/bookros2_ws/install/launch_pal:/home/alejandro/bookros2_ws/install/br2_fsm_bumpgo_py:/opt/ros/humble /usr/bin/cmake --install /home/alejandro/bookros2_ws/build/br2_tracking_msgs
