[0.057s] Invoking command in '/home/alejandro/bookros2_ws/build/br2_navigation': CMAKE_PREFIX_PATH=${CMAKE_PREFIX_PATH}:/opt/ros/humble /usr/bin/cmake --build /home/alejandro/bookros2_ws/build/br2_navigation -- -j8 -l8
[0.222s] Invoked command in '/home/alejandro/bookros2_ws/build/br2_navigation' returned '0': CMAKE_PREFIX_PATH=${CMAKE_PREFIX_PATH}:/opt/ros/humble /usr/bin/cmake --build /home/alejandro/bookros2_ws/build/br2_navigation -- -j8 -l8
[0.406s] Invoking command in '/home/alejandro/bookros2_ws/build/br2_navigation': CMAKE_PREFIX_PATH=${CMAKE_PREFIX_PATH}:/opt/ros/humble /usr/bin/cmake --install /home/alejandro/bookros2_ws/build/br2_navigation
[0.423s] -- Install configuration: ""
[0.423s] -- Execute custom install script
[0.423s] -- Up-to-date symlink: /home/alejandro/bookros2_ws/install/br2_navigation/share/br2_navigation/launch/navigation_launch.py
[0.423s] -- Up-to-date symlink: /home/alejandro/bookros2_ws/install/br2_navigation/share/br2_navigation/launch/tiago_navigation.launch.py
[0.423s] -- Up-to-date symlink: /home/alejandro/bookros2_ws/install/br2_navigation/share/br2_navigation/params/mapper_params_online_async.yaml
[0.423s] -- Up-to-date symlink: /home/alejandro/bookros2_ws/install/br2_navigation/share/br2_navigation/params/tiago_nav_params.yaml
[0.424s] -- Up-to-date symlink: /home/alejandro/bookros2_ws/install/br2_navigation/share/br2_navigation/maps/home.pgm
[0.437s] -- Up-to-date symlink: /home/alejandro/bookros2_ws/install/br2_navigation/share/br2_navigation/maps/home.yaml
[0.437s] -- Up-to-date symlink: /home/alejandro/bookros2_ws/install/br2_navigation/share/ament_index/resource_index/package_run_dependencies/br2_navigation
[0.438s] -- Up-to-date symlink: /home/alejandro/bookros2_ws/install/br2_navigation/share/ament_index/resource_index/parent_prefix_path/br2_navigation
[0.438s] -- Up-to-date symlink: /home/alejandro/bookros2_ws/install/br2_navigation/share/br2_navigation/environment/ament_prefix_path.sh
[0.441s] -- Up-to-date symlink: /home/alejandro/bookros2_ws/install/br2_navigation/share/br2_navigation/environment/ament_prefix_path.dsv
[0.443s] -- Up-to-date symlink: /home/alejandro/bookros2_ws/install/br2_navigation/share/br2_navigation/environment/path.sh
[0.444s] -- Up-to-date symlink: /home/alejandro/bookros2_ws/install/br2_navigation/share/br2_navigation/environment/path.dsv
[0.444s] -- Up-to-date symlink: /home/alejandro/bookros2_ws/install/br2_navigation/share/br2_navigation/local_setup.bash
[0.444s] -- Up-to-date symlink: /home/alejandro/bookros2_ws/install/br2_navigation/share/br2_navigation/local_setup.sh
[0.444s] -- Up-to-date symlink: /home/alejandro/bookros2_ws/install/br2_navigation/share/br2_navigation/local_setup.zsh
[0.444s] -- Up-to-date symlink: /home/alejandro/bookros2_ws/install/br2_navigation/share/br2_navigation/local_setup.dsv
[0.447s] -- Symlinking: /home/alejandro/bookros2_ws/install/br2_navigation/share/br2_navigation/package.dsv
[0.456s] -- Up-to-date symlink: /home/alejandro/bookros2_ws/install/br2_navigation/share/ament_index/resource_index/packages/br2_navigation
[0.456s] -- Up-to-date symlink: /home/alejandro/bookros2_ws/install/br2_navigation/share/br2_navigation/cmake/br2_navigationConfig.cmake
[0.456s] -- Up-to-date symlink: /home/alejandro/bookros2_ws/install/br2_navigation/share/br2_navigation/cmake/br2_navigationConfig-version.cmake
[0.456s] -- Up-to-date symlink: /home/alejandro/bookros2_ws/install/br2_navigation/share/br2_navigation/package.xml
[0.543s] Invoked command in '/home/alejandro/bookros2_ws/build/br2_navigation' returned '0': CMAKE_PREFIX_PATH=${CMAKE_PREFIX_PATH}:/opt/ros/humble /usr/bin/cmake --install /home/alejandro/bookros2_ws/build/br2_navigation
