[0.032s] Invoking command in '/home/alejandro/bookros2_ws/build/br2_tracking': AMENT_PREFIX_PATH=/home/alejandro/bookros2_ws/install/br2_tracking_msgs:${AMENT_PREFIX_PATH} CMAKE_PREFIX_PATH=/home/alejandro/bookros2_ws/install/br2_tracking_msgs:/home/alejandro/bookro2_ws/install/urdf_test:/home/alejandro/bookro2_ws/install/tiago_simulation:/home/alejandro/bookro2_ws/install/tiago_robot:/home/alejandro/bookro2_ws/install/tiago_navigation:/home/alejandro/bookro2_ws/install/tiago_gazebo:/home/alejandro/bookro2_ws/install/tiago_moveit_config:/home/alejandro/bookro2_ws/install/tiago_2dnav:/home/alejandro/bookro2_ws/install/tiago_laser_sensors:/home/alejandro/bookro2_ws/install/tiago_bringup:/home/alejandro/bookro2_ws/install/tiago_description:/home/alejandro/bookro2_ws/install/tiago_controller_configuration:/home/alejandro/bookro2_ws/install/pmb2_robot:/home/alejandro/bookro2_ws/install/pmb2_navigation:/home/alejandro/bookro2_ws/install/pmb2_2dnav:/home/alejandro/bookro2_ws/install/pmb2_laser_sensors:/home/alejandro/bookro2_ws/install/pmb2_bringup:/home/alejandro/bookro2_ws/install/pmb2_description:/home/alejandro/bookro2_ws/install/pmb2_controller_configuration:/home/alejandro/bookro2_ws/install/pal_gripper_simulation:/home/alejandro/bookro2_ws/install/pal_gripper:/home/alejandro/bookro2_ws/install/pal_gripper_description:/home/alejandro/bookro2_ws/install/pal_gripper_controller_configuration:/home/alejandro/bookro2_ws/install/pal_gazebo_worlds:/home/alejandro/bookro2_ws/install/hey5_description:/home/alejandro/bookro2_ws/install/groot:/home/alejandro/bookro2_ws/install/br2_vff_avoidance:/home/alejandro/bookro2_ws/install/br2_tracking:/home/alejandro/bookro2_ws/install/br2_tracking_msgs:/home/alejandro/bookro2_ws/install/br2_tiago:/home/alejandro/bookro2_ws/install/br2_tf2_detector:/home/alejandro/bookro2_ws/install/br2_navigation:/home/alejandro/bookro2_ws/install/br2_fsm_bumpgo_cpp:/home/alejandro/bookro2_ws/install/br2_bt_patrolling:/home/alejandro/bookro2_ws/install/br2_bt_bumpgo:/home/alejandro/bookro2_ws/install/br2_basics:/home/alejandro/ros2_utilities_ws/install/micro_ros_setup:/home/alejandro/ros2_utilities_ws/install/micro_ros_agent:/home/alejandro/ros2_utilities_ws/install/micro_ros_msgs:/home/alejandro/bookro2_ws/install/launch_pal:/home/alejandro/bookro2_ws/install/br2_fsm_bumpgo_py:/opt/ros/humble LD_LIBRARY_PATH=/home/alejandro/bookros2_ws/install/br2_tracking_msgs/lib:${LD_LIBRARY_PATH} PYTHONPATH=/home/alejandro/bookros2_ws/install/br2_tracking_msgs/local/lib/python3.10/dist-packages:${PYTHONPATH} /usr/bin/cmake /home/alejandro/bookros2_ws/src/book_ros2/br2_tracking -DAMENT_CMAKE_SYMLINK_INSTALL=1 -DCMAKE_INSTALL_PREFIX=/home/alejandro/bookros2_ws/install/br2_tracking
[1.626s] -- The C compiler identification is GNU 11.4.0
[1.626s] -- The CXX compiler identification is GNU 11.4.0
[1.626s] -- Detecting C compiler ABI info
[1.626s] -- Detecting C compiler ABI info - done
[1.626s] -- Check for working C compiler: /usr/bin/cc - skipped
[1.626s] -- Detecting C compile features
[1.627s] -- Detecting C compile features - done
[1.627s] -- Detecting CXX compiler ABI info
[1.627s] -- Detecting CXX compiler ABI info - done
[1.627s] -- Check for working CXX compiler: /usr/bin/c++ - skipped
[1.627s] -- Detecting CXX compile features
[1.627s] -- Detecting CXX compile features - done
[1.627s] -- Found ament_cmake: 1.3.10 (/opt/ros/humble/share/ament_cmake/cmake)
[1.627s] -- Found Python3: /usr/bin/python3 (found version "3.10.12") found components: Interpreter 
[1.627s] -- Override CMake install command with custom implementation using symlinks instead of copying resources
[1.627s] -- Found rclcpp: 16.0.10 (/opt/ros/humble/share/rclcpp/cmake)
[1.628s] -- Found rosidl_generator_c: 3.1.5 (/opt/ros/humble/share/rosidl_generator_c/cmake)
[1.632s] -- Found rosidl_adapter: 3.1.5 (/opt/ros/humble/share/rosidl_adapter/cmake)
[1.648s] -- Found rosidl_generator_cpp: 3.1.5 (/opt/ros/humble/share/rosidl_generator_cpp/cmake)
[1.673s] -- Using all available rosidl_typesupport_c: rosidl_typesupport_fastrtps_c;rosidl_typesupport_introspection_c
[1.707s] -- Using all available rosidl_typesupport_cpp: rosidl_typesupport_fastrtps_cpp;rosidl_typesupport_introspection_cpp
[1.792s] -- Found rmw_implementation_cmake: 6.1.2 (/opt/ros/humble/share/rmw_implementation_cmake/cmake)
[1.799s] -- Found rmw_fastrtps_cpp: 6.2.7 (/opt/ros/humble/share/rmw_fastrtps_cpp/cmake)
[1.971s] -- Found OpenSSL: /usr/lib/x86_64-linux-gnu/libcrypto.so (found version "3.0.2")  
[2.033s] -- Found FastRTPS: /opt/ros/humble/include  
[2.112s] -- Using RMW implementation 'rmw_fastrtps_cpp' as default
[2.130s] -- Looking for pthread.h
[2.259s] -- Looking for pthread.h - found
[2.260s] -- Performing Test CMAKE_HAVE_LIBC_PTHREAD
[2.377s] -- Performing Test CMAKE_HAVE_LIBC_PTHREAD - Success
[2.379s] -- Found Threads: TRUE  
[2.471s] -- Found rclcpp_lifecycle: 16.0.10 (/opt/ros/humble/share/rclcpp_lifecycle/cmake)
[2.504s] -- Found br2_tracking_msgs: 0.2.0 (/home/alejandro/bookros2_ws/install/br2_tracking_msgs/share/br2_tracking_msgs/cmake)
[2.534s] -- Found sensor_msgs: 4.2.4 (/opt/ros/humble/share/sensor_msgs/cmake)
[2.584s] -- Found vision_msgs: 4.1.1 (/opt/ros/humble/share/vision_msgs/cmake)
[2.613s] -- Found control_msgs: 4.6.0 (/opt/ros/humble/share/control_msgs/cmake)
[2.818s] -- Found image_transport: 3.1.9 (/opt/ros/humble/share/image_transport/cmake)
[2.887s] -- Found cv_bridge: 3.2.1 (/opt/ros/humble/share/cv_bridge/cmake)
[2.918s] -- Found OpenCV: /usr (found version "4.5.4") 
[2.990s] -- Found ament_lint_auto: 0.12.11 (/opt/ros/humble/share/ament_lint_auto/cmake)
[3.187s] -- Found gtest sources under '/opt/ros/humble/src/gtest_vendor': C++ tests using 'Google Test' will be built
[3.219s] -- Added test 'copyright' to check source files copyright and LICENSE
[3.225s] -- Added test 'cppcheck' to perform static code analysis on C / C++ code
[3.225s] -- Configured cppcheck include dirs: /home/alejandro/bookros2_ws/src/book_ros2/br2_tracking/include
[3.225s] -- Configured cppcheck exclude dirs and/or files: 
[3.225s] -- Added test 'cpplint' to check C / C++ code against the Google style
[3.226s] -- Configured cpplint exclude dirs and/or files: 
[3.228s] -- Added test 'flake8' to check Python code syntax and style conventions
[3.230s] -- Added test 'lint_cmake' to check CMake code style
[3.232s] -- Added test 'pep257' to check Python code against some of the docstring style conventions in PEP 257
[3.235s] -- Added test 'uncrustify' to check C / C++ code style
[3.235s] -- Configured uncrustify additional arguments: 
[3.237s] -- Added test 'xmllint' to check XML markup files
[3.245s] -- Configuring done
[3.336s] -- Generating done
[3.340s] -- Build files have been written to: /home/alejandro/bookros2_ws/build/br2_tracking
[3.369s] Invoked command in '/home/alejandro/bookros2_ws/build/br2_tracking' returned '0': AMENT_PREFIX_PATH=/home/alejandro/bookros2_ws/install/br2_tracking_msgs:${AMENT_PREFIX_PATH} CMAKE_PREFIX_PATH=/home/alejandro/bookros2_ws/install/br2_tracking_msgs:/home/alejandro/bookro2_ws/install/urdf_test:/home/alejandro/bookro2_ws/install/tiago_simulation:/home/alejandro/bookro2_ws/install/tiago_robot:/home/alejandro/bookro2_ws/install/tiago_navigation:/home/alejandro/bookro2_ws/install/tiago_gazebo:/home/alejandro/bookro2_ws/install/tiago_moveit_config:/home/alejandro/bookro2_ws/install/tiago_2dnav:/home/alejandro/bookro2_ws/install/tiago_laser_sensors:/home/alejandro/bookro2_ws/install/tiago_bringup:/home/alejandro/bookro2_ws/install/tiago_description:/home/alejandro/bookro2_ws/install/tiago_controller_configuration:/home/alejandro/bookro2_ws/install/pmb2_robot:/home/alejandro/bookro2_ws/install/pmb2_navigation:/home/alejandro/bookro2_ws/install/pmb2_2dnav:/home/alejandro/bookro2_ws/install/pmb2_laser_sensors:/home/alejandro/bookro2_ws/install/pmb2_bringup:/home/alejandro/bookro2_ws/install/pmb2_description:/home/alejandro/bookro2_ws/install/pmb2_controller_configuration:/home/alejandro/bookro2_ws/install/pal_gripper_simulation:/home/alejandro/bookro2_ws/install/pal_gripper:/home/alejandro/bookro2_ws/install/pal_gripper_description:/home/alejandro/bookro2_ws/install/pal_gripper_controller_configuration:/home/alejandro/bookro2_ws/install/pal_gazebo_worlds:/home/alejandro/bookro2_ws/install/hey5_description:/home/alejandro/bookro2_ws/install/groot:/home/alejandro/bookro2_ws/install/br2_vff_avoidance:/home/alejandro/bookro2_ws/install/br2_tracking:/home/alejandro/bookro2_ws/install/br2_tracking_msgs:/home/alejandro/bookro2_ws/install/br2_tiago:/home/alejandro/bookro2_ws/install/br2_tf2_detector:/home/alejandro/bookro2_ws/install/br2_navigation:/home/alejandro/bookro2_ws/install/br2_fsm_bumpgo_cpp:/home/alejandro/bookro2_ws/install/br2_bt_patrolling:/home/alejandro/bookro2_ws/install/br2_bt_bumpgo:/home/alejandro/bookro2_ws/install/br2_basics:/home/alejandro/ros2_utilities_ws/install/micro_ros_setup:/home/alejandro/ros2_utilities_ws/install/micro_ros_agent:/home/alejandro/ros2_utilities_ws/install/micro_ros_msgs:/home/alejandro/bookro2_ws/install/launch_pal:/home/alejandro/bookro2_ws/install/br2_fsm_bumpgo_py:/opt/ros/humble LD_LIBRARY_PATH=/home/alejandro/bookros2_ws/install/br2_tracking_msgs/lib:${LD_LIBRARY_PATH} PYTHONPATH=/home/alejandro/bookros2_ws/install/br2_tracking_msgs/local/lib/python3.10/dist-packages:${PYTHONPATH} /usr/bin/cmake /home/alejandro/bookros2_ws/src/book_ros2/br2_tracking -DAMENT_CMAKE_SYMLINK_INSTALL=1 -DCMAKE_INSTALL_PREFIX=/home/alejandro/bookros2_ws/install/br2_tracking
[3.375s] Invoking command in '/home/alejandro/bookros2_ws/build/br2_tracking': AMENT_PREFIX_PATH=/home/alejandro/bookros2_ws/install/br2_tracking_msgs:${AMENT_PREFIX_PATH} CMAKE_PREFIX_PATH=/home/alejandro/bookros2_ws/install/br2_tracking_msgs:/home/alejandro/bookro2_ws/install/urdf_test:/home/alejandro/bookro2_ws/install/tiago_simulation:/home/alejandro/bookro2_ws/install/tiago_robot:/home/alejandro/bookro2_ws/install/tiago_navigation:/home/alejandro/bookro2_ws/install/tiago_gazebo:/home/alejandro/bookro2_ws/install/tiago_moveit_config:/home/alejandro/bookro2_ws/install/tiago_2dnav:/home/alejandro/bookro2_ws/install/tiago_laser_sensors:/home/alejandro/bookro2_ws/install/tiago_bringup:/home/alejandro/bookro2_ws/install/tiago_description:/home/alejandro/bookro2_ws/install/tiago_controller_configuration:/home/alejandro/bookro2_ws/install/pmb2_robot:/home/alejandro/bookro2_ws/install/pmb2_navigation:/home/alejandro/bookro2_ws/install/pmb2_2dnav:/home/alejandro/bookro2_ws/install/pmb2_laser_sensors:/home/alejandro/bookro2_ws/install/pmb2_bringup:/home/alejandro/bookro2_ws/install/pmb2_description:/home/alejandro/bookro2_ws/install/pmb2_controller_configuration:/home/alejandro/bookro2_ws/install/pal_gripper_simulation:/home/alejandro/bookro2_ws/install/pal_gripper:/home/alejandro/bookro2_ws/install/pal_gripper_description:/home/alejandro/bookro2_ws/install/pal_gripper_controller_configuration:/home/alejandro/bookro2_ws/install/pal_gazebo_worlds:/home/alejandro/bookro2_ws/install/hey5_description:/home/alejandro/bookro2_ws/install/groot:/home/alejandro/bookro2_ws/install/br2_vff_avoidance:/home/alejandro/bookro2_ws/install/br2_tracking:/home/alejandro/bookro2_ws/install/br2_tracking_msgs:/home/alejandro/bookro2_ws/install/br2_tiago:/home/alejandro/bookro2_ws/install/br2_tf2_detector:/home/alejandro/bookro2_ws/install/br2_navigation:/home/alejandro/bookro2_ws/install/br2_fsm_bumpgo_cpp:/home/alejandro/bookro2_ws/install/br2_bt_patrolling:/home/alejandro/bookro2_ws/install/br2_bt_bumpgo:/home/alejandro/bookro2_ws/install/br2_basics:/home/alejandro/ros2_utilities_ws/install/micro_ros_setup:/home/alejandro/ros2_utilities_ws/install/micro_ros_agent:/home/alejandro/ros2_utilities_ws/install/micro_ros_msgs:/home/alejandro/bookro2_ws/install/launch_pal:/home/alejandro/bookro2_ws/install/br2_fsm_bumpgo_py:/opt/ros/humble LD_LIBRARY_PATH=/home/alejandro/bookros2_ws/install/br2_tracking_msgs/lib:${LD_LIBRARY_PATH} PYTHONPATH=/home/alejandro/bookros2_ws/install/br2_tracking_msgs/local/lib/python3.10/dist-packages:${PYTHONPATH} /usr/bin/cmake --build /home/alejandro/bookros2_ws/build/br2_tracking -- -j8 -l8
[3.631s] [  7%] [32mBuilding CXX object CMakeFiles/br2_tracking.dir/src/br2_tracking/ObjectDetector.cpp.o[0m
[15.052s] [ 14%] [32mBuilding CXX object CMakeFiles/br2_tracking.dir/src/br2_tracking/PIDController.cpp.o[0m
[15.651s] [ 21%] [32mBuilding CXX object CMakeFiles/br2_tracking.dir/src/br2_tracking/HeadController.cpp.o[0m
[35.451s] [ 28%] [32m[1mLinking CXX shared library libbr2_tracking.so[0m
[36.658s] [ 28%] Built target br2_tracking
[36.675s] [ 35%] [32mBuilding CXX object gtest/CMakeFiles/gtest.dir/src/gtest-all.cc.o[0m
[40.069s] [ 42%] [32m[1mLinking CXX static library libgtest.a[0m
[40.140s] [ 42%] Built target gtest
[40.157s] [ 50%] [32mBuilding CXX object CMakeFiles/object_tracker.dir/src/object_tracker_main.cpp.o[0m
[49.739s] [ 57%] [32m[1mLinking CXX executable object_tracker[0m
[50.983s] [ 57%] Built target object_tracker
[51.005s] [ 64%] [32mBuilding CXX object CMakeFiles/object_detector.dir/src/object_detector_main.cpp.o[0m
[51.007s] [ 71%] [32mBuilding CXX object gtest/CMakeFiles/gtest_main.dir/src/gtest_main.cc.o[0m
[52.002s] [ 78%] [32m[1mLinking CXX static library libgtest_main.a[0m
[52.061s] [ 78%] Built target gtest_main
[52.087s] [ 85%] [32mBuilding CXX object tests/CMakeFiles/pid_test.dir/pid_test.cpp.o[0m
[54.123s] [ 92%] [32m[1mLinking CXX executable pid_test[0m
[55.668s] [ 92%] Built target pid_test
[56.724s] [100%] [32m[1mLinking CXX executable object_detector[0m
[58.179s] [100%] Built target object_detector
[58.192s] Invoked command in '/home/alejandro/bookros2_ws/build/br2_tracking' returned '0': AMENT_PREFIX_PATH=/home/alejandro/bookros2_ws/install/br2_tracking_msgs:${AMENT_PREFIX_PATH} CMAKE_PREFIX_PATH=/home/alejandro/bookros2_ws/install/br2_tracking_msgs:/home/alejandro/bookro2_ws/install/urdf_test:/home/alejandro/bookro2_ws/install/tiago_simulation:/home/alejandro/bookro2_ws/install/tiago_robot:/home/alejandro/bookro2_ws/install/tiago_navigation:/home/alejandro/bookro2_ws/install/tiago_gazebo:/home/alejandro/bookro2_ws/install/tiago_moveit_config:/home/alejandro/bookro2_ws/install/tiago_2dnav:/home/alejandro/bookro2_ws/install/tiago_laser_sensors:/home/alejandro/bookro2_ws/install/tiago_bringup:/home/alejandro/bookro2_ws/install/tiago_description:/home/alejandro/bookro2_ws/install/tiago_controller_configuration:/home/alejandro/bookro2_ws/install/pmb2_robot:/home/alejandro/bookro2_ws/install/pmb2_navigation:/home/alejandro/bookro2_ws/install/pmb2_2dnav:/home/alejandro/bookro2_ws/install/pmb2_laser_sensors:/home/alejandro/bookro2_ws/install/pmb2_bringup:/home/alejandro/bookro2_ws/install/pmb2_description:/home/alejandro/bookro2_ws/install/pmb2_controller_configuration:/home/alejandro/bookro2_ws/install/pal_gripper_simulation:/home/alejandro/bookro2_ws/install/pal_gripper:/home/alejandro/bookro2_ws/install/pal_gripper_description:/home/alejandro/bookro2_ws/install/pal_gripper_controller_configuration:/home/alejandro/bookro2_ws/install/pal_gazebo_worlds:/home/alejandro/bookro2_ws/install/hey5_description:/home/alejandro/bookro2_ws/install/groot:/home/alejandro/bookro2_ws/install/br2_vff_avoidance:/home/alejandro/bookro2_ws/install/br2_tracking:/home/alejandro/bookro2_ws/install/br2_tracking_msgs:/home/alejandro/bookro2_ws/install/br2_tiago:/home/alejandro/bookro2_ws/install/br2_tf2_detector:/home/alejandro/bookro2_ws/install/br2_navigation:/home/alejandro/bookro2_ws/install/br2_fsm_bumpgo_cpp:/home/alejandro/bookro2_ws/install/br2_bt_patrolling:/home/alejandro/bookro2_ws/install/br2_bt_bumpgo:/home/alejandro/bookro2_ws/install/br2_basics:/home/alejandro/ros2_utilities_ws/install/micro_ros_setup:/home/alejandro/ros2_utilities_ws/install/micro_ros_agent:/home/alejandro/ros2_utilities_ws/install/micro_ros_msgs:/home/alejandro/bookro2_ws/install/launch_pal:/home/alejandro/bookro2_ws/install/br2_fsm_bumpgo_py:/opt/ros/humble LD_LIBRARY_PATH=/home/alejandro/bookros2_ws/install/br2_tracking_msgs/lib:${LD_LIBRARY_PATH} PYTHONPATH=/home/alejandro/bookros2_ws/install/br2_tracking_msgs/local/lib/python3.10/dist-packages:${PYTHONPATH} /usr/bin/cmake --build /home/alejandro/bookros2_ws/build/br2_tracking -- -j8 -l8
[58.252s] Invoking command in '/home/alejandro/bookros2_ws/build/br2_tracking': AMENT_PREFIX_PATH=/home/alejandro/bookros2_ws/install/br2_tracking_msgs:${AMENT_PREFIX_PATH} CMAKE_PREFIX_PATH=/home/alejandro/bookros2_ws/install/br2_tracking_msgs:/home/alejandro/bookro2_ws/install/urdf_test:/home/alejandro/bookro2_ws/install/tiago_simulation:/home/alejandro/bookro2_ws/install/tiago_robot:/home/alejandro/bookro2_ws/install/tiago_navigation:/home/alejandro/bookro2_ws/install/tiago_gazebo:/home/alejandro/bookro2_ws/install/tiago_moveit_config:/home/alejandro/bookro2_ws/install/tiago_2dnav:/home/alejandro/bookro2_ws/install/tiago_laser_sensors:/home/alejandro/bookro2_ws/install/tiago_bringup:/home/alejandro/bookro2_ws/install/tiago_description:/home/alejandro/bookro2_ws/install/tiago_controller_configuration:/home/alejandro/bookro2_ws/install/pmb2_robot:/home/alejandro/bookro2_ws/install/pmb2_navigation:/home/alejandro/bookro2_ws/install/pmb2_2dnav:/home/alejandro/bookro2_ws/install/pmb2_laser_sensors:/home/alejandro/bookro2_ws/install/pmb2_bringup:/home/alejandro/bookro2_ws/install/pmb2_description:/home/alejandro/bookro2_ws/install/pmb2_controller_configuration:/home/alejandro/bookro2_ws/install/pal_gripper_simulation:/home/alejandro/bookro2_ws/install/pal_gripper:/home/alejandro/bookro2_ws/install/pal_gripper_description:/home/alejandro/bookro2_ws/install/pal_gripper_controller_configuration:/home/alejandro/bookro2_ws/install/pal_gazebo_worlds:/home/alejandro/bookro2_ws/install/hey5_description:/home/alejandro/bookro2_ws/install/groot:/home/alejandro/bookro2_ws/install/br2_vff_avoidance:/home/alejandro/bookro2_ws/install/br2_tracking:/home/alejandro/bookro2_ws/install/br2_tracking_msgs:/home/alejandro/bookro2_ws/install/br2_tiago:/home/alejandro/bookro2_ws/install/br2_tf2_detector:/home/alejandro/bookro2_ws/install/br2_navigation:/home/alejandro/bookro2_ws/install/br2_fsm_bumpgo_cpp:/home/alejandro/bookro2_ws/install/br2_bt_patrolling:/home/alejandro/bookro2_ws/install/br2_bt_bumpgo:/home/alejandro/bookro2_ws/install/br2_basics:/home/alejandro/ros2_utilities_ws/install/micro_ros_setup:/home/alejandro/ros2_utilities_ws/install/micro_ros_agent:/home/alejandro/ros2_utilities_ws/install/micro_ros_msgs:/home/alejandro/bookro2_ws/install/launch_pal:/home/alejandro/bookro2_ws/install/br2_fsm_bumpgo_py:/opt/ros/humble LD_LIBRARY_PATH=/home/alejandro/bookros2_ws/install/br2_tracking_msgs/lib:${LD_LIBRARY_PATH} PYTHONPATH=/home/alejandro/bookros2_ws/install/br2_tracking_msgs/local/lib/python3.10/dist-packages:${PYTHONPATH} /usr/bin/cmake --install /home/alejandro/bookros2_ws/build/br2_tracking
[58.264s] -- Install configuration: "Debug"
[58.265s] -- Execute custom install script
[58.266s] -- Symlinking: /home/alejandro/bookros2_ws/install/br2_tracking/lib/libbr2_tracking.so
[58.279s] -- Symlinking: /home/alejandro/bookros2_ws/install/br2_tracking/lib/br2_tracking/object_detector
[58.298s] -- Symlinking: /home/alejandro/bookros2_ws/install/br2_tracking/lib/br2_tracking/object_tracker
[58.311s] -- Symlinking: /home/alejandro/bookros2_ws/install/br2_tracking/include/include/br2_tracking/HeadController.hpp
[58.325s] -- Symlinking: /home/alejandro/bookros2_ws/install/br2_tracking/include/include/br2_tracking/ObjectDetector.hpp
[58.338s] -- Symlinking: /home/alejandro/bookros2_ws/install/br2_tracking/include/include/br2_tracking/PIDController.hpp
[58.352s] -- Symlinking: /home/alejandro/bookros2_ws/install/br2_tracking/share/br2_tracking/launch/tracking.launch.py
[58.371s] -- Symlinking: /home/alejandro/bookros2_ws/install/br2_tracking/share/br2_tracking/config/detector.yaml
[58.380s] -- Symlinking: /home/alejandro/bookros2_ws/install/br2_tracking/share/br2_tracking/environment/library_path.sh
[58.393s] -- Symlinking: /home/alejandro/bookros2_ws/install/br2_tracking/share/br2_tracking/environment/library_path.dsv
[58.406s] -- Symlinking: /home/alejandro/bookros2_ws/install/br2_tracking/share/ament_index/resource_index/package_run_dependencies/br2_tracking
[58.419s] -- Symlinking: /home/alejandro/bookros2_ws/install/br2_tracking/share/ament_index/resource_index/parent_prefix_path/br2_tracking
[58.433s] -- Symlinking: /home/alejandro/bookros2_ws/install/br2_tracking/share/br2_tracking/environment/ament_prefix_path.sh
[58.456s] -- Symlinking: /home/alejandro/bookros2_ws/install/br2_tracking/share/br2_tracking/environment/ament_prefix_path.dsv
[58.469s] -- Symlinking: /home/alejandro/bookros2_ws/install/br2_tracking/share/br2_tracking/environment/path.sh
[58.481s] -- Symlinking: /home/alejandro/bookros2_ws/install/br2_tracking/share/br2_tracking/environment/path.dsv
[58.495s] -- Symlinking: /home/alejandro/bookros2_ws/install/br2_tracking/share/br2_tracking/local_setup.bash
[58.508s] -- Symlinking: /home/alejandro/bookros2_ws/install/br2_tracking/share/br2_tracking/local_setup.sh
[58.523s] -- Symlinking: /home/alejandro/bookros2_ws/install/br2_tracking/share/br2_tracking/local_setup.zsh
[58.538s] -- Symlinking: /home/alejandro/bookros2_ws/install/br2_tracking/share/br2_tracking/local_setup.dsv
[58.553s] -- Symlinking: /home/alejandro/bookros2_ws/install/br2_tracking/share/br2_tracking/package.dsv
[58.566s] -- Symlinking: /home/alejandro/bookros2_ws/install/br2_tracking/share/ament_index/resource_index/packages/br2_tracking
[58.584s] -- Symlinking: /home/alejandro/bookros2_ws/install/br2_tracking/share/br2_tracking/cmake/ament_cmake_export_include_directories-extras.cmake
[58.597s] -- Symlinking: /home/alejandro/bookros2_ws/install/br2_tracking/share/br2_tracking/cmake/ament_cmake_export_libraries-extras.cmake
[58.611s] -- Symlinking: /home/alejandro/bookros2_ws/install/br2_tracking/share/br2_tracking/cmake/ament_cmake_export_dependencies-extras.cmake
[58.626s] -- Symlinking: /home/alejandro/bookros2_ws/install/br2_tracking/share/br2_tracking/cmake/br2_trackingConfig.cmake
[58.640s] -- Symlinking: /home/alejandro/bookros2_ws/install/br2_tracking/share/br2_tracking/cmake/br2_trackingConfig-version.cmake
[58.653s] -- Symlinking: /home/alejandro/bookros2_ws/install/br2_tracking/share/br2_tracking/package.xml
[58.671s] Invoked command in '/home/alejandro/bookros2_ws/build/br2_tracking' returned '0': AMENT_PREFIX_PATH=/home/alejandro/bookros2_ws/install/br2_tracking_msgs:${AMENT_PREFIX_PATH} CMAKE_PREFIX_PATH=/home/alejandro/bookros2_ws/install/br2_tracking_msgs:/home/alejandro/bookro2_ws/install/urdf_test:/home/alejandro/bookro2_ws/install/tiago_simulation:/home/alejandro/bookro2_ws/install/tiago_robot:/home/alejandro/bookro2_ws/install/tiago_navigation:/home/alejandro/bookro2_ws/install/tiago_gazebo:/home/alejandro/bookro2_ws/install/tiago_moveit_config:/home/alejandro/bookro2_ws/install/tiago_2dnav:/home/alejandro/bookro2_ws/install/tiago_laser_sensors:/home/alejandro/bookro2_ws/install/tiago_bringup:/home/alejandro/bookro2_ws/install/tiago_description:/home/alejandro/bookro2_ws/install/tiago_controller_configuration:/home/alejandro/bookro2_ws/install/pmb2_robot:/home/alejandro/bookro2_ws/install/pmb2_navigation:/home/alejandro/bookro2_ws/install/pmb2_2dnav:/home/alejandro/bookro2_ws/install/pmb2_laser_sensors:/home/alejandro/bookro2_ws/install/pmb2_bringup:/home/alejandro/bookro2_ws/install/pmb2_description:/home/alejandro/bookro2_ws/install/pmb2_controller_configuration:/home/alejandro/bookro2_ws/install/pal_gripper_simulation:/home/alejandro/bookro2_ws/install/pal_gripper:/home/alejandro/bookro2_ws/install/pal_gripper_description:/home/alejandro/bookro2_ws/install/pal_gripper_controller_configuration:/home/alejandro/bookro2_ws/install/pal_gazebo_worlds:/home/alejandro/bookro2_ws/install/hey5_description:/home/alejandro/bookro2_ws/install/groot:/home/alejandro/bookro2_ws/install/br2_vff_avoidance:/home/alejandro/bookro2_ws/install/br2_tracking:/home/alejandro/bookro2_ws/install/br2_tracking_msgs:/home/alejandro/bookro2_ws/install/br2_tiago:/home/alejandro/bookro2_ws/install/br2_tf2_detector:/home/alejandro/bookro2_ws/install/br2_navigation:/home/alejandro/bookro2_ws/install/br2_fsm_bumpgo_cpp:/home/alejandro/bookro2_ws/install/br2_bt_patrolling:/home/alejandro/bookro2_ws/install/br2_bt_bumpgo:/home/alejandro/bookro2_ws/install/br2_basics:/home/alejandro/ros2_utilities_ws/install/micro_ros_setup:/home/alejandro/ros2_utilities_ws/install/micro_ros_agent:/home/alejandro/ros2_utilities_ws/install/micro_ros_msgs:/home/alejandro/bookro2_ws/install/launch_pal:/home/alejandro/bookro2_ws/install/br2_fsm_bumpgo_py:/opt/ros/humble LD_LIBRARY_PATH=/home/alejandro/bookros2_ws/install/br2_tracking_msgs/lib:${LD_LIBRARY_PATH} PYTHONPATH=/home/alejandro/bookros2_ws/install/br2_tracking_msgs/local/lib/python3.10/dist-packages:${PYTHONPATH} /usr/bin/cmake --install /home/alejandro/bookros2_ws/build/br2_tracking
