[1.898s] Invoking command in '/home/alejandro/bookros2_ws/src/ThirdParty/launch_pal': PYTHONPATH=/home/alejandro/bookros2_ws/build/launch_pal/prefix_override:/usr/lib/python3/dist-packages/colcon_core/task/python/colcon_distutils_commands:/home/alejandro/bookros2_ws/install/launch_pal/lib/python3.10/site-packages:${PYTHONPATH} /usr/bin/python3 -W ignore:setup.py install is deprecated setup.py egg_info --egg-base ../../../build/launch_pal build --build-base /home/alejandro/bookros2_ws/build/launch_pal/build install --record /home/alejandro/bookros2_ws/build/launch_pal/install.log --single-version-externally-managed install_data
[2.315s] /home/alejandro/.local/lib/python3.10/site-packages/setuptools/_distutils/dist.py:268: UserWarning: Unknown distribution option: 'tests_require'
[2.315s]   warnings.warn(msg)
[2.693s] running egg_info
[2.743s] writing ../../../build/launch_pal/launch_pal.egg-info/PKG-INFO
[2.743s] writing dependency_links to ../../../build/launch_pal/launch_pal.egg-info/dependency_links.txt
[2.743s] writing requirements to ../../../build/launch_pal/launch_pal.egg-info/requires.txt
[2.743s] writing top-level names to ../../../build/launch_pal/launch_pal.egg-info/top_level.txt
[2.816s] reading manifest file '../../../build/launch_pal/launch_pal.egg-info/SOURCES.txt'
[2.816s] adding license file 'LICENSE'
[2.817s] writing manifest file '../../../build/launch_pal/launch_pal.egg-info/SOURCES.txt'
[2.817s] running build
[2.817s] running build_py
[2.818s] copying launch_pal/include_utils.py -> /home/alejandro/bookros2_ws/build/launch_pal/build/lib/launch_pal
[2.818s] copying launch_pal/composition_utils.py -> /home/alejandro/bookros2_ws/build/launch_pal/build/lib/launch_pal
[2.818s] copying launch_pal/arg_utils.py -> /home/alejandro/bookros2_ws/build/launch_pal/build/lib/launch_pal
[2.818s] copying launch_pal/pal_parameters.py -> /home/alejandro/bookros2_ws/build/launch_pal/build/lib/launch_pal
[2.819s] copying launch_pal/param_utils.py -> /home/alejandro/bookros2_ws/build/launch_pal/build/lib/launch_pal
[2.819s] copying launch_pal/robot_utils.py -> /home/alejandro/bookros2_ws/build/launch_pal/build/lib/launch_pal
[2.819s] copying launch_pal/__init__.py -> /home/alejandro/bookros2_ws/build/launch_pal/build/lib/launch_pal
[2.820s] copying launch_pal/substitutions/load_file.py -> /home/alejandro/bookros2_ws/build/launch_pal/build/lib/launch_pal/substitutions
[2.820s] copying launch_pal/substitutions/__init__.py -> /home/alejandro/bookros2_ws/build/launch_pal/build/lib/launch_pal/substitutions
[2.820s] copying launch_pal/robot_arguments/common.py -> /home/alejandro/bookros2_ws/build/launch_pal/build/lib/launch_pal/robot_arguments
[2.820s] copying launch_pal/robot_arguments/robot.py -> /home/alejandro/bookros2_ws/build/launch_pal/build/lib/launch_pal/robot_arguments
[2.820s] copying launch_pal/robot_arguments/__init__.py -> /home/alejandro/bookros2_ws/build/launch_pal/build/lib/launch_pal/robot_arguments
[2.821s] copying launch_pal/actions/__init__.py -> /home/alejandro/bookros2_ws/build/launch_pal/build/lib/launch_pal/actions
[2.821s] copying launch_pal/actions/check_public_sim.py -> /home/alejandro/bookros2_ws/build/launch_pal/build/lib/launch_pal/actions
[2.822s] running install
[2.832s] running install_lib
[2.870s] running install_data
[2.870s] copying resource/launch_pal -> /home/alejandro/bookros2_ws/install/launch_pal/share/ament_index/resource_index/packages
[2.870s] copying package.xml -> /home/alejandro/bookros2_ws/install/launch_pal/share/launch_pal
[2.870s] copying config/robot_configuration.yaml -> /home/alejandro/bookros2_ws/install/launch_pal/share/launch_pal/config
[2.870s] running install_egg_info
[2.901s] removing '/home/alejandro/bookros2_ws/install/launch_pal/lib/python3.10/site-packages/launch_pal-0.1.15-py3.10.egg-info' (and everything under it)
[2.901s] Copying ../../../build/launch_pal/launch_pal.egg-info to /home/alejandro/bookros2_ws/install/launch_pal/lib/python3.10/site-packages/launch_pal-0.1.15-py3.10.egg-info
[2.902s] running install_scripts
[3.126s] writing list of installed files to '/home/alejandro/bookros2_ws/build/launch_pal/install.log'
[3.166s] Invoked command in '/home/alejandro/bookros2_ws/src/ThirdParty/launch_pal' returned '0': PYTHONPATH=/home/alejandro/bookros2_ws/build/launch_pal/prefix_override:/usr/lib/python3/dist-packages/colcon_core/task/python/colcon_distutils_commands:/home/alejandro/bookros2_ws/install/launch_pal/lib/python3.10/site-packages:${PYTHONPATH} /usr/bin/python3 -W ignore:setup.py install is deprecated setup.py egg_info --egg-base ../../../build/launch_pal build --build-base /home/alejandro/bookros2_ws/build/launch_pal/build install --record /home/alejandro/bookros2_ws/build/launch_pal/install.log --single-version-externally-managed install_data
