[0.065s] Invoking command in '/home/alejandro/bookros2_ws/build/tiago_controller_configuration': AMENT_PREFIX_PATH=/home/alejandro/bookros2_ws/install/pmb2_controller_configuration:/home/alejandro/bookros2_ws/install/pal_gripper_controller_configuration:/home/alejandro/bookros2_ws/install/launch_pal:${AMENT_PREFIX_PATH} CMAKE_PREFIX_PATH=/home/alejandro/bookros2_ws/install/pmb2_controller_configuration:/home/alejandro/bookros2_ws/install/pal_gripper_controller_configuration:/home/alejandro/ros2_utilities_ws/install/micro_ros_setup:/home/alejandro/ros2_utilities_ws/install/micro_ros_agent:/home/alejandro/ros2_utilities_ws/install/micro_ros_msgs:/opt/ros/humble PYTHONPATH=/home/alejandro/bookros2_ws/install/launch_pal/lib/python3.10/site-packages:${PYTHONPATH} /usr/bin/cmake --build /home/alejandro/bookros2_ws/build/tiago_controller_configuration -- -j8 -l8
[0.196s] Invoked command in '/home/alejandro/bookros2_ws/build/tiago_controller_configuration' returned '0': AMENT_PREFIX_PATH=/home/alejandro/bookros2_ws/install/pmb2_controller_configuration:/home/alejandro/bookros2_ws/install/pal_gripper_controller_configuration:/home/alejandro/bookros2_ws/install/launch_pal:${AMENT_PREFIX_PATH} CMAKE_PREFIX_PATH=/home/alejandro/bookros2_ws/install/pmb2_controller_configuration:/home/alejandro/bookros2_ws/install/pal_gripper_controller_configuration:/home/alejandro/ros2_utilities_ws/install/micro_ros_setup:/home/alejandro/ros2_utilities_ws/install/micro_ros_agent:/home/alejandro/ros2_utilities_ws/install/micro_ros_msgs:/opt/ros/humble PYTHONPATH=/home/alejandro/bookros2_ws/install/launch_pal/lib/python3.10/site-packages:${PYTHONPATH} /usr/bin/cmake --build /home/alejandro/bookros2_ws/build/tiago_controller_configuration -- -j8 -l8
[0.255s] Invoking command in '/home/alejandro/bookros2_ws/build/tiago_controller_configuration': AMENT_PREFIX_PATH=/home/alejandro/bookros2_ws/install/pmb2_controller_configuration:/home/alejandro/bookros2_ws/install/pal_gripper_controller_configuration:/home/alejandro/bookros2_ws/install/launch_pal:${AMENT_PREFIX_PATH} CMAKE_PREFIX_PATH=/home/alejandro/bookros2_ws/install/pmb2_controller_configuration:/home/alejandro/bookros2_ws/install/pal_gripper_controller_configuration:/home/alejandro/ros2_utilities_ws/install/micro_ros_setup:/home/alejandro/ros2_utilities_ws/install/micro_ros_agent:/home/alejandro/ros2_utilities_ws/install/micro_ros_msgs:/opt/ros/humble PYTHONPATH=/home/alejandro/bookros2_ws/install/launch_pal/lib/python3.10/site-packages:${PYTHONPATH} /usr/bin/cmake --install /home/alejandro/bookros2_ws/build/tiago_controller_configuration
[0.275s] -- Install configuration: ""
[0.277s] -- Execute custom install script
[0.279s] -- Up-to-date symlink: /home/alejandro/bookros2_ws/install/tiago_controller_configuration/share/tiago_controller_configuration/config/arm_controller.yaml
[0.283s] -- Up-to-date symlink: /home/alejandro/bookros2_ws/install/tiago_controller_configuration/share/tiago_controller_configuration/config/ft_sensor_controller.yaml
[0.284s] -- Up-to-date symlink: /home/alejandro/bookros2_ws/install/tiago_controller_configuration/share/tiago_controller_configuration/config/gravity_compensation_controller_ilm.yaml
[0.284s] -- Up-to-date symlink: /home/alejandro/bookros2_ws/install/tiago_controller_configuration/share/tiago_controller_configuration/config/gravity_compensation_controller_parker.yaml
[0.284s] -- Up-to-date symlink: /home/alejandro/bookros2_ws/install/tiago_controller_configuration/share/tiago_controller_configuration/config/head_controller.yaml
[0.284s] -- Up-to-date symlink: /home/alejandro/bookros2_ws/install/tiago_controller_configuration/share/tiago_controller_configuration/config/imu_sensor_broadcaster.yaml
[0.284s] -- Up-to-date symlink: /home/alejandro/bookros2_ws/install/tiago_controller_configuration/share/tiago_controller_configuration/config/joint_state_broadcaster.yaml
[0.287s] -- Up-to-date symlink: /home/alejandro/bookros2_ws/install/tiago_controller_configuration/share/tiago_controller_configuration/config/torso_controller.yaml
[0.287s] -- Up-to-date symlink: /home/alejandro/bookros2_ws/install/tiago_controller_configuration/share/tiago_controller_configuration/launch/default_controllers.launch.py
[0.287s] -- Up-to-date symlink: /home/alejandro/bookros2_ws/install/tiago_controller_configuration/share/tiago_controller_configuration/launch/gravity_compensation_controller.launch.py
[0.288s] -- Up-to-date symlink: /home/alejandro/bookros2_ws/install/tiago_controller_configuration/share/ament_index/resource_index/package_run_dependencies/tiago_controller_configuration
[0.288s] -- Up-to-date symlink: /home/alejandro/bookros2_ws/install/tiago_controller_configuration/share/ament_index/resource_index/parent_prefix_path/tiago_controller_configuration
[0.288s] -- Up-to-date symlink: /home/alejandro/bookros2_ws/install/tiago_controller_configuration/share/tiago_controller_configuration/environment/ament_prefix_path.sh
[0.289s] -- Up-to-date symlink: /home/alejandro/bookros2_ws/install/tiago_controller_configuration/share/tiago_controller_configuration/environment/ament_prefix_path.dsv
[0.289s] -- Up-to-date symlink: /home/alejandro/bookros2_ws/install/tiago_controller_configuration/share/tiago_controller_configuration/environment/path.sh
[0.289s] -- Up-to-date symlink: /home/alejandro/bookros2_ws/install/tiago_controller_configuration/share/tiago_controller_configuration/environment/path.dsv
[0.289s] -- Up-to-date symlink: /home/alejandro/bookros2_ws/install/tiago_controller_configuration/share/tiago_controller_configuration/local_setup.bash
[0.289s] -- Up-to-date symlink: /home/alejandro/bookros2_ws/install/tiago_controller_configuration/share/tiago_controller_configuration/local_setup.sh
[0.289s] -- Up-to-date symlink: /home/alejandro/bookros2_ws/install/tiago_controller_configuration/share/tiago_controller_configuration/local_setup.zsh
[0.290s] -- Up-to-date symlink: /home/alejandro/bookros2_ws/install/tiago_controller_configuration/share/tiago_controller_configuration/local_setup.dsv
[0.290s] -- Symlinking: /home/alejandro/bookros2_ws/install/tiago_controller_configuration/share/tiago_controller_configuration/package.dsv
[0.308s] -- Up-to-date symlink: /home/alejandro/bookros2_ws/install/tiago_controller_configuration/share/ament_index/resource_index/packages/tiago_controller_configuration
[0.308s] -- Up-to-date symlink: /home/alejandro/bookros2_ws/install/tiago_controller_configuration/share/tiago_controller_configuration/cmake/tiago_controller_configurationConfig.cmake
[0.308s] -- Up-to-date symlink: /home/alejandro/bookros2_ws/install/tiago_controller_configuration/share/tiago_controller_configuration/cmake/tiago_controller_configurationConfig-version.cmake
[0.310s] -- Up-to-date symlink: /home/alejandro/bookros2_ws/install/tiago_controller_configuration/share/tiago_controller_configuration/package.xml
[0.319s] Invoked command in '/home/alejandro/bookros2_ws/build/tiago_controller_configuration' returned '0': AMENT_PREFIX_PATH=/home/alejandro/bookros2_ws/install/pmb2_controller_configuration:/home/alejandro/bookros2_ws/install/pal_gripper_controller_configuration:/home/alejandro/bookros2_ws/install/launch_pal:${AMENT_PREFIX_PATH} CMAKE_PREFIX_PATH=/home/alejandro/bookros2_ws/install/pmb2_controller_configuration:/home/alejandro/bookros2_ws/install/pal_gripper_controller_configuration:/home/alejandro/ros2_utilities_ws/install/micro_ros_setup:/home/alejandro/ros2_utilities_ws/install/micro_ros_agent:/home/alejandro/ros2_utilities_ws/install/micro_ros_msgs:/opt/ros/humble PYTHONPATH=/home/alejandro/bookros2_ws/install/launch_pal/lib/python3.10/site-packages:${PYTHONPATH} /usr/bin/cmake --install /home/alejandro/bookros2_ws/build/tiago_controller_configuration
