[0.117s] Invoking command in '/home/alejandro/bookros2_ws/build/br2_tf2_detector': CMAKE_PREFIX_PATH=${CMAKE_PREFIX_PATH}:/home/alejandro/bookros2_ws/install/launch_pal:/home/alejandro/bookros2_ws/install/br2_fsm_bumpgo_py:/opt/ros/humble /usr/bin/cmake --build /home/alejandro/bookros2_ws/build/br2_tf2_detector -- -j8 -l8
[0.435s] [ 50%] Built target br2_tf2_detector
[0.548s] [ 75%] Built target detector
[0.710s] [100%] Built target detector_improved
[0.797s] Invoked command in '/home/alejandro/bookros2_ws/build/br2_tf2_detector' returned '0': CMAKE_PREFIX_PATH=${CMAKE_PREFIX_PATH}:/home/alejandro/bookros2_ws/install/launch_pal:/home/alejandro/bookros2_ws/install/br2_fsm_bumpgo_py:/opt/ros/humble /usr/bin/cmake --build /home/alejandro/bookros2_ws/build/br2_tf2_detector -- -j8 -l8
[1.005s] Invoking command in '/home/alejandro/bookros2_ws/build/br2_tf2_detector': CMAKE_PREFIX_PATH=${CMAKE_PREFIX_PATH}:/home/alejandro/bookros2_ws/install/launch_pal:/home/alejandro/bookros2_ws/install/br2_fsm_bumpgo_py:/opt/ros/humble /usr/bin/cmake --install /home/alejandro/bookros2_ws/build/br2_tf2_detector
[1.073s] -- Install configuration: ""
[1.078s] -- Execute custom install script
[1.079s] -- Up-to-date symlink: /home/alejandro/bookros2_ws/install/br2_tf2_detector/lib/libbr2_tf2_detector.so
[1.079s] -- Up-to-date symlink: /home/alejandro/bookros2_ws/install/br2_tf2_detector/lib/br2_tf2_detector/detector
[1.079s] -- Up-to-date symlink: /home/alejandro/bookros2_ws/install/br2_tf2_detector/lib/br2_tf2_detector/detector_improved
[1.080s] -- Up-to-date symlink: /home/alejandro/bookros2_ws/install/br2_tf2_detector/share/br2_tf2_detector/launch/detector_basic.launch.py
[1.085s] -- Up-to-date symlink: /home/alejandro/bookros2_ws/install/br2_tf2_detector/share/br2_tf2_detector/launch/detector_improved.launch.py
[1.085s] -- Up-to-date symlink: /home/alejandro/bookros2_ws/install/br2_tf2_detector/share/ament_index/resource_index/package_run_dependencies/br2_tf2_detector
[1.086s] -- Up-to-date symlink: /home/alejandro/bookros2_ws/install/br2_tf2_detector/share/ament_index/resource_index/parent_prefix_path/br2_tf2_detector
[1.086s] -- Up-to-date symlink: /home/alejandro/bookros2_ws/install/br2_tf2_detector/share/br2_tf2_detector/environment/ament_prefix_path.sh
[1.086s] -- Up-to-date symlink: /home/alejandro/bookros2_ws/install/br2_tf2_detector/share/br2_tf2_detector/environment/ament_prefix_path.dsv
[1.086s] -- Up-to-date symlink: /home/alejandro/bookros2_ws/install/br2_tf2_detector/share/br2_tf2_detector/environment/path.sh
[1.087s] -- Up-to-date symlink: /home/alejandro/bookros2_ws/install/br2_tf2_detector/share/br2_tf2_detector/environment/path.dsv
[1.087s] -- Up-to-date symlink: /home/alejandro/bookros2_ws/install/br2_tf2_detector/share/br2_tf2_detector/local_setup.bash
[1.088s] -- Up-to-date symlink: /home/alejandro/bookros2_ws/install/br2_tf2_detector/share/br2_tf2_detector/local_setup.sh
[1.090s] -- Up-to-date symlink: /home/alejandro/bookros2_ws/install/br2_tf2_detector/share/br2_tf2_detector/local_setup.zsh
[1.091s] -- Up-to-date symlink: /home/alejandro/bookros2_ws/install/br2_tf2_detector/share/br2_tf2_detector/local_setup.dsv
[1.097s] -- Symlinking: /home/alejandro/bookros2_ws/install/br2_tf2_detector/share/br2_tf2_detector/package.dsv
[1.164s] -- Up-to-date symlink: /home/alejandro/bookros2_ws/install/br2_tf2_detector/share/ament_index/resource_index/packages/br2_tf2_detector
[1.164s] -- Up-to-date symlink: /home/alejandro/bookros2_ws/install/br2_tf2_detector/share/br2_tf2_detector/cmake/br2_tf2_detectorConfig.cmake
[1.171s] -- Up-to-date symlink: /home/alejandro/bookros2_ws/install/br2_tf2_detector/share/br2_tf2_detector/cmake/br2_tf2_detectorConfig-version.cmake
[1.171s] -- Up-to-date symlink: /home/alejandro/bookros2_ws/install/br2_tf2_detector/share/br2_tf2_detector/package.xml
[1.217s] Invoked command in '/home/alejandro/bookros2_ws/build/br2_tf2_detector' returned '0': CMAKE_PREFIX_PATH=${CMAKE_PREFIX_PATH}:/home/alejandro/bookros2_ws/install/launch_pal:/home/alejandro/bookros2_ws/install/br2_fsm_bumpgo_py:/opt/ros/humble /usr/bin/cmake --install /home/alejandro/bookros2_ws/build/br2_tf2_detector
