[0.322s] Invoking command in '/home/alejandro/bookros2_ws/build/groot': CMAKE_PREFIX_PATH=${CMAKE_PREFIX_PATH}:/home/alejandro/bookros2_ws/install/launch_pal:/home/alejandro/bookros2_ws/install/br2_fsm_bumpgo_py:/opt/ros/humble /usr/bin/cmake --build /home/alejandro/bookros2_ws/build/groot -- -j8 -l8
[0.585s] [  1%] [34m[1mAutomatic MOC and UIC for target QtNodeEditor[0m
[0.693s] [  1%] Built target QtNodeEditor_autogen
[0.975s] [ 57%] Built target QtNodeEditor
[1.080s] [ 58%] [34m[1mAutomatic MOC and UIC for target behavior_tree_editor[0m
[1.304s] [ 58%] Built target behavior_tree_editor_autogen
[1.505s] [ 74%] Built target behavior_tree_editor
[1.609s] [ 75%] [34m[1mAutomatic MOC and UIC for target Groot[0m
[1.713s] [ 75%] Built target Groot_autogen
[1.852s] [ 76%] [34m[1mAutomatic MOC and UIC for target replay_test[0m
[1.990s] [ 76%] Built target replay_test_autogen
[2.091s] [ 82%] Built target Groot
[2.252s] [ 91%] Built target replay_test
[2.341s] [ 91%] [34m[1mAutomatic MOC and UIC for target editor_test[0m
[2.421s] [ 91%] Built target editor_test_autogen
[2.615s] [100%] Built target editor_test
[2.727s] Invoked command in '/home/alejandro/bookros2_ws/build/groot' returned '0': CMAKE_PREFIX_PATH=${CMAKE_PREFIX_PATH}:/home/alejandro/bookros2_ws/install/launch_pal:/home/alejandro/bookros2_ws/install/br2_fsm_bumpgo_py:/opt/ros/humble /usr/bin/cmake --build /home/alejandro/bookros2_ws/build/groot -- -j8 -l8
[3.142s] Invoking command in '/home/alejandro/bookros2_ws/build/groot': CMAKE_PREFIX_PATH=${CMAKE_PREFIX_PATH}:/home/alejandro/bookros2_ws/install/launch_pal:/home/alejandro/bookros2_ws/install/br2_fsm_bumpgo_py:/opt/ros/humble /usr/bin/cmake --install /home/alejandro/bookros2_ws/build/groot
[3.185s] -- Install configuration: ""
[3.185s] -- Execute custom install script
[3.187s] -- Up-to-date symlink: /home/alejandro/bookros2_ws/install/groot/lib/libbehavior_tree_editor.so
[3.187s] -- Up-to-date symlink: /home/alejandro/bookros2_ws/install/groot/lib/groot/Groot
[3.188s] -- Up-to-date symlink: /home/alejandro/bookros2_ws/install/groot/share/groot/environment/library_path.sh
[3.189s] -- Up-to-date symlink: /home/alejandro/bookros2_ws/install/groot/share/groot/environment/library_path.dsv
[3.190s] -- Up-to-date symlink: /home/alejandro/bookros2_ws/install/groot/share/ament_index/resource_index/package_run_dependencies/groot
[3.191s] -- Up-to-date symlink: /home/alejandro/bookros2_ws/install/groot/share/ament_index/resource_index/parent_prefix_path/groot
[3.191s] -- Up-to-date symlink: /home/alejandro/bookros2_ws/install/groot/share/groot/environment/ament_prefix_path.sh
[3.191s] -- Up-to-date symlink: /home/alejandro/bookros2_ws/install/groot/share/groot/environment/ament_prefix_path.dsv
[3.191s] -- Up-to-date symlink: /home/alejandro/bookros2_ws/install/groot/share/groot/environment/path.sh
[3.192s] -- Up-to-date symlink: /home/alejandro/bookros2_ws/install/groot/share/groot/environment/path.dsv
[3.197s] -- Up-to-date symlink: /home/alejandro/bookros2_ws/install/groot/share/groot/local_setup.bash
[3.198s] -- Up-to-date symlink: /home/alejandro/bookros2_ws/install/groot/share/groot/local_setup.sh
[3.198s] -- Up-to-date symlink: /home/alejandro/bookros2_ws/install/groot/share/groot/local_setup.zsh
[3.198s] -- Up-to-date symlink: /home/alejandro/bookros2_ws/install/groot/share/groot/local_setup.dsv
[3.199s] -- Symlinking: /home/alejandro/bookros2_ws/install/groot/share/groot/package.dsv
[3.242s] -- Up-to-date symlink: /home/alejandro/bookros2_ws/install/groot/share/ament_index/resource_index/packages/groot
[3.246s] -- Up-to-date symlink: /home/alejandro/bookros2_ws/install/groot/share/groot/cmake/ament_cmake_export_include_directories-extras.cmake
[3.247s] -- Up-to-date symlink: /home/alejandro/bookros2_ws/install/groot/share/groot/cmake/ament_cmake_export_dependencies-extras.cmake
[3.248s] -- Up-to-date symlink: /home/alejandro/bookros2_ws/install/groot/share/groot/cmake/ament_cmake_export_libraries-extras.cmake
[3.249s] -- Up-to-date symlink: /home/alejandro/bookros2_ws/install/groot/share/groot/cmake/grootConfig.cmake
[3.250s] -- Up-to-date symlink: /home/alejandro/bookros2_ws/install/groot/share/groot/cmake/grootConfig-version.cmake
[3.251s] -- Up-to-date symlink: /home/alejandro/bookros2_ws/install/groot/share/groot/package.xml
[3.260s] Invoked command in '/home/alejandro/bookros2_ws/build/groot' returned '0': CMAKE_PREFIX_PATH=${CMAKE_PREFIX_PATH}:/home/alejandro/bookros2_ws/install/launch_pal:/home/alejandro/bookros2_ws/install/br2_fsm_bumpgo_py:/opt/ros/humble /usr/bin/cmake --install /home/alejandro/bookros2_ws/build/groot
