[0.173s] Invoking command in '/home/alejandro/bookros2_ws/build/br2_tf2_detector': CMAKE_PREFIX_PATH=${CMAKE_PREFIX_PATH}:/opt/ros/humble /usr/bin/cmake --build /home/alejandro/bookros2_ws/build/br2_tf2_detector -- -j8 -l8
[0.392s] [ 50%] Built target br2_tf2_detector
[0.500s] [ 75%] Built target detector_improved
[0.510s] [100%] Built target detector
[0.591s] Invoked command in '/home/alejandro/bookros2_ws/build/br2_tf2_detector' returned '0': CMAKE_PREFIX_PATH=${CMAKE_PREFIX_PATH}:/opt/ros/humble /usr/bin/cmake --build /home/alejandro/bookros2_ws/build/br2_tf2_detector -- -j8 -l8
[0.785s] Invoking command in '/home/alejandro/bookros2_ws/build/br2_tf2_detector': CMAKE_PREFIX_PATH=${CMAKE_PREFIX_PATH}:/opt/ros/humble /usr/bin/cmake --install /home/alejandro/bookros2_ws/build/br2_tf2_detector
[0.813s] -- Install configuration: ""
[0.815s] -- Execute custom install script
[0.819s] -- Up-to-date symlink: /home/alejandro/bookros2_ws/install/br2_tf2_detector/lib/libbr2_tf2_detector.so
[0.819s] -- Up-to-date symlink: /home/alejandro/bookros2_ws/install/br2_tf2_detector/lib/br2_tf2_detector/detector
[0.819s] -- Up-to-date symlink: /home/alejandro/bookros2_ws/install/br2_tf2_detector/lib/br2_tf2_detector/detector_improved
[0.826s] -- Up-to-date symlink: /home/alejandro/bookros2_ws/install/br2_tf2_detector/share/br2_tf2_detector/launch/detector_basic.launch.py
[0.826s] -- Up-to-date symlink: /home/alejandro/bookros2_ws/install/br2_tf2_detector/share/br2_tf2_detector/launch/detector_improved.launch.py
[0.831s] -- Up-to-date symlink: /home/alejandro/bookros2_ws/install/br2_tf2_detector/share/ament_index/resource_index/package_run_dependencies/br2_tf2_detector
[0.845s] -- Up-to-date symlink: /home/alejandro/bookros2_ws/install/br2_tf2_detector/share/ament_index/resource_index/parent_prefix_path/br2_tf2_detector
[0.846s] -- Up-to-date symlink: /home/alejandro/bookros2_ws/install/br2_tf2_detector/share/br2_tf2_detector/environment/ament_prefix_path.sh
[0.850s] -- Up-to-date symlink: /home/alejandro/bookros2_ws/install/br2_tf2_detector/share/br2_tf2_detector/environment/ament_prefix_path.dsv
[0.850s] -- Up-to-date symlink: /home/alejandro/bookros2_ws/install/br2_tf2_detector/share/br2_tf2_detector/environment/path.sh
[0.855s] -- Up-to-date symlink: /home/alejandro/bookros2_ws/install/br2_tf2_detector/share/br2_tf2_detector/environment/path.dsv
[0.855s] -- Up-to-date symlink: /home/alejandro/bookros2_ws/install/br2_tf2_detector/share/br2_tf2_detector/local_setup.bash
[0.855s] -- Up-to-date symlink: /home/alejandro/bookros2_ws/install/br2_tf2_detector/share/br2_tf2_detector/local_setup.sh
[0.856s] -- Up-to-date symlink: /home/alejandro/bookros2_ws/install/br2_tf2_detector/share/br2_tf2_detector/local_setup.zsh
[0.861s] -- Up-to-date symlink: /home/alejandro/bookros2_ws/install/br2_tf2_detector/share/br2_tf2_detector/local_setup.dsv
[0.862s] -- Symlinking: /home/alejandro/bookros2_ws/install/br2_tf2_detector/share/br2_tf2_detector/package.dsv
[0.877s] -- Up-to-date symlink: /home/alejandro/bookros2_ws/install/br2_tf2_detector/share/ament_index/resource_index/packages/br2_tf2_detector
[0.877s] -- Up-to-date symlink: /home/alejandro/bookros2_ws/install/br2_tf2_detector/share/br2_tf2_detector/cmake/br2_tf2_detectorConfig.cmake
[0.878s] -- Up-to-date symlink: /home/alejandro/bookros2_ws/install/br2_tf2_detector/share/br2_tf2_detector/cmake/br2_tf2_detectorConfig-version.cmake
[0.878s] -- Up-to-date symlink: /home/alejandro/bookros2_ws/install/br2_tf2_detector/share/br2_tf2_detector/package.xml
[0.966s] Invoked command in '/home/alejandro/bookros2_ws/build/br2_tf2_detector' returned '0': CMAKE_PREFIX_PATH=${CMAKE_PREFIX_PATH}:/opt/ros/humble /usr/bin/cmake --install /home/alejandro/bookros2_ws/build/br2_tf2_detector
