[0.053s] Invoking command in '/home/alejandro/bookros2_ws/build/br2_bt_patrolling': CMAKE_PREFIX_PATH=${CMAKE_PREFIX_PATH}:/opt/ros/humble /usr/bin/cmake --build /home/alejandro/bookros2_ws/build/br2_bt_patrolling -- -j8 -l8
[0.149s] [35m[1mConsolidate compiler generated dependencies of target br2_patrol_bt_node[0m
[0.149s] [35m[1mConsolidate compiler generated dependencies of target br2_recharge_bt_node[0m
[0.149s] [35m[1mConsolidate compiler generated dependencies of target br2_get_waypoint_bt_node[0m
[0.149s] [35m[1mConsolidate compiler generated dependencies of target br2_track_objects_bt_node[0m
[0.150s] [35m[1mConsolidate compiler generated dependencies of target br2_move_bt_node[0m
[0.150s] [35m[1mConsolidate compiler generated dependencies of target br2_battery_checker_bt_node[0m
[0.162s] [35m[1mConsolidate compiler generated dependencies of target gtest_main[0m
[0.167s] [35m[1mConsolidate compiler generated dependencies of target patrolling_main[0m
[0.191s] [ 10%] Built target br2_patrol_bt_node
[0.195s] [ 20%] Built target br2_get_waypoint_bt_node
[0.200s] [ 30%] Built target br2_recharge_bt_node
[0.205s] [ 40%] Built target br2_move_bt_node
[0.216s] [ 50%] Built target patrolling_main
[0.216s] [ 60%] Built target gtest_main
[0.219s] [ 70%] Built target br2_battery_checker_bt_node
[0.220s] [ 80%] Built target br2_track_objects_bt_node
[0.220s] [35m[1mConsolidate compiler generated dependencies of target gtest[0m
[0.241s] [ 90%] Built target gtest
[0.257s] [35m[1mConsolidate compiler generated dependencies of target bt_action_test[0m
[0.274s] [100%] Built target bt_action_test
[0.575s] Invoked command in '/home/alejandro/bookros2_ws/build/br2_bt_patrolling' returned '0': CMAKE_PREFIX_PATH=${CMAKE_PREFIX_PATH}:/opt/ros/humble /usr/bin/cmake --build /home/alejandro/bookros2_ws/build/br2_bt_patrolling -- -j8 -l8
[0.648s] Invoking command in '/home/alejandro/bookros2_ws/build/br2_bt_patrolling': CMAKE_PREFIX_PATH=${CMAKE_PREFIX_PATH}:/opt/ros/humble /usr/bin/cmake --install /home/alejandro/bookros2_ws/build/br2_bt_patrolling
[0.657s] -- Install configuration: "Debug"
[0.658s] -- Execute custom install script
[0.660s] -- Up-to-date symlink: /home/alejandro/bookros2_ws/install/br2_bt_patrolling/lib/libbr2_recharge_bt_node.so
[0.660s] -- Up-to-date symlink: /home/alejandro/bookros2_ws/install/br2_bt_patrolling/lib/libbr2_patrol_bt_node.so
[0.661s] -- Up-to-date symlink: /home/alejandro/bookros2_ws/install/br2_bt_patrolling/lib/libbr2_move_bt_node.so
[0.661s] -- Up-to-date symlink: /home/alejandro/bookros2_ws/install/br2_bt_patrolling/lib/libbr2_get_waypoint_bt_node.so
[0.661s] -- Up-to-date symlink: /home/alejandro/bookros2_ws/install/br2_bt_patrolling/lib/libbr2_battery_checker_bt_node.so
[0.663s] -- Up-to-date symlink: /home/alejandro/bookros2_ws/install/br2_bt_patrolling/lib/libbr2_track_objects_bt_node.so
[0.663s] -- Up-to-date symlink: /home/alejandro/bookros2_ws/install/br2_bt_patrolling/lib/br2_bt_patrolling/patrolling_main
[0.663s] -- Up-to-date symlink: /home/alejandro/bookros2_ws/install/br2_bt_patrolling/include//br2_bt_patrolling/BatteryChecker.hpp
[0.663s] -- Up-to-date symlink: /home/alejandro/bookros2_ws/install/br2_bt_patrolling/include//br2_bt_patrolling/GetWaypoint.hpp
[0.663s] -- Up-to-date symlink: /home/alejandro/bookros2_ws/install/br2_bt_patrolling/include//br2_bt_patrolling/Move.hpp
[0.663s] -- Up-to-date symlink: /home/alejandro/bookros2_ws/install/br2_bt_patrolling/include//br2_bt_patrolling/Patrol.hpp
[0.663s] -- Up-to-date symlink: /home/alejandro/bookros2_ws/install/br2_bt_patrolling/include//br2_bt_patrolling/Recharge.hpp
[0.663s] -- Up-to-date symlink: /home/alejandro/bookros2_ws/install/br2_bt_patrolling/include//br2_bt_patrolling/TrackObjects.hpp
[0.664s] -- Up-to-date symlink: /home/alejandro/bookros2_ws/install/br2_bt_patrolling/include//br2_bt_patrolling/ctrl_support/BTActionNode.hpp
[0.664s] -- Up-to-date symlink: /home/alejandro/bookros2_ws/install/br2_bt_patrolling/include//br2_bt_patrolling/ctrl_support/BTLifecycleCtrlNode.hpp
[0.664s] -- Up-to-date symlink: /home/alejandro/bookros2_ws/install/br2_bt_patrolling/share/br2_bt_patrolling/behavior_tree_xml/patrolling.xml
[0.664s] -- Up-to-date symlink: /home/alejandro/bookros2_ws/install/br2_bt_patrolling/share/br2_bt_patrolling/launch/patrolling.launch.py
[0.664s] -- Up-to-date symlink: /home/alejandro/bookros2_ws/install/br2_bt_patrolling/share/ament_index/resource_index/package_run_dependencies/br2_bt_patrolling
[0.664s] -- Up-to-date symlink: /home/alejandro/bookros2_ws/install/br2_bt_patrolling/share/ament_index/resource_index/parent_prefix_path/br2_bt_patrolling
[0.665s] -- Up-to-date symlink: /home/alejandro/bookros2_ws/install/br2_bt_patrolling/share/br2_bt_patrolling/environment/ament_prefix_path.sh
[0.665s] -- Up-to-date symlink: /home/alejandro/bookros2_ws/install/br2_bt_patrolling/share/br2_bt_patrolling/environment/ament_prefix_path.dsv
[0.665s] -- Up-to-date symlink: /home/alejandro/bookros2_ws/install/br2_bt_patrolling/share/br2_bt_patrolling/environment/path.sh
[0.665s] -- Up-to-date symlink: /home/alejandro/bookros2_ws/install/br2_bt_patrolling/share/br2_bt_patrolling/environment/path.dsv
[0.665s] -- Up-to-date symlink: /home/alejandro/bookros2_ws/install/br2_bt_patrolling/share/br2_bt_patrolling/local_setup.bash
[0.665s] -- Up-to-date symlink: /home/alejandro/bookros2_ws/install/br2_bt_patrolling/share/br2_bt_patrolling/local_setup.sh
[0.665s] -- Up-to-date symlink: /home/alejandro/bookros2_ws/install/br2_bt_patrolling/share/br2_bt_patrolling/local_setup.zsh
[0.665s] -- Up-to-date symlink: /home/alejandro/bookros2_ws/install/br2_bt_patrolling/share/br2_bt_patrolling/local_setup.dsv
[0.665s] -- Symlinking: /home/alejandro/bookros2_ws/install/br2_bt_patrolling/share/br2_bt_patrolling/package.dsv
[0.677s] -- Up-to-date symlink: /home/alejandro/bookros2_ws/install/br2_bt_patrolling/share/ament_index/resource_index/packages/br2_bt_patrolling
[0.677s] -- Up-to-date symlink: /home/alejandro/bookros2_ws/install/br2_bt_patrolling/share/br2_bt_patrolling/cmake/ament_cmake_export_include_directories-extras.cmake
[0.678s] -- Up-to-date symlink: /home/alejandro/bookros2_ws/install/br2_bt_patrolling/share/br2_bt_patrolling/cmake/ament_cmake_export_dependencies-extras.cmake
[0.678s] -- Up-to-date symlink: /home/alejandro/bookros2_ws/install/br2_bt_patrolling/share/br2_bt_patrolling/cmake/br2_bt_patrollingConfig.cmake
[0.678s] -- Up-to-date symlink: /home/alejandro/bookros2_ws/install/br2_bt_patrolling/share/br2_bt_patrolling/cmake/br2_bt_patrollingConfig-version.cmake
[0.678s] -- Up-to-date symlink: /home/alejandro/bookros2_ws/install/br2_bt_patrolling/share/br2_bt_patrolling/package.xml
[0.707s] Invoked command in '/home/alejandro/bookros2_ws/build/br2_bt_patrolling' returned '0': CMAKE_PREFIX_PATH=${CMAKE_PREFIX_PATH}:/opt/ros/humble /usr/bin/cmake --install /home/alejandro/bookros2_ws/build/br2_bt_patrolling
