[0.021s] Invoking command in '/home/alejandro/bookros2_ws/build/br2_vff_avoidance': CMAKE_PREFIX_PATH=${CMAKE_PREFIX_PATH}:/home/alejandro/bookro2_ws/install/launch_pal:/home/alejandro/bookro2_ws/install/br2_fsm_bumpgo_py:/opt/ros/humble /usr/bin/cmake /home/alejandro/bookros2_ws/src/book_ros2/br2_vff_avoidance -DAMENT_CMAKE_SYMLINK_INSTALL=1 -DCMAKE_INSTALL_PREFIX=/home/alejandro/bookros2_ws/install/br2_vff_avoidance
[1.330s] -- The C compiler identification is GNU 11.4.0
[1.330s] -- The CXX compiler identification is GNU 11.4.0
[1.330s] -- Detecting C compiler ABI info
[1.330s] -- Detecting C compiler ABI info - done
[1.330s] -- Check for working C compiler: /usr/bin/cc - skipped
[1.330s] -- Detecting C compile features
[1.330s] -- Detecting C compile features - done
[1.330s] -- Detecting CXX compiler ABI info
[1.330s] -- Detecting CXX compiler ABI info - done
[1.331s] -- Check for working CXX compiler: /usr/bin/c++ - skipped
[1.331s] -- Detecting CXX compile features
[1.331s] -- Detecting CXX compile features - done
[1.331s] -- Found ament_cmake: 1.3.10 (/opt/ros/humble/share/ament_cmake/cmake)
[1.881s] -- Found Python3: /usr/bin/python3 (found version "3.10.12") found components: Interpreter 
[2.076s] -- Override CMake install command with custom implementation using symlinks instead of copying resources
[2.156s] -- Found rclcpp: 16.0.10 (/opt/ros/humble/share/rclcpp/cmake)
[2.278s] -- Found rosidl_generator_c: 3.1.5 (/opt/ros/humble/share/rosidl_generator_c/cmake)
[2.296s] -- Found rosidl_adapter: 3.1.5 (/opt/ros/humble/share/rosidl_adapter/cmake)
[2.316s] -- Found rosidl_generator_cpp: 3.1.5 (/opt/ros/humble/share/rosidl_generator_cpp/cmake)
[2.360s] -- Using all available rosidl_typesupport_c: rosidl_typesupport_fastrtps_c;rosidl_typesupport_introspection_c
[2.409s] -- Using all available rosidl_typesupport_cpp: rosidl_typesupport_fastrtps_cpp;rosidl_typesupport_introspection_cpp
[2.554s] -- Found rmw_implementation_cmake: 6.1.2 (/opt/ros/humble/share/rmw_implementation_cmake/cmake)
[2.564s] -- Found rmw_fastrtps_cpp: 6.2.7 (/opt/ros/humble/share/rmw_fastrtps_cpp/cmake)
[2.810s] -- Found OpenSSL: /usr/lib/x86_64-linux-gnu/libcrypto.so (found version "3.0.2")  
[2.900s] -- Found FastRTPS: /opt/ros/humble/include  
[3.051s] -- Using RMW implementation 'rmw_fastrtps_cpp' as default
[3.081s] -- Looking for pthread.h
[3.315s] -- Looking for pthread.h - found
[3.317s] -- Performing Test CMAKE_HAVE_LIBC_PTHREAD
[3.549s] -- Performing Test CMAKE_HAVE_LIBC_PTHREAD - Success
[3.559s] -- Found Threads: TRUE  
[3.779s] -- Found sensor_msgs: 4.2.4 (/opt/ros/humble/share/sensor_msgs/cmake)
[3.893s] -- Found visualization_msgs: 4.2.4 (/opt/ros/humble/share/visualization_msgs/cmake)
[4.012s] -- Found ament_lint_auto: 0.12.11 (/opt/ros/humble/share/ament_lint_auto/cmake)
[4.323s] -- Found gtest sources under '/opt/ros/humble/src/gtest_vendor': C++ tests using 'Google Test' will be built
[4.362s] -- Added test 'copyright' to check source files copyright and LICENSE
[4.366s] -- Added test 'cppcheck' to perform static code analysis on C / C++ code
[4.366s] -- Configured cppcheck include dirs: /home/alejandro/bookros2_ws/src/book_ros2/br2_vff_avoidance/include
[4.373s] -- Configured cppcheck exclude dirs and/or files: 
[4.378s] -- Added test 'cpplint' to check C / C++ code against the Google style
[4.378s] -- Configured cpplint exclude dirs and/or files: 
[4.378s] -- Added test 'flake8' to check Python code syntax and style conventions
[4.383s] -- Added test 'lint_cmake' to check CMake code style
[4.385s] -- Added test 'pep257' to check Python code against some of the docstring style conventions in PEP 257
[4.391s] -- Added test 'uncrustify' to check C / C++ code style
[4.391s] -- Configured uncrustify additional arguments: 
[4.397s] -- Added test 'xmllint' to check XML markup files
[4.406s] -- Configuring done
[4.474s] -- Generating done
[4.480s] -- Build files have been written to: /home/alejandro/bookros2_ws/build/br2_vff_avoidance
[4.540s] Invoked command in '/home/alejandro/bookros2_ws/build/br2_vff_avoidance' returned '0': CMAKE_PREFIX_PATH=${CMAKE_PREFIX_PATH}:/home/alejandro/bookro2_ws/install/launch_pal:/home/alejandro/bookro2_ws/install/br2_fsm_bumpgo_py:/opt/ros/humble /usr/bin/cmake /home/alejandro/bookros2_ws/src/book_ros2/br2_vff_avoidance -DAMENT_CMAKE_SYMLINK_INSTALL=1 -DCMAKE_INSTALL_PREFIX=/home/alejandro/bookros2_ws/install/br2_vff_avoidance
[4.540s] Invoking command in '/home/alejandro/bookros2_ws/build/br2_vff_avoidance': CMAKE_PREFIX_PATH=${CMAKE_PREFIX_PATH}:/home/alejandro/bookro2_ws/install/launch_pal:/home/alejandro/bookro2_ws/install/br2_fsm_bumpgo_py:/opt/ros/humble /usr/bin/cmake --build /home/alejandro/bookros2_ws/build/br2_vff_avoidance -- -j8 -l8
[7.144s] [ 10%] [32mBuilding CXX object CMakeFiles/br2_vff_avoidance.dir/src/br2_vff_avoidance/AvoidanceNode.cpp.o[0m
[23.920s] [ 20%] [32m[1mLinking CXX shared library libbr2_vff_avoidance.so[0m
[25.011s] [ 20%] Built target br2_vff_avoidance
[25.040s] [ 30%] [32mBuilding CXX object gtest/CMakeFiles/gtest.dir/src/gtest-all.cc.o[0m
[30.748s] [ 40%] [32m[1mLinking CXX static library libgtest.a[0m
[30.854s] [ 40%] Built target gtest
[30.879s] [ 50%] [32mBuilding CXX object CMakeFiles/avoidance_vff.dir/src/avoidance_vff_main.cpp.o[0m
[35.291s] [ 60%] [32m[1mLinking CXX executable avoidance_vff[0m
[35.614s] [ 60%] Built target avoidance_vff
[35.636s] [ 70%] [32mBuilding CXX object gtest/CMakeFiles/gtest_main.dir/src/gtest_main.cc.o[0m
[37.104s] [ 80%] [32m[1mLinking CXX static library libgtest_main.a[0m
[37.188s] [ 80%] Built target gtest_main
[37.222s] [ 90%] [32mBuilding CXX object tests/CMakeFiles/vff_test.dir/vff_test.cpp.o[0m
[51.667s] [100%] [32m[1mLinking CXX executable vff_test[0m
[52.438s] [100%] Built target vff_test
[52.449s] Invoked command in '/home/alejandro/bookros2_ws/build/br2_vff_avoidance' returned '0': CMAKE_PREFIX_PATH=${CMAKE_PREFIX_PATH}:/home/alejandro/bookro2_ws/install/launch_pal:/home/alejandro/bookro2_ws/install/br2_fsm_bumpgo_py:/opt/ros/humble /usr/bin/cmake --build /home/alejandro/bookros2_ws/build/br2_vff_avoidance -- -j8 -l8
[52.477s] Invoking command in '/home/alejandro/bookros2_ws/build/br2_vff_avoidance': CMAKE_PREFIX_PATH=${CMAKE_PREFIX_PATH}:/home/alejandro/bookro2_ws/install/launch_pal:/home/alejandro/bookro2_ws/install/br2_fsm_bumpgo_py:/opt/ros/humble /usr/bin/cmake --install /home/alejandro/bookros2_ws/build/br2_vff_avoidance
[52.483s] -- Install configuration: "Debug"
[52.484s] -- Execute custom install script
[52.484s] -- Symlinking: /home/alejandro/bookros2_ws/install/br2_vff_avoidance/lib/libbr2_vff_avoidance.so
[52.492s] -- Symlinking: /home/alejandro/bookros2_ws/install/br2_vff_avoidance/lib/br2_vff_avoidance/avoidance_vff
[52.500s] -- Symlinking: /home/alejandro/bookros2_ws/install/br2_vff_avoidance/share/br2_vff_avoidance/launch/avoidance_vff.launch.py
[52.508s] -- Symlinking: /home/alejandro/bookros2_ws/install/br2_vff_avoidance/share/ament_index/resource_index/package_run_dependencies/br2_vff_avoidance
[52.515s] -- Symlinking: /home/alejandro/bookros2_ws/install/br2_vff_avoidance/share/ament_index/resource_index/parent_prefix_path/br2_vff_avoidance
[52.522s] -- Symlinking: /home/alejandro/bookros2_ws/install/br2_vff_avoidance/share/br2_vff_avoidance/environment/ament_prefix_path.sh
[52.530s] -- Symlinking: /home/alejandro/bookros2_ws/install/br2_vff_avoidance/share/br2_vff_avoidance/environment/ament_prefix_path.dsv
[52.537s] -- Symlinking: /home/alejandro/bookros2_ws/install/br2_vff_avoidance/share/br2_vff_avoidance/environment/path.sh
[52.545s] -- Symlinking: /home/alejandro/bookros2_ws/install/br2_vff_avoidance/share/br2_vff_avoidance/environment/path.dsv
[52.552s] -- Symlinking: /home/alejandro/bookros2_ws/install/br2_vff_avoidance/share/br2_vff_avoidance/local_setup.bash
[52.560s] -- Symlinking: /home/alejandro/bookros2_ws/install/br2_vff_avoidance/share/br2_vff_avoidance/local_setup.sh
[52.567s] -- Symlinking: /home/alejandro/bookros2_ws/install/br2_vff_avoidance/share/br2_vff_avoidance/local_setup.zsh
[52.575s] -- Symlinking: /home/alejandro/bookros2_ws/install/br2_vff_avoidance/share/br2_vff_avoidance/local_setup.dsv
[52.582s] -- Symlinking: /home/alejandro/bookros2_ws/install/br2_vff_avoidance/share/br2_vff_avoidance/package.dsv
[52.591s] -- Symlinking: /home/alejandro/bookros2_ws/install/br2_vff_avoidance/share/ament_index/resource_index/packages/br2_vff_avoidance
[52.598s] -- Symlinking: /home/alejandro/bookros2_ws/install/br2_vff_avoidance/share/br2_vff_avoidance/cmake/ament_cmake_export_dependencies-extras.cmake
[52.606s] -- Symlinking: /home/alejandro/bookros2_ws/install/br2_vff_avoidance/share/br2_vff_avoidance/cmake/br2_vff_avoidanceConfig.cmake
[52.613s] -- Symlinking: /home/alejandro/bookros2_ws/install/br2_vff_avoidance/share/br2_vff_avoidance/cmake/br2_vff_avoidanceConfig-version.cmake
[52.620s] -- Symlinking: /home/alejandro/bookros2_ws/install/br2_vff_avoidance/share/br2_vff_avoidance/package.xml
[52.630s] Invoked command in '/home/alejandro/bookros2_ws/build/br2_vff_avoidance' returned '0': CMAKE_PREFIX_PATH=${CMAKE_PREFIX_PATH}:/home/alejandro/bookro2_ws/install/launch_pal:/home/alejandro/bookro2_ws/install/br2_fsm_bumpgo_py:/opt/ros/humble /usr/bin/cmake --install /home/alejandro/bookros2_ws/build/br2_vff_avoidance
