[0.689s] Invoking command in '/home/alejandro/bookros2_ws/build/br2_basics': CMAKE_PREFIX_PATH=${CMAKE_PREFIX_PATH}:/opt/ros/humble /usr/bin/cmake --build /home/alejandro/bookros2_ws/build/br2_basics -- -j8 -l8
[0.886s] [ 12%] Built target publisher
[1.029s] [ 25%] Built target param_reader
[1.123s] [ 37%] Built target logger_class
[1.124s] [ 50%] Built target logger
[1.178s] [ 62%] Built target executors
[1.242s] [ 75%] Built target subscriber_class
[1.306s] [ 87%] Built target publisher_class
[1.400s] [100%] Built target subscriber
[2.090s] Invoked command in '/home/alejandro/bookros2_ws/build/br2_basics' returned '0': CMAKE_PREFIX_PATH=${CMAKE_PREFIX_PATH}:/opt/ros/humble /usr/bin/cmake --build /home/alejandro/bookros2_ws/build/br2_basics -- -j8 -l8
[2.264s] Invoking command in '/home/alejandro/bookros2_ws/build/br2_basics': CMAKE_PREFIX_PATH=${CMAKE_PREFIX_PATH}:/opt/ros/humble /usr/bin/cmake --install /home/alejandro/bookros2_ws/build/br2_basics
[2.286s] -- Install configuration: ""
[2.286s] -- Execute custom install script
[2.286s] -- Up-to-date symlink: /home/alejandro/bookros2_ws/install/br2_basics/lib/br2_basics/publisher
[2.286s] -- Up-to-date symlink: /home/alejandro/bookros2_ws/install/br2_basics/lib/br2_basics/publisher_class
[2.286s] -- Up-to-date symlink: /home/alejandro/bookros2_ws/install/br2_basics/lib/br2_basics/subscriber
[2.286s] -- Up-to-date symlink: /home/alejandro/bookros2_ws/install/br2_basics/lib/br2_basics/subscriber_class
[2.287s] -- Up-to-date symlink: /home/alejandro/bookros2_ws/install/br2_basics/lib/br2_basics/executors
[2.287s] -- Up-to-date symlink: /home/alejandro/bookros2_ws/install/br2_basics/lib/br2_basics/logger
[2.287s] -- Up-to-date symlink: /home/alejandro/bookros2_ws/install/br2_basics/lib/br2_basics/logger_class
[2.292s] -- Up-to-date symlink: /home/alejandro/bookros2_ws/install/br2_basics/lib/br2_basics/param_reader
[2.292s] -- Up-to-date symlink: /home/alejandro/bookros2_ws/install/br2_basics/share/br2_basics/launch/includer_launch.py
[2.292s] -- Up-to-date symlink: /home/alejandro/bookros2_ws/install/br2_basics/share/br2_basics/launch/param_node_v1_launch.py
[2.292s] -- Up-to-date symlink: /home/alejandro/bookros2_ws/install/br2_basics/share/br2_basics/launch/param_node_v2_launch.py
[2.292s] -- Up-to-date symlink: /home/alejandro/bookros2_ws/install/br2_basics/share/br2_basics/launch/pub_sub_v1_launch.py
[2.292s] -- Up-to-date symlink: /home/alejandro/bookros2_ws/install/br2_basics/share/br2_basics/launch/pub_sub_v2_launch.py
[2.292s] -- Up-to-date symlink: /home/alejandro/bookros2_ws/install/br2_basics/share/br2_basics/config/params.yaml
[2.293s] -- Up-to-date symlink: /home/alejandro/bookros2_ws/install/br2_basics/share/ament_index/resource_index/package_run_dependencies/br2_basics
[2.293s] -- Up-to-date symlink: /home/alejandro/bookros2_ws/install/br2_basics/share/ament_index/resource_index/parent_prefix_path/br2_basics
[2.294s] -- Up-to-date symlink: /home/alejandro/bookros2_ws/install/br2_basics/share/br2_basics/environment/ament_prefix_path.sh
[2.295s] -- Up-to-date symlink: /home/alejandro/bookros2_ws/install/br2_basics/share/br2_basics/environment/ament_prefix_path.dsv
[2.296s] -- Up-to-date symlink: /home/alejandro/bookros2_ws/install/br2_basics/share/br2_basics/environment/path.sh
[2.296s] -- Up-to-date symlink: /home/alejandro/bookros2_ws/install/br2_basics/share/br2_basics/environment/path.dsv
[2.296s] -- Up-to-date symlink: /home/alejandro/bookros2_ws/install/br2_basics/share/br2_basics/local_setup.bash
[2.297s] -- Up-to-date symlink: /home/alejandro/bookros2_ws/install/br2_basics/share/br2_basics/local_setup.sh
[2.297s] -- Up-to-date symlink: /home/alejandro/bookros2_ws/install/br2_basics/share/br2_basics/local_setup.zsh
[2.297s] -- Up-to-date symlink: /home/alejandro/bookros2_ws/install/br2_basics/share/br2_basics/local_setup.dsv
[2.297s] -- Symlinking: /home/alejandro/bookros2_ws/install/br2_basics/share/br2_basics/package.dsv
[2.320s] -- Up-to-date symlink: /home/alejandro/bookros2_ws/install/br2_basics/share/ament_index/resource_index/packages/br2_basics
[2.321s] -- Up-to-date symlink: /home/alejandro/bookros2_ws/install/br2_basics/share/br2_basics/cmake/ament_cmake_export_dependencies-extras.cmake
[2.323s] -- Up-to-date symlink: /home/alejandro/bookros2_ws/install/br2_basics/share/br2_basics/cmake/br2_basicsConfig.cmake
[2.324s] -- Up-to-date symlink: /home/alejandro/bookros2_ws/install/br2_basics/share/br2_basics/cmake/br2_basicsConfig-version.cmake
[2.324s] -- Up-to-date symlink: /home/alejandro/bookros2_ws/install/br2_basics/share/br2_basics/package.xml
[2.402s] Invoked command in '/home/alejandro/bookros2_ws/build/br2_basics' returned '0': CMAKE_PREFIX_PATH=${CMAKE_PREFIX_PATH}:/opt/ros/humble /usr/bin/cmake --install /home/alejandro/bookros2_ws/build/br2_basics
