[0.034s] Invoking command in '/home/alejandro/bookros2_ws/build/pmb2_2dnav': AMENT_PREFIX_PATH=/home/alejandro/bookros2_ws/install/pmb2_laser_sensors:/home/alejandro/bookros2_ws/install/launch_pal:${AMENT_PREFIX_PATH} CMAKE_PREFIX_PATH=/home/alejandro/bookros2_ws/install/pmb2_laser_sensors:/home/alejandro/ros2_utilities_ws/install/micro_ros_setup:/home/alejandro/ros2_utilities_ws/install/micro_ros_agent:/home/alejandro/ros2_utilities_ws/install/micro_ros_msgs:/opt/ros/humble PYTHONPATH=/home/alejandro/bookros2_ws/install/launch_pal/lib/python3.10/site-packages:${PYTHONPATH} /usr/bin/cmake --build /home/alejandro/bookros2_ws/build/pmb2_2dnav -- -j8 -l8
[0.109s] Invoked command in '/home/alejandro/bookros2_ws/build/pmb2_2dnav' returned '0': AMENT_PREFIX_PATH=/home/alejandro/bookros2_ws/install/pmb2_laser_sensors:/home/alejandro/bookros2_ws/install/launch_pal:${AMENT_PREFIX_PATH} CMAKE_PREFIX_PATH=/home/alejandro/bookros2_ws/install/pmb2_laser_sensors:/home/alejandro/ros2_utilities_ws/install/micro_ros_setup:/home/alejandro/ros2_utilities_ws/install/micro_ros_agent:/home/alejandro/ros2_utilities_ws/install/micro_ros_msgs:/opt/ros/humble PYTHONPATH=/home/alejandro/bookros2_ws/install/launch_pal/lib/python3.10/site-packages:${PYTHONPATH} /usr/bin/cmake --build /home/alejandro/bookros2_ws/build/pmb2_2dnav -- -j8 -l8
[0.152s] Invoking command in '/home/alejandro/bookros2_ws/build/pmb2_2dnav': AMENT_PREFIX_PATH=/home/alejandro/bookros2_ws/install/pmb2_laser_sensors:/home/alejandro/bookros2_ws/install/launch_pal:${AMENT_PREFIX_PATH} CMAKE_PREFIX_PATH=/home/alejandro/bookros2_ws/install/pmb2_laser_sensors:/home/alejandro/ros2_utilities_ws/install/micro_ros_setup:/home/alejandro/ros2_utilities_ws/install/micro_ros_agent:/home/alejandro/ros2_utilities_ws/install/micro_ros_msgs:/opt/ros/humble PYTHONPATH=/home/alejandro/bookros2_ws/install/launch_pal/lib/python3.10/site-packages:${PYTHONPATH} /usr/bin/cmake --install /home/alejandro/bookros2_ws/build/pmb2_2dnav
[0.168s] -- Install configuration: ""
[0.168s] -- Execute custom install script
[0.170s] -- Up-to-date symlink: /home/alejandro/bookros2_ws/install/pmb2_2dnav/share/pmb2_2dnav/config/rviz/advanced_navigation.rviz
[0.170s] -- Up-to-date symlink: /home/alejandro/bookros2_ws/install/pmb2_2dnav/share/pmb2_2dnav/config/rviz/navigation.rviz
[0.171s] -- Up-to-date symlink: /home/alejandro/bookros2_ws/install/pmb2_2dnav/share/pmb2_2dnav/launch/pmb2_nav_bringup.launch.py
[0.172s] -- Up-to-date symlink: /home/alejandro/bookros2_ws/install/pmb2_2dnav/share/pmb2_2dnav/params/pmb2_loc.yaml
[0.172s] -- Up-to-date symlink: /home/alejandro/bookros2_ws/install/pmb2_2dnav/share/pmb2_2dnav/params/pmb2_loc_w_composition.yaml
[0.173s] -- Up-to-date symlink: /home/alejandro/bookros2_ws/install/pmb2_2dnav/share/pmb2_2dnav/params/pmb2_nav.yaml
[0.173s] -- Up-to-date symlink: /home/alejandro/bookros2_ws/install/pmb2_2dnav/share/pmb2_2dnav/params/pmb2_nav_public_sim.yaml
[0.173s] -- Up-to-date symlink: /home/alejandro/bookros2_ws/install/pmb2_2dnav/share/pmb2_2dnav/params/pmb2_nav_w_composition.yaml
[0.174s] -- Up-to-date symlink: /home/alejandro/bookros2_ws/install/pmb2_2dnav/share/pmb2_2dnav/params/pmb2_remappings.yaml
[0.175s] -- Up-to-date symlink: /home/alejandro/bookros2_ws/install/pmb2_2dnav/share/pmb2_2dnav/params/pmb2_remappings_sim.yaml
[0.175s] -- Up-to-date symlink: /home/alejandro/bookros2_ws/install/pmb2_2dnav/share/pmb2_2dnav/params/pmb2_slam.yaml
[0.175s] -- Up-to-date symlink: /home/alejandro/bookros2_ws/install/pmb2_2dnav/share/ament_index/resource_index/package_run_dependencies/pmb2_2dnav
[0.176s] -- Up-to-date symlink: /home/alejandro/bookros2_ws/install/pmb2_2dnav/share/ament_index/resource_index/parent_prefix_path/pmb2_2dnav
[0.177s] -- Up-to-date symlink: /home/alejandro/bookros2_ws/install/pmb2_2dnav/share/pmb2_2dnav/environment/ament_prefix_path.sh
[0.177s] -- Up-to-date symlink: /home/alejandro/bookros2_ws/install/pmb2_2dnav/share/pmb2_2dnav/environment/ament_prefix_path.dsv
[0.178s] -- Up-to-date symlink: /home/alejandro/bookros2_ws/install/pmb2_2dnav/share/pmb2_2dnav/environment/path.sh
[0.178s] -- Up-to-date symlink: /home/alejandro/bookros2_ws/install/pmb2_2dnav/share/pmb2_2dnav/environment/path.dsv
[0.178s] -- Up-to-date symlink: /home/alejandro/bookros2_ws/install/pmb2_2dnav/share/pmb2_2dnav/local_setup.bash
[0.178s] -- Up-to-date symlink: /home/alejandro/bookros2_ws/install/pmb2_2dnav/share/pmb2_2dnav/local_setup.sh
[0.178s] -- Up-to-date symlink: /home/alejandro/bookros2_ws/install/pmb2_2dnav/share/pmb2_2dnav/local_setup.zsh
[0.179s] -- Up-to-date symlink: /home/alejandro/bookros2_ws/install/pmb2_2dnav/share/pmb2_2dnav/local_setup.dsv
[0.179s] -- Symlinking: /home/alejandro/bookros2_ws/install/pmb2_2dnav/share/pmb2_2dnav/package.dsv
[0.203s] -- Up-to-date symlink: /home/alejandro/bookros2_ws/install/pmb2_2dnav/share/ament_index/resource_index/packages/pmb2_2dnav
[0.205s] -- Up-to-date symlink: /home/alejandro/bookros2_ws/install/pmb2_2dnav/share/pmb2_2dnav/cmake/pmb2_2dnavConfig.cmake
[0.207s] -- Up-to-date symlink: /home/alejandro/bookros2_ws/install/pmb2_2dnav/share/pmb2_2dnav/cmake/pmb2_2dnavConfig-version.cmake
[0.207s] -- Up-to-date symlink: /home/alejandro/bookros2_ws/install/pmb2_2dnav/share/pmb2_2dnav/package.xml
[0.218s] Invoked command in '/home/alejandro/bookros2_ws/build/pmb2_2dnav' returned '0': AMENT_PREFIX_PATH=/home/alejandro/bookros2_ws/install/pmb2_laser_sensors:/home/alejandro/bookros2_ws/install/launch_pal:${AMENT_PREFIX_PATH} CMAKE_PREFIX_PATH=/home/alejandro/bookros2_ws/install/pmb2_laser_sensors:/home/alejandro/ros2_utilities_ws/install/micro_ros_setup:/home/alejandro/ros2_utilities_ws/install/micro_ros_agent:/home/alejandro/ros2_utilities_ws/install/micro_ros_msgs:/opt/ros/humble PYTHONPATH=/home/alejandro/bookros2_ws/install/launch_pal/lib/python3.10/site-packages:${PYTHONPATH} /usr/bin/cmake --install /home/alejandro/bookros2_ws/build/pmb2_2dnav
