[0.049s] Invoking command in '/home/alejandro/bookros2_ws/build/tiago_description': AMENT_PREFIX_PATH=/home/alejandro/bookros2_ws/install/pmb2_description:/home/alejandro/bookros2_ws/install/pal_gripper_description:/home/alejandro/bookros2_ws/install/urdf_test:/home/alejandro/bookros2_ws/install/launch_pal:${AMENT_PREFIX_PATH} CMAKE_PREFIX_PATH=/home/alejandro/bookros2_ws/install/pmb2_description:/home/alejandro/bookros2_ws/install/pal_gripper_description:/home/alejandro/bookros2_ws/install/urdf_test:/home/alejandro/bookro2_ws/install/urdf_test:/home/alejandro/bookro2_ws/install/tiago_simulation:/home/alejandro/bookro2_ws/install/tiago_robot:/home/alejandro/bookro2_ws/install/tiago_navigation:/home/alejandro/bookro2_ws/install/tiago_gazebo:/home/alejandro/bookro2_ws/install/tiago_moveit_config:/home/alejandro/bookro2_ws/install/tiago_2dnav:/home/alejandro/bookro2_ws/install/tiago_laser_sensors:/home/alejandro/bookro2_ws/install/tiago_bringup:/home/alejandro/bookro2_ws/install/tiago_description:/home/alejandro/bookro2_ws/install/tiago_controller_configuration:/home/alejandro/bookro2_ws/install/pmb2_robot:/home/alejandro/bookro2_ws/install/pmb2_navigation:/home/alejandro/bookro2_ws/install/pmb2_2dnav:/home/alejandro/bookro2_ws/install/pmb2_laser_sensors:/home/alejandro/bookro2_ws/install/pmb2_bringup:/home/alejandro/bookro2_ws/install/pmb2_description:/home/alejandro/bookro2_ws/install/pmb2_controller_configuration:/home/alejandro/bookro2_ws/install/pal_gripper_simulation:/home/alejandro/bookro2_ws/install/pal_gripper:/home/alejandro/bookro2_ws/install/pal_gripper_description:/home/alejandro/bookro2_ws/install/pal_gripper_controller_configuration:/home/alejandro/bookro2_ws/install/pal_gazebo_worlds:/home/alejandro/bookro2_ws/install/hey5_description:/home/alejandro/bookro2_ws/install/groot:/home/alejandro/bookro2_ws/install/br2_vff_avoidance:/home/alejandro/bookro2_ws/install/br2_tracking:/home/alejandro/bookro2_ws/install/br2_tracking_msgs:/home/alejandro/bookro2_ws/install/br2_tiago:/home/alejandro/bookro2_ws/install/br2_tf2_detector:/home/alejandro/bookro2_ws/install/br2_navigation:/home/alejandro/bookro2_ws/install/br2_fsm_bumpgo_cpp:/home/alejandro/bookro2_ws/install/br2_bt_patrolling:/home/alejandro/bookro2_ws/install/br2_bt_bumpgo:/home/alejandro/bookro2_ws/install/br2_basics:/home/alejandro/ros2_utilities_ws/install/micro_ros_setup:/home/alejandro/ros2_utilities_ws/install/micro_ros_agent:/home/alejandro/ros2_utilities_ws/install/micro_ros_msgs:/home/alejandro/bookro2_ws/install/launch_pal:/home/alejandro/bookro2_ws/install/br2_fsm_bumpgo_py:/opt/ros/humble PYTHONPATH=/home/alejandro/bookros2_ws/install/pmb2_description/local/lib/python3.10/dist-packages:/home/alejandro/bookros2_ws/install/urdf_test/local/lib/python3.10/dist-packages:/home/alejandro/bookros2_ws/build/launch_pal:/home/alejandro/bookros2_ws/install/launch_pal/lib/python3.10/site-packages:${PYTHONPATH} /usr/bin/cmake /home/alejandro/bookros2_ws/src/ThirdParty/tiago_robot/tiago_description -DAMENT_CMAKE_SYMLINK_INSTALL=1 -DCMAKE_INSTALL_PREFIX=/home/alejandro/bookros2_ws/install/tiago_description
[3.077s] -- The C compiler identification is GNU 11.4.0
[3.077s] -- The CXX compiler identification is GNU 11.4.0
[3.077s] -- Detecting C compiler ABI info
[3.077s] -- Detecting C compiler ABI info - done
[3.077s] -- Check for working C compiler: /usr/bin/cc - skipped
[3.077s] -- Detecting C compile features
[3.077s] -- Detecting C compile features - done
[3.077s] -- Detecting CXX compiler ABI info
[3.077s] -- Detecting CXX compiler ABI info - done
[3.077s] -- Check for working CXX compiler: /usr/bin/c++ - skipped
[3.077s] -- Detecting CXX compile features
[3.078s] -- Detecting CXX compile features - done
[3.078s] -- Found ament_cmake_auto: 1.3.10 (/opt/ros/humble/share/ament_cmake_auto/cmake)
[3.078s] -- Found Python3: /usr/bin/python3 (found version "3.10.12") found components: Interpreter 
[3.078s] -- Override CMake install command with custom implementation using symlinks instead of copying resources
[3.078s] -- Found ament_lint_auto: 0.12.11 (/opt/ros/humble/share/ament_lint_auto/cmake)
[3.078s] -- Found python_cmake_module: 0.10.0 (/opt/ros/humble/share/python_cmake_module/cmake)
[3.078s] -- Found PythonInterp: /usr/bin/python3 (found suitable version "3.10.12", minimum required is "3.6") 
[3.078s] -- Found PythonLibs: /usr/lib/x86_64-linux-gnu/libpython3.10.so (found suitable version "3.10.12", minimum required is "3.5") 
[3.078s] -- Using PYTHON_EXECUTABLE: /usr/bin/python3
[3.078s] -- Using PYTHON_INCLUDE_DIRS: /usr/include/python3.10
[3.078s] -- Using PYTHON_LIBRARIES: /usr/lib/x86_64-linux-gnu/libpython3.10.so
[3.079s] -- Found PythonExtra: .so  
[5.639s] -- Added test 'copyright' to check source files copyright and LICENSE
[5.656s] -- Added test 'flake8' to check Python code syntax and style conventions
[5.656s] -- Added test 'lint_cmake' to check CMake code style
[5.660s] -- Added test 'pep257' to check Python code against some of the docstring style conventions in PEP 257
[5.668s] -- Added test 'xmllint' to check XML markup files
[5.671s] -- Configuring done
[5.679s] -- Generating done
[5.679s] -- Build files have been written to: /home/alejandro/bookros2_ws/build/tiago_description
[5.692s] Invoked command in '/home/alejandro/bookros2_ws/build/tiago_description' returned '0': AMENT_PREFIX_PATH=/home/alejandro/bookros2_ws/install/pmb2_description:/home/alejandro/bookros2_ws/install/pal_gripper_description:/home/alejandro/bookros2_ws/install/urdf_test:/home/alejandro/bookros2_ws/install/launch_pal:${AMENT_PREFIX_PATH} CMAKE_PREFIX_PATH=/home/alejandro/bookros2_ws/install/pmb2_description:/home/alejandro/bookros2_ws/install/pal_gripper_description:/home/alejandro/bookros2_ws/install/urdf_test:/home/alejandro/bookro2_ws/install/urdf_test:/home/alejandro/bookro2_ws/install/tiago_simulation:/home/alejandro/bookro2_ws/install/tiago_robot:/home/alejandro/bookro2_ws/install/tiago_navigation:/home/alejandro/bookro2_ws/install/tiago_gazebo:/home/alejandro/bookro2_ws/install/tiago_moveit_config:/home/alejandro/bookro2_ws/install/tiago_2dnav:/home/alejandro/bookro2_ws/install/tiago_laser_sensors:/home/alejandro/bookro2_ws/install/tiago_bringup:/home/alejandro/bookro2_ws/install/tiago_description:/home/alejandro/bookro2_ws/install/tiago_controller_configuration:/home/alejandro/bookro2_ws/install/pmb2_robot:/home/alejandro/bookro2_ws/install/pmb2_navigation:/home/alejandro/bookro2_ws/install/pmb2_2dnav:/home/alejandro/bookro2_ws/install/pmb2_laser_sensors:/home/alejandro/bookro2_ws/install/pmb2_bringup:/home/alejandro/bookro2_ws/install/pmb2_description:/home/alejandro/bookro2_ws/install/pmb2_controller_configuration:/home/alejandro/bookro2_ws/install/pal_gripper_simulation:/home/alejandro/bookro2_ws/install/pal_gripper:/home/alejandro/bookro2_ws/install/pal_gripper_description:/home/alejandro/bookro2_ws/install/pal_gripper_controller_configuration:/home/alejandro/bookro2_ws/install/pal_gazebo_worlds:/home/alejandro/bookro2_ws/install/hey5_description:/home/alejandro/bookro2_ws/install/groot:/home/alejandro/bookro2_ws/install/br2_vff_avoidance:/home/alejandro/bookro2_ws/install/br2_tracking:/home/alejandro/bookro2_ws/install/br2_tracking_msgs:/home/alejandro/bookro2_ws/install/br2_tiago:/home/alejandro/bookro2_ws/install/br2_tf2_detector:/home/alejandro/bookro2_ws/install/br2_navigation:/home/alejandro/bookro2_ws/install/br2_fsm_bumpgo_cpp:/home/alejandro/bookro2_ws/install/br2_bt_patrolling:/home/alejandro/bookro2_ws/install/br2_bt_bumpgo:/home/alejandro/bookro2_ws/install/br2_basics:/home/alejandro/ros2_utilities_ws/install/micro_ros_setup:/home/alejandro/ros2_utilities_ws/install/micro_ros_agent:/home/alejandro/ros2_utilities_ws/install/micro_ros_msgs:/home/alejandro/bookro2_ws/install/launch_pal:/home/alejandro/bookro2_ws/install/br2_fsm_bumpgo_py:/opt/ros/humble PYTHONPATH=/home/alejandro/bookros2_ws/install/pmb2_description/local/lib/python3.10/dist-packages:/home/alejandro/bookros2_ws/install/urdf_test/local/lib/python3.10/dist-packages:/home/alejandro/bookros2_ws/build/launch_pal:/home/alejandro/bookros2_ws/install/launch_pal/lib/python3.10/site-packages:${PYTHONPATH} /usr/bin/cmake /home/alejandro/bookros2_ws/src/ThirdParty/tiago_robot/tiago_description -DAMENT_CMAKE_SYMLINK_INSTALL=1 -DCMAKE_INSTALL_PREFIX=/home/alejandro/bookros2_ws/install/tiago_description
[5.693s] Invoking command in '/home/alejandro/bookros2_ws/build/tiago_description': AMENT_PREFIX_PATH=/home/alejandro/bookros2_ws/install/pmb2_description:/home/alejandro/bookros2_ws/install/pal_gripper_description:/home/alejandro/bookros2_ws/install/urdf_test:/home/alejandro/bookros2_ws/install/launch_pal:${AMENT_PREFIX_PATH} CMAKE_PREFIX_PATH=/home/alejandro/bookros2_ws/install/pmb2_description:/home/alejandro/bookros2_ws/install/pal_gripper_description:/home/alejandro/bookros2_ws/install/urdf_test:/home/alejandro/bookro2_ws/install/urdf_test:/home/alejandro/bookro2_ws/install/tiago_simulation:/home/alejandro/bookro2_ws/install/tiago_robot:/home/alejandro/bookro2_ws/install/tiago_navigation:/home/alejandro/bookro2_ws/install/tiago_gazebo:/home/alejandro/bookro2_ws/install/tiago_moveit_config:/home/alejandro/bookro2_ws/install/tiago_2dnav:/home/alejandro/bookro2_ws/install/tiago_laser_sensors:/home/alejandro/bookro2_ws/install/tiago_bringup:/home/alejandro/bookro2_ws/install/tiago_description:/home/alejandro/bookro2_ws/install/tiago_controller_configuration:/home/alejandro/bookro2_ws/install/pmb2_robot:/home/alejandro/bookro2_ws/install/pmb2_navigation:/home/alejandro/bookro2_ws/install/pmb2_2dnav:/home/alejandro/bookro2_ws/install/pmb2_laser_sensors:/home/alejandro/bookro2_ws/install/pmb2_bringup:/home/alejandro/bookro2_ws/install/pmb2_description:/home/alejandro/bookro2_ws/install/pmb2_controller_configuration:/home/alejandro/bookro2_ws/install/pal_gripper_simulation:/home/alejandro/bookro2_ws/install/pal_gripper:/home/alejandro/bookro2_ws/install/pal_gripper_description:/home/alejandro/bookro2_ws/install/pal_gripper_controller_configuration:/home/alejandro/bookro2_ws/install/pal_gazebo_worlds:/home/alejandro/bookro2_ws/install/hey5_description:/home/alejandro/bookro2_ws/install/groot:/home/alejandro/bookro2_ws/install/br2_vff_avoidance:/home/alejandro/bookro2_ws/install/br2_tracking:/home/alejandro/bookro2_ws/install/br2_tracking_msgs:/home/alejandro/bookro2_ws/install/br2_tiago:/home/alejandro/bookro2_ws/install/br2_tf2_detector:/home/alejandro/bookro2_ws/install/br2_navigation:/home/alejandro/bookro2_ws/install/br2_fsm_bumpgo_cpp:/home/alejandro/bookro2_ws/install/br2_bt_patrolling:/home/alejandro/bookro2_ws/install/br2_bt_bumpgo:/home/alejandro/bookro2_ws/install/br2_basics:/home/alejandro/ros2_utilities_ws/install/micro_ros_setup:/home/alejandro/ros2_utilities_ws/install/micro_ros_agent:/home/alejandro/ros2_utilities_ws/install/micro_ros_msgs:/home/alejandro/bookro2_ws/install/launch_pal:/home/alejandro/bookro2_ws/install/br2_fsm_bumpgo_py:/opt/ros/humble PYTHONPATH=/home/alejandro/bookros2_ws/install/pmb2_description/local/lib/python3.10/dist-packages:/home/alejandro/bookros2_ws/install/urdf_test/local/lib/python3.10/dist-packages:/home/alejandro/bookros2_ws/build/launch_pal:/home/alejandro/bookros2_ws/install/launch_pal/lib/python3.10/site-packages:${PYTHONPATH} /usr/bin/cmake --build /home/alejandro/bookros2_ws/build/tiago_description -- -j8 -l8
[6.156s] Built target ament_cmake_python_symlink_tiago_description
[6.322s] running egg_info
[6.322s] creating tiago_description.egg-info
[6.371s] writing tiago_description.egg-info/PKG-INFO
[6.372s] writing dependency_links to tiago_description.egg-info/dependency_links.txt
[6.372s] writing top-level names to tiago_description.egg-info/top_level.txt
[6.373s] writing manifest file 'tiago_description.egg-info/SOURCES.txt'
[6.532s] reading manifest file 'tiago_description.egg-info/SOURCES.txt'
[6.535s] writing manifest file 'tiago_description.egg-info/SOURCES.txt'
[6.604s] Built target ament_cmake_python_build_tiago_description_egg
[6.637s] Invoked command in '/home/alejandro/bookros2_ws/build/tiago_description' returned '0': AMENT_PREFIX_PATH=/home/alejandro/bookros2_ws/install/pmb2_description:/home/alejandro/bookros2_ws/install/pal_gripper_description:/home/alejandro/bookros2_ws/install/urdf_test:/home/alejandro/bookros2_ws/install/launch_pal:${AMENT_PREFIX_PATH} CMAKE_PREFIX_PATH=/home/alejandro/bookros2_ws/install/pmb2_description:/home/alejandro/bookros2_ws/install/pal_gripper_description:/home/alejandro/bookros2_ws/install/urdf_test:/home/alejandro/bookro2_ws/install/urdf_test:/home/alejandro/bookro2_ws/install/tiago_simulation:/home/alejandro/bookro2_ws/install/tiago_robot:/home/alejandro/bookro2_ws/install/tiago_navigation:/home/alejandro/bookro2_ws/install/tiago_gazebo:/home/alejandro/bookro2_ws/install/tiago_moveit_config:/home/alejandro/bookro2_ws/install/tiago_2dnav:/home/alejandro/bookro2_ws/install/tiago_laser_sensors:/home/alejandro/bookro2_ws/install/tiago_bringup:/home/alejandro/bookro2_ws/install/tiago_description:/home/alejandro/bookro2_ws/install/tiago_controller_configuration:/home/alejandro/bookro2_ws/install/pmb2_robot:/home/alejandro/bookro2_ws/install/pmb2_navigation:/home/alejandro/bookro2_ws/install/pmb2_2dnav:/home/alejandro/bookro2_ws/install/pmb2_laser_sensors:/home/alejandro/bookro2_ws/install/pmb2_bringup:/home/alejandro/bookro2_ws/install/pmb2_description:/home/alejandro/bookro2_ws/install/pmb2_controller_configuration:/home/alejandro/bookro2_ws/install/pal_gripper_simulation:/home/alejandro/bookro2_ws/install/pal_gripper:/home/alejandro/bookro2_ws/install/pal_gripper_description:/home/alejandro/bookro2_ws/install/pal_gripper_controller_configuration:/home/alejandro/bookro2_ws/install/pal_gazebo_worlds:/home/alejandro/bookro2_ws/install/hey5_description:/home/alejandro/bookro2_ws/install/groot:/home/alejandro/bookro2_ws/install/br2_vff_avoidance:/home/alejandro/bookro2_ws/install/br2_tracking:/home/alejandro/bookro2_ws/install/br2_tracking_msgs:/home/alejandro/bookro2_ws/install/br2_tiago:/home/alejandro/bookro2_ws/install/br2_tf2_detector:/home/alejandro/bookro2_ws/install/br2_navigation:/home/alejandro/bookro2_ws/install/br2_fsm_bumpgo_cpp:/home/alejandro/bookro2_ws/install/br2_bt_patrolling:/home/alejandro/bookro2_ws/install/br2_bt_bumpgo:/home/alejandro/bookro2_ws/install/br2_basics:/home/alejandro/ros2_utilities_ws/install/micro_ros_setup:/home/alejandro/ros2_utilities_ws/install/micro_ros_agent:/home/alejandro/ros2_utilities_ws/install/micro_ros_msgs:/home/alejandro/bookro2_ws/install/launch_pal:/home/alejandro/bookro2_ws/install/br2_fsm_bumpgo_py:/opt/ros/humble PYTHONPATH=/home/alejandro/bookros2_ws/install/pmb2_description/local/lib/python3.10/dist-packages:/home/alejandro/bookros2_ws/install/urdf_test/local/lib/python3.10/dist-packages:/home/alejandro/bookros2_ws/build/launch_pal:/home/alejandro/bookros2_ws/install/launch_pal/lib/python3.10/site-packages:${PYTHONPATH} /usr/bin/cmake --build /home/alejandro/bookros2_ws/build/tiago_description -- -j8 -l8
[6.686s] Invoking command in '/home/alejandro/bookros2_ws/build/tiago_description': AMENT_PREFIX_PATH=/home/alejandro/bookros2_ws/install/pmb2_description:/home/alejandro/bookros2_ws/install/pal_gripper_description:/home/alejandro/bookros2_ws/install/urdf_test:/home/alejandro/bookros2_ws/install/launch_pal:${AMENT_PREFIX_PATH} CMAKE_PREFIX_PATH=/home/alejandro/bookros2_ws/install/pmb2_description:/home/alejandro/bookros2_ws/install/pal_gripper_description:/home/alejandro/bookros2_ws/install/urdf_test:/home/alejandro/bookro2_ws/install/urdf_test:/home/alejandro/bookro2_ws/install/tiago_simulation:/home/alejandro/bookro2_ws/install/tiago_robot:/home/alejandro/bookro2_ws/install/tiago_navigation:/home/alejandro/bookro2_ws/install/tiago_gazebo:/home/alejandro/bookro2_ws/install/tiago_moveit_config:/home/alejandro/bookro2_ws/install/tiago_2dnav:/home/alejandro/bookro2_ws/install/tiago_laser_sensors:/home/alejandro/bookro2_ws/install/tiago_bringup:/home/alejandro/bookro2_ws/install/tiago_description:/home/alejandro/bookro2_ws/install/tiago_controller_configuration:/home/alejandro/bookro2_ws/install/pmb2_robot:/home/alejandro/bookro2_ws/install/pmb2_navigation:/home/alejandro/bookro2_ws/install/pmb2_2dnav:/home/alejandro/bookro2_ws/install/pmb2_laser_sensors:/home/alejandro/bookro2_ws/install/pmb2_bringup:/home/alejandro/bookro2_ws/install/pmb2_description:/home/alejandro/bookro2_ws/install/pmb2_controller_configuration:/home/alejandro/bookro2_ws/install/pal_gripper_simulation:/home/alejandro/bookro2_ws/install/pal_gripper:/home/alejandro/bookro2_ws/install/pal_gripper_description:/home/alejandro/bookro2_ws/install/pal_gripper_controller_configuration:/home/alejandro/bookro2_ws/install/pal_gazebo_worlds:/home/alejandro/bookro2_ws/install/hey5_description:/home/alejandro/bookro2_ws/install/groot:/home/alejandro/bookro2_ws/install/br2_vff_avoidance:/home/alejandro/bookro2_ws/install/br2_tracking:/home/alejandro/bookro2_ws/install/br2_tracking_msgs:/home/alejandro/bookro2_ws/install/br2_tiago:/home/alejandro/bookro2_ws/install/br2_tf2_detector:/home/alejandro/bookro2_ws/install/br2_navigation:/home/alejandro/bookro2_ws/install/br2_fsm_bumpgo_cpp:/home/alejandro/bookro2_ws/install/br2_bt_patrolling:/home/alejandro/bookro2_ws/install/br2_bt_bumpgo:/home/alejandro/bookro2_ws/install/br2_basics:/home/alejandro/ros2_utilities_ws/install/micro_ros_setup:/home/alejandro/ros2_utilities_ws/install/micro_ros_agent:/home/alejandro/ros2_utilities_ws/install/micro_ros_msgs:/home/alejandro/bookro2_ws/install/launch_pal:/home/alejandro/bookro2_ws/install/br2_fsm_bumpgo_py:/opt/ros/humble PYTHONPATH=/home/alejandro/bookros2_ws/install/pmb2_description/local/lib/python3.10/dist-packages:/home/alejandro/bookros2_ws/install/urdf_test/local/lib/python3.10/dist-packages:/home/alejandro/bookros2_ws/build/launch_pal:/home/alejandro/bookros2_ws/install/launch_pal/lib/python3.10/site-packages:${PYTHONPATH} /usr/bin/cmake --install /home/alejandro/bookros2_ws/build/tiago_description
[8.024s] -- Install configuration: ""
[8.024s] -- Execute custom install script
[8.024s] -- Symlinking: /home/alejandro/bookros2_ws/install/tiago_description/share/tiago_description/environment/pythonpath.sh
[8.024s] -- Symlinking: /home/alejandro/bookros2_ws/install/tiago_description/share/tiago_description/environment/pythonpath.dsv
[8.024s] -- Symlinking: /home/alejandro/bookros2_ws/install/tiago_description/local/lib/python3.10/dist-packages/tiago_description-4.7.1-py3.10.egg-info/PKG-INFO
[8.025s] -- Symlinking: /home/alejandro/bookros2_ws/install/tiago_description/local/lib/python3.10/dist-packages/tiago_description-4.7.1-py3.10.egg-info/SOURCES.txt
[8.025s] -- Symlinking: /home/alejandro/bookros2_ws/install/tiago_description/local/lib/python3.10/dist-packages/tiago_description-4.7.1-py3.10.egg-info/dependency_links.txt
[8.025s] -- Symlinking: /home/alejandro/bookros2_ws/install/tiago_description/local/lib/python3.10/dist-packages/tiago_description-4.7.1-py3.10.egg-info/top_level.txt
[8.025s] -- Symlinking: /home/alejandro/bookros2_ws/install/tiago_description/local/lib/python3.10/dist-packages/tiago_description/__init__.py
[8.025s] -- Symlinking: /home/alejandro/bookros2_ws/install/tiago_description/local/lib/python3.10/dist-packages/tiago_description/launch_arguments.py
[8.025s] -- Symlinking: /home/alejandro/bookros2_ws/install/tiago_description/local/lib/python3.10/dist-packages/tiago_description/tiago_launch_utils.py
[8.025s] -- Symlinking: /home/alejandro/bookros2_ws/install/tiago_description/share/tiago_description/launch/robot_state_publisher.launch.py
[8.025s] -- Symlinking: /home/alejandro/bookros2_ws/install/tiago_description/share/tiago_description/launch/show.launch.py
[8.025s] -- Symlinking: /home/alejandro/bookros2_ws/install/tiago_description/share/tiago_description/meshes/arm/arm_1.stl
[8.025s] -- Symlinking: /home/alejandro/bookros2_ws/install/tiago_description/share/tiago_description/meshes/arm/arm_1_collision.dae
[8.025s] -- Symlinking: /home/alejandro/bookros2_ws/install/tiago_description/share/tiago_description/meshes/arm/arm_1_color.png
[8.026s] -- Symlinking: /home/alejandro/bookros2_ws/install/tiago_description/share/tiago_description/meshes/arm/arm_1_normals.png
[8.026s] -- Symlinking: /home/alejandro/bookros2_ws/install/tiago_description/share/tiago_description/meshes/arm/arm_1_specular.png
[8.026s] -- Symlinking: /home/alejandro/bookros2_ws/install/tiago_description/share/tiago_description/meshes/arm/arm_2.stl
[8.026s] -- Symlinking: /home/alejandro/bookros2_ws/install/tiago_description/share/tiago_description/meshes/arm/arm_2_collision.dae
[8.026s] -- Symlinking: /home/alejandro/bookros2_ws/install/tiago_description/share/tiago_description/meshes/arm/arm_2_color.png
[8.026s] -- Symlinking: /home/alejandro/bookros2_ws/install/tiago_description/share/tiago_description/meshes/arm/arm_2_normals.png
[8.026s] -- Symlinking: /home/alejandro/bookros2_ws/install/tiago_description/share/tiago_description/meshes/arm/arm_2_specular.png
[8.026s] -- Symlinking: /home/alejandro/bookros2_ws/install/tiago_description/share/tiago_description/meshes/arm/arm_3.stl
[8.026s] -- Symlinking: /home/alejandro/bookros2_ws/install/tiago_description/share/tiago_description/meshes/arm/arm_3_collision.dae
[8.026s] -- Symlinking: /home/alejandro/bookros2_ws/install/tiago_description/share/tiago_description/meshes/arm/arm_3_color.png
[8.026s] -- Symlinking: /home/alejandro/bookros2_ws/install/tiago_description/share/tiago_description/meshes/arm/arm_3_normals.png
[8.027s] -- Symlinking: /home/alejandro/bookros2_ws/install/tiago_description/share/tiago_description/meshes/arm/arm_3_specular.png
[8.027s] -- Symlinking: /home/alejandro/bookros2_ws/install/tiago_description/share/tiago_description/meshes/arm/arm_4.stl
[8.027s] -- Symlinking: /home/alejandro/bookros2_ws/install/tiago_description/share/tiago_description/meshes/arm/arm_4_collision.dae
[8.027s] -- Symlinking: /home/alejandro/bookros2_ws/install/tiago_description/share/tiago_description/meshes/arm/arm_4_collision.stl
[8.027s] -- Symlinking: /home/alejandro/bookros2_ws/install/tiago_description/share/tiago_description/meshes/arm/arm_4_color.png
[8.027s] -- Symlinking: /home/alejandro/bookros2_ws/install/tiago_description/share/tiago_description/meshes/arm/arm_4_normals.png
[8.027s] -- Symlinking: /home/alejandro/bookros2_ws/install/tiago_description/share/tiago_description/meshes/arm/arm_4_specular.png
[8.027s] -- Symlinking: /home/alejandro/bookros2_ws/install/tiago_description/share/tiago_description/meshes/arm/arm_5-wrist-2010.stl
[8.034s] -- Symlinking: /home/alejandro/bookros2_ws/install/tiago_description/share/tiago_description/meshes/arm/arm_5-wrist-2017.stl
[8.034s] -- Symlinking: /home/alejandro/bookros2_ws/install/tiago_description/share/tiago_description/meshes/arm/arm_5_collision-wrist-2010.dae
[8.034s] -- Symlinking: /home/alejandro/bookros2_ws/install/tiago_description/share/tiago_description/meshes/arm/arm_5_collision-wrist-2017.dae
[8.034s] -- Symlinking: /home/alejandro/bookros2_ws/install/tiago_description/share/tiago_description/meshes/arm/arm_6-wrist-2010.stl
[8.034s] -- Symlinking: /home/alejandro/bookros2_ws/install/tiago_description/share/tiago_description/meshes/arm/arm_6-wrist-2017.stl
[8.034s] -- Symlinking: /home/alejandro/bookros2_ws/install/tiago_description/share/tiago_description/meshes/arm/arm_6_collision-wrist-2010.dae
[8.034s] -- Symlinking: /home/alejandro/bookros2_ws/install/tiago_description/share/tiago_description/meshes/arm/arm_6_collision-wrist-2017.dae
[8.035s] -- Symlinking: /home/alejandro/bookros2_ws/install/tiago_description/share/tiago_description/meshes/arm/arm_6_color.png
[8.035s] -- Symlinking: /home/alejandro/bookros2_ws/install/tiago_description/share/tiago_description/meshes/arm/arm_6_normals.png
[8.035s] -- Symlinking: /home/alejandro/bookros2_ws/install/tiago_description/share/tiago_description/meshes/arm/arm_6_specular.png
[8.035s] -- Symlinking: /home/alejandro/bookros2_ws/install/tiago_description/share/tiago_description/meshes/head/head_1.stl
[8.035s] -- Symlinking: /home/alejandro/bookros2_ws/install/tiago_description/share/tiago_description/meshes/head/head_1_collision.dae
[8.035s] -- Symlinking: /home/alejandro/bookros2_ws/install/tiago_description/share/tiago_description/meshes/head/head_2.stl
[8.035s] -- Symlinking: /home/alejandro/bookros2_ws/install/tiago_description/share/tiago_description/meshes/head/head_2_collision.dae
[8.035s] -- Symlinking: /home/alejandro/bookros2_ws/install/tiago_description/share/tiago_description/meshes/sensors/xtion_pro_live/xtion_pro_live.dae
[8.035s] -- Symlinking: /home/alejandro/bookros2_ws/install/tiago_description/share/tiago_description/meshes/sensors/xtion_pro_live/xtion_pro_live.png
[8.039s] -- Symlinking: /home/alejandro/bookros2_ws/install/tiago_description/share/tiago_description/meshes/torso/torso_fix.stl
[8.039s] -- Symlinking: /home/alejandro/bookros2_ws/install/tiago_description/share/tiago_description/meshes/torso/torso_lift_collision.dae
[8.039s] -- Symlinking: /home/alejandro/bookros2_ws/install/tiago_description/share/tiago_description/meshes/torso/torso_lift_collision_core.dae
[8.039s] -- Symlinking: /home/alejandro/bookros2_ws/install/tiago_description/share/tiago_description/meshes/torso/torso_lift_collision_neck.dae
[8.039s] -- Symlinking: /home/alejandro/bookros2_ws/install/tiago_description/share/tiago_description/meshes/torso/torso_lift_collision_shoulder.dae
[8.040s] -- Symlinking: /home/alejandro/bookros2_ws/install/tiago_description/share/tiago_description/meshes/torso/torso_lift_with_arm.stl
[8.040s] -- Symlinking: /home/alejandro/bookros2_ws/install/tiago_description/share/tiago_description/meshes/torso/torso_lift_without_arm.stl
[8.040s] -- Symlinking: /home/alejandro/bookros2_ws/install/tiago_description/share/tiago_description/robots/tiago.urdf.xacro
[8.040s] -- Symlinking: /home/alejandro/bookros2_ws/install/tiago_description/share/tiago_description/ros2_control/gazebo_controller_manager_cfg.yaml
[8.040s] -- Symlinking: /home/alejandro/bookros2_ws/install/tiago_description/share/tiago_description/ros2_control/ros2_control.urdf.xacro
[8.040s] -- Symlinking: /home/alejandro/bookros2_ws/install/tiago_description/share/tiago_description/ros2_control/transmissions.urdf.xacro
[8.040s] -- Symlinking: /home/alejandro/bookros2_ws/install/tiago_description/share/tiago_description/urdf/arm/arm.ros2_control.xacro
[8.042s] -- Symlinking: /home/alejandro/bookros2_ws/install/tiago_description/share/tiago_description/urdf/arm/arm.urdf.xacro
[8.042s] -- Symlinking: /home/alejandro/bookros2_ws/install/tiago_description/share/tiago_description/urdf/arm/wrist.ros2_control.xacro
[8.044s] -- Symlinking: /home/alejandro/bookros2_ws/install/tiago_description/share/tiago_description/urdf/arm/wrist.urdf.xacro
[8.044s] -- Symlinking: /home/alejandro/bookros2_ws/install/tiago_description/share/tiago_description/urdf/calibration/calibration_constants.urdf.xacro
[8.044s] -- Symlinking: /home/alejandro/bookros2_ws/install/tiago_description/share/tiago_description/urdf/calibration/extrinsic_camera_calibration_constants.urdf.xacro
[8.044s] -- Symlinking: /home/alejandro/bookros2_ws/install/tiago_description/share/tiago_description/urdf/end_effector/end_effector.urdf.xacro
[8.044s] -- Symlinking: /home/alejandro/bookros2_ws/install/tiago_description/share/tiago_description/urdf/head/head.ros2_control.xacro
[8.045s] -- Symlinking: /home/alejandro/bookros2_ws/install/tiago_description/share/tiago_description/urdf/head/head.urdf.xacro
[8.045s] -- Symlinking: /home/alejandro/bookros2_ws/install/tiago_description/share/tiago_description/urdf/sensors/ftsensor.gazebo.xacro
[8.045s] -- Symlinking: /home/alejandro/bookros2_ws/install/tiago_description/share/tiago_description/urdf/sensors/ftsensor.ros2_control.xacro
[8.045s] -- Symlinking: /home/alejandro/bookros2_ws/install/tiago_description/share/tiago_description/urdf/sensors/ftsensor.urdf.xacro
[8.045s] -- Symlinking: /home/alejandro/bookros2_ws/install/tiago_description/share/tiago_description/urdf/sensors/openni.gazebo.xacro
[8.045s] -- Symlinking: /home/alejandro/bookros2_ws/install/tiago_description/share/tiago_description/urdf/sensors/orbbec_astra.urdf.xacro
[8.045s] -- Symlinking: /home/alejandro/bookros2_ws/install/tiago_description/share/tiago_description/urdf/sensors/xtion_pro_live.urdf.xacro
[8.045s] -- Symlinking: /home/alejandro/bookros2_ws/install/tiago_description/share/tiago_description/urdf/torso/torso.ros2_control.xacro
[8.045s] -- Symlinking: /home/alejandro/bookros2_ws/install/tiago_description/share/tiago_description/urdf/torso/torso.urdf.xacro
[8.045s] -- Symlinking: /home/alejandro/bookros2_ws/install/tiago_description/share/tiago_description/config/tiago.rviz
[8.046s] -- Symlinking: /home/alejandro/bookros2_ws/install/tiago_description/share/tiago_description/config/tiago_configuration.yaml
[8.046s] -- Symlinking: /home/alejandro/bookros2_ws/install/tiago_description/share/tiago_description/config/urdf.rviz
[8.046s] -- Symlinking: /home/alejandro/bookros2_ws/install/tiago_description/share/ament_index/resource_index/package_run_dependencies/tiago_description
[8.046s] -- Symlinking: /home/alejandro/bookros2_ws/install/tiago_description/share/ament_index/resource_index/parent_prefix_path/tiago_description
[8.046s] -- Symlinking: /home/alejandro/bookros2_ws/install/tiago_description/share/tiago_description/environment/ament_prefix_path.sh
[8.046s] -- Symlinking: /home/alejandro/bookros2_ws/install/tiago_description/share/tiago_description/environment/ament_prefix_path.dsv
[8.046s] -- Symlinking: /home/alejandro/bookros2_ws/install/tiago_description/share/tiago_description/environment/path.sh
[8.046s] -- Symlinking: /home/alejandro/bookros2_ws/install/tiago_description/share/tiago_description/environment/path.dsv
[8.046s] -- Symlinking: /home/alejandro/bookros2_ws/install/tiago_description/share/tiago_description/local_setup.bash
[8.046s] -- Symlinking: /home/alejandro/bookros2_ws/install/tiago_description/share/tiago_description/local_setup.sh
[8.047s] -- Symlinking: /home/alejandro/bookros2_ws/install/tiago_description/share/tiago_description/local_setup.zsh
[8.047s] -- Symlinking: /home/alejandro/bookros2_ws/install/tiago_description/share/tiago_description/local_setup.dsv
[8.047s] -- Symlinking: /home/alejandro/bookros2_ws/install/tiago_description/share/tiago_description/package.dsv
[8.047s] -- Symlinking: /home/alejandro/bookros2_ws/install/tiago_description/share/ament_index/resource_index/packages/tiago_description
[8.047s] -- Symlinking: /home/alejandro/bookros2_ws/install/tiago_description/share/tiago_description/cmake/tiago_descriptionConfig.cmake
[8.047s] -- Symlinking: /home/alejandro/bookros2_ws/install/tiago_description/share/tiago_description/cmake/tiago_descriptionConfig-version.cmake
[8.047s] -- Symlinking: /home/alejandro/bookros2_ws/install/tiago_description/share/tiago_description/package.xml
[8.099s] Listing '/home/alejandro/bookros2_ws/install/tiago_description/local/lib/python3.10/dist-packages/tiago_description'...
[8.099s] Compiling '/home/alejandro/bookros2_ws/install/tiago_description/local/lib/python3.10/dist-packages/tiago_description/__init__.py'...
[8.099s] Compiling '/home/alejandro/bookros2_ws/install/tiago_description/local/lib/python3.10/dist-packages/tiago_description/launch_arguments.py'...
[8.099s] Compiling '/home/alejandro/bookros2_ws/install/tiago_description/local/lib/python3.10/dist-packages/tiago_description/tiago_launch_utils.py'...
[8.112s] Invoked command in '/home/alejandro/bookros2_ws/build/tiago_description' returned '0': AMENT_PREFIX_PATH=/home/alejandro/bookros2_ws/install/pmb2_description:/home/alejandro/bookros2_ws/install/pal_gripper_description:/home/alejandro/bookros2_ws/install/urdf_test:/home/alejandro/bookros2_ws/install/launch_pal:${AMENT_PREFIX_PATH} CMAKE_PREFIX_PATH=/home/alejandro/bookros2_ws/install/pmb2_description:/home/alejandro/bookros2_ws/install/pal_gripper_description:/home/alejandro/bookros2_ws/install/urdf_test:/home/alejandro/bookro2_ws/install/urdf_test:/home/alejandro/bookro2_ws/install/tiago_simulation:/home/alejandro/bookro2_ws/install/tiago_robot:/home/alejandro/bookro2_ws/install/tiago_navigation:/home/alejandro/bookro2_ws/install/tiago_gazebo:/home/alejandro/bookro2_ws/install/tiago_moveit_config:/home/alejandro/bookro2_ws/install/tiago_2dnav:/home/alejandro/bookro2_ws/install/tiago_laser_sensors:/home/alejandro/bookro2_ws/install/tiago_bringup:/home/alejandro/bookro2_ws/install/tiago_description:/home/alejandro/bookro2_ws/install/tiago_controller_configuration:/home/alejandro/bookro2_ws/install/pmb2_robot:/home/alejandro/bookro2_ws/install/pmb2_navigation:/home/alejandro/bookro2_ws/install/pmb2_2dnav:/home/alejandro/bookro2_ws/install/pmb2_laser_sensors:/home/alejandro/bookro2_ws/install/pmb2_bringup:/home/alejandro/bookro2_ws/install/pmb2_description:/home/alejandro/bookro2_ws/install/pmb2_controller_configuration:/home/alejandro/bookro2_ws/install/pal_gripper_simulation:/home/alejandro/bookro2_ws/install/pal_gripper:/home/alejandro/bookro2_ws/install/pal_gripper_description:/home/alejandro/bookro2_ws/install/pal_gripper_controller_configuration:/home/alejandro/bookro2_ws/install/pal_gazebo_worlds:/home/alejandro/bookro2_ws/install/hey5_description:/home/alejandro/bookro2_ws/install/groot:/home/alejandro/bookro2_ws/install/br2_vff_avoidance:/home/alejandro/bookro2_ws/install/br2_tracking:/home/alejandro/bookro2_ws/install/br2_tracking_msgs:/home/alejandro/bookro2_ws/install/br2_tiago:/home/alejandro/bookro2_ws/install/br2_tf2_detector:/home/alejandro/bookro2_ws/install/br2_navigation:/home/alejandro/bookro2_ws/install/br2_fsm_bumpgo_cpp:/home/alejandro/bookro2_ws/install/br2_bt_patrolling:/home/alejandro/bookro2_ws/install/br2_bt_bumpgo:/home/alejandro/bookro2_ws/install/br2_basics:/home/alejandro/ros2_utilities_ws/install/micro_ros_setup:/home/alejandro/ros2_utilities_ws/install/micro_ros_agent:/home/alejandro/ros2_utilities_ws/install/micro_ros_msgs:/home/alejandro/bookro2_ws/install/launch_pal:/home/alejandro/bookro2_ws/install/br2_fsm_bumpgo_py:/opt/ros/humble PYTHONPATH=/home/alejandro/bookros2_ws/install/pmb2_description/local/lib/python3.10/dist-packages:/home/alejandro/bookros2_ws/install/urdf_test/local/lib/python3.10/dist-packages:/home/alejandro/bookros2_ws/build/launch_pal:/home/alejandro/bookros2_ws/install/launch_pal/lib/python3.10/site-packages:${PYTHONPATH} /usr/bin/cmake --install /home/alejandro/bookros2_ws/build/tiago_description
