[0.759s] Invoking command in '/home/alejandro/bookros2_ws/build/br2_basics': CMAKE_PREFIX_PATH=${CMAKE_PREFIX_PATH}:/opt/ros/humble /usr/bin/cmake --build /home/alejandro/bookros2_ws/build/br2_basics -- -j8 -l8
[0.922s] [ 12%] Built target logger
[0.924s] [ 25%] Built target logger_class
[0.931s] [ 37%] Built target publisher
[0.932s] [ 50%] Built target executors
[0.948s] [ 62%] Built target publisher_class
[0.949s] [ 75%] Built target subscriber_class
[0.957s] [ 87%] Built target subscriber
[1.018s] [100%] Built target param_reader
[1.343s] Invoked command in '/home/alejandro/bookros2_ws/build/br2_basics' returned '0': CMAKE_PREFIX_PATH=${CMAKE_PREFIX_PATH}:/opt/ros/humble /usr/bin/cmake --build /home/alejandro/bookros2_ws/build/br2_basics -- -j8 -l8
[1.430s] Invoking command in '/home/alejandro/bookros2_ws/build/br2_basics': CMAKE_PREFIX_PATH=${CMAKE_PREFIX_PATH}:/opt/ros/humble /usr/bin/cmake --install /home/alejandro/bookros2_ws/build/br2_basics
[1.465s] -- Install configuration: ""
[1.465s] -- Execute custom install script
[1.465s] -- Up-to-date symlink: /home/alejandro/bookros2_ws/install/br2_basics/lib/br2_basics/publisher
[1.466s] -- Up-to-date symlink: /home/alejandro/bookros2_ws/install/br2_basics/lib/br2_basics/publisher_class
[1.466s] -- Up-to-date symlink: /home/alejandro/bookros2_ws/install/br2_basics/lib/br2_basics/subscriber
[1.466s] -- Up-to-date symlink: /home/alejandro/bookros2_ws/install/br2_basics/lib/br2_basics/subscriber_class
[1.466s] -- Up-to-date symlink: /home/alejandro/bookros2_ws/install/br2_basics/lib/br2_basics/executors
[1.466s] -- Up-to-date symlink: /home/alejandro/bookros2_ws/install/br2_basics/lib/br2_basics/logger
[1.466s] -- Up-to-date symlink: /home/alejandro/bookros2_ws/install/br2_basics/lib/br2_basics/logger_class
[1.466s] -- Up-to-date symlink: /home/alejandro/bookros2_ws/install/br2_basics/lib/br2_basics/param_reader
[1.466s] -- Up-to-date symlink: /home/alejandro/bookros2_ws/install/br2_basics/share/br2_basics/launch/includer_launch.py
[1.466s] -- Up-to-date symlink: /home/alejandro/bookros2_ws/install/br2_basics/share/br2_basics/launch/param_node_v1_launch.py
[1.466s] -- Up-to-date symlink: /home/alejandro/bookros2_ws/install/br2_basics/share/br2_basics/launch/param_node_v2_launch.py
[1.466s] -- Up-to-date symlink: /home/alejandro/bookros2_ws/install/br2_basics/share/br2_basics/launch/pub_sub_v1_launch.py
[1.467s] -- Up-to-date symlink: /home/alejandro/bookros2_ws/install/br2_basics/share/br2_basics/launch/pub_sub_v2_launch.py
[1.467s] -- Up-to-date symlink: /home/alejandro/bookros2_ws/install/br2_basics/share/br2_basics/config/params.yaml
[1.467s] -- Up-to-date symlink: /home/alejandro/bookros2_ws/install/br2_basics/share/ament_index/resource_index/package_run_dependencies/br2_basics
[1.467s] -- Up-to-date symlink: /home/alejandro/bookros2_ws/install/br2_basics/share/ament_index/resource_index/parent_prefix_path/br2_basics
[1.467s] -- Up-to-date symlink: /home/alejandro/bookros2_ws/install/br2_basics/share/br2_basics/environment/ament_prefix_path.sh
[1.467s] -- Up-to-date symlink: /home/alejandro/bookros2_ws/install/br2_basics/share/br2_basics/environment/ament_prefix_path.dsv
[1.467s] -- Up-to-date symlink: /home/alejandro/bookros2_ws/install/br2_basics/share/br2_basics/environment/path.sh
[1.467s] -- Up-to-date symlink: /home/alejandro/bookros2_ws/install/br2_basics/share/br2_basics/environment/path.dsv
[1.468s] -- Up-to-date symlink: /home/alejandro/bookros2_ws/install/br2_basics/share/br2_basics/local_setup.bash
[1.468s] -- Up-to-date symlink: /home/alejandro/bookros2_ws/install/br2_basics/share/br2_basics/local_setup.sh
[1.468s] -- Up-to-date symlink: /home/alejandro/bookros2_ws/install/br2_basics/share/br2_basics/local_setup.zsh
[1.468s] -- Up-to-date symlink: /home/alejandro/bookros2_ws/install/br2_basics/share/br2_basics/local_setup.dsv
[1.468s] -- Symlinking: /home/alejandro/bookros2_ws/install/br2_basics/share/br2_basics/package.dsv
[1.487s] -- Up-to-date symlink: /home/alejandro/bookros2_ws/install/br2_basics/share/ament_index/resource_index/packages/br2_basics
[1.495s] -- Up-to-date symlink: /home/alejandro/bookros2_ws/install/br2_basics/share/br2_basics/cmake/ament_cmake_export_dependencies-extras.cmake
[1.496s] -- Up-to-date symlink: /home/alejandro/bookros2_ws/install/br2_basics/share/br2_basics/cmake/br2_basicsConfig.cmake
[1.496s] -- Up-to-date symlink: /home/alejandro/bookros2_ws/install/br2_basics/share/br2_basics/cmake/br2_basicsConfig-version.cmake
[1.496s] -- Up-to-date symlink: /home/alejandro/bookros2_ws/install/br2_basics/share/br2_basics/package.xml
[1.606s] Invoked command in '/home/alejandro/bookros2_ws/build/br2_basics' returned '0': CMAKE_PREFIX_PATH=${CMAKE_PREFIX_PATH}:/opt/ros/humble /usr/bin/cmake --install /home/alejandro/bookros2_ws/build/br2_basics
