[0.250s] Invoking command in '/home/alejandro/bookros2_ws/build/br2_tiago': CMAKE_PREFIX_PATH=${CMAKE_PREFIX_PATH}:/home/alejandro/bookros2_ws/install/launch_pal:/home/alejandro/bookros2_ws/install/br2_fsm_bumpgo_py:/opt/ros/humble /usr/bin/cmake --build /home/alejandro/bookros2_ws/build/br2_tiago -- -j8 -l8
[0.450s] Invoked command in '/home/alejandro/bookros2_ws/build/br2_tiago' returned '0': CMAKE_PREFIX_PATH=${CMAKE_PREFIX_PATH}:/home/alejandro/bookros2_ws/install/launch_pal:/home/alejandro/bookros2_ws/install/br2_fsm_bumpgo_py:/opt/ros/humble /usr/bin/cmake --build /home/alejandro/bookros2_ws/build/br2_tiago -- -j8 -l8
[0.557s] Invoking command in '/home/alejandro/bookros2_ws/build/br2_tiago': CMAKE_PREFIX_PATH=${CMAKE_PREFIX_PATH}:/home/alejandro/bookros2_ws/install/launch_pal:/home/alejandro/bookros2_ws/install/br2_fsm_bumpgo_py:/opt/ros/humble /usr/bin/cmake --install /home/alejandro/bookros2_ws/build/br2_tiago
[0.592s] -- Install configuration: ""
[0.593s] -- Execute custom install script
[0.593s] -- Up-to-date symlink: /home/alejandro/bookros2_ws/install/br2_tiago/share/br2_tiago/launch/sim.launch.py
[0.594s] -- Up-to-date symlink: /home/alejandro/bookros2_ws/install/br2_tiago/share/ament_index/resource_index/package_run_dependencies/br2_tiago
[0.595s] -- Up-to-date symlink: /home/alejandro/bookros2_ws/install/br2_tiago/share/ament_index/resource_index/parent_prefix_path/br2_tiago
[0.604s] -- Up-to-date symlink: /home/alejandro/bookros2_ws/install/br2_tiago/share/br2_tiago/environment/ament_prefix_path.sh
[0.604s] -- Up-to-date symlink: /home/alejandro/bookros2_ws/install/br2_tiago/share/br2_tiago/environment/ament_prefix_path.dsv
[0.604s] -- Up-to-date symlink: /home/alejandro/bookros2_ws/install/br2_tiago/share/br2_tiago/environment/path.sh
[0.605s] -- Up-to-date symlink: /home/alejandro/bookros2_ws/install/br2_tiago/share/br2_tiago/environment/path.dsv
[0.608s] -- Up-to-date symlink: /home/alejandro/bookros2_ws/install/br2_tiago/share/br2_tiago/local_setup.bash
[0.608s] -- Up-to-date symlink: /home/alejandro/bookros2_ws/install/br2_tiago/share/br2_tiago/local_setup.sh
[0.610s] -- Up-to-date symlink: /home/alejandro/bookros2_ws/install/br2_tiago/share/br2_tiago/local_setup.zsh
[0.614s] -- Up-to-date symlink: /home/alejandro/bookros2_ws/install/br2_tiago/share/br2_tiago/local_setup.dsv
[0.615s] -- Symlinking: /home/alejandro/bookros2_ws/install/br2_tiago/share/br2_tiago/package.dsv
[0.649s] -- Up-to-date symlink: /home/alejandro/bookros2_ws/install/br2_tiago/share/ament_index/resource_index/packages/br2_tiago
[0.650s] -- Up-to-date symlink: /home/alejandro/bookros2_ws/install/br2_tiago/share/br2_tiago/cmake/br2_tiagoConfig.cmake
[0.651s] -- Up-to-date symlink: /home/alejandro/bookros2_ws/install/br2_tiago/share/br2_tiago/cmake/br2_tiagoConfig-version.cmake
[0.705s] -- Up-to-date symlink: /home/alejandro/bookros2_ws/install/br2_tiago/share/br2_tiago/package.xml
[0.770s] Invoked command in '/home/alejandro/bookros2_ws/build/br2_tiago' returned '0': CMAKE_PREFIX_PATH=${CMAKE_PREFIX_PATH}:/home/alejandro/bookros2_ws/install/launch_pal:/home/alejandro/bookros2_ws/install/br2_fsm_bumpgo_py:/opt/ros/humble /usr/bin/cmake --install /home/alejandro/bookros2_ws/build/br2_tiago
