[1.009s] Invoking command in '/home/alejandro/bookros2_ws/build/br2_basics': CMAKE_PREFIX_PATH=${CMAKE_PREFIX_PATH}:/home/alejandro/bookros2_ws/install/launch_pal:/home/alejandro/bookros2_ws/install/br2_fsm_bumpgo_py:/opt/ros/humble /usr/bin/cmake --build /home/alejandro/bookros2_ws/build/br2_basics -- -j8 -l8
[1.206s] [ 12%] Built target publisher
[1.306s] [ 25%] Built target param_reader
[1.487s] [ 37%] Built target logger_class
[1.582s] [ 50%] Built target logger
[1.607s] [ 62%] Built target executors
[1.645s] [ 75%] Built target subscriber_class
[1.748s] [ 87%] Built target publisher_class
[1.849s] [100%] Built target subscriber
[2.048s] Invoked command in '/home/alejandro/bookros2_ws/build/br2_basics' returned '0': CMAKE_PREFIX_PATH=${CMAKE_PREFIX_PATH}:/home/alejandro/bookros2_ws/install/launch_pal:/home/alejandro/bookros2_ws/install/br2_fsm_bumpgo_py:/opt/ros/humble /usr/bin/cmake --build /home/alejandro/bookros2_ws/build/br2_basics -- -j8 -l8
[3.443s] Invoking command in '/home/alejandro/bookros2_ws/build/br2_basics': CMAKE_PREFIX_PATH=${CMAKE_PREFIX_PATH}:/home/alejandro/bookros2_ws/install/launch_pal:/home/alejandro/bookros2_ws/install/br2_fsm_bumpgo_py:/opt/ros/humble /usr/bin/cmake --install /home/alejandro/bookros2_ws/build/br2_basics
[3.503s] -- Install configuration: ""
[3.507s] -- Execute custom install script
[3.510s] -- Up-to-date symlink: /home/alejandro/bookros2_ws/install/br2_basics/lib/br2_basics/publisher
[3.510s] -- Up-to-date symlink: /home/alejandro/bookros2_ws/install/br2_basics/lib/br2_basics/publisher_class
[3.511s] -- Up-to-date symlink: /home/alejandro/bookros2_ws/install/br2_basics/lib/br2_basics/subscriber
[3.512s] -- Up-to-date symlink: /home/alejandro/bookros2_ws/install/br2_basics/lib/br2_basics/subscriber_class
[3.512s] -- Up-to-date symlink: /home/alejandro/bookros2_ws/install/br2_basics/lib/br2_basics/executors
[3.513s] -- Up-to-date symlink: /home/alejandro/bookros2_ws/install/br2_basics/lib/br2_basics/logger
[3.514s] -- Up-to-date symlink: /home/alejandro/bookros2_ws/install/br2_basics/lib/br2_basics/logger_class
[3.514s] -- Up-to-date symlink: /home/alejandro/bookros2_ws/install/br2_basics/lib/br2_basics/param_reader
[3.515s] -- Up-to-date symlink: /home/alejandro/bookros2_ws/install/br2_basics/share/br2_basics/launch/includer_launch.py
[3.515s] -- Up-to-date symlink: /home/alejandro/bookros2_ws/install/br2_basics/share/br2_basics/launch/param_node_v1_launch.py
[3.516s] -- Up-to-date symlink: /home/alejandro/bookros2_ws/install/br2_basics/share/br2_basics/launch/param_node_v2_launch.py
[3.517s] -- Up-to-date symlink: /home/alejandro/bookros2_ws/install/br2_basics/share/br2_basics/launch/pub_sub_v1_launch.py
[3.517s] -- Up-to-date symlink: /home/alejandro/bookros2_ws/install/br2_basics/share/br2_basics/launch/pub_sub_v2_launch.py
[3.517s] -- Up-to-date symlink: /home/alejandro/bookros2_ws/install/br2_basics/share/br2_basics/config/params.yaml
[3.517s] -- Up-to-date symlink: /home/alejandro/bookros2_ws/install/br2_basics/share/ament_index/resource_index/package_run_dependencies/br2_basics
[3.518s] -- Up-to-date symlink: /home/alejandro/bookros2_ws/install/br2_basics/share/ament_index/resource_index/parent_prefix_path/br2_basics
[3.519s] -- Up-to-date symlink: /home/alejandro/bookros2_ws/install/br2_basics/share/br2_basics/environment/ament_prefix_path.sh
[3.520s] -- Up-to-date symlink: /home/alejandro/bookros2_ws/install/br2_basics/share/br2_basics/environment/ament_prefix_path.dsv
[3.520s] -- Up-to-date symlink: /home/alejandro/bookros2_ws/install/br2_basics/share/br2_basics/environment/path.sh
[3.520s] -- Up-to-date symlink: /home/alejandro/bookros2_ws/install/br2_basics/share/br2_basics/environment/path.dsv
[3.521s] -- Up-to-date symlink: /home/alejandro/bookros2_ws/install/br2_basics/share/br2_basics/local_setup.bash
[3.521s] -- Up-to-date symlink: /home/alejandro/bookros2_ws/install/br2_basics/share/br2_basics/local_setup.sh
[3.521s] -- Up-to-date symlink: /home/alejandro/bookros2_ws/install/br2_basics/share/br2_basics/local_setup.zsh
[3.521s] -- Up-to-date symlink: /home/alejandro/bookros2_ws/install/br2_basics/share/br2_basics/local_setup.dsv
[3.523s] -- Symlinking: /home/alejandro/bookros2_ws/install/br2_basics/share/br2_basics/package.dsv
[3.544s] -- Up-to-date symlink: /home/alejandro/bookros2_ws/install/br2_basics/share/ament_index/resource_index/packages/br2_basics
[3.546s] -- Up-to-date symlink: /home/alejandro/bookros2_ws/install/br2_basics/share/br2_basics/cmake/ament_cmake_export_dependencies-extras.cmake
[3.546s] -- Up-to-date symlink: /home/alejandro/bookros2_ws/install/br2_basics/share/br2_basics/cmake/br2_basicsConfig.cmake
[3.547s] -- Up-to-date symlink: /home/alejandro/bookros2_ws/install/br2_basics/share/br2_basics/cmake/br2_basicsConfig-version.cmake
[3.548s] -- Up-to-date symlink: /home/alejandro/bookros2_ws/install/br2_basics/share/br2_basics/package.xml
[3.567s] Invoked command in '/home/alejandro/bookros2_ws/build/br2_basics' returned '0': CMAKE_PREFIX_PATH=${CMAKE_PREFIX_PATH}:/home/alejandro/bookros2_ws/install/launch_pal:/home/alejandro/bookros2_ws/install/br2_fsm_bumpgo_py:/opt/ros/humble /usr/bin/cmake --install /home/alejandro/bookros2_ws/build/br2_basics
