[1.051s] Invoking command in '/home/alejandro/ros2_ws/src/py_kinect_azure_pkg': PYTHONPATH=/home/alejandro/ros2_ws/build/py_kinect_azure_pkg/prefix_override:/usr/lib/python3/dist-packages/colcon_core/task/python/colcon_distutils_commands:/home/alejandro/ros2_ws/install/py_kinect_azure_pkg/lib/python3.10/site-packages:${PYTHONPATH} /usr/bin/python3 -W ignore:setup.py install is deprecated setup.py egg_info --egg-base ../../build/py_kinect_azure_pkg build --build-base /home/alejandro/ros2_ws/build/py_kinect_azure_pkg/build install --record /home/alejandro/ros2_ws/build/py_kinect_azure_pkg/install.log --single-version-externally-managed install_data
[1.236s] /home/alejandro/.local/lib/python3.10/site-packages/setuptools/_distutils/dist.py:268: UserWarning: Unknown distribution option: 'tests_require'
[1.236s]   warnings.warn(msg)
[1.395s] running egg_info
[1.421s] writing ../../build/py_kinect_azure_pkg/py_kinect_azure_pkg.egg-info/PKG-INFO
[1.421s] writing dependency_links to ../../build/py_kinect_azure_pkg/py_kinect_azure_pkg.egg-info/dependency_links.txt
[1.421s] writing entry points to ../../build/py_kinect_azure_pkg/py_kinect_azure_pkg.egg-info/entry_points.txt
[1.422s] writing requirements to ../../build/py_kinect_azure_pkg/py_kinect_azure_pkg.egg-info/requires.txt
[1.422s] writing top-level names to ../../build/py_kinect_azure_pkg/py_kinect_azure_pkg.egg-info/top_level.txt
[1.475s] reading manifest file '../../build/py_kinect_azure_pkg/py_kinect_azure_pkg.egg-info/SOURCES.txt'
[1.475s] adding license file 'LICENSE'
[1.476s] writing manifest file '../../build/py_kinect_azure_pkg/py_kinect_azure_pkg.egg-info/SOURCES.txt'
[1.476s] running build
[1.477s] running build_py
[1.477s] copying py_kinect_azure_pkg/kpc_node_2.py -> /home/alejandro/ros2_ws/build/py_kinect_azure_pkg/build/lib/py_kinect_azure_pkg
[1.477s] copying py_kinect_azure_pkg/depth_image_node.py -> /home/alejandro/ros2_ws/build/py_kinect_azure_pkg/build/lib/py_kinect_azure_pkg
[1.477s] copying py_kinect_azure_pkg/env_node.py -> /home/alejandro/ros2_ws/build/py_kinect_azure_pkg/build/lib/py_kinect_azure_pkg
[1.478s] copying py_kinect_azure_pkg/point_cloud_node.py -> /home/alejandro/ros2_ws/build/py_kinect_azure_pkg/build/lib/py_kinect_azure_pkg
[1.478s] copying py_kinect_azure_pkg/3d_node.py -> /home/alejandro/ros2_ws/build/py_kinect_azure_pkg/build/lib/py_kinect_azure_pkg
[1.478s] copying py_kinect_azure_pkg/first_3D_node.py -> /home/alejandro/ros2_ws/build/py_kinect_azure_pkg/build/lib/py_kinect_azure_pkg
[1.478s] copying py_kinect_azure_pkg/test_people.py -> /home/alejandro/ros2_ws/build/py_kinect_azure_pkg/build/lib/py_kinect_azure_pkg
[1.478s] copying py_kinect_azure_pkg/kinect_point_cloud_node.py -> /home/alejandro/ros2_ws/build/py_kinect_azure_pkg/build/lib/py_kinect_azure_pkg
[1.479s] copying py_kinect_azure_pkg/3D_transformer_node.py -> /home/alejandro/ros2_ws/build/py_kinect_azure_pkg/build/lib/py_kinect_azure_pkg
[1.479s] copying py_kinect_azure_pkg/kinect_node.py -> /home/alejandro/ros2_ws/build/py_kinect_azure_pkg/build/lib/py_kinect_azure_pkg
[1.479s] copying py_kinect_azure_pkg/manager_node.py -> /home/alejandro/ros2_ws/build/py_kinect_azure_pkg/build/lib/py_kinect_azure_pkg
[1.479s] copying py_kinect_azure_pkg/kinect_image_node.py -> /home/alejandro/ros2_ws/build/py_kinect_azure_pkg/build/lib/py_kinect_azure_pkg
[1.479s] copying py_kinect_azure_pkg/__init__.py -> /home/alejandro/ros2_ws/build/py_kinect_azure_pkg/build/lib/py_kinect_azure_pkg
[1.480s] copying py_kinect_azure_pkg/yolo_node.py -> /home/alejandro/ros2_ws/build/py_kinect_azure_pkg/build/lib/py_kinect_azure_pkg
[1.480s] running install
[1.489s] running install_lib
[1.517s] running install_data
[1.518s] copying resource/py_kinect_azure_pkg -> /home/alejandro/ros2_ws/install/py_kinect_azure_pkg/share/ament_index/resource_index/packages
[1.518s] copying package.xml -> /home/alejandro/ros2_ws/install/py_kinect_azure_pkg/share/py_kinect_azure_pkg
[1.518s] running install_egg_info
[1.544s] removing '/home/alejandro/ros2_ws/install/py_kinect_azure_pkg/lib/python3.10/site-packages/py_kinect_azure_pkg-0.0.4-py3.10.egg-info' (and everything under it)
[1.544s] Copying ../../build/py_kinect_azure_pkg/py_kinect_azure_pkg.egg-info to /home/alejandro/ros2_ws/install/py_kinect_azure_pkg/lib/python3.10/site-packages/py_kinect_azure_pkg-0.0.4-py3.10.egg-info
[1.545s] running install_scripts
[1.738s] Installing 3D_node script to /home/alejandro/ros2_ws/install/py_kinect_azure_pkg/lib/py_kinect_azure_pkg
[1.738s] Installing depth_image_node script to /home/alejandro/ros2_ws/install/py_kinect_azure_pkg/lib/py_kinect_azure_pkg
[1.738s] Installing env_node script to /home/alejandro/ros2_ws/install/py_kinect_azure_pkg/lib/py_kinect_azure_pkg
[1.738s] Installing kinect_image_node script to /home/alejandro/ros2_ws/install/py_kinect_azure_pkg/lib/py_kinect_azure_pkg
[1.739s] Installing kinect_node script to /home/alejandro/ros2_ws/install/py_kinect_azure_pkg/lib/py_kinect_azure_pkg
[1.739s] Installing manager_node script to /home/alejandro/ros2_ws/install/py_kinect_azure_pkg/lib/py_kinect_azure_pkg
[1.739s] Installing motion_detection script to /home/alejandro/ros2_ws/install/py_kinect_azure_pkg/lib/py_kinect_azure_pkg
[1.739s] Installing point_cloud_node script to /home/alejandro/ros2_ws/install/py_kinect_azure_pkg/lib/py_kinect_azure_pkg
[1.739s] Installing point_cloud_node_2 script to /home/alejandro/ros2_ws/install/py_kinect_azure_pkg/lib/py_kinect_azure_pkg
[1.739s] Installing point_cloud_node_2_1 script to /home/alejandro/ros2_ws/install/py_kinect_azure_pkg/lib/py_kinect_azure_pkg
[1.739s] Installing transformer_node script to /home/alejandro/ros2_ws/install/py_kinect_azure_pkg/lib/py_kinect_azure_pkg
[1.740s] Installing yolo_node script to /home/alejandro/ros2_ws/install/py_kinect_azure_pkg/lib/py_kinect_azure_pkg
[1.740s] writing list of installed files to '/home/alejandro/ros2_ws/build/py_kinect_azure_pkg/install.log'
[1.769s] Invoked command in '/home/alejandro/ros2_ws/src/py_kinect_azure_pkg' returned '0': PYTHONPATH=/home/alejandro/ros2_ws/build/py_kinect_azure_pkg/prefix_override:/usr/lib/python3/dist-packages/colcon_core/task/python/colcon_distutils_commands:/home/alejandro/ros2_ws/install/py_kinect_azure_pkg/lib/python3.10/site-packages:${PYTHONPATH} /usr/bin/python3 -W ignore:setup.py install is deprecated setup.py egg_info --egg-base ../../build/py_kinect_azure_pkg build --build-base /home/alejandro/ros2_ws/build/py_kinect_azure_pkg/build install --record /home/alejandro/ros2_ws/build/py_kinect_azure_pkg/install.log --single-version-externally-managed install_data
