[0.679s] Invoking command in '/home/alejandro/bookros2_ws/build/tiago_laser_sensors': CMAKE_PREFIX_PATH=${CMAKE_PREFIX_PATH}:/opt/ros/humble /usr/bin/cmake --build /home/alejandro/bookros2_ws/build/tiago_laser_sensors -- -j8 -l8
[0.774s] Invoked command in '/home/alejandro/bookros2_ws/build/tiago_laser_sensors' returned '0': CMAKE_PREFIX_PATH=${CMAKE_PREFIX_PATH}:/opt/ros/humble /usr/bin/cmake --build /home/alejandro/bookros2_ws/build/tiago_laser_sensors -- -j8 -l8
[0.881s] Invoking command in '/home/alejandro/bookros2_ws/build/tiago_laser_sensors': CMAKE_PREFIX_PATH=${CMAKE_PREFIX_PATH}:/opt/ros/humble /usr/bin/cmake --install /home/alejandro/bookros2_ws/build/tiago_laser_sensors
[0.903s] -- Install configuration: ""
[0.904s] -- Execute custom install script
[0.906s] -- Up-to-date symlink: /home/alejandro/bookros2_ws/install/tiago_laser_sensors/share/tiago_laser_sensors/params/omni_base_laser_pipeline.yaml
[0.906s] -- Up-to-date symlink: /home/alejandro/bookros2_ws/install/tiago_laser_sensors/share/tiago_laser_sensors/params/omni_base_laser_pipeline_sim.yaml
[0.908s] -- Up-to-date symlink: /home/alejandro/bookros2_ws/install/tiago_laser_sensors/share/tiago_laser_sensors/params/omni_base_laser_pipeline_w_composition.yaml
[0.909s] -- Up-to-date symlink: /home/alejandro/bookros2_ws/install/tiago_laser_sensors/share/tiago_laser_sensors/params/pmb2_laser_pipeline.yaml
[0.909s] -- Up-to-date symlink: /home/alejandro/bookros2_ws/install/tiago_laser_sensors/share/tiago_laser_sensors/params/pmb2_laser_pipeline_sim.yaml
[0.914s] -- Up-to-date symlink: /home/alejandro/bookros2_ws/install/tiago_laser_sensors/share/tiago_laser_sensors/params/pmb2_laser_pipeline_w_composition.yaml
[0.923s] -- Up-to-date symlink: /home/alejandro/bookros2_ws/install/tiago_laser_sensors/share/ament_index/resource_index/package_run_dependencies/tiago_laser_sensors
[0.923s] -- Up-to-date symlink: /home/alejandro/bookros2_ws/install/tiago_laser_sensors/share/ament_index/resource_index/parent_prefix_path/tiago_laser_sensors
[0.924s] -- Up-to-date symlink: /home/alejandro/bookros2_ws/install/tiago_laser_sensors/share/tiago_laser_sensors/environment/ament_prefix_path.sh
[0.925s] -- Up-to-date symlink: /home/alejandro/bookros2_ws/install/tiago_laser_sensors/share/tiago_laser_sensors/environment/ament_prefix_path.dsv
[0.925s] -- Up-to-date symlink: /home/alejandro/bookros2_ws/install/tiago_laser_sensors/share/tiago_laser_sensors/environment/path.sh
[0.925s] -- Up-to-date symlink: /home/alejandro/bookros2_ws/install/tiago_laser_sensors/share/tiago_laser_sensors/environment/path.dsv
[0.925s] -- Up-to-date symlink: /home/alejandro/bookros2_ws/install/tiago_laser_sensors/share/tiago_laser_sensors/local_setup.bash
[0.925s] -- Up-to-date symlink: /home/alejandro/bookros2_ws/install/tiago_laser_sensors/share/tiago_laser_sensors/local_setup.sh
[0.926s] -- Up-to-date symlink: /home/alejandro/bookros2_ws/install/tiago_laser_sensors/share/tiago_laser_sensors/local_setup.zsh
[0.926s] -- Up-to-date symlink: /home/alejandro/bookros2_ws/install/tiago_laser_sensors/share/tiago_laser_sensors/local_setup.dsv
[0.926s] -- Symlinking: /home/alejandro/bookros2_ws/install/tiago_laser_sensors/share/tiago_laser_sensors/package.dsv
[0.968s] -- Up-to-date symlink: /home/alejandro/bookros2_ws/install/tiago_laser_sensors/share/ament_index/resource_index/packages/tiago_laser_sensors
[0.969s] -- Up-to-date symlink: /home/alejandro/bookros2_ws/install/tiago_laser_sensors/share/tiago_laser_sensors/cmake/tiago_laser_sensorsConfig.cmake
[0.969s] -- Up-to-date symlink: /home/alejandro/bookros2_ws/install/tiago_laser_sensors/share/tiago_laser_sensors/cmake/tiago_laser_sensorsConfig-version.cmake
[0.969s] -- Up-to-date symlink: /home/alejandro/bookros2_ws/install/tiago_laser_sensors/share/tiago_laser_sensors/package.xml
[1.000s] Invoked command in '/home/alejandro/bookros2_ws/build/tiago_laser_sensors' returned '0': CMAKE_PREFIX_PATH=${CMAKE_PREFIX_PATH}:/opt/ros/humble /usr/bin/cmake --install /home/alejandro/bookros2_ws/build/tiago_laser_sensors
