[0.054s] Invoking command in '/home/alejandro/bookros2_ws/build/br2_bt_bumpgo': CMAKE_PREFIX_PATH=${CMAKE_PREFIX_PATH}:/opt/ros/humble /usr/bin/cmake --build /home/alejandro/bookros2_ws/build/br2_bt_bumpgo -- -j8 -l8
[0.130s] [35m[1mConsolidate compiler generated dependencies of target br2_forward_bt_node[0m
[0.131s] [35m[1mConsolidate compiler generated dependencies of target br2_is_obstacle_bt_node[0m
[0.131s] [35m[1mConsolidate compiler generated dependencies of target bt_bumpgo[0m
[0.154s] [35m[1mConsolidate compiler generated dependencies of target gtest_main[0m
[0.155s] [35m[1mConsolidate compiler generated dependencies of target br2_back_bt_node[0m
[0.155s] [35m[1mConsolidate compiler generated dependencies of target gtest[0m
[0.155s] [35m[1mConsolidate compiler generated dependencies of target br2_turn_bt_node[0m
[0.155s] [35m[1mConsolidate compiler generated dependencies of target bt_forward[0m
[0.165s] [ 11%] Built target br2_is_obstacle_bt_node
[0.181s] [ 22%] Built target br2_forward_bt_node
[0.182s] [ 33%] Built target gtest_main
[0.185s] [ 44%] Built target gtest
[0.197s] [ 55%] Built target br2_back_bt_node
[0.197s] [ 66%] Built target bt_bumpgo
[0.211s] [35m[1mConsolidate compiler generated dependencies of target bt_action_test[0m
[0.222s] [ 77%] Built target br2_turn_bt_node
[0.222s] [ 88%] Built target bt_forward
[0.243s] [100%] Built target bt_action_test
[0.565s] Invoked command in '/home/alejandro/bookros2_ws/build/br2_bt_bumpgo' returned '0': CMAKE_PREFIX_PATH=${CMAKE_PREFIX_PATH}:/opt/ros/humble /usr/bin/cmake --build /home/alejandro/bookros2_ws/build/br2_bt_bumpgo -- -j8 -l8
[0.614s] Invoking command in '/home/alejandro/bookros2_ws/build/br2_bt_bumpgo': CMAKE_PREFIX_PATH=${CMAKE_PREFIX_PATH}:/opt/ros/humble /usr/bin/cmake --install /home/alejandro/bookros2_ws/build/br2_bt_bumpgo
[0.622s] -- Install configuration: ""
[0.622s] -- Execute custom install script
[0.622s] -- Up-to-date symlink: /home/alejandro/bookros2_ws/install/br2_bt_bumpgo/lib/libbr2_forward_bt_node.so
[0.622s] -- Up-to-date symlink: /home/alejandro/bookros2_ws/install/br2_bt_bumpgo/lib/libbr2_back_bt_node.so
[0.623s] -- Up-to-date symlink: /home/alejandro/bookros2_ws/install/br2_bt_bumpgo/lib/libbr2_turn_bt_node.so
[0.623s] -- Up-to-date symlink: /home/alejandro/bookros2_ws/install/br2_bt_bumpgo/lib/libbr2_is_obstacle_bt_node.so
[0.623s] -- Up-to-date symlink: /home/alejandro/bookros2_ws/install/br2_bt_bumpgo/lib/br2_bt_bumpgo/bt_bumpgo
[0.623s] -- Up-to-date symlink: /home/alejandro/bookros2_ws/install/br2_bt_bumpgo/include//br2_bt_bumpgo/Back.hpp
[0.624s] -- Up-to-date symlink: /home/alejandro/bookros2_ws/install/br2_bt_bumpgo/include//br2_bt_bumpgo/Forward.hpp
[0.624s] -- Up-to-date symlink: /home/alejandro/bookros2_ws/install/br2_bt_bumpgo/include//br2_bt_bumpgo/IsObstacle.hpp
[0.624s] -- Up-to-date symlink: /home/alejandro/bookros2_ws/install/br2_bt_bumpgo/include//br2_bt_bumpgo/Turn.hpp
[0.625s] -- Up-to-date symlink: /home/alejandro/bookros2_ws/install/br2_bt_bumpgo/share/br2_bt_bumpgo/behavior_tree_xml/bumpgo.xml
[0.625s] -- Up-to-date symlink: /home/alejandro/bookros2_ws/install/br2_bt_bumpgo/lib/br2_bt_bumpgo/bt_forward
[0.625s] -- Up-to-date symlink: /home/alejandro/bookros2_ws/install/br2_bt_bumpgo/share/ament_index/resource_index/package_run_dependencies/br2_bt_bumpgo
[0.625s] -- Up-to-date symlink: /home/alejandro/bookros2_ws/install/br2_bt_bumpgo/share/ament_index/resource_index/parent_prefix_path/br2_bt_bumpgo
[0.625s] -- Up-to-date symlink: /home/alejandro/bookros2_ws/install/br2_bt_bumpgo/share/br2_bt_bumpgo/environment/ament_prefix_path.sh
[0.626s] -- Up-to-date symlink: /home/alejandro/bookros2_ws/install/br2_bt_bumpgo/share/br2_bt_bumpgo/environment/ament_prefix_path.dsv
[0.626s] -- Up-to-date symlink: /home/alejandro/bookros2_ws/install/br2_bt_bumpgo/share/br2_bt_bumpgo/environment/path.sh
[0.626s] -- Up-to-date symlink: /home/alejandro/bookros2_ws/install/br2_bt_bumpgo/share/br2_bt_bumpgo/environment/path.dsv
[0.626s] -- Up-to-date symlink: /home/alejandro/bookros2_ws/install/br2_bt_bumpgo/share/br2_bt_bumpgo/local_setup.bash
[0.626s] -- Up-to-date symlink: /home/alejandro/bookros2_ws/install/br2_bt_bumpgo/share/br2_bt_bumpgo/local_setup.sh
[0.627s] -- Up-to-date symlink: /home/alejandro/bookros2_ws/install/br2_bt_bumpgo/share/br2_bt_bumpgo/local_setup.zsh
[0.627s] -- Up-to-date symlink: /home/alejandro/bookros2_ws/install/br2_bt_bumpgo/share/br2_bt_bumpgo/local_setup.dsv
[0.627s] -- Symlinking: /home/alejandro/bookros2_ws/install/br2_bt_bumpgo/share/br2_bt_bumpgo/package.dsv
[0.640s] -- Up-to-date symlink: /home/alejandro/bookros2_ws/install/br2_bt_bumpgo/share/ament_index/resource_index/packages/br2_bt_bumpgo
[0.640s] -- Up-to-date symlink: /home/alejandro/bookros2_ws/install/br2_bt_bumpgo/share/br2_bt_bumpgo/cmake/ament_cmake_export_include_directories-extras.cmake
[0.640s] -- Up-to-date symlink: /home/alejandro/bookros2_ws/install/br2_bt_bumpgo/share/br2_bt_bumpgo/cmake/ament_cmake_export_dependencies-extras.cmake
[0.640s] -- Up-to-date symlink: /home/alejandro/bookros2_ws/install/br2_bt_bumpgo/share/br2_bt_bumpgo/cmake/br2_bt_bumpgoConfig.cmake
[0.640s] -- Up-to-date symlink: /home/alejandro/bookros2_ws/install/br2_bt_bumpgo/share/br2_bt_bumpgo/cmake/br2_bt_bumpgoConfig-version.cmake
[0.641s] -- Up-to-date symlink: /home/alejandro/bookros2_ws/install/br2_bt_bumpgo/share/br2_bt_bumpgo/package.xml
[0.662s] Invoked command in '/home/alejandro/bookros2_ws/build/br2_bt_bumpgo' returned '0': CMAKE_PREFIX_PATH=${CMAKE_PREFIX_PATH}:/opt/ros/humble /usr/bin/cmake --install /home/alejandro/bookros2_ws/build/br2_bt_bumpgo
